2022-10-25 23:18:50 error: uncaughtException: listen EADDRINUSE: address already in use :::3000
Error: listen EADDRINUSE: address already in use :::3000
    at Server.setupListenHandle [as _listen2] (node:net:1372:16)
    at listenInCluster (node:net:1420:12)
    at Server.listen (node:net:1508:7)
    at Function.listen (/home/rabindranath/Documents/Backend/node-api-ts-express-opp/node_modules/express/lib/application.js:635:24)
    at App.listen (/home/rabindranath/Documents/Backend/node-api-ts-express-opp/src/app.ts:33:14)
    at Object.<anonymous> (/home/rabindranath/Documents/Backend/node-api-ts-express-opp/src/index.ts:7:5)
    at Module._compile (node:internal/modules/cjs/loader:1105:14)
    at Module._compile (/home/rabindranath/Documents/Backend/node-api-ts-express-opp/node_modules/source-map-support/source-map-support.js:568:25)
    at Module.m._compile (/tmp/ts-node-dev-hook-8610245534432166.js:69:33)
    at Module._extensions..js (node:internal/modules/cjs/loader:1159:10)
2022-10-25 23:21:34 error: uncaughtException: options.port should be >= 0 and < 65536. Received .
RangeError: options.port should be >= 0 and < 65536. Received .
    at new NodeError (node:internal/errors:372:5)
    at validatePort (node:internal/validators:217:11)
    at Server.listen (node:net:1500:5)
    at Function.listen (/home/rabindranath/Documents/Backend/node-api-ts-express-opp/node_modules/express/lib/application.js:635:24)
    at App.listen (/home/rabindranath/Documents/Backend/node-api-ts-express-opp/src/app.ts:33:14)
    at Object.<anonymous> (/home/rabindranath/Documents/Backend/node-api-ts-express-opp/src/index.ts:7:5)
    at Module._compile (node:internal/modules/cjs/loader:1105:14)
    at Module._compile (/home/rabindranath/Documents/Backend/node-api-ts-express-opp/node_modules/source-map-support/source-map-support.js:568:25)
    at Module.m._compile (/tmp/ts-node-dev-hook-7207102517279733.js:69:33)
    at Module._extensions..js (node:internal/modules/cjs/loader:1159:10)
2022-10-25 23:39:38 error: uncaughtException: ⨯ Unable to compile TypeScript:
src/routes/post.routes.ts(13,37): error TS2769: No overload matches this call.
  The last overload gave the following error.
    Argument of type 'this' is not assignable to parameter of type 'Application<Record<string, any>>'.
      Type 'PostsRoute' is missing the following properties from type 'Application<Record<string, any>>': init, defaultConfiguration, engine, set, and 59 more.

Error: ⨯ Unable to compile TypeScript:
src/routes/post.routes.ts(13,37): error TS2769: No overload matches this call.
  The last overload gave the following error.
    Argument of type 'this' is not assignable to parameter of type 'Application<Record<string, any>>'.
      Type 'PostsRoute' is missing the following properties from type 'Application<Record<string, any>>': init, defaultConfiguration, engine, set, and 59 more.

    at Object.<anonymous> (/home/rabindranath/Documents/Backend/node-api-ts-express-opp/src/routes/post.routes.ts:1:7)
    at Module._compile (node:internal/modules/cjs/loader:1105:14)
    at Module._compile (/home/rabindranath/Documents/Backend/node-api-ts-express-opp/node_modules/source-map-support/source-map-support.js:568:25)
    at Module.m._compile (/tmp/ts-node-dev-hook-8359135550360708.js:69:33)
    at Module._extensions..js (node:internal/modules/cjs/loader:1159:10)
    at require.extensions..jsx.require.extensions..js (/tmp/ts-node-dev-hook-8359135550360708.js:114:20)
    at require.extensions.<computed> (/tmp/ts-node-dev-hook-8359135550360708.js:71:20)
    at Object.nodeDevHook [as .ts] (/home/rabindranath/Documents/Backend/node-api-ts-express-opp/node_modules/ts-node-dev/lib/hook.js:63:13)
    at Module.load (node:internal/modules/cjs/loader:981:32)
    at Function.Module._load (node:internal/modules/cjs/loader:822:12)
2022-10-25 23:39:45 error: uncaughtException: ⨯ Unable to compile TypeScript:
src/routes/post.routes.ts(7,3): error TS7008: Member 'public' implicitly has an 'any' type.

Error: ⨯ Unable to compile TypeScript:
src/routes/post.routes.ts(7,3): error TS7008: Member 'public' implicitly has an 'any' type.

    at Object.<anonymous> (/home/rabindranath/Documents/Backend/node-api-ts-express-opp/src/routes/post.routes.ts:1:7)
    at Module._compile (node:internal/modules/cjs/loader:1105:14)
    at Module._compile (/home/rabindranath/Documents/Backend/node-api-ts-express-opp/node_modules/source-map-support/source-map-support.js:568:25)
    at Module.m._compile (/tmp/ts-node-dev-hook-8359135550360708.js:69:33)
    at Module._extensions..js (node:internal/modules/cjs/loader:1159:10)
    at require.extensions..jsx.require.extensions..js (/tmp/ts-node-dev-hook-8359135550360708.js:114:20)
    at require.extensions.<computed> (/tmp/ts-node-dev-hook-8359135550360708.js:71:20)
    at Object.nodeDevHook [as .ts] (/home/rabindranath/Documents/Backend/node-api-ts-express-opp/node_modules/ts-node-dev/lib/hook.js:63:13)
    at Module.load (node:internal/modules/cjs/loader:981:32)
    at Function.Module._load (node:internal/modules/cjs/loader:822:12)
2022-10-25 23:39:53 error: uncaughtException: ⨯ Unable to compile TypeScript:
src/routes/post.routes.ts(7,31): error TS2304: Cannot find name 'Post'.

Error: ⨯ Unable to compile TypeScript:
src/routes/post.routes.ts(7,31): error TS2304: Cannot find name 'Post'.

    at Object.<anonymous> (/home/rabindranath/Documents/Backend/node-api-ts-express-opp/src/routes/post.routes.ts:1:7)
    at Module._compile (node:internal/modules/cjs/loader:1105:14)
    at Module._compile (/home/rabindranath/Documents/Backend/node-api-ts-express-opp/node_modules/source-map-support/source-map-support.js:568:25)
    at Module.m._compile (/tmp/ts-node-dev-hook-8359135550360708.js:69:33)
    at Module._extensions..js (node:internal/modules/cjs/loader:1159:10)
    at require.extensions..jsx.require.extensions..js (/tmp/ts-node-dev-hook-8359135550360708.js:114:20)
    at require.extensions.<computed> (/tmp/ts-node-dev-hook-8359135550360708.js:71:20)
    at Object.nodeDevHook [as .ts] (/home/rabindranath/Documents/Backend/node-api-ts-express-opp/node_modules/ts-node-dev/lib/hook.js:63:13)
    at Module.load (node:internal/modules/cjs/loader:981:32)
    at Function.Module._load (node:internal/modules/cjs/loader:822:12)
2022-10-25 23:40:05 error: uncaughtException: ⨯ Unable to compile TypeScript:
src/routes/post.routes.ts(15,42): error TS1003: Identifier expected.

Error: ⨯ Unable to compile TypeScript:
src/routes/post.routes.ts(15,42): error TS1003: Identifier expected.

    at Object.<anonymous> (/home/rabindranath/Documents/Backend/node-api-ts-express-opp/src/routes/post.routes.ts:1:7)
    at Module._compile (node:internal/modules/cjs/loader:1105:14)
    at Module._compile (/home/rabindranath/Documents/Backend/node-api-ts-express-opp/node_modules/source-map-support/source-map-support.js:568:25)
    at Module.m._compile (/tmp/ts-node-dev-hook-8359135550360708.js:69:33)
    at Module._extensions..js (node:internal/modules/cjs/loader:1159:10)
    at require.extensions..jsx.require.extensions..js (/tmp/ts-node-dev-hook-8359135550360708.js:114:20)
    at require.extensions.<computed> (/tmp/ts-node-dev-hook-8359135550360708.js:71:20)
    at Object.nodeDevHook [as .ts] (/home/rabindranath/Documents/Backend/node-api-ts-express-opp/node_modules/ts-node-dev/lib/hook.js:63:13)
    at Module.load (node:internal/modules/cjs/loader:981:32)
    at Function.Module._load (node:internal/modules/cjs/loader:822:12)
2022-10-25 23:40:09 error: uncaughtException: ⨯ Unable to compile TypeScript:
src/routes/post.routes.ts(15,57): error TS1003: Identifier expected.

Error: ⨯ Unable to compile TypeScript:
src/routes/post.routes.ts(15,57): error TS1003: Identifier expected.

    at Object.<anonymous> (/home/rabindranath/Documents/Backend/node-api-ts-express-opp/src/routes/post.routes.ts:1:7)
    at Module._compile (node:internal/modules/cjs/loader:1105:14)
    at Module._compile (/home/rabindranath/Documents/Backend/node-api-ts-express-opp/node_modules/source-map-support/source-map-support.js:568:25)
    at Module.m._compile (/tmp/ts-node-dev-hook-8359135550360708.js:69:33)
    at Module._extensions..js (node:internal/modules/cjs/loader:1159:10)
    at require.extensions..jsx.require.extensions..js (/tmp/ts-node-dev-hook-8359135550360708.js:114:20)
    at require.extensions.<computed> (/tmp/ts-node-dev-hook-8359135550360708.js:71:20)
    at Object.nodeDevHook [as .ts] (/home/rabindranath/Documents/Backend/node-api-ts-express-opp/node_modules/ts-node-dev/lib/hook.js:63:13)
    at Module.load (node:internal/modules/cjs/loader:981:32)
    at Function.Module._load (node:internal/modules/cjs/loader:822:12)
2022-10-25 23:40:50 error: uncaughtException: ⨯ Unable to compile TypeScript:
src/services/post.service.ts(1,1): error TS6133: 'axios' is declared but its value is never read.

Error: ⨯ Unable to compile TypeScript:
src/services/post.service.ts(1,1): error TS6133: 'axios' is declared but its value is never read.

    at Object.<anonymous> (/home/rabindranath/Documents/Backend/node-api-ts-express-opp/src/services/post.service.ts:1:7)
    at Module._compile (node:internal/modules/cjs/loader:1105:14)
    at Module._compile (/home/rabindranath/Documents/Backend/node-api-ts-express-opp/node_modules/source-map-support/source-map-support.js:568:25)
    at Module.m._compile (/tmp/ts-node-dev-hook-8359135550360708.js:69:33)
    at Module._extensions..js (node:internal/modules/cjs/loader:1159:10)
    at require.extensions..jsx.require.extensions..js (/tmp/ts-node-dev-hook-8359135550360708.js:114:20)
    at require.extensions.<computed> (/tmp/ts-node-dev-hook-8359135550360708.js:71:20)
    at Object.nodeDevHook [as .ts] (/home/rabindranath/Documents/Backend/node-api-ts-express-opp/node_modules/ts-node-dev/lib/hook.js:63:13)
    at Module.load (node:internal/modules/cjs/loader:981:32)
    at Function.Module._load (node:internal/modules/cjs/loader:822:12)
2022-10-25 23:40:53 error: uncaughtException: ⨯ Unable to compile TypeScript:
src/services/post.service.ts(1,1): error TS6133: 'axios' is declared but its value is never read.

Error: ⨯ Unable to compile TypeScript:
src/services/post.service.ts(1,1): error TS6133: 'axios' is declared but its value is never read.

    at Object.<anonymous> (/home/rabindranath/Documents/Backend/node-api-ts-express-opp/src/services/post.service.ts:1:7)
    at Module._compile (node:internal/modules/cjs/loader:1105:14)
    at Module._compile (/home/rabindranath/Documents/Backend/node-api-ts-express-opp/node_modules/source-map-support/source-map-support.js:568:25)
    at Module.m._compile (/tmp/ts-node-dev-hook-8359135550360708.js:69:33)
    at Module._extensions..js (node:internal/modules/cjs/loader:1159:10)
    at require.extensions..jsx.require.extensions..js (/tmp/ts-node-dev-hook-8359135550360708.js:114:20)
    at require.extensions.<computed> (/tmp/ts-node-dev-hook-8359135550360708.js:71:20)
    at Object.nodeDevHook [as .ts] (/home/rabindranath/Documents/Backend/node-api-ts-express-opp/node_modules/ts-node-dev/lib/hook.js:63:13)
    at Module.load (node:internal/modules/cjs/loader:981:32)
    at Function.Module._load (node:internal/modules/cjs/loader:822:12)
2022-10-25 23:41:10 error: uncaughtException: ⨯ Unable to compile TypeScript:
src/services/post.service.ts(7,11): error TS6133: 'resp' is declared but its value is never read.

Error: ⨯ Unable to compile TypeScript:
src/services/post.service.ts(7,11): error TS6133: 'resp' is declared but its value is never read.

    at Object.<anonymous> (/home/rabindranath/Documents/Backend/node-api-ts-express-opp/src/services/post.service.ts:1:7)
    at Module._compile (node:internal/modules/cjs/loader:1105:14)
    at Module._compile (/home/rabindranath/Documents/Backend/node-api-ts-express-opp/node_modules/source-map-support/source-map-support.js:568:25)
    at Module.m._compile (/tmp/ts-node-dev-hook-8359135550360708.js:69:33)
    at Module._extensions..js (node:internal/modules/cjs/loader:1159:10)
    at require.extensions..jsx.require.extensions..js (/tmp/ts-node-dev-hook-8359135550360708.js:114:20)
    at require.extensions.<computed> (/tmp/ts-node-dev-hook-8359135550360708.js:71:20)
    at Object.nodeDevHook [as .ts] (/home/rabindranath/Documents/Backend/node-api-ts-express-opp/node_modules/ts-node-dev/lib/hook.js:63:13)
    at Module.load (node:internal/modules/cjs/loader:981:32)
    at Function.Module._load (node:internal/modules/cjs/loader:822:12)
2022-10-25 23:41:13 error: uncaughtException: ⨯ Unable to compile TypeScript:
src/services/post.service.ts(7,11): error TS6133: 'resp' is declared but its value is never read.
src/services/post.service.ts(7,27): error TS1099: Type argument list cannot be empty.

Error: ⨯ Unable to compile TypeScript:
src/services/post.service.ts(7,11): error TS6133: 'resp' is declared but its value is never read.
src/services/post.service.ts(7,27): error TS1099: Type argument list cannot be empty.

    at Object.<anonymous> (/home/rabindranath/Documents/Backend/node-api-ts-express-opp/src/services/post.service.ts:1:7)
    at Module._compile (node:internal/modules/cjs/loader:1105:14)
    at Module._compile (/home/rabindranath/Documents/Backend/node-api-ts-express-opp/node_modules/source-map-support/source-map-support.js:568:25)
    at Module.m._compile (/tmp/ts-node-dev-hook-8359135550360708.js:69:33)
    at Module._extensions..js (node:internal/modules/cjs/loader:1159:10)
    at require.extensions..jsx.require.extensions..js (/tmp/ts-node-dev-hook-8359135550360708.js:114:20)
    at require.extensions.<computed> (/tmp/ts-node-dev-hook-8359135550360708.js:71:20)
    at Object.nodeDevHook [as .ts] (/home/rabindranath/Documents/Backend/node-api-ts-express-opp/node_modules/ts-node-dev/lib/hook.js:63:13)
    at Module.load (node:internal/modules/cjs/loader:981:32)
    at Function.Module._load (node:internal/modules/cjs/loader:822:12)
2022-10-25 23:41:17 error: uncaughtException: ⨯ Unable to compile TypeScript:
src/services/post.service.ts(7,11): error TS6133: 'resp' is declared but its value is never read.
src/services/post.service.ts(7,28): error TS2304: Cannot find name 'Post'.

Error: ⨯ Unable to compile TypeScript:
src/services/post.service.ts(7,11): error TS6133: 'resp' is declared but its value is never read.
src/services/post.service.ts(7,28): error TS2304: Cannot find name 'Post'.

    at Object.<anonymous> (/home/rabindranath/Documents/Backend/node-api-ts-express-opp/src/services/post.service.ts:1:7)
    at Module._compile (node:internal/modules/cjs/loader:1105:14)
    at Module._compile (/home/rabindranath/Documents/Backend/node-api-ts-express-opp/node_modules/source-map-support/source-map-support.js:568:25)
    at Module.m._compile (/tmp/ts-node-dev-hook-8359135550360708.js:69:33)
    at Module._extensions..js (node:internal/modules/cjs/loader:1159:10)
    at require.extensions..jsx.require.extensions..js (/tmp/ts-node-dev-hook-8359135550360708.js:114:20)
    at require.extensions.<computed> (/tmp/ts-node-dev-hook-8359135550360708.js:71:20)
    at Object.nodeDevHook [as .ts] (/home/rabindranath/Documents/Backend/node-api-ts-express-opp/node_modules/ts-node-dev/lib/hook.js:63:13)
    at Module.load (node:internal/modules/cjs/loader:981:32)
    at Function.Module._load (node:internal/modules/cjs/loader:822:12)
2022-10-25 23:41:21 error: uncaughtException: ⨯ Unable to compile TypeScript:
src/services/post.service.ts(8,11): error TS6133: 'resp' is declared but its value is never read.

Error: ⨯ Unable to compile TypeScript:
src/services/post.service.ts(8,11): error TS6133: 'resp' is declared but its value is never read.

    at Object.<anonymous> (/home/rabindranath/Documents/Backend/node-api-ts-express-opp/src/services/post.service.ts:1:7)
    at Module._compile (node:internal/modules/cjs/loader:1105:14)
    at Module._compile (/home/rabindranath/Documents/Backend/node-api-ts-express-opp/node_modules/source-map-support/source-map-support.js:568:25)
    at Module.m._compile (/tmp/ts-node-dev-hook-8359135550360708.js:69:33)
    at Module._extensions..js (node:internal/modules/cjs/loader:1159:10)
    at require.extensions..jsx.require.extensions..js (/tmp/ts-node-dev-hook-8359135550360708.js:114:20)
    at require.extensions.<computed> (/tmp/ts-node-dev-hook-8359135550360708.js:71:20)
    at Object.nodeDevHook [as .ts] (/home/rabindranath/Documents/Backend/node-api-ts-express-opp/node_modules/ts-node-dev/lib/hook.js:63:13)
    at Module.load (node:internal/modules/cjs/loader:981:32)
    at Function.Module._load (node:internal/modules/cjs/loader:822:12)
2022-10-25 23:41:38 error: uncaughtException: ⨯ Unable to compile TypeScript:
src/services/post.service.ts(8,11): error TS6133: 'resp' is declared but its value is never read.
src/services/post.service.ts(8,24): error TS2554: Expected 1-2 arguments, but got 0.

Error: ⨯ Unable to compile TypeScript:
src/services/post.service.ts(8,11): error TS6133: 'resp' is declared but its value is never read.
src/services/post.service.ts(8,24): error TS2554: Expected 1-2 arguments, but got 0.

    at Object.<anonymous> (/home/rabindranath/Documents/Backend/node-api-ts-express-opp/src/services/post.service.ts:1:7)
    at Module._compile (node:internal/modules/cjs/loader:1105:14)
    at Module._compile (/home/rabindranath/Documents/Backend/node-api-ts-express-opp/node_modules/source-map-support/source-map-support.js:568:25)
    at Module.m._compile (/tmp/ts-node-dev-hook-8359135550360708.js:69:33)
    at Module._extensions..js (node:internal/modules/cjs/loader:1159:10)
    at require.extensions..jsx.require.extensions..js (/tmp/ts-node-dev-hook-8359135550360708.js:114:20)
    at require.extensions.<computed> (/tmp/ts-node-dev-hook-8359135550360708.js:71:20)
    at Object.nodeDevHook [as .ts] (/home/rabindranath/Documents/Backend/node-api-ts-express-opp/node_modules/ts-node-dev/lib/hook.js:63:13)
    at Module.load (node:internal/modules/cjs/loader:981:32)
    at Function.Module._load (node:internal/modules/cjs/loader:822:12)
2022-10-25 23:41:47 error: uncaughtException: ⨯ Unable to compile TypeScript:
src/services/post.service.ts(8,11): error TS6133: 'resp' is declared but its value is never read.
src/services/post.service.ts(8,17): error TS2304: Cannot find name 'axiosResponse'.
src/services/post.service.ts(8,39): error TS2554: Expected 1-2 arguments, but got 0.

Error: ⨯ Unable to compile TypeScript:
src/services/post.service.ts(8,11): error TS6133: 'resp' is declared but its value is never read.
src/services/post.service.ts(8,17): error TS2304: Cannot find name 'axiosResponse'.
src/services/post.service.ts(8,39): error TS2554: Expected 1-2 arguments, but got 0.

    at Object.<anonymous> (/home/rabindranath/Documents/Backend/node-api-ts-express-opp/src/services/post.service.ts:1:7)
    at Module._compile (node:internal/modules/cjs/loader:1105:14)
    at Module._compile (/home/rabindranath/Documents/Backend/node-api-ts-express-opp/node_modules/source-map-support/source-map-support.js:568:25)
    at Module.m._compile (/tmp/ts-node-dev-hook-8359135550360708.js:69:33)
    at Module._extensions..js (node:internal/modules/cjs/loader:1159:10)
    at require.extensions..jsx.require.extensions..js (/tmp/ts-node-dev-hook-8359135550360708.js:114:20)
    at require.extensions.<computed> (/tmp/ts-node-dev-hook-8359135550360708.js:71:20)
    at Object.nodeDevHook [as .ts] (/home/rabindranath/Documents/Backend/node-api-ts-express-opp/node_modules/ts-node-dev/lib/hook.js:63:13)
    at Module.load (node:internal/modules/cjs/loader:981:32)
    at Function.Module._load (node:internal/modules/cjs/loader:822:12)
2022-10-25 23:42:00 error: uncaughtException: ⨯ Unable to compile TypeScript:
src/services/post.service.ts(8,11): error TS6133: 'resp' is declared but its value is never read.
src/services/post.service.ts(8,24): error TS2554: Expected 1-2 arguments, but got 0.

Error: ⨯ Unable to compile TypeScript:
src/services/post.service.ts(8,11): error TS6133: 'resp' is declared but its value is never read.
src/services/post.service.ts(8,24): error TS2554: Expected 1-2 arguments, but got 0.

    at Object.<anonymous> (/home/rabindranath/Documents/Backend/node-api-ts-express-opp/src/services/post.service.ts:1:7)
    at Module._compile (node:internal/modules/cjs/loader:1105:14)
    at Module._compile (/home/rabindranath/Documents/Backend/node-api-ts-express-opp/node_modules/source-map-support/source-map-support.js:568:25)
    at Module.m._compile (/tmp/ts-node-dev-hook-8359135550360708.js:69:33)
    at Module._extensions..js (node:internal/modules/cjs/loader:1159:10)
    at require.extensions..jsx.require.extensions..js (/tmp/ts-node-dev-hook-8359135550360708.js:114:20)
    at require.extensions.<computed> (/tmp/ts-node-dev-hook-8359135550360708.js:71:20)
    at Object.nodeDevHook [as .ts] (/home/rabindranath/Documents/Backend/node-api-ts-express-opp/node_modules/ts-node-dev/lib/hook.js:63:13)
    at Module.load (node:internal/modules/cjs/loader:981:32)
    at Function.Module._load (node:internal/modules/cjs/loader:822:12)
2022-10-25 23:42:09 error: uncaughtException: ⨯ Unable to compile TypeScript:
src/services/post.service.ts(8,11): error TS6133: 'resp' is declared but its value is never read.
src/services/post.service.ts(8,36): error TS2552: Cannot find name 'EXTERNAL'. Did you mean 'External'?

Error: ⨯ Unable to compile TypeScript:
src/services/post.service.ts(8,11): error TS6133: 'resp' is declared but its value is never read.
src/services/post.service.ts(8,36): error TS2552: Cannot find name 'EXTERNAL'. Did you mean 'External'?

    at Object.<anonymous> (/home/rabindranath/Documents/Backend/node-api-ts-express-opp/src/services/post.service.ts:1:7)
    at Module._compile (node:internal/modules/cjs/loader:1105:14)
    at Module._compile (/home/rabindranath/Documents/Backend/node-api-ts-express-opp/node_modules/source-map-support/source-map-support.js:568:25)
    at Module.m._compile (/tmp/ts-node-dev-hook-8359135550360708.js:69:33)
    at Module._extensions..js (node:internal/modules/cjs/loader:1159:10)
    at require.extensions..jsx.require.extensions..js (/tmp/ts-node-dev-hook-8359135550360708.js:114:20)
    at require.extensions.<computed> (/tmp/ts-node-dev-hook-8359135550360708.js:71:20)
    at Object.nodeDevHook [as .ts] (/home/rabindranath/Documents/Backend/node-api-ts-express-opp/node_modules/ts-node-dev/lib/hook.js:63:13)
    at Module.load (node:internal/modules/cjs/loader:981:32)
    at Function.Module._load (node:internal/modules/cjs/loader:822:12)
2022-10-25 23:42:12 error: uncaughtException: ⨯ Unable to compile TypeScript:
src/services/post.service.ts(8,11): error TS6133: 'resp' is declared but its value is never read.
src/services/post.service.ts(8,36): error TS2552: Cannot find name 'EXTERNAL_API'. Did you mean 'External'?

Error: ⨯ Unable to compile TypeScript:
src/services/post.service.ts(8,11): error TS6133: 'resp' is declared but its value is never read.
src/services/post.service.ts(8,36): error TS2552: Cannot find name 'EXTERNAL_API'. Did you mean 'External'?

    at Object.<anonymous> (/home/rabindranath/Documents/Backend/node-api-ts-express-opp/src/services/post.service.ts:1:7)
    at Module._compile (node:internal/modules/cjs/loader:1105:14)
    at Module._compile (/home/rabindranath/Documents/Backend/node-api-ts-express-opp/node_modules/source-map-support/source-map-support.js:568:25)
    at Module.m._compile (/tmp/ts-node-dev-hook-8359135550360708.js:69:33)
    at Module._extensions..js (node:internal/modules/cjs/loader:1159:10)
    at require.extensions..jsx.require.extensions..js (/tmp/ts-node-dev-hook-8359135550360708.js:114:20)
    at require.extensions.<computed> (/tmp/ts-node-dev-hook-8359135550360708.js:71:20)
    at Object.nodeDevHook [as .ts] (/home/rabindranath/Documents/Backend/node-api-ts-express-opp/node_modules/ts-node-dev/lib/hook.js:63:13)
    at Module.load (node:internal/modules/cjs/loader:981:32)
    at Function.Module._load (node:internal/modules/cjs/loader:822:12)
2022-10-25 23:42:27 error: uncaughtException: ⨯ Unable to compile TypeScript:
src/services/post.service.ts(8,11): error TS6133: 'resp' is declared but its value is never read.
src/services/post.service.ts(8,36): error TS2552: Cannot find name 'EXTERNAL_API'. Did you mean 'External'?

Error: ⨯ Unable to compile TypeScript:
src/services/post.service.ts(8,11): error TS6133: 'resp' is declared but its value is never read.
src/services/post.service.ts(8,36): error TS2552: Cannot find name 'EXTERNAL_API'. Did you mean 'External'?

    at Object.<anonymous> (/home/rabindranath/Documents/Backend/node-api-ts-express-opp/src/services/post.service.ts:1:7)
    at Module._compile (node:internal/modules/cjs/loader:1105:14)
    at Module._compile (/home/rabindranath/Documents/Backend/node-api-ts-express-opp/node_modules/source-map-support/source-map-support.js:568:25)
    at Module.m._compile (/tmp/ts-node-dev-hook-8359135550360708.js:69:33)
    at Module._extensions..js (node:internal/modules/cjs/loader:1159:10)
    at require.extensions..jsx.require.extensions..js (/tmp/ts-node-dev-hook-8359135550360708.js:114:20)
    at require.extensions.<computed> (/tmp/ts-node-dev-hook-8359135550360708.js:71:20)
    at Object.nodeDevHook [as .ts] (/home/rabindranath/Documents/Backend/node-api-ts-express-opp/node_modules/ts-node-dev/lib/hook.js:63:13)
    at Module.load (node:internal/modules/cjs/loader:981:32)
    at Function.Module._load (node:internal/modules/cjs/loader:822:12)
2022-10-25 23:42:34 error: uncaughtException: ⨯ Unable to compile TypeScript:
src/services/post.service.ts(8,11): error TS6133: 'resp' is declared but its value is never read.
src/services/post.service.ts(8,36): error TS2552: Cannot find name 'EXTERNAL_API'. Did you mean 'External'?

Error: ⨯ Unable to compile TypeScript:
src/services/post.service.ts(8,11): error TS6133: 'resp' is declared but its value is never read.
src/services/post.service.ts(8,36): error TS2552: Cannot find name 'EXTERNAL_API'. Did you mean 'External'?

    at Object.<anonymous> (/home/rabindranath/Documents/Backend/node-api-ts-express-opp/src/services/post.service.ts:1:7)
    at Module._compile (node:internal/modules/cjs/loader:1105:14)
    at Module._compile (/home/rabindranath/Documents/Backend/node-api-ts-express-opp/node_modules/source-map-support/source-map-support.js:568:25)
    at Module.m._compile (/tmp/ts-node-dev-hook-8359135550360708.js:69:33)
    at Module._extensions..js (node:internal/modules/cjs/loader:1159:10)
    at require.extensions..jsx.require.extensions..js (/tmp/ts-node-dev-hook-8359135550360708.js:114:20)
    at require.extensions.<computed> (/tmp/ts-node-dev-hook-8359135550360708.js:71:20)
    at Object.nodeDevHook [as .ts] (/home/rabindranath/Documents/Backend/node-api-ts-express-opp/node_modules/ts-node-dev/lib/hook.js:63:13)
    at Module.load (node:internal/modules/cjs/loader:981:32)
    at Function.Module._load (node:internal/modules/cjs/loader:822:12)
2022-10-25 23:42:38 error: uncaughtException: ⨯ Unable to compile TypeScript:
src/services/post.service.ts(9,11): error TS6133: 'resp' is declared but its value is never read.
src/services/post.service.ts(9,36): error TS2345: Argument of type 'string | undefined' is not assignable to parameter of type 'string'.
  Type 'undefined' is not assignable to type 'string'.

Error: ⨯ Unable to compile TypeScript:
src/services/post.service.ts(9,11): error TS6133: 'resp' is declared but its value is never read.
src/services/post.service.ts(9,36): error TS2345: Argument of type 'string | undefined' is not assignable to parameter of type 'string'.
  Type 'undefined' is not assignable to type 'string'.

    at Object.<anonymous> (/home/rabindranath/Documents/Backend/node-api-ts-express-opp/src/services/post.service.ts:1:7)
    at Module._compile (node:internal/modules/cjs/loader:1105:14)
    at Module._compile (/home/rabindranath/Documents/Backend/node-api-ts-express-opp/node_modules/source-map-support/source-map-support.js:568:25)
    at Module.m._compile (/tmp/ts-node-dev-hook-8359135550360708.js:69:33)
    at Module._extensions..js (node:internal/modules/cjs/loader:1159:10)
    at require.extensions..jsx.require.extensions..js (/tmp/ts-node-dev-hook-8359135550360708.js:114:20)
    at require.extensions.<computed> (/tmp/ts-node-dev-hook-8359135550360708.js:71:20)
    at Object.nodeDevHook [as .ts] (/home/rabindranath/Documents/Backend/node-api-ts-express-opp/node_modules/ts-node-dev/lib/hook.js:63:13)
    at Module.load (node:internal/modules/cjs/loader:981:32)
    at Function.Module._load (node:internal/modules/cjs/loader:822:12)
2022-10-25 23:42:47 error: uncaughtException: ⨯ Unable to compile TypeScript:
src/services/post.service.ts(10,11): error TS6133: 'resp' is declared but its value is never read.
src/services/post.service.ts(10,36): error TS2345: Argument of type 'string | undefined' is not assignable to parameter of type 'string'.
  Type 'undefined' is not assignable to type 'string'.

Error: ⨯ Unable to compile TypeScript:
src/services/post.service.ts(10,11): error TS6133: 'resp' is declared but its value is never read.
src/services/post.service.ts(10,36): error TS2345: Argument of type 'string | undefined' is not assignable to parameter of type 'string'.
  Type 'undefined' is not assignable to type 'string'.

    at Object.<anonymous> (/home/rabindranath/Documents/Backend/node-api-ts-express-opp/src/services/post.service.ts:1:7)
    at Module._compile (node:internal/modules/cjs/loader:1105:14)
    at Module._compile (/home/rabindranath/Documents/Backend/node-api-ts-express-opp/node_modules/source-map-support/source-map-support.js:568:25)
    at Module.m._compile (/tmp/ts-node-dev-hook-8359135550360708.js:69:33)
    at Module._extensions..js (node:internal/modules/cjs/loader:1159:10)
    at require.extensions..jsx.require.extensions..js (/tmp/ts-node-dev-hook-8359135550360708.js:114:20)
    at require.extensions.<computed> (/tmp/ts-node-dev-hook-8359135550360708.js:71:20)
    at Object.nodeDevHook [as .ts] (/home/rabindranath/Documents/Backend/node-api-ts-express-opp/node_modules/ts-node-dev/lib/hook.js:63:13)
    at Module.load (node:internal/modules/cjs/loader:981:32)
    at Function.Module._load (node:internal/modules/cjs/loader:822:12)
2022-10-25 23:42:50 error: uncaughtException: ⨯ Unable to compile TypeScript:
src/services/post.service.ts(9,11): error TS6133: 'resp' is declared but its value is never read.
src/services/post.service.ts(9,36): error TS2345: Argument of type 'string | undefined' is not assignable to parameter of type 'string'.
  Type 'undefined' is not assignable to type 'string'.

Error: ⨯ Unable to compile TypeScript:
src/services/post.service.ts(9,11): error TS6133: 'resp' is declared but its value is never read.
src/services/post.service.ts(9,36): error TS2345: Argument of type 'string | undefined' is not assignable to parameter of type 'string'.
  Type 'undefined' is not assignable to type 'string'.

    at Object.<anonymous> (/home/rabindranath/Documents/Backend/node-api-ts-express-opp/src/services/post.service.ts:1:7)
    at Module._compile (node:internal/modules/cjs/loader:1105:14)
    at Module._compile (/home/rabindranath/Documents/Backend/node-api-ts-express-opp/node_modules/source-map-support/source-map-support.js:568:25)
    at Module.m._compile (/tmp/ts-node-dev-hook-8359135550360708.js:69:33)
    at Module._extensions..js (node:internal/modules/cjs/loader:1159:10)
    at require.extensions..jsx.require.extensions..js (/tmp/ts-node-dev-hook-8359135550360708.js:114:20)
    at require.extensions.<computed> (/tmp/ts-node-dev-hook-8359135550360708.js:71:20)
    at Object.nodeDevHook [as .ts] (/home/rabindranath/Documents/Backend/node-api-ts-express-opp/node_modules/ts-node-dev/lib/hook.js:63:13)
    at Module.load (node:internal/modules/cjs/loader:981:32)
    at Function.Module._load (node:internal/modules/cjs/loader:822:12)
2022-10-25 23:42:54 error: uncaughtException: ⨯ Unable to compile TypeScript:
src/services/post.service.ts(6,10): error TS7008: Member 'url' implicitly has an 'any' type.
src/services/post.service.ts(10,11): error TS6133: 'resp' is declared but its value is never read.
src/services/post.service.ts(10,36): error TS2345: Argument of type 'string | undefined' is not assignable to parameter of type 'string'.
  Type 'undefined' is not assignable to type 'string'.

Error: ⨯ Unable to compile TypeScript:
src/services/post.service.ts(6,10): error TS7008: Member 'url' implicitly has an 'any' type.
src/services/post.service.ts(10,11): error TS6133: 'resp' is declared but its value is never read.
src/services/post.service.ts(10,36): error TS2345: Argument of type 'string | undefined' is not assignable to parameter of type 'string'.
  Type 'undefined' is not assignable to type 'string'.

    at Object.<anonymous> (/home/rabindranath/Documents/Backend/node-api-ts-express-opp/src/services/post.service.ts:1:7)
    at Module._compile (node:internal/modules/cjs/loader:1105:14)
    at Module._compile (/home/rabindranath/Documents/Backend/node-api-ts-express-opp/node_modules/source-map-support/source-map-support.js:568:25)
    at Module.m._compile (/tmp/ts-node-dev-hook-8359135550360708.js:69:33)
    at Module._extensions..js (node:internal/modules/cjs/loader:1159:10)
    at require.extensions..jsx.require.extensions..js (/tmp/ts-node-dev-hook-8359135550360708.js:114:20)
    at require.extensions.<computed> (/tmp/ts-node-dev-hook-8359135550360708.js:71:20)
    at Object.nodeDevHook [as .ts] (/home/rabindranath/Documents/Backend/node-api-ts-express-opp/node_modules/ts-node-dev/lib/hook.js:63:13)
    at Module.load (node:internal/modules/cjs/loader:981:32)
    at Function.Module._load (node:internal/modules/cjs/loader:822:12)
2022-10-25 23:43:12 error: uncaughtException: ⨯ Unable to compile TypeScript:
src/services/post.service.ts(6,10): error TS2564: Property 'urlExternalApi' has no initializer and is not definitely assigned in the constructor.
src/services/post.service.ts(10,11): error TS6133: 'resp' is declared but its value is never read.
src/services/post.service.ts(10,36): error TS2345: Argument of type 'string | undefined' is not assignable to parameter of type 'string'.
  Type 'undefined' is not assignable to type 'string'.

Error: ⨯ Unable to compile TypeScript:
src/services/post.service.ts(6,10): error TS2564: Property 'urlExternalApi' has no initializer and is not definitely assigned in the constructor.
src/services/post.service.ts(10,11): error TS6133: 'resp' is declared but its value is never read.
src/services/post.service.ts(10,36): error TS2345: Argument of type 'string | undefined' is not assignable to parameter of type 'string'.
  Type 'undefined' is not assignable to type 'string'.

    at Object.<anonymous> (/home/rabindranath/Documents/Backend/node-api-ts-express-opp/src/services/post.service.ts:1:7)
    at Module._compile (node:internal/modules/cjs/loader:1105:14)
    at Module._compile (/home/rabindranath/Documents/Backend/node-api-ts-express-opp/node_modules/source-map-support/source-map-support.js:568:25)
    at Module.m._compile (/tmp/ts-node-dev-hook-8359135550360708.js:69:33)
    at Module._extensions..js (node:internal/modules/cjs/loader:1159:10)
    at require.extensions..jsx.require.extensions..js (/tmp/ts-node-dev-hook-8359135550360708.js:114:20)
    at require.extensions.<computed> (/tmp/ts-node-dev-hook-8359135550360708.js:71:20)
    at Object.nodeDevHook [as .ts] (/home/rabindranath/Documents/Backend/node-api-ts-express-opp/node_modules/ts-node-dev/lib/hook.js:63:13)
    at Module.load (node:internal/modules/cjs/loader:981:32)
    at Function.Module._load (node:internal/modules/cjs/loader:822:12)
2022-10-25 23:43:16 error: uncaughtException: ⨯ Unable to compile TypeScript:
src/services/post.service.ts(6,10): error TS2564: Property 'urlExternalApi' has no initializer and is not definitely assigned in the constructor.
src/services/post.service.ts(8,10): error TS2339: Property 'url' does not exist on type 'PostService'.
src/services/post.service.ts(12,11): error TS6133: 'resp' is declared but its value is never read.
src/services/post.service.ts(12,36): error TS2345: Argument of type 'string | undefined' is not assignable to parameter of type 'string'.
  Type 'undefined' is not assignable to type 'string'.

Error: ⨯ Unable to compile TypeScript:
src/services/post.service.ts(6,10): error TS2564: Property 'urlExternalApi' has no initializer and is not definitely assigned in the constructor.
src/services/post.service.ts(8,10): error TS2339: Property 'url' does not exist on type 'PostService'.
src/services/post.service.ts(12,11): error TS6133: 'resp' is declared but its value is never read.
src/services/post.service.ts(12,36): error TS2345: Argument of type 'string | undefined' is not assignable to parameter of type 'string'.
  Type 'undefined' is not assignable to type 'string'.

    at Object.<anonymous> (/home/rabindranath/Documents/Backend/node-api-ts-express-opp/src/services/post.service.ts:1:7)
    at Module._compile (node:internal/modules/cjs/loader:1105:14)
    at Module._compile (/home/rabindranath/Documents/Backend/node-api-ts-express-opp/node_modules/source-map-support/source-map-support.js:568:25)
    at Module.m._compile (/tmp/ts-node-dev-hook-8359135550360708.js:69:33)
    at Module._extensions..js (node:internal/modules/cjs/loader:1159:10)
    at require.extensions..jsx.require.extensions..js (/tmp/ts-node-dev-hook-8359135550360708.js:114:20)
    at require.extensions.<computed> (/tmp/ts-node-dev-hook-8359135550360708.js:71:20)
    at Object.nodeDevHook [as .ts] (/home/rabindranath/Documents/Backend/node-api-ts-express-opp/node_modules/ts-node-dev/lib/hook.js:63:13)
    at Module.load (node:internal/modules/cjs/loader:981:32)
    at Function.Module._load (node:internal/modules/cjs/loader:822:12)
2022-10-25 23:43:23 error: uncaughtException: ⨯ Unable to compile TypeScript:
src/services/post.service.ts(12,11): error TS6133: 'resp' is declared but its value is never read.
src/services/post.service.ts(12,36): error TS2345: Argument of type 'string | undefined' is not assignable to parameter of type 'string'.
  Type 'undefined' is not assignable to type 'string'.

Error: ⨯ Unable to compile TypeScript:
src/services/post.service.ts(12,11): error TS6133: 'resp' is declared but its value is never read.
src/services/post.service.ts(12,36): error TS2345: Argument of type 'string | undefined' is not assignable to parameter of type 'string'.
  Type 'undefined' is not assignable to type 'string'.

    at Object.<anonymous> (/home/rabindranath/Documents/Backend/node-api-ts-express-opp/src/services/post.service.ts:1:7)
    at Module._compile (node:internal/modules/cjs/loader:1105:14)
    at Module._compile (/home/rabindranath/Documents/Backend/node-api-ts-express-opp/node_modules/source-map-support/source-map-support.js:568:25)
    at Module.m._compile (/tmp/ts-node-dev-hook-8359135550360708.js:69:33)
    at Module._extensions..js (node:internal/modules/cjs/loader:1159:10)
    at require.extensions..jsx.require.extensions..js (/tmp/ts-node-dev-hook-8359135550360708.js:114:20)
    at require.extensions.<computed> (/tmp/ts-node-dev-hook-8359135550360708.js:71:20)
    at Object.nodeDevHook [as .ts] (/home/rabindranath/Documents/Backend/node-api-ts-express-opp/node_modules/ts-node-dev/lib/hook.js:63:13)
    at Module.load (node:internal/modules/cjs/loader:981:32)
    at Function.Module._load (node:internal/modules/cjs/loader:822:12)
2022-10-25 23:43:28 error: uncaughtException: ⨯ Unable to compile TypeScript:
src/services/post.service.ts(8,30): error TS2304: Cannot find name 'EX'.
src/services/post.service.ts(12,11): error TS6133: 'resp' is declared but its value is never read.
src/services/post.service.ts(12,36): error TS2345: Argument of type 'string | undefined' is not assignable to parameter of type 'string'.
  Type 'undefined' is not assignable to type 'string'.

Error: ⨯ Unable to compile TypeScript:
src/services/post.service.ts(8,30): error TS2304: Cannot find name 'EX'.
src/services/post.service.ts(12,11): error TS6133: 'resp' is declared but its value is never read.
src/services/post.service.ts(12,36): error TS2345: Argument of type 'string | undefined' is not assignable to parameter of type 'string'.
  Type 'undefined' is not assignable to type 'string'.

    at Object.<anonymous> (/home/rabindranath/Documents/Backend/node-api-ts-express-opp/src/services/post.service.ts:1:7)
    at Module._compile (node:internal/modules/cjs/loader:1105:14)
    at Module._compile (/home/rabindranath/Documents/Backend/node-api-ts-express-opp/node_modules/source-map-support/source-map-support.js:568:25)
    at Module.m._compile (/tmp/ts-node-dev-hook-8359135550360708.js:69:33)
    at Module._extensions..js (node:internal/modules/cjs/loader:1159:10)
    at require.extensions..jsx.require.extensions..js (/tmp/ts-node-dev-hook-8359135550360708.js:114:20)
    at require.extensions.<computed> (/tmp/ts-node-dev-hook-8359135550360708.js:71:20)
    at Object.nodeDevHook [as .ts] (/home/rabindranath/Documents/Backend/node-api-ts-express-opp/node_modules/ts-node-dev/lib/hook.js:63:13)
    at Module.load (node:internal/modules/cjs/loader:981:32)
    at Function.Module._load (node:internal/modules/cjs/loader:822:12)
2022-10-25 23:43:32 error: uncaughtException: ⨯ Unable to compile TypeScript:
src/services/post.service.ts(8,30): error TS2304: Cannot find name 'EXTER'.
src/services/post.service.ts(12,11): error TS6133: 'resp' is declared but its value is never read.
src/services/post.service.ts(12,36): error TS2345: Argument of type 'string | undefined' is not assignable to parameter of type 'string'.
  Type 'undefined' is not assignable to type 'string'.

Error: ⨯ Unable to compile TypeScript:
src/services/post.service.ts(8,30): error TS2304: Cannot find name 'EXTER'.
src/services/post.service.ts(12,11): error TS6133: 'resp' is declared but its value is never read.
src/services/post.service.ts(12,36): error TS2345: Argument of type 'string | undefined' is not assignable to parameter of type 'string'.
  Type 'undefined' is not assignable to type 'string'.

    at Object.<anonymous> (/home/rabindranath/Documents/Backend/node-api-ts-express-opp/src/services/post.service.ts:1:7)
    at Module._compile (node:internal/modules/cjs/loader:1105:14)
    at Module._compile (/home/rabindranath/Documents/Backend/node-api-ts-express-opp/node_modules/source-map-support/source-map-support.js:568:25)
    at Module.m._compile (/tmp/ts-node-dev-hook-8359135550360708.js:69:33)
    at Module._extensions..js (node:internal/modules/cjs/loader:1159:10)
    at require.extensions..jsx.require.extensions..js (/tmp/ts-node-dev-hook-8359135550360708.js:114:20)
    at require.extensions.<computed> (/tmp/ts-node-dev-hook-8359135550360708.js:71:20)
    at Object.nodeDevHook [as .ts] (/home/rabindranath/Documents/Backend/node-api-ts-express-opp/node_modules/ts-node-dev/lib/hook.js:63:13)
    at Module.load (node:internal/modules/cjs/loader:981:32)
    at Function.Module._load (node:internal/modules/cjs/loader:822:12)
2022-10-25 23:43:45 error: uncaughtException: ⨯ Unable to compile TypeScript:
src/services/post.service.ts(12,11): error TS6133: 'resp' is declared but its value is never read.
src/services/post.service.ts(12,36): error TS2345: Argument of type 'string | undefined' is not assignable to parameter of type 'string'.
  Type 'undefined' is not assignable to type 'string'.

Error: ⨯ Unable to compile TypeScript:
src/services/post.service.ts(12,11): error TS6133: 'resp' is declared but its value is never read.
src/services/post.service.ts(12,36): error TS2345: Argument of type 'string | undefined' is not assignable to parameter of type 'string'.
  Type 'undefined' is not assignable to type 'string'.

    at Object.<anonymous> (/home/rabindranath/Documents/Backend/node-api-ts-express-opp/src/services/post.service.ts:1:7)
    at Module._compile (node:internal/modules/cjs/loader:1105:14)
    at Module._compile (/home/rabindranath/Documents/Backend/node-api-ts-express-opp/node_modules/source-map-support/source-map-support.js:568:25)
    at Module.m._compile (/tmp/ts-node-dev-hook-8359135550360708.js:69:33)
    at Module._extensions..js (node:internal/modules/cjs/loader:1159:10)
    at require.extensions..jsx.require.extensions..js (/tmp/ts-node-dev-hook-8359135550360708.js:114:20)
    at require.extensions.<computed> (/tmp/ts-node-dev-hook-8359135550360708.js:71:20)
    at Object.nodeDevHook [as .ts] (/home/rabindranath/Documents/Backend/node-api-ts-express-opp/node_modules/ts-node-dev/lib/hook.js:63:13)
    at Module.load (node:internal/modules/cjs/loader:981:32)
    at Function.Module._load (node:internal/modules/cjs/loader:822:12)
2022-10-25 23:43:51 error: uncaughtException: ⨯ Unable to compile TypeScript:
src/services/post.service.ts(12,11): error TS6133: 'resp' is declared but its value is never read.
src/services/post.service.ts(12,36): error TS2345: Argument of type 'string | undefined' is not assignable to parameter of type 'string'.
  Type 'undefined' is not assignable to type 'string'.
src/services/post.service.ts(9,3): error TS1109: Expression expected.

Error: ⨯ Unable to compile TypeScript:
src/services/post.service.ts(12,11): error TS6133: 'resp' is declared but its value is never read.
src/services/post.service.ts(12,36): error TS2345: Argument of type 'string | undefined' is not assignable to parameter of type 'string'.
  Type 'undefined' is not assignable to type 'string'.
src/services/post.service.ts(9,3): error TS1109: Expression expected.

    at Object.<anonymous> (/home/rabindranath/Documents/Backend/node-api-ts-express-opp/src/services/post.service.ts:1:7)
    at Module._compile (node:internal/modules/cjs/loader:1105:14)
    at Module._compile (/home/rabindranath/Documents/Backend/node-api-ts-express-opp/node_modules/source-map-support/source-map-support.js:568:25)
    at Module.m._compile (/tmp/ts-node-dev-hook-8359135550360708.js:69:33)
    at Module._extensions..js (node:internal/modules/cjs/loader:1159:10)
    at require.extensions..jsx.require.extensions..js (/tmp/ts-node-dev-hook-8359135550360708.js:114:20)
    at require.extensions.<computed> (/tmp/ts-node-dev-hook-8359135550360708.js:71:20)
    at Object.nodeDevHook [as .ts] (/home/rabindranath/Documents/Backend/node-api-ts-express-opp/node_modules/ts-node-dev/lib/hook.js:63:13)
    at Module.load (node:internal/modules/cjs/loader:981:32)
    at Function.Module._load (node:internal/modules/cjs/loader:822:12)
2022-10-25 23:43:58 error: uncaughtException: ⨯ Unable to compile TypeScript:
src/services/post.service.ts(8,54): error TS2304: Cannot find name 'https'.
src/services/post.service.ts(12,11): error TS6133: 'resp' is declared but its value is never read.
src/services/post.service.ts(12,36): error TS2345: Argument of type 'string | undefined' is not assignable to parameter of type 'string'.
  Type 'undefined' is not assignable to type 'string'.
src/services/post.service.ts(8,59): error TS1005: ';' expected.

Error: ⨯ Unable to compile TypeScript:
src/services/post.service.ts(8,54): error TS2304: Cannot find name 'https'.
src/services/post.service.ts(12,11): error TS6133: 'resp' is declared but its value is never read.
src/services/post.service.ts(12,36): error TS2345: Argument of type 'string | undefined' is not assignable to parameter of type 'string'.
  Type 'undefined' is not assignable to type 'string'.
src/services/post.service.ts(8,59): error TS1005: ';' expected.

    at Object.<anonymous> (/home/rabindranath/Documents/Backend/node-api-ts-express-opp/src/services/post.service.ts:1:7)
    at Module._compile (node:internal/modules/cjs/loader:1105:14)
    at Module._compile (/home/rabindranath/Documents/Backend/node-api-ts-express-opp/node_modules/source-map-support/source-map-support.js:568:25)
    at Module.m._compile (/tmp/ts-node-dev-hook-8359135550360708.js:69:33)
    at Module._extensions..js (node:internal/modules/cjs/loader:1159:10)
    at require.extensions..jsx.require.extensions..js (/tmp/ts-node-dev-hook-8359135550360708.js:114:20)
    at require.extensions.<computed> (/tmp/ts-node-dev-hook-8359135550360708.js:71:20)
    at Object.nodeDevHook [as .ts] (/home/rabindranath/Documents/Backend/node-api-ts-express-opp/node_modules/ts-node-dev/lib/hook.js:63:13)
    at Module.load (node:internal/modules/cjs/loader:981:32)
    at Function.Module._load (node:internal/modules/cjs/loader:822:12)
2022-10-25 23:44:02 error: uncaughtException: ⨯ Unable to compile TypeScript:
src/services/post.service.ts(8,54): error TS2304: Cannot find name 'https'.
src/services/post.service.ts(12,11): error TS6133: 'resp' is declared but its value is never read.
src/services/post.service.ts(12,36): error TS2345: Argument of type 'string | undefined' is not assignable to parameter of type 'string'.
  Type 'undefined' is not assignable to type 'string'.
src/services/post.service.ts(8,59): error TS1005: ';' expected.

Error: ⨯ Unable to compile TypeScript:
src/services/post.service.ts(8,54): error TS2304: Cannot find name 'https'.
src/services/post.service.ts(12,11): error TS6133: 'resp' is declared but its value is never read.
src/services/post.service.ts(12,36): error TS2345: Argument of type 'string | undefined' is not assignable to parameter of type 'string'.
  Type 'undefined' is not assignable to type 'string'.
src/services/post.service.ts(8,59): error TS1005: ';' expected.

    at Object.<anonymous> (/home/rabindranath/Documents/Backend/node-api-ts-express-opp/src/services/post.service.ts:1:7)
    at Module._compile (node:internal/modules/cjs/loader:1105:14)
    at Module._compile (/home/rabindranath/Documents/Backend/node-api-ts-express-opp/node_modules/source-map-support/source-map-support.js:568:25)
    at Module.m._compile (/tmp/ts-node-dev-hook-8359135550360708.js:69:33)
    at Module._extensions..js (node:internal/modules/cjs/loader:1159:10)
    at require.extensions..jsx.require.extensions..js (/tmp/ts-node-dev-hook-8359135550360708.js:114:20)
    at require.extensions.<computed> (/tmp/ts-node-dev-hook-8359135550360708.js:71:20)
    at Object.nodeDevHook [as .ts] (/home/rabindranath/Documents/Backend/node-api-ts-express-opp/node_modules/ts-node-dev/lib/hook.js:63:13)
    at Module.load (node:internal/modules/cjs/loader:981:32)
    at Function.Module._load (node:internal/modules/cjs/loader:822:12)
2022-10-25 23:44:07 error: uncaughtException: ⨯ Unable to compile TypeScript:
src/services/post.service.ts(12,11): error TS6133: 'resp' is declared but its value is never read.
src/services/post.service.ts(12,36): error TS2345: Argument of type 'string | undefined' is not assignable to parameter of type 'string'.
  Type 'undefined' is not assignable to type 'string'.

Error: ⨯ Unable to compile TypeScript:
src/services/post.service.ts(12,11): error TS6133: 'resp' is declared but its value is never read.
src/services/post.service.ts(12,36): error TS2345: Argument of type 'string | undefined' is not assignable to parameter of type 'string'.
  Type 'undefined' is not assignable to type 'string'.

    at Object.<anonymous> (/home/rabindranath/Documents/Backend/node-api-ts-express-opp/src/services/post.service.ts:1:7)
    at Module._compile (node:internal/modules/cjs/loader:1105:14)
    at Module._compile (/home/rabindranath/Documents/Backend/node-api-ts-express-opp/node_modules/source-map-support/source-map-support.js:568:25)
    at Module.m._compile (/tmp/ts-node-dev-hook-8359135550360708.js:69:33)
    at Module._extensions..js (node:internal/modules/cjs/loader:1159:10)
    at require.extensions..jsx.require.extensions..js (/tmp/ts-node-dev-hook-8359135550360708.js:114:20)
    at require.extensions.<computed> (/tmp/ts-node-dev-hook-8359135550360708.js:71:20)
    at Object.nodeDevHook [as .ts] (/home/rabindranath/Documents/Backend/node-api-ts-express-opp/node_modules/ts-node-dev/lib/hook.js:63:13)
    at Module.load (node:internal/modules/cjs/loader:981:32)
    at Function.Module._load (node:internal/modules/cjs/loader:822:12)
2022-10-25 23:44:44 error: uncaughtException: Request failed with status code 404
AxiosError: Request failed with status code 404
    at settle (/home/rabindranath/Documents/Backend/node-api-ts-express-opp/node_modules/axios/lib/core/settle.js:19:12)
    at IncomingMessage.handleStreamEnd (/home/rabindranath/Documents/Backend/node-api-ts-express-opp/node_modules/axios/lib/adapters/http.js:495:11)
    at IncomingMessage.emit (node:events:539:35)
    at endReadableNT (node:internal/streams/readable:1345:12)
    at processTicksAndRejections (node:internal/process/task_queues:83:21)
2022-10-25 23:44:59 error: uncaughtException: ⨯ Unable to compile TypeScript:
src/services/post.service.ts(11,31): error TS1064: The return type of an async function or method must be the global Promise<T> type. Did you mean to write 'Promise<any>'?

Error: ⨯ Unable to compile TypeScript:
src/services/post.service.ts(11,31): error TS1064: The return type of an async function or method must be the global Promise<T> type. Did you mean to write 'Promise<any>'?

    at Object.<anonymous> (/home/rabindranath/Documents/Backend/node-api-ts-express-opp/src/services/post.service.ts:1:7)
    at Module._compile (node:internal/modules/cjs/loader:1105:14)
    at Module._compile (/home/rabindranath/Documents/Backend/node-api-ts-express-opp/node_modules/source-map-support/source-map-support.js:568:25)
    at Module.m._compile (/tmp/ts-node-dev-hook-6973673650674155.js:69:33)
    at Module._extensions..js (node:internal/modules/cjs/loader:1159:10)
    at require.extensions..jsx.require.extensions..js (/tmp/ts-node-dev-hook-6973673650674155.js:114:20)
    at require.extensions.<computed> (/tmp/ts-node-dev-hook-6973673650674155.js:71:20)
    at Object.nodeDevHook [as .ts] (/home/rabindranath/Documents/Backend/node-api-ts-express-opp/node_modules/ts-node-dev/lib/hook.js:63:13)
    at Module.load (node:internal/modules/cjs/loader:981:32)
    at Function.Module._load (node:internal/modules/cjs/loader:822:12)
2022-10-25 23:45:03 error: uncaughtException: ⨯ Unable to compile TypeScript:
src/services/post.service.ts(11,31): error TS1064: The return type of an async function or method must be the global Promise<T> type. Did you mean to write 'Promise<any>'?

Error: ⨯ Unable to compile TypeScript:
src/services/post.service.ts(11,31): error TS1064: The return type of an async function or method must be the global Promise<T> type. Did you mean to write 'Promise<any>'?

    at Object.<anonymous> (/home/rabindranath/Documents/Backend/node-api-ts-express-opp/src/services/post.service.ts:1:7)
    at Module._compile (node:internal/modules/cjs/loader:1105:14)
    at Module._compile (/home/rabindranath/Documents/Backend/node-api-ts-express-opp/node_modules/source-map-support/source-map-support.js:568:25)
    at Module.m._compile (/tmp/ts-node-dev-hook-6973673650674155.js:69:33)
    at Module._extensions..js (node:internal/modules/cjs/loader:1159:10)
    at require.extensions..jsx.require.extensions..js (/tmp/ts-node-dev-hook-6973673650674155.js:114:20)
    at require.extensions.<computed> (/tmp/ts-node-dev-hook-6973673650674155.js:71:20)
    at Object.nodeDevHook [as .ts] (/home/rabindranath/Documents/Backend/node-api-ts-express-opp/node_modules/ts-node-dev/lib/hook.js:63:13)
    at Module.load (node:internal/modules/cjs/loader:981:32)
    at Function.Module._load (node:internal/modules/cjs/loader:822:12)
2022-10-25 23:45:14 error: uncaughtException: ⨯ Unable to compile TypeScript:
src/services/post.service.ts(11,31): error TS2304: Cannot find name 'P'.
src/services/post.service.ts(11,37): error TS1005: ']' expected.

Error: ⨯ Unable to compile TypeScript:
src/services/post.service.ts(11,31): error TS2304: Cannot find name 'P'.
src/services/post.service.ts(11,37): error TS1005: ']' expected.

    at Object.<anonymous> (/home/rabindranath/Documents/Backend/node-api-ts-express-opp/src/services/post.service.ts:1:7)
    at Module._compile (node:internal/modules/cjs/loader:1105:14)
    at Module._compile (/home/rabindranath/Documents/Backend/node-api-ts-express-opp/node_modules/source-map-support/source-map-support.js:568:25)
    at Module.m._compile (/tmp/ts-node-dev-hook-6973673650674155.js:69:33)
    at Module._extensions..js (node:internal/modules/cjs/loader:1159:10)
    at require.extensions..jsx.require.extensions..js (/tmp/ts-node-dev-hook-6973673650674155.js:114:20)
    at require.extensions.<computed> (/tmp/ts-node-dev-hook-6973673650674155.js:71:20)
    at Object.nodeDevHook [as .ts] (/home/rabindranath/Documents/Backend/node-api-ts-express-opp/node_modules/ts-node-dev/lib/hook.js:63:13)
    at Module.load (node:internal/modules/cjs/loader:981:32)
    at Function.Module._load (node:internal/modules/cjs/loader:822:12)
2022-10-25 23:45:17 error: uncaughtException: ⨯ Unable to compile TypeScript:
src/services/post.service.ts(11,43): error TS1005: '>' expected.

Error: ⨯ Unable to compile TypeScript:
src/services/post.service.ts(11,43): error TS1005: '>' expected.

    at Object.<anonymous> (/home/rabindranath/Documents/Backend/node-api-ts-express-opp/src/services/post.service.ts:1:7)
    at Module._compile (node:internal/modules/cjs/loader:1105:14)
    at Module._compile (/home/rabindranath/Documents/Backend/node-api-ts-express-opp/node_modules/source-map-support/source-map-support.js:568:25)
    at Module.m._compile (/tmp/ts-node-dev-hook-6973673650674155.js:69:33)
    at Module._extensions..js (node:internal/modules/cjs/loader:1159:10)
    at require.extensions..jsx.require.extensions..js (/tmp/ts-node-dev-hook-6973673650674155.js:114:20)
    at require.extensions.<computed> (/tmp/ts-node-dev-hook-6973673650674155.js:71:20)
    at Object.nodeDevHook [as .ts] (/home/rabindranath/Documents/Backend/node-api-ts-express-opp/node_modules/ts-node-dev/lib/hook.js:63:13)
    at Module.load (node:internal/modules/cjs/loader:981:32)
    at Function.Module._load (node:internal/modules/cjs/loader:822:12)
2022-10-25 23:45:34 error: uncaughtException: Request failed with status code 404
AxiosError: Request failed with status code 404
    at settle (/home/rabindranath/Documents/Backend/node-api-ts-express-opp/node_modules/axios/lib/core/settle.js:19:12)
    at IncomingMessage.handleStreamEnd (/home/rabindranath/Documents/Backend/node-api-ts-express-opp/node_modules/axios/lib/adapters/http.js:495:11)
    at IncomingMessage.emit (node:events:539:35)
    at endReadableNT (node:internal/streams/readable:1345:12)
    at processTicksAndRejections (node:internal/process/task_queues:83:21)
2022-10-25 23:45:45 error: uncaughtException: ⨯ Unable to compile TypeScript:
src/services/post.service.ts(13,102): error TS2663: Cannot find name 'urlExternalApi'. Did you mean the instance member 'this.urlExternalApi'?

Error: ⨯ Unable to compile TypeScript:
src/services/post.service.ts(13,102): error TS2663: Cannot find name 'urlExternalApi'. Did you mean the instance member 'this.urlExternalApi'?

    at Object.<anonymous> (/home/rabindranath/Documents/Backend/node-api-ts-express-opp/src/services/post.service.ts:1:7)
    at Module._compile (node:internal/modules/cjs/loader:1105:14)
    at Module._compile (/home/rabindranath/Documents/Backend/node-api-ts-express-opp/node_modules/source-map-support/source-map-support.js:568:25)
    at Module.m._compile (/tmp/ts-node-dev-hook-6973673650674155.js:69:33)
    at Module._extensions..js (node:internal/modules/cjs/loader:1159:10)
    at require.extensions..jsx.require.extensions..js (/tmp/ts-node-dev-hook-6973673650674155.js:114:20)
    at require.extensions.<computed> (/tmp/ts-node-dev-hook-6973673650674155.js:71:20)
    at Object.nodeDevHook [as .ts] (/home/rabindranath/Documents/Backend/node-api-ts-express-opp/node_modules/ts-node-dev/lib/hook.js:63:13)
    at Module.load (node:internal/modules/cjs/loader:981:32)
    at Function.Module._load (node:internal/modules/cjs/loader:822:12)
2022-10-25 23:45:55 error: uncaughtException: Request failed with status code 404
AxiosError: Request failed with status code 404
    at settle (/home/rabindranath/Documents/Backend/node-api-ts-express-opp/node_modules/axios/lib/core/settle.js:19:12)
    at IncomingMessage.handleStreamEnd (/home/rabindranath/Documents/Backend/node-api-ts-express-opp/node_modules/axios/lib/adapters/http.js:495:11)
    at IncomingMessage.emit (node:events:539:35)
    at endReadableNT (node:internal/streams/readable:1345:12)
    at processTicksAndRejections (node:internal/process/task_queues:83:21)
2022-10-25 23:46:04 error: uncaughtException: ⨯ Unable to compile TypeScript:
src/services/post.service.ts(1,1): error TS6133: 'axios' is declared but its value is never read.
src/services/post.service.ts(3,1): error TS6133: 'Post' is declared but its value is never read.
src/services/post.service.ts(14,92): error TS2304: Cannot find name 'resp'.

Error: ⨯ Unable to compile TypeScript:
src/services/post.service.ts(1,1): error TS6133: 'axios' is declared but its value is never read.
src/services/post.service.ts(3,1): error TS6133: 'Post' is declared but its value is never read.
src/services/post.service.ts(14,92): error TS2304: Cannot find name 'resp'.

    at Object.<anonymous> (/home/rabindranath/Documents/Backend/node-api-ts-express-opp/src/services/post.service.ts:1:7)
    at Module._compile (node:internal/modules/cjs/loader:1105:14)
    at Module._compile (/home/rabindranath/Documents/Backend/node-api-ts-express-opp/node_modules/source-map-support/source-map-support.js:568:25)
    at Module.m._compile (/tmp/ts-node-dev-hook-6973673650674155.js:69:33)
    at Module._extensions..js (node:internal/modules/cjs/loader:1159:10)
    at require.extensions..jsx.require.extensions..js (/tmp/ts-node-dev-hook-6973673650674155.js:114:20)
    at require.extensions.<computed> (/tmp/ts-node-dev-hook-6973673650674155.js:71:20)
    at Object.nodeDevHook [as .ts] (/home/rabindranath/Documents/Backend/node-api-ts-express-opp/node_modules/ts-node-dev/lib/hook.js:63:13)
    at Module.load (node:internal/modules/cjs/loader:981:32)
    at Function.Module._load (node:internal/modules/cjs/loader:822:12)
2022-10-25 23:46:07 error: uncaughtException: ⨯ Unable to compile TypeScript:
src/services/post.service.ts(1,1): error TS6133: 'axios' is declared but its value is never read.
src/services/post.service.ts(3,1): error TS6133: 'Post' is declared but its value is never read.

Error: ⨯ Unable to compile TypeScript:
src/services/post.service.ts(1,1): error TS6133: 'axios' is declared but its value is never read.
src/services/post.service.ts(3,1): error TS6133: 'Post' is declared but its value is never read.

    at Object.<anonymous> (/home/rabindranath/Documents/Backend/node-api-ts-express-opp/src/services/post.service.ts:1:7)
    at Module._compile (node:internal/modules/cjs/loader:1105:14)
    at Module._compile (/home/rabindranath/Documents/Backend/node-api-ts-express-opp/node_modules/source-map-support/source-map-support.js:568:25)
    at Module.m._compile (/tmp/ts-node-dev-hook-6973673650674155.js:69:33)
    at Module._extensions..js (node:internal/modules/cjs/loader:1159:10)
    at require.extensions..jsx.require.extensions..js (/tmp/ts-node-dev-hook-6973673650674155.js:114:20)
    at require.extensions.<computed> (/tmp/ts-node-dev-hook-6973673650674155.js:71:20)
    at Object.nodeDevHook [as .ts] (/home/rabindranath/Documents/Backend/node-api-ts-express-opp/node_modules/ts-node-dev/lib/hook.js:63:13)
    at Module.load (node:internal/modules/cjs/loader:981:32)
    at Function.Module._load (node:internal/modules/cjs/loader:822:12)
2022-10-25 23:46:38 error: uncaughtException: ⨯ Unable to compile TypeScript:
src/services/post.service.ts(3,1): error TS6133: 'Post' is declared but its value is never read.

Error: ⨯ Unable to compile TypeScript:
src/services/post.service.ts(3,1): error TS6133: 'Post' is declared but its value is never read.

    at Object.<anonymous> (/home/rabindranath/Documents/Backend/node-api-ts-express-opp/src/services/post.service.ts:1:7)
    at Module._compile (node:internal/modules/cjs/loader:1105:14)
    at Module._compile (/home/rabindranath/Documents/Backend/node-api-ts-express-opp/node_modules/source-map-support/source-map-support.js:568:25)
    at Module.m._compile (/tmp/ts-node-dev-hook-6973673650674155.js:69:33)
    at Module._extensions..js (node:internal/modules/cjs/loader:1159:10)
    at require.extensions..jsx.require.extensions..js (/tmp/ts-node-dev-hook-6973673650674155.js:114:20)
    at require.extensions.<computed> (/tmp/ts-node-dev-hook-6973673650674155.js:71:20)
    at Object.nodeDevHook [as .ts] (/home/rabindranath/Documents/Backend/node-api-ts-express-opp/node_modules/ts-node-dev/lib/hook.js:63:13)
    at Module.load (node:internal/modules/cjs/loader:981:32)
    at Function.Module._load (node:internal/modules/cjs/loader:822:12)
2022-10-25 23:46:42 error: uncaughtException: ⨯ Unable to compile TypeScript:
src/services/post.service.ts(1,1): error TS6133: 'axios' is declared but its value is never read.
src/services/post.service.ts(3,1): error TS6133: 'Post' is declared but its value is never read.

Error: ⨯ Unable to compile TypeScript:
src/services/post.service.ts(1,1): error TS6133: 'axios' is declared but its value is never read.
src/services/post.service.ts(3,1): error TS6133: 'Post' is declared but its value is never read.

    at Object.<anonymous> (/home/rabindranath/Documents/Backend/node-api-ts-express-opp/src/services/post.service.ts:1:7)
    at Module._compile (node:internal/modules/cjs/loader:1105:14)
    at Module._compile (/home/rabindranath/Documents/Backend/node-api-ts-express-opp/node_modules/source-map-support/source-map-support.js:568:25)
    at Module.m._compile (/tmp/ts-node-dev-hook-6973673650674155.js:69:33)
    at Module._extensions..js (node:internal/modules/cjs/loader:1159:10)
    at require.extensions..jsx.require.extensions..js (/tmp/ts-node-dev-hook-6973673650674155.js:114:20)
    at require.extensions.<computed> (/tmp/ts-node-dev-hook-6973673650674155.js:71:20)
    at Object.nodeDevHook [as .ts] (/home/rabindranath/Documents/Backend/node-api-ts-express-opp/node_modules/ts-node-dev/lib/hook.js:63:13)
    at Module.load (node:internal/modules/cjs/loader:981:32)
    at Function.Module._load (node:internal/modules/cjs/loader:822:12)
2022-10-25 23:47:19 error: uncaughtException: ⨯ Unable to compile TypeScript:
src/services/post.service.ts(12,17): error TS2304: Cannot find name 'AxiosResponse'.

Error: ⨯ Unable to compile TypeScript:
src/services/post.service.ts(12,17): error TS2304: Cannot find name 'AxiosResponse'.

    at Object.<anonymous> (/home/rabindranath/Documents/Backend/node-api-ts-express-opp/src/services/post.service.ts:1:7)
    at Module._compile (node:internal/modules/cjs/loader:1105:14)
    at Module._compile (/home/rabindranath/Documents/Backend/node-api-ts-express-opp/node_modules/source-map-support/source-map-support.js:568:25)
    at Module.m._compile (/tmp/ts-node-dev-hook-6973673650674155.js:69:33)
    at Module._extensions..js (node:internal/modules/cjs/loader:1159:10)
    at require.extensions..jsx.require.extensions..js (/tmp/ts-node-dev-hook-6973673650674155.js:114:20)
    at require.extensions.<computed> (/tmp/ts-node-dev-hook-6973673650674155.js:71:20)
    at Object.nodeDevHook [as .ts] (/home/rabindranath/Documents/Backend/node-api-ts-express-opp/node_modules/ts-node-dev/lib/hook.js:63:13)
    at Module.load (node:internal/modules/cjs/loader:981:32)
    at Function.Module._load (node:internal/modules/cjs/loader:822:12)
2022-10-25 23:47:47 error: uncaughtException: ⨯ Unable to compile TypeScript:
src/services/post.service.ts(14,5): error TS7005: Variable 'console' implicitly has an 'any' type.
src/services/post.service.ts(14,13): error TS7005: Variable 'log' implicitly has an 'any' type.
src/services/post.service.ts(14,17): error TS2695: Left side of comma operator is unused and has no side effects.
src/services/post.service.ts(14,12): error TS1005: ',' expected.
src/services/post.service.ts(14,16): error TS1005: ',' expected.

Error: ⨯ Unable to compile TypeScript:
src/services/post.service.ts(14,5): error TS7005: Variable 'console' implicitly has an 'any' type.
src/services/post.service.ts(14,13): error TS7005: Variable 'log' implicitly has an 'any' type.
src/services/post.service.ts(14,17): error TS2695: Left side of comma operator is unused and has no side effects.
src/services/post.service.ts(14,12): error TS1005: ',' expected.
src/services/post.service.ts(14,16): error TS1005: ',' expected.

    at Object.<anonymous> (/home/rabindranath/Documents/Backend/node-api-ts-express-opp/src/services/post.service.ts:1:7)
    at Module._compile (node:internal/modules/cjs/loader:1105:14)
    at Module._compile (/home/rabindranath/Documents/Backend/node-api-ts-express-opp/node_modules/source-map-support/source-map-support.js:568:25)
    at Module.m._compile (/tmp/ts-node-dev-hook-6973673650674155.js:69:33)
    at Module._extensions..js (node:internal/modules/cjs/loader:1159:10)
    at require.extensions..jsx.require.extensions..js (/tmp/ts-node-dev-hook-6973673650674155.js:114:20)
    at require.extensions.<computed> (/tmp/ts-node-dev-hook-6973673650674155.js:71:20)
    at Object.nodeDevHook [as .ts] (/home/rabindranath/Documents/Backend/node-api-ts-express-opp/node_modules/ts-node-dev/lib/hook.js:63:13)
    at Module.load (node:internal/modules/cjs/loader:981:32)
    at Function.Module._load (node:internal/modules/cjs/loader:822:12)
2022-10-25 23:47:51 error: uncaughtException: ⨯ Unable to compile TypeScript:
src/services/post.service.ts(14,5): error TS2749: 'console.log' refers to a value, but is being used as a type here. Did you mean 'typeof console.log'?
src/services/post.service.ts(14,17): error TS2695: Left side of comma operator is unused and has no side effects.
src/services/post.service.ts(14,16): error TS1005: ',' expected.

Error: ⨯ Unable to compile TypeScript:
src/services/post.service.ts(14,5): error TS2749: 'console.log' refers to a value, but is being used as a type here. Did you mean 'typeof console.log'?
src/services/post.service.ts(14,17): error TS2695: Left side of comma operator is unused and has no side effects.
src/services/post.service.ts(14,16): error TS1005: ',' expected.

    at Object.<anonymous> (/home/rabindranath/Documents/Backend/node-api-ts-express-opp/src/services/post.service.ts:1:7)
    at Module._compile (node:internal/modules/cjs/loader:1105:14)
    at Module._compile (/home/rabindranath/Documents/Backend/node-api-ts-express-opp/node_modules/source-map-support/source-map-support.js:568:25)
    at Module.m._compile (/tmp/ts-node-dev-hook-6973673650674155.js:69:33)
    at Module._extensions..js (node:internal/modules/cjs/loader:1159:10)
    at require.extensions..jsx.require.extensions..js (/tmp/ts-node-dev-hook-6973673650674155.js:114:20)
    at require.extensions.<computed> (/tmp/ts-node-dev-hook-6973673650674155.js:71:20)
    at Object.nodeDevHook [as .ts] (/home/rabindranath/Documents/Backend/node-api-ts-express-opp/node_modules/ts-node-dev/lib/hook.js:63:13)
    at Module.load (node:internal/modules/cjs/loader:981:32)
    at Function.Module._load (node:internal/modules/cjs/loader:822:12)
2022-10-25 23:47:55 error: uncaughtException: ⨯ Unable to compile TypeScript:
src/services/post.service.ts(13,11): error TS1155: 'const' declarations must be initialized.
src/services/post.service.ts(13,11): error TS6133: 'post' is declared but its value is never read.

Error: ⨯ Unable to compile TypeScript:
src/services/post.service.ts(13,11): error TS1155: 'const' declarations must be initialized.
src/services/post.service.ts(13,11): error TS6133: 'post' is declared but its value is never read.

    at Object.<anonymous> (/home/rabindranath/Documents/Backend/node-api-ts-express-opp/src/services/post.service.ts:1:7)
    at Module._compile (node:internal/modules/cjs/loader:1105:14)
    at Module._compile (/home/rabindranath/Documents/Backend/node-api-ts-express-opp/node_modules/source-map-support/source-map-support.js:568:25)
    at Module.m._compile (/tmp/ts-node-dev-hook-6973673650674155.js:69:33)
    at Module._extensions..js (node:internal/modules/cjs/loader:1159:10)
    at require.extensions..jsx.require.extensions..js (/tmp/ts-node-dev-hook-6973673650674155.js:114:20)
    at require.extensions.<computed> (/tmp/ts-node-dev-hook-6973673650674155.js:71:20)
    at Object.nodeDevHook [as .ts] (/home/rabindranath/Documents/Backend/node-api-ts-express-opp/node_modules/ts-node-dev/lib/hook.js:63:13)
    at Module.load (node:internal/modules/cjs/loader:981:32)
    at Function.Module._load (node:internal/modules/cjs/loader:822:12)
2022-10-25 23:48:05 error: uncaughtException: ⨯ Unable to compile TypeScript:
src/services/post.service.ts(13,11): error TS6133: 'post' is declared but its value is never read.

Error: ⨯ Unable to compile TypeScript:
src/services/post.service.ts(13,11): error TS6133: 'post' is declared but its value is never read.

    at Object.<anonymous> (/home/rabindranath/Documents/Backend/node-api-ts-express-opp/src/services/post.service.ts:1:7)
    at Module._compile (node:internal/modules/cjs/loader:1105:14)
    at Module._compile (/home/rabindranath/Documents/Backend/node-api-ts-express-opp/node_modules/source-map-support/source-map-support.js:568:25)
    at Module.m._compile (/tmp/ts-node-dev-hook-6973673650674155.js:69:33)
    at Module._extensions..js (node:internal/modules/cjs/loader:1159:10)
    at require.extensions..jsx.require.extensions..js (/tmp/ts-node-dev-hook-6973673650674155.js:114:20)
    at require.extensions.<computed> (/tmp/ts-node-dev-hook-6973673650674155.js:71:20)
    at Object.nodeDevHook [as .ts] (/home/rabindranath/Documents/Backend/node-api-ts-express-opp/node_modules/ts-node-dev/lib/hook.js:63:13)
    at Module.load (node:internal/modules/cjs/loader:981:32)
    at Function.Module._load (node:internal/modules/cjs/loader:822:12)
2022-10-25 23:48:34 error: uncaughtException: ⨯ Unable to compile TypeScript:
src/services/post.service.ts(13,11): error TS6133: 'posts' is declared but its value is never read.
src/services/post.service.ts(14,92): error TS2552: Cannot find name 'post'. Did you mean 'posts'?
src/services/post.service.ts(15,12): error TS2552: Cannot find name 'post'. Did you mean 'posts'?

Error: ⨯ Unable to compile TypeScript:
src/services/post.service.ts(13,11): error TS6133: 'posts' is declared but its value is never read.
src/services/post.service.ts(14,92): error TS2552: Cannot find name 'post'. Did you mean 'posts'?
src/services/post.service.ts(15,12): error TS2552: Cannot find name 'post'. Did you mean 'posts'?

    at Object.<anonymous> (/home/rabindranath/Documents/Backend/node-api-ts-express-opp/src/services/post.service.ts:1:7)
    at Module._compile (node:internal/modules/cjs/loader:1105:14)
    at Module._compile (/home/rabindranath/Documents/Backend/node-api-ts-express-opp/node_modules/source-map-support/source-map-support.js:568:25)
    at Module.m._compile (/tmp/ts-node-dev-hook-6973673650674155.js:69:33)
    at Module._extensions..js (node:internal/modules/cjs/loader:1159:10)
    at require.extensions..jsx.require.extensions..js (/tmp/ts-node-dev-hook-6973673650674155.js:114:20)
    at require.extensions.<computed> (/tmp/ts-node-dev-hook-6973673650674155.js:71:20)
    at Object.nodeDevHook [as .ts] (/home/rabindranath/Documents/Backend/node-api-ts-express-opp/node_modules/ts-node-dev/lib/hook.js:63:13)
    at Module.load (node:internal/modules/cjs/loader:981:32)
    at Function.Module._load (node:internal/modules/cjs/loader:822:12)
2022-10-25 23:48:38 error: uncaughtException: ⨯ Unable to compile TypeScript:
src/services/post.service.ts(14,92): error TS2552: Cannot find name 'post'. Did you mean 'posts'?

Error: ⨯ Unable to compile TypeScript:
src/services/post.service.ts(14,92): error TS2552: Cannot find name 'post'. Did you mean 'posts'?

    at Object.<anonymous> (/home/rabindranath/Documents/Backend/node-api-ts-express-opp/src/services/post.service.ts:1:7)
    at Module._compile (node:internal/modules/cjs/loader:1105:14)
    at Module._compile (/home/rabindranath/Documents/Backend/node-api-ts-express-opp/node_modules/source-map-support/source-map-support.js:568:25)
    at Module.m._compile (/tmp/ts-node-dev-hook-6973673650674155.js:69:33)
    at Module._extensions..js (node:internal/modules/cjs/loader:1159:10)
    at require.extensions..jsx.require.extensions..js (/tmp/ts-node-dev-hook-6973673650674155.js:114:20)
    at require.extensions.<computed> (/tmp/ts-node-dev-hook-6973673650674155.js:71:20)
    at Object.nodeDevHook [as .ts] (/home/rabindranath/Documents/Backend/node-api-ts-express-opp/node_modules/ts-node-dev/lib/hook.js:63:13)
    at Module.load (node:internal/modules/cjs/loader:981:32)
    at Function.Module._load (node:internal/modules/cjs/loader:822:12)
2022-10-25 23:49:28 error: uncaughtException: ⨯ Unable to compile TypeScript:
src/services/post.service.ts(14,17): error TS2552: Cannot find name 'object'. Did you mean 'Object'?

Error: ⨯ Unable to compile TypeScript:
src/services/post.service.ts(14,17): error TS2552: Cannot find name 'object'. Did you mean 'Object'?

    at Object.<anonymous> (/home/rabindranath/Documents/Backend/node-api-ts-express-opp/src/services/post.service.ts:1:7)
    at Module._compile (node:internal/modules/cjs/loader:1105:14)
    at Module._compile (/home/rabindranath/Documents/Backend/node-api-ts-express-opp/node_modules/source-map-support/source-map-support.js:568:25)
    at Module.m._compile (/tmp/ts-node-dev-hook-6973673650674155.js:69:33)
    at Module._extensions..js (node:internal/modules/cjs/loader:1159:10)
    at require.extensions..jsx.require.extensions..js (/tmp/ts-node-dev-hook-6973673650674155.js:114:20)
    at require.extensions.<computed> (/tmp/ts-node-dev-hook-6973673650674155.js:71:20)
    at Object.nodeDevHook [as .ts] (/home/rabindranath/Documents/Backend/node-api-ts-express-opp/node_modules/ts-node-dev/lib/hook.js:63:13)
    at Module.load (node:internal/modules/cjs/loader:981:32)
    at Function.Module._load (node:internal/modules/cjs/loader:822:12)
2022-10-25 23:49:31 error: uncaughtException: ⨯ Unable to compile TypeScript:
src/services/post.service.ts(14,17): error TS2552: Cannot find name 'object'. Did you mean 'Object'?

Error: ⨯ Unable to compile TypeScript:
src/services/post.service.ts(14,17): error TS2552: Cannot find name 'object'. Did you mean 'Object'?

    at Object.<anonymous> (/home/rabindranath/Documents/Backend/node-api-ts-express-opp/src/services/post.service.ts:1:7)
    at Module._compile (node:internal/modules/cjs/loader:1105:14)
    at Module._compile (/home/rabindranath/Documents/Backend/node-api-ts-express-opp/node_modules/source-map-support/source-map-support.js:568:25)
    at Module.m._compile (/tmp/ts-node-dev-hook-6973673650674155.js:69:33)
    at Module._extensions..js (node:internal/modules/cjs/loader:1159:10)
    at require.extensions..jsx.require.extensions..js (/tmp/ts-node-dev-hook-6973673650674155.js:114:20)
    at require.extensions.<computed> (/tmp/ts-node-dev-hook-6973673650674155.js:71:20)
    at Object.nodeDevHook [as .ts] (/home/rabindranath/Documents/Backend/node-api-ts-express-opp/node_modules/ts-node-dev/lib/hook.js:63:13)
    at Module.load (node:internal/modules/cjs/loader:981:32)
    at Function.Module._load (node:internal/modules/cjs/loader:822:12)
2022-10-25 23:49:49 error: uncaughtException: ⨯ Unable to compile TypeScript:
src/controllers/post.controller.ts(9,10): error TS1042: 'async' modifier cannot be used here.

Error: ⨯ Unable to compile TypeScript:
src/controllers/post.controller.ts(9,10): error TS1042: 'async' modifier cannot be used here.

    at Object.<anonymous> (/home/rabindranath/Documents/Backend/node-api-ts-express-opp/src/controllers/post.controller.ts:1:7)
    at Module._compile (node:internal/modules/cjs/loader:1105:14)
    at Module._compile (/home/rabindranath/Documents/Backend/node-api-ts-express-opp/node_modules/source-map-support/source-map-support.js:568:25)
    at Module.m._compile (/tmp/ts-node-dev-hook-6973673650674155.js:69:33)
    at Module._extensions..js (node:internal/modules/cjs/loader:1159:10)
    at require.extensions..jsx.require.extensions..js (/tmp/ts-node-dev-hook-6973673650674155.js:114:20)
    at require.extensions.<computed> (/tmp/ts-node-dev-hook-6973673650674155.js:71:20)
    at Object.nodeDevHook [as .ts] (/home/rabindranath/Documents/Backend/node-api-ts-express-opp/node_modules/ts-node-dev/lib/hook.js:63:13)
    at Module.load (node:internal/modules/cjs/loader:981:32)
    at Function.Module._load (node:internal/modules/cjs/loader:822:12)
2022-10-25 23:49:52 error: uncaughtException: ⨯ Unable to compile TypeScript:
src/controllers/post.controller.ts(10,18): error TS2304: Cannot find name 'awit'.
src/controllers/post.controller.ts(10,23): error TS1005: ',' expected.

Error: ⨯ Unable to compile TypeScript:
src/controllers/post.controller.ts(10,18): error TS2304: Cannot find name 'awit'.
src/controllers/post.controller.ts(10,23): error TS1005: ',' expected.

    at Object.<anonymous> (/home/rabindranath/Documents/Backend/node-api-ts-express-opp/src/controllers/post.controller.ts:1:7)
    at Module._compile (node:internal/modules/cjs/loader:1105:14)
    at Module._compile (/home/rabindranath/Documents/Backend/node-api-ts-express-opp/node_modules/source-map-support/source-map-support.js:568:25)
    at Module.m._compile (/tmp/ts-node-dev-hook-6973673650674155.js:69:33)
    at Module._extensions..js (node:internal/modules/cjs/loader:1159:10)
    at require.extensions..jsx.require.extensions..js (/tmp/ts-node-dev-hook-6973673650674155.js:114:20)
    at require.extensions.<computed> (/tmp/ts-node-dev-hook-6973673650674155.js:71:20)
    at Object.nodeDevHook [as .ts] (/home/rabindranath/Documents/Backend/node-api-ts-express-opp/node_modules/ts-node-dev/lib/hook.js:63:13)
    at Module.load (node:internal/modules/cjs/loader:981:32)
    at Function.Module._load (node:internal/modules/cjs/loader:822:12)
2022-10-25 23:50:06 error: uncaughtException: ⨯ Unable to compile TypeScript:
src/controllers/post.controller.ts(9,10): error TS1042: 'async' modifier cannot be used here.

Error: ⨯ Unable to compile TypeScript:
src/controllers/post.controller.ts(9,10): error TS1042: 'async' modifier cannot be used here.

    at Object.<anonymous> (/home/rabindranath/Documents/Backend/node-api-ts-express-opp/src/controllers/post.controller.ts:1:7)
    at Module._compile (node:internal/modules/cjs/loader:1105:14)
    at Module._compile (/home/rabindranath/Documents/Backend/node-api-ts-express-opp/node_modules/source-map-support/source-map-support.js:568:25)
    at Module.m._compile (/tmp/ts-node-dev-hook-6973673650674155.js:69:33)
    at Module._extensions..js (node:internal/modules/cjs/loader:1159:10)
    at require.extensions..jsx.require.extensions..js (/tmp/ts-node-dev-hook-6973673650674155.js:114:20)
    at require.extensions.<computed> (/tmp/ts-node-dev-hook-6973673650674155.js:71:20)
    at Object.nodeDevHook [as .ts] (/home/rabindranath/Documents/Backend/node-api-ts-express-opp/node_modules/ts-node-dev/lib/hook.js:63:13)
    at Module.load (node:internal/modules/cjs/loader:981:32)
    at Function.Module._load (node:internal/modules/cjs/loader:822:12)
2022-10-25 23:51:23 error: uncaughtException: ⨯ Unable to compile TypeScript:
src/services/post.service.ts(13,11): error TS6133: 'posts' is declared but its value is never read.

Error: ⨯ Unable to compile TypeScript:
src/services/post.service.ts(13,11): error TS6133: 'posts' is declared but its value is never read.

    at Object.<anonymous> (/home/rabindranath/Documents/Backend/node-api-ts-express-opp/src/services/post.service.ts:1:7)
    at Module._compile (node:internal/modules/cjs/loader:1105:14)
    at Module._compile (/home/rabindranath/Documents/Backend/node-api-ts-express-opp/node_modules/source-map-support/source-map-support.js:568:25)
    at Module.m._compile (/tmp/ts-node-dev-hook-15422647908543352.js:69:33)
    at Module._extensions..js (node:internal/modules/cjs/loader:1159:10)
    at require.extensions..jsx.require.extensions..js (/tmp/ts-node-dev-hook-15422647908543352.js:114:20)
    at require.extensions.<computed> (/tmp/ts-node-dev-hook-15422647908543352.js:71:20)
    at Object.nodeDevHook [as .ts] (/home/rabindranath/Documents/Backend/node-api-ts-express-opp/node_modules/ts-node-dev/lib/hook.js:63:13)
    at Module.load (node:internal/modules/cjs/loader:981:32)
    at Function.Module._load (node:internal/modules/cjs/loader:822:12)
2022-10-25 23:51:29 error: uncaughtException: ⨯ Unable to compile TypeScript:
src/services/post.service.ts(13,11): error TS6133: 'posts' is declared but its value is never read.

Error: ⨯ Unable to compile TypeScript:
src/services/post.service.ts(13,11): error TS6133: 'posts' is declared but its value is never read.

    at Object.<anonymous> (/home/rabindranath/Documents/Backend/node-api-ts-express-opp/src/services/post.service.ts:1:7)
    at Module._compile (node:internal/modules/cjs/loader:1105:14)
    at Module._compile (/home/rabindranath/Documents/Backend/node-api-ts-express-opp/node_modules/source-map-support/source-map-support.js:568:25)
    at Module.m._compile (/tmp/ts-node-dev-hook-15422647908543352.js:69:33)
    at Module._extensions..js (node:internal/modules/cjs/loader:1159:10)
    at require.extensions..jsx.require.extensions..js (/tmp/ts-node-dev-hook-15422647908543352.js:114:20)
    at require.extensions.<computed> (/tmp/ts-node-dev-hook-15422647908543352.js:71:20)
    at Object.nodeDevHook [as .ts] (/home/rabindranath/Documents/Backend/node-api-ts-express-opp/node_modules/ts-node-dev/lib/hook.js:63:13)
    at Module.load (node:internal/modules/cjs/loader:981:32)
    at Function.Module._load (node:internal/modules/cjs/loader:822:12)
2022-10-25 23:51:32 error: uncaughtException: ⨯ Unable to compile TypeScript:
src/services/post.service.ts(13,11): error TS6133: 'posts' is declared but its value is never read.

Error: ⨯ Unable to compile TypeScript:
src/services/post.service.ts(13,11): error TS6133: 'posts' is declared but its value is never read.

    at Object.<anonymous> (/home/rabindranath/Documents/Backend/node-api-ts-express-opp/src/services/post.service.ts:1:7)
    at Module._compile (node:internal/modules/cjs/loader:1105:14)
    at Module._compile (/home/rabindranath/Documents/Backend/node-api-ts-express-opp/node_modules/source-map-support/source-map-support.js:568:25)
    at Module.m._compile (/tmp/ts-node-dev-hook-15422647908543352.js:69:33)
    at Module._extensions..js (node:internal/modules/cjs/loader:1159:10)
    at require.extensions..jsx.require.extensions..js (/tmp/ts-node-dev-hook-15422647908543352.js:114:20)
    at require.extensions.<computed> (/tmp/ts-node-dev-hook-15422647908543352.js:71:20)
    at Object.nodeDevHook [as .ts] (/home/rabindranath/Documents/Backend/node-api-ts-express-opp/node_modules/ts-node-dev/lib/hook.js:63:13)
    at Module.load (node:internal/modules/cjs/loader:981:32)
    at Function.Module._load (node:internal/modules/cjs/loader:822:12)
2022-10-25 23:52:01 error: uncaughtException: ⨯ Unable to compile TypeScript:
src/services/post.service.ts(11,31): error TS2314: Generic type 'Promise<T>' requires 1 type argument(s).
src/services/post.service.ts(11,38): error TS1099: Type argument list cannot be empty.

Error: ⨯ Unable to compile TypeScript:
src/services/post.service.ts(11,31): error TS2314: Generic type 'Promise<T>' requires 1 type argument(s).
src/services/post.service.ts(11,38): error TS1099: Type argument list cannot be empty.

    at Object.<anonymous> (/home/rabindranath/Documents/Backend/node-api-ts-express-opp/src/services/post.service.ts:1:7)
    at Module._compile (node:internal/modules/cjs/loader:1105:14)
    at Module._compile (/home/rabindranath/Documents/Backend/node-api-ts-express-opp/node_modules/source-map-support/source-map-support.js:568:25)
    at Module.m._compile (/tmp/ts-node-dev-hook-6936321004803097.js:69:33)
    at Module._extensions..js (node:internal/modules/cjs/loader:1159:10)
    at require.extensions..jsx.require.extensions..js (/tmp/ts-node-dev-hook-6936321004803097.js:114:20)
    at require.extensions.<computed> (/tmp/ts-node-dev-hook-6936321004803097.js:71:20)
    at Object.nodeDevHook [as .ts] (/home/rabindranath/Documents/Backend/node-api-ts-express-opp/node_modules/ts-node-dev/lib/hook.js:63:13)
    at Module.load (node:internal/modules/cjs/loader:981:32)
    at Function.Module._load (node:internal/modules/cjs/loader:822:12)
2022-10-25 23:52:08 error: uncaughtException: ⨯ Unable to compile TypeScript:
src/services/post.service.ts(16,5): error TS2322: Type 'string' is not assignable to type 'Post[]'.

Error: ⨯ Unable to compile TypeScript:
src/services/post.service.ts(16,5): error TS2322: Type 'string' is not assignable to type 'Post[]'.

    at Object.<anonymous> (/home/rabindranath/Documents/Backend/node-api-ts-express-opp/src/services/post.service.ts:1:7)
    at Module._compile (node:internal/modules/cjs/loader:1105:14)
    at Module._compile (/home/rabindranath/Documents/Backend/node-api-ts-express-opp/node_modules/source-map-support/source-map-support.js:568:25)
    at Module.m._compile (/tmp/ts-node-dev-hook-6936321004803097.js:69:33)
    at Module._extensions..js (node:internal/modules/cjs/loader:1159:10)
    at require.extensions..jsx.require.extensions..js (/tmp/ts-node-dev-hook-6936321004803097.js:114:20)
    at require.extensions.<computed> (/tmp/ts-node-dev-hook-6936321004803097.js:71:20)
    at Object.nodeDevHook [as .ts] (/home/rabindranath/Documents/Backend/node-api-ts-express-opp/node_modules/ts-node-dev/lib/hook.js:63:13)
    at Module.load (node:internal/modules/cjs/loader:981:32)
    at Function.Module._load (node:internal/modules/cjs/loader:822:12)
2022-10-25 23:53:32 error: uncaughtException: ⨯ Unable to compile TypeScript:
src/controllers/post.controller.ts(10,18): error TS1308: 'await' expressions are only allowed within async functions and at the top levels of modules.

Error: ⨯ Unable to compile TypeScript:
src/controllers/post.controller.ts(10,18): error TS1308: 'await' expressions are only allowed within async functions and at the top levels of modules.

    at Object.<anonymous> (/home/rabindranath/Documents/Backend/node-api-ts-express-opp/src/controllers/post.controller.ts:1:7)
    at Module._compile (node:internal/modules/cjs/loader:1105:14)
    at Module._compile (/home/rabindranath/Documents/Backend/node-api-ts-express-opp/node_modules/source-map-support/source-map-support.js:568:25)
    at Module.m._compile (/tmp/ts-node-dev-hook-6936321004803097.js:69:33)
    at Module._extensions..js (node:internal/modules/cjs/loader:1159:10)
    at require.extensions..jsx.require.extensions..js (/tmp/ts-node-dev-hook-6936321004803097.js:114:20)
    at require.extensions.<computed> (/tmp/ts-node-dev-hook-6936321004803097.js:71:20)
    at Object.nodeDevHook [as .ts] (/home/rabindranath/Documents/Backend/node-api-ts-express-opp/node_modules/ts-node-dev/lib/hook.js:63:13)
    at Module.load (node:internal/modules/cjs/loader:981:32)
    at Function.Module._load (node:internal/modules/cjs/loader:822:12)
2022-10-25 23:53:40 error: uncaughtException: ⨯ Unable to compile TypeScript:
src/controllers/post.controller.ts(9,10): error TS1042: 'async' modifier cannot be used here.
src/controllers/post.controller.ts(10,18): error TS1308: 'await' expressions are only allowed within async functions and at the top levels of modules.

Error: ⨯ Unable to compile TypeScript:
src/controllers/post.controller.ts(9,10): error TS1042: 'async' modifier cannot be used here.
src/controllers/post.controller.ts(10,18): error TS1308: 'await' expressions are only allowed within async functions and at the top levels of modules.

    at Object.<anonymous> (/home/rabindranath/Documents/Backend/node-api-ts-express-opp/src/controllers/post.controller.ts:1:7)
    at Module._compile (node:internal/modules/cjs/loader:1105:14)
    at Module._compile (/home/rabindranath/Documents/Backend/node-api-ts-express-opp/node_modules/source-map-support/source-map-support.js:568:25)
    at Module.m._compile (/tmp/ts-node-dev-hook-6936321004803097.js:69:33)
    at Module._extensions..js (node:internal/modules/cjs/loader:1159:10)
    at require.extensions..jsx.require.extensions..js (/tmp/ts-node-dev-hook-6936321004803097.js:114:20)
    at require.extensions.<computed> (/tmp/ts-node-dev-hook-6936321004803097.js:71:20)
    at Object.nodeDevHook [as .ts] (/home/rabindranath/Documents/Backend/node-api-ts-express-opp/node_modules/ts-node-dev/lib/hook.js:63:13)
    at Module.load (node:internal/modules/cjs/loader:981:32)
    at Function.Module._load (node:internal/modules/cjs/loader:822:12)
2022-10-25 23:54:08 error: uncaughtException: ⨯ Unable to compile TypeScript:
src/controllers/post.controller.ts(9,10): error TS1042: 'async' modifier cannot be used here.
src/controllers/post.controller.ts(10,18): error TS1308: 'await' expressions are only allowed within async functions and at the top levels of modules.
src/controllers/post.controller.ts(12,14): error TS1308: 'await' expressions are only allowed within async functions and at the top levels of modules.

Error: ⨯ Unable to compile TypeScript:
src/controllers/post.controller.ts(9,10): error TS1042: 'async' modifier cannot be used here.
src/controllers/post.controller.ts(10,18): error TS1308: 'await' expressions are only allowed within async functions and at the top levels of modules.
src/controllers/post.controller.ts(12,14): error TS1308: 'await' expressions are only allowed within async functions and at the top levels of modules.

    at Object.<anonymous> (/home/rabindranath/Documents/Backend/node-api-ts-express-opp/src/controllers/post.controller.ts:1:7)
    at Module._compile (node:internal/modules/cjs/loader:1105:14)
    at Module._compile (/home/rabindranath/Documents/Backend/node-api-ts-express-opp/node_modules/source-map-support/source-map-support.js:568:25)
    at Module.m._compile (/tmp/ts-node-dev-hook-6936321004803097.js:69:33)
    at Module._extensions..js (node:internal/modules/cjs/loader:1159:10)
    at require.extensions..jsx.require.extensions..js (/tmp/ts-node-dev-hook-6936321004803097.js:114:20)
    at require.extensions.<computed> (/tmp/ts-node-dev-hook-6936321004803097.js:71:20)
    at Object.nodeDevHook [as .ts] (/home/rabindranath/Documents/Backend/node-api-ts-express-opp/node_modules/ts-node-dev/lib/hook.js:63:13)
    at Module.load (node:internal/modules/cjs/loader:981:32)
    at Function.Module._load (node:internal/modules/cjs/loader:822:12)
2022-10-25 23:54:13 error: uncaughtException: ⨯ Unable to compile TypeScript:
src/controllers/post.controller.ts(9,10): error TS1042: 'async' modifier cannot be used here.
src/controllers/post.controller.ts(10,18): error TS1308: 'await' expressions are only allowed within async functions and at the top levels of modules.
src/controllers/post.controller.ts(12,12): error TS1308: 'await' expressions are only allowed within async functions and at the top levels of modules.

Error: ⨯ Unable to compile TypeScript:
src/controllers/post.controller.ts(9,10): error TS1042: 'async' modifier cannot be used here.
src/controllers/post.controller.ts(10,18): error TS1308: 'await' expressions are only allowed within async functions and at the top levels of modules.
src/controllers/post.controller.ts(12,12): error TS1308: 'await' expressions are only allowed within async functions and at the top levels of modules.

    at Object.<anonymous> (/home/rabindranath/Documents/Backend/node-api-ts-express-opp/src/controllers/post.controller.ts:1:7)
    at Module._compile (node:internal/modules/cjs/loader:1105:14)
    at Module._compile (/home/rabindranath/Documents/Backend/node-api-ts-express-opp/node_modules/source-map-support/source-map-support.js:568:25)
    at Module.m._compile (/tmp/ts-node-dev-hook-6936321004803097.js:69:33)
    at Module._extensions..js (node:internal/modules/cjs/loader:1159:10)
    at require.extensions..jsx.require.extensions..js (/tmp/ts-node-dev-hook-6936321004803097.js:114:20)
    at require.extensions.<computed> (/tmp/ts-node-dev-hook-6936321004803097.js:71:20)
    at Object.nodeDevHook [as .ts] (/home/rabindranath/Documents/Backend/node-api-ts-express-opp/node_modules/ts-node-dev/lib/hook.js:63:13)
    at Module.load (node:internal/modules/cjs/loader:981:32)
    at Function.Module._load (node:internal/modules/cjs/loader:822:12)
2022-10-25 23:54:26 error: uncaughtException: ⨯ Unable to compile TypeScript:
src/controllers/post.controller.ts(9,10): error TS1042: 'async' modifier cannot be used here.
src/controllers/post.controller.ts(10,18): error TS1308: 'await' expressions are only allowed within async functions and at the top levels of modules.

Error: ⨯ Unable to compile TypeScript:
src/controllers/post.controller.ts(9,10): error TS1042: 'async' modifier cannot be used here.
src/controllers/post.controller.ts(10,18): error TS1308: 'await' expressions are only allowed within async functions and at the top levels of modules.

    at Object.<anonymous> (/home/rabindranath/Documents/Backend/node-api-ts-express-opp/src/controllers/post.controller.ts:1:7)
    at Module._compile (node:internal/modules/cjs/loader:1105:14)
    at Module._compile (/home/rabindranath/Documents/Backend/node-api-ts-express-opp/node_modules/source-map-support/source-map-support.js:568:25)
    at Module.m._compile (/tmp/ts-node-dev-hook-6936321004803097.js:69:33)
    at Module._extensions..js (node:internal/modules/cjs/loader:1159:10)
    at require.extensions..jsx.require.extensions..js (/tmp/ts-node-dev-hook-6936321004803097.js:114:20)
    at require.extensions.<computed> (/tmp/ts-node-dev-hook-6936321004803097.js:71:20)
    at Object.nodeDevHook [as .ts] (/home/rabindranath/Documents/Backend/node-api-ts-express-opp/node_modules/ts-node-dev/lib/hook.js:63:13)
    at Module.load (node:internal/modules/cjs/loader:981:32)
    at Function.Module._load (node:internal/modules/cjs/loader:822:12)
2022-10-25 23:55:18 error: uncaughtException: ⨯ Unable to compile TypeScript:
src/controllers/post.controller.ts(10,18): error TS1308: 'await' expressions are only allowed within async functions and at the top levels of modules.

Error: ⨯ Unable to compile TypeScript:
src/controllers/post.controller.ts(10,18): error TS1308: 'await' expressions are only allowed within async functions and at the top levels of modules.

    at Object.<anonymous> (/home/rabindranath/Documents/Backend/node-api-ts-express-opp/src/controllers/post.controller.ts:1:7)
    at Module._compile (node:internal/modules/cjs/loader:1105:14)
    at Module._compile (/home/rabindranath/Documents/Backend/node-api-ts-express-opp/node_modules/source-map-support/source-map-support.js:568:25)
    at Module.m._compile (/tmp/ts-node-dev-hook-6936321004803097.js:69:33)
    at Module._extensions..js (node:internal/modules/cjs/loader:1159:10)
    at require.extensions..jsx.require.extensions..js (/tmp/ts-node-dev-hook-6936321004803097.js:114:20)
    at require.extensions.<computed> (/tmp/ts-node-dev-hook-6936321004803097.js:71:20)
    at Object.nodeDevHook [as .ts] (/home/rabindranath/Documents/Backend/node-api-ts-express-opp/node_modules/ts-node-dev/lib/hook.js:63:13)
    at Module.load (node:internal/modules/cjs/loader:981:32)
    at Function.Module._load (node:internal/modules/cjs/loader:822:12)
2022-10-25 23:56:45 error: uncaughtException: ⨯ Unable to compile TypeScript:
src/routes/post.routes.ts(18,3): error TS1003: Identifier expected.

Error: ⨯ Unable to compile TypeScript:
src/routes/post.routes.ts(18,3): error TS1003: Identifier expected.

    at Object.<anonymous> (/home/rabindranath/Documents/Backend/node-api-ts-express-opp/src/routes/post.routes.ts:1:7)
    at Module._compile (node:internal/modules/cjs/loader:1105:14)
    at Module._compile (/home/rabindranath/Documents/Backend/node-api-ts-express-opp/node_modules/source-map-support/source-map-support.js:568:25)
    at Module.m._compile (/tmp/ts-node-dev-hook-6936321004803097.js:69:33)
    at Module._extensions..js (node:internal/modules/cjs/loader:1159:10)
    at require.extensions..jsx.require.extensions..js (/tmp/ts-node-dev-hook-6936321004803097.js:114:20)
    at require.extensions.<computed> (/tmp/ts-node-dev-hook-6936321004803097.js:71:20)
    at Object.nodeDevHook [as .ts] (/home/rabindranath/Documents/Backend/node-api-ts-express-opp/node_modules/ts-node-dev/lib/hook.js:63:13)
    at Module.load (node:internal/modules/cjs/loader:981:32)
    at Function.Module._load (node:internal/modules/cjs/loader:822:12)
2022-10-25 23:56:48 error: uncaughtException: ⨯ Unable to compile TypeScript:
src/routes/post.routes.ts(17,17): error TS2555: Expected at least 1 arguments, but got 0.

Error: ⨯ Unable to compile TypeScript:
src/routes/post.routes.ts(17,17): error TS2555: Expected at least 1 arguments, but got 0.

    at Object.<anonymous> (/home/rabindranath/Documents/Backend/node-api-ts-express-opp/src/routes/post.routes.ts:1:7)
    at Module._compile (node:internal/modules/cjs/loader:1105:14)
    at Module._compile (/home/rabindranath/Documents/Backend/node-api-ts-express-opp/node_modules/source-map-support/source-map-support.js:568:25)
    at Module.m._compile (/tmp/ts-node-dev-hook-6936321004803097.js:69:33)
    at Module._extensions..js (node:internal/modules/cjs/loader:1159:10)
    at require.extensions..jsx.require.extensions..js (/tmp/ts-node-dev-hook-6936321004803097.js:114:20)
    at require.extensions.<computed> (/tmp/ts-node-dev-hook-6936321004803097.js:71:20)
    at Object.nodeDevHook [as .ts] (/home/rabindranath/Documents/Backend/node-api-ts-express-opp/node_modules/ts-node-dev/lib/hook.js:63:13)
    at Module.load (node:internal/modules/cjs/loader:981:32)
    at Function.Module._load (node:internal/modules/cjs/loader:822:12)
2022-10-25 23:57:03 error: uncaughtException: ⨯ Unable to compile TypeScript:
src/routes/post.routes.ts(17,57): error TS2339: Property 'getPostById' does not exist on type 'PostController'.

Error: ⨯ Unable to compile TypeScript:
src/routes/post.routes.ts(17,57): error TS2339: Property 'getPostById' does not exist on type 'PostController'.

    at Object.<anonymous> (/home/rabindranath/Documents/Backend/node-api-ts-express-opp/src/routes/post.routes.ts:1:7)
    at Module._compile (node:internal/modules/cjs/loader:1105:14)
    at Module._compile (/home/rabindranath/Documents/Backend/node-api-ts-express-opp/node_modules/source-map-support/source-map-support.js:568:25)
    at Module.m._compile (/tmp/ts-node-dev-hook-6936321004803097.js:69:33)
    at Module._extensions..js (node:internal/modules/cjs/loader:1159:10)
    at require.extensions..jsx.require.extensions..js (/tmp/ts-node-dev-hook-6936321004803097.js:114:20)
    at require.extensions.<computed> (/tmp/ts-node-dev-hook-6936321004803097.js:71:20)
    at Object.nodeDevHook [as .ts] (/home/rabindranath/Documents/Backend/node-api-ts-express-opp/node_modules/ts-node-dev/lib/hook.js:63:13)
    at Module.load (node:internal/modules/cjs/loader:981:32)
    at Function.Module._load (node:internal/modules/cjs/loader:822:12)
2022-10-25 23:57:16 error: uncaughtException: ⨯ Unable to compile TypeScript:
src/routes/post.routes.ts(17,57): error TS2339: Property 'getPostByIdCtrl' does not exist on type 'PostController'.

Error: ⨯ Unable to compile TypeScript:
src/routes/post.routes.ts(17,57): error TS2339: Property 'getPostByIdCtrl' does not exist on type 'PostController'.

    at Object.<anonymous> (/home/rabindranath/Documents/Backend/node-api-ts-express-opp/src/routes/post.routes.ts:1:7)
    at Module._compile (node:internal/modules/cjs/loader:1105:14)
    at Module._compile (/home/rabindranath/Documents/Backend/node-api-ts-express-opp/node_modules/source-map-support/source-map-support.js:568:25)
    at Module.m._compile (/tmp/ts-node-dev-hook-6936321004803097.js:69:33)
    at Module._extensions..js (node:internal/modules/cjs/loader:1159:10)
    at require.extensions..jsx.require.extensions..js (/tmp/ts-node-dev-hook-6936321004803097.js:114:20)
    at require.extensions.<computed> (/tmp/ts-node-dev-hook-6936321004803097.js:71:20)
    at Object.nodeDevHook [as .ts] (/home/rabindranath/Documents/Backend/node-api-ts-express-opp/node_modules/ts-node-dev/lib/hook.js:63:13)
    at Module.load (node:internal/modules/cjs/loader:981:32)
    at Function.Module._load (node:internal/modules/cjs/loader:822:12)
2022-10-25 23:57:20 error: uncaughtException: ⨯ Unable to compile TypeScript:
src/routes/post.routes.ts(17,57): error TS2339: Property 'getPostByIdCtrl' does not exist on type 'PostController'.
src/routes/post.routes.ts(20,3): error TS1003: Identifier expected.

Error: ⨯ Unable to compile TypeScript:
src/routes/post.routes.ts(17,57): error TS2339: Property 'getPostByIdCtrl' does not exist on type 'PostController'.
src/routes/post.routes.ts(20,3): error TS1003: Identifier expected.

    at Object.<anonymous> (/home/rabindranath/Documents/Backend/node-api-ts-express-opp/src/routes/post.routes.ts:1:7)
    at Module._compile (node:internal/modules/cjs/loader:1105:14)
    at Module._compile (/home/rabindranath/Documents/Backend/node-api-ts-express-opp/node_modules/source-map-support/source-map-support.js:568:25)
    at Module.m._compile (/tmp/ts-node-dev-hook-6936321004803097.js:69:33)
    at Module._extensions..js (node:internal/modules/cjs/loader:1159:10)
    at require.extensions..jsx.require.extensions..js (/tmp/ts-node-dev-hook-6936321004803097.js:114:20)
    at require.extensions.<computed> (/tmp/ts-node-dev-hook-6936321004803097.js:71:20)
    at Object.nodeDevHook [as .ts] (/home/rabindranath/Documents/Backend/node-api-ts-express-opp/node_modules/ts-node-dev/lib/hook.js:63:13)
    at Module.load (node:internal/modules/cjs/loader:981:32)
    at Function.Module._load (node:internal/modules/cjs/loader:822:12)
2022-10-25 23:57:24 error: uncaughtException: ⨯ Unable to compile TypeScript:
src/routes/post.routes.ts(17,57): error TS2339: Property 'getPostByIdCtrl' does not exist on type 'PostController'.
src/routes/post.routes.ts(20,3): error TS1003: Identifier expected.

Error: ⨯ Unable to compile TypeScript:
src/routes/post.routes.ts(17,57): error TS2339: Property 'getPostByIdCtrl' does not exist on type 'PostController'.
src/routes/post.routes.ts(20,3): error TS1003: Identifier expected.

    at Object.<anonymous> (/home/rabindranath/Documents/Backend/node-api-ts-express-opp/src/routes/post.routes.ts:1:7)
    at Module._compile (node:internal/modules/cjs/loader:1105:14)
    at Module._compile (/home/rabindranath/Documents/Backend/node-api-ts-express-opp/node_modules/source-map-support/source-map-support.js:568:25)
    at Module.m._compile (/tmp/ts-node-dev-hook-6936321004803097.js:69:33)
    at Module._extensions..js (node:internal/modules/cjs/loader:1159:10)
    at require.extensions..jsx.require.extensions..js (/tmp/ts-node-dev-hook-6936321004803097.js:114:20)
    at require.extensions.<computed> (/tmp/ts-node-dev-hook-6936321004803097.js:71:20)
    at Object.nodeDevHook [as .ts] (/home/rabindranath/Documents/Backend/node-api-ts-express-opp/node_modules/ts-node-dev/lib/hook.js:63:13)
    at Module.load (node:internal/modules/cjs/loader:981:32)
    at Function.Module._load (node:internal/modules/cjs/loader:822:12)
2022-10-25 23:57:28 error: uncaughtException: ⨯ Unable to compile TypeScript:
src/routes/post.routes.ts(17,57): error TS2339: Property 'getPostByIdCtrl' does not exist on type 'PostController'.
src/routes/post.routes.ts(19,17): error TS2339: Property 'p' does not exist on type 'Router'.

Error: ⨯ Unable to compile TypeScript:
src/routes/post.routes.ts(17,57): error TS2339: Property 'getPostByIdCtrl' does not exist on type 'PostController'.
src/routes/post.routes.ts(19,17): error TS2339: Property 'p' does not exist on type 'Router'.

    at Object.<anonymous> (/home/rabindranath/Documents/Backend/node-api-ts-express-opp/src/routes/post.routes.ts:1:7)
    at Module._compile (node:internal/modules/cjs/loader:1105:14)
    at Module._compile (/home/rabindranath/Documents/Backend/node-api-ts-express-opp/node_modules/source-map-support/source-map-support.js:568:25)
    at Module.m._compile (/tmp/ts-node-dev-hook-6936321004803097.js:69:33)
    at Module._extensions..js (node:internal/modules/cjs/loader:1159:10)
    at require.extensions..jsx.require.extensions..js (/tmp/ts-node-dev-hook-6936321004803097.js:114:20)
    at require.extensions.<computed> (/tmp/ts-node-dev-hook-6936321004803097.js:71:20)
    at Object.nodeDevHook [as .ts] (/home/rabindranath/Documents/Backend/node-api-ts-express-opp/node_modules/ts-node-dev/lib/hook.js:63:13)
    at Module.load (node:internal/modules/cjs/loader:981:32)
    at Function.Module._load (node:internal/modules/cjs/loader:822:12)
2022-10-25 23:57:31 error: uncaughtException: ⨯ Unable to compile TypeScript:
src/routes/post.routes.ts(17,57): error TS2339: Property 'getPostByIdCtrl' does not exist on type 'PostController'.

Error: ⨯ Unable to compile TypeScript:
src/routes/post.routes.ts(17,57): error TS2339: Property 'getPostByIdCtrl' does not exist on type 'PostController'.

    at Object.<anonymous> (/home/rabindranath/Documents/Backend/node-api-ts-express-opp/src/routes/post.routes.ts:1:7)
    at Module._compile (node:internal/modules/cjs/loader:1105:14)
    at Module._compile (/home/rabindranath/Documents/Backend/node-api-ts-express-opp/node_modules/source-map-support/source-map-support.js:568:25)
    at Module.m._compile (/tmp/ts-node-dev-hook-6936321004803097.js:69:33)
    at Module._extensions..js (node:internal/modules/cjs/loader:1159:10)
    at require.extensions..jsx.require.extensions..js (/tmp/ts-node-dev-hook-6936321004803097.js:114:20)
    at require.extensions.<computed> (/tmp/ts-node-dev-hook-6936321004803097.js:71:20)
    at Object.nodeDevHook [as .ts] (/home/rabindranath/Documents/Backend/node-api-ts-express-opp/node_modules/ts-node-dev/lib/hook.js:63:13)
    at Module.load (node:internal/modules/cjs/loader:981:32)
    at Function.Module._load (node:internal/modules/cjs/loader:822:12)
2022-10-25 23:57:34 error: uncaughtException: ⨯ Unable to compile TypeScript:
src/routes/post.routes.ts(17,57): error TS2339: Property 'getPostByIdCtrl' does not exist on type 'PostController'.
src/routes/post.routes.ts(19,17): error TS2555: Expected at least 1 arguments, but got 0.

Error: ⨯ Unable to compile TypeScript:
src/routes/post.routes.ts(17,57): error TS2339: Property 'getPostByIdCtrl' does not exist on type 'PostController'.
src/routes/post.routes.ts(19,17): error TS2555: Expected at least 1 arguments, but got 0.

    at Object.<anonymous> (/home/rabindranath/Documents/Backend/node-api-ts-express-opp/src/routes/post.routes.ts:1:7)
    at Module._compile (node:internal/modules/cjs/loader:1105:14)
    at Module._compile (/home/rabindranath/Documents/Backend/node-api-ts-express-opp/node_modules/source-map-support/source-map-support.js:568:25)
    at Module.m._compile (/tmp/ts-node-dev-hook-6936321004803097.js:69:33)
    at Module._extensions..js (node:internal/modules/cjs/loader:1159:10)
    at require.extensions..jsx.require.extensions..js (/tmp/ts-node-dev-hook-6936321004803097.js:114:20)
    at require.extensions.<computed> (/tmp/ts-node-dev-hook-6936321004803097.js:71:20)
    at Object.nodeDevHook [as .ts] (/home/rabindranath/Documents/Backend/node-api-ts-express-opp/node_modules/ts-node-dev/lib/hook.js:63:13)
    at Module.load (node:internal/modules/cjs/loader:981:32)
    at Function.Module._load (node:internal/modules/cjs/loader:822:12)
2022-10-25 23:57:40 error: uncaughtException: ⨯ Unable to compile TypeScript:
src/routes/post.routes.ts(17,57): error TS2339: Property 'getPostByIdCtrl' does not exist on type 'PostController'.
src/routes/post.routes.ts(19,57): error TS1003: Identifier expected.

Error: ⨯ Unable to compile TypeScript:
src/routes/post.routes.ts(17,57): error TS2339: Property 'getPostByIdCtrl' does not exist on type 'PostController'.
src/routes/post.routes.ts(19,57): error TS1003: Identifier expected.

    at Object.<anonymous> (/home/rabindranath/Documents/Backend/node-api-ts-express-opp/src/routes/post.routes.ts:1:7)
    at Module._compile (node:internal/modules/cjs/loader:1105:14)
    at Module._compile (/home/rabindranath/Documents/Backend/node-api-ts-express-opp/node_modules/source-map-support/source-map-support.js:568:25)
    at Module.m._compile (/tmp/ts-node-dev-hook-6936321004803097.js:69:33)
    at Module._extensions..js (node:internal/modules/cjs/loader:1159:10)
    at require.extensions..jsx.require.extensions..js (/tmp/ts-node-dev-hook-6936321004803097.js:114:20)
    at require.extensions.<computed> (/tmp/ts-node-dev-hook-6936321004803097.js:71:20)
    at Object.nodeDevHook [as .ts] (/home/rabindranath/Documents/Backend/node-api-ts-express-opp/node_modules/ts-node-dev/lib/hook.js:63:13)
    at Module.load (node:internal/modules/cjs/loader:981:32)
    at Function.Module._load (node:internal/modules/cjs/loader:822:12)
2022-10-25 23:57:43 error: uncaughtException: ⨯ Unable to compile TypeScript:
src/routes/post.routes.ts(17,57): error TS2339: Property 'getPostByIdCtrl' does not exist on type 'PostController'.
src/routes/post.routes.ts(19,57): error TS2339: Property 'updatePost' does not exist on type 'PostController'.

Error: ⨯ Unable to compile TypeScript:
src/routes/post.routes.ts(17,57): error TS2339: Property 'getPostByIdCtrl' does not exist on type 'PostController'.
src/routes/post.routes.ts(19,57): error TS2339: Property 'updatePost' does not exist on type 'PostController'.

    at Object.<anonymous> (/home/rabindranath/Documents/Backend/node-api-ts-express-opp/src/routes/post.routes.ts:1:7)
    at Module._compile (node:internal/modules/cjs/loader:1105:14)
    at Module._compile (/home/rabindranath/Documents/Backend/node-api-ts-express-opp/node_modules/source-map-support/source-map-support.js:568:25)
    at Module.m._compile (/tmp/ts-node-dev-hook-6936321004803097.js:69:33)
    at Module._extensions..js (node:internal/modules/cjs/loader:1159:10)
    at require.extensions..jsx.require.extensions..js (/tmp/ts-node-dev-hook-6936321004803097.js:114:20)
    at require.extensions.<computed> (/tmp/ts-node-dev-hook-6936321004803097.js:71:20)
    at Object.nodeDevHook [as .ts] (/home/rabindranath/Documents/Backend/node-api-ts-express-opp/node_modules/ts-node-dev/lib/hook.js:63:13)
    at Module.load (node:internal/modules/cjs/loader:981:32)
    at Function.Module._load (node:internal/modules/cjs/loader:822:12)
2022-10-25 23:57:47 error: uncaughtException: ⨯ Unable to compile TypeScript:
src/routes/post.routes.ts(17,57): error TS2339: Property 'getPostByIdCtrl' does not exist on type 'PostController'.
src/routes/post.routes.ts(19,57): error TS2339: Property 'updatePostCtrl' does not exist on type 'PostController'.

Error: ⨯ Unable to compile TypeScript:
src/routes/post.routes.ts(17,57): error TS2339: Property 'getPostByIdCtrl' does not exist on type 'PostController'.
src/routes/post.routes.ts(19,57): error TS2339: Property 'updatePostCtrl' does not exist on type 'PostController'.

    at Object.<anonymous> (/home/rabindranath/Documents/Backend/node-api-ts-express-opp/src/routes/post.routes.ts:1:7)
    at Module._compile (node:internal/modules/cjs/loader:1105:14)
    at Module._compile (/home/rabindranath/Documents/Backend/node-api-ts-express-opp/node_modules/source-map-support/source-map-support.js:568:25)
    at Module.m._compile (/tmp/ts-node-dev-hook-6936321004803097.js:69:33)
    at Module._extensions..js (node:internal/modules/cjs/loader:1159:10)
    at require.extensions..jsx.require.extensions..js (/tmp/ts-node-dev-hook-6936321004803097.js:114:20)
    at require.extensions.<computed> (/tmp/ts-node-dev-hook-6936321004803097.js:71:20)
    at Object.nodeDevHook [as .ts] (/home/rabindranath/Documents/Backend/node-api-ts-express-opp/node_modules/ts-node-dev/lib/hook.js:63:13)
    at Module.load (node:internal/modules/cjs/loader:981:32)
    at Function.Module._load (node:internal/modules/cjs/loader:822:12)
2022-10-25 23:57:53 error: uncaughtException: ⨯ Unable to compile TypeScript:
src/routes/post.routes.ts(17,57): error TS2339: Property 'getPostByIdCtrl' does not exist on type 'PostController'.
src/routes/post.routes.ts(19,57): error TS2339: Property 'updatePostCtrl' does not exist on type 'PostController'.
src/routes/post.routes.ts(21,17): error TS2555: Expected at least 1 arguments, but got 0.

Error: ⨯ Unable to compile TypeScript:
src/routes/post.routes.ts(17,57): error TS2339: Property 'getPostByIdCtrl' does not exist on type 'PostController'.
src/routes/post.routes.ts(19,57): error TS2339: Property 'updatePostCtrl' does not exist on type 'PostController'.
src/routes/post.routes.ts(21,17): error TS2555: Expected at least 1 arguments, but got 0.

    at Object.<anonymous> (/home/rabindranath/Documents/Backend/node-api-ts-express-opp/src/routes/post.routes.ts:1:7)
    at Module._compile (node:internal/modules/cjs/loader:1105:14)
    at Module._compile (/home/rabindranath/Documents/Backend/node-api-ts-express-opp/node_modules/source-map-support/source-map-support.js:568:25)
    at Module.m._compile (/tmp/ts-node-dev-hook-6936321004803097.js:69:33)
    at Module._extensions..js (node:internal/modules/cjs/loader:1159:10)
    at require.extensions..jsx.require.extensions..js (/tmp/ts-node-dev-hook-6936321004803097.js:114:20)
    at require.extensions.<computed> (/tmp/ts-node-dev-hook-6936321004803097.js:71:20)
    at Object.nodeDevHook [as .ts] (/home/rabindranath/Documents/Backend/node-api-ts-express-opp/node_modules/ts-node-dev/lib/hook.js:63:13)
    at Module.load (node:internal/modules/cjs/loader:981:32)
    at Function.Module._load (node:internal/modules/cjs/loader:822:12)
2022-10-25 23:58:02 error: uncaughtException: ⨯ Unable to compile TypeScript:
src/routes/post.routes.ts(17,57): error TS2339: Property 'getPostByIdCtrl' does not exist on type 'PostController'.
src/routes/post.routes.ts(19,57): error TS2339: Property 'updatePostCtrl' does not exist on type 'PostController'.
src/routes/post.routes.ts(21,60): error TS2339: Property 'deletePost' does not exist on type 'PostController'.

Error: ⨯ Unable to compile TypeScript:
src/routes/post.routes.ts(17,57): error TS2339: Property 'getPostByIdCtrl' does not exist on type 'PostController'.
src/routes/post.routes.ts(19,57): error TS2339: Property 'updatePostCtrl' does not exist on type 'PostController'.
src/routes/post.routes.ts(21,60): error TS2339: Property 'deletePost' does not exist on type 'PostController'.

    at Object.<anonymous> (/home/rabindranath/Documents/Backend/node-api-ts-express-opp/src/routes/post.routes.ts:1:7)
    at Module._compile (node:internal/modules/cjs/loader:1105:14)
    at Module._compile (/home/rabindranath/Documents/Backend/node-api-ts-express-opp/node_modules/source-map-support/source-map-support.js:568:25)
    at Module.m._compile (/tmp/ts-node-dev-hook-6936321004803097.js:69:33)
    at Module._extensions..js (node:internal/modules/cjs/loader:1159:10)
    at require.extensions..jsx.require.extensions..js (/tmp/ts-node-dev-hook-6936321004803097.js:114:20)
    at require.extensions.<computed> (/tmp/ts-node-dev-hook-6936321004803097.js:71:20)
    at Object.nodeDevHook [as .ts] (/home/rabindranath/Documents/Backend/node-api-ts-express-opp/node_modules/ts-node-dev/lib/hook.js:63:13)
    at Module.load (node:internal/modules/cjs/loader:981:32)
    at Function.Module._load (node:internal/modules/cjs/loader:822:12)
2022-10-25 23:58:24 error: uncaughtException: ⨯ Unable to compile TypeScript:
src/routes/post.routes.ts(17,57): error TS2339: Property 'getPostByIdCtrl' does not exist on type 'PostController'.
src/routes/post.routes.ts(19,57): error TS2339: Property 'updatePostCtrl' does not exist on type 'PostController'.
src/routes/post.routes.ts(21,60): error TS2339: Property 'deletePost' does not exist on type 'PostController'.

Error: ⨯ Unable to compile TypeScript:
src/routes/post.routes.ts(17,57): error TS2339: Property 'getPostByIdCtrl' does not exist on type 'PostController'.
src/routes/post.routes.ts(19,57): error TS2339: Property 'updatePostCtrl' does not exist on type 'PostController'.
src/routes/post.routes.ts(21,60): error TS2339: Property 'deletePost' does not exist on type 'PostController'.

    at Object.<anonymous> (/home/rabindranath/Documents/Backend/node-api-ts-express-opp/src/routes/post.routes.ts:1:7)
    at Module._compile (node:internal/modules/cjs/loader:1105:14)
    at Module._compile (/home/rabindranath/Documents/Backend/node-api-ts-express-opp/node_modules/source-map-support/source-map-support.js:568:25)
    at Module.m._compile (/tmp/ts-node-dev-hook-6936321004803097.js:69:33)
    at Module._extensions..js (node:internal/modules/cjs/loader:1159:10)
    at require.extensions..jsx.require.extensions..js (/tmp/ts-node-dev-hook-6936321004803097.js:114:20)
    at require.extensions.<computed> (/tmp/ts-node-dev-hook-6936321004803097.js:71:20)
    at Object.nodeDevHook [as .ts] (/home/rabindranath/Documents/Backend/node-api-ts-express-opp/node_modules/ts-node-dev/lib/hook.js:63:13)
    at Module.load (node:internal/modules/cjs/loader:981:32)
    at Function.Module._load (node:internal/modules/cjs/loader:822:12)
2022-10-25 23:58:29 error: uncaughtException: ⨯ Unable to compile TypeScript:
src/routes/post.routes.ts(17,57): error TS2339: Property 'getPostByIdCtrl' does not exist on type 'PostController'.
src/routes/post.routes.ts(19,61): error TS2339: Property 'updatePostCtrl' does not exist on type 'PostController'.
src/routes/post.routes.ts(21,60): error TS2339: Property 'deletePost' does not exist on type 'PostController'.

Error: ⨯ Unable to compile TypeScript:
src/routes/post.routes.ts(17,57): error TS2339: Property 'getPostByIdCtrl' does not exist on type 'PostController'.
src/routes/post.routes.ts(19,61): error TS2339: Property 'updatePostCtrl' does not exist on type 'PostController'.
src/routes/post.routes.ts(21,60): error TS2339: Property 'deletePost' does not exist on type 'PostController'.

    at Object.<anonymous> (/home/rabindranath/Documents/Backend/node-api-ts-express-opp/src/routes/post.routes.ts:1:7)
    at Module._compile (node:internal/modules/cjs/loader:1105:14)
    at Module._compile (/home/rabindranath/Documents/Backend/node-api-ts-express-opp/node_modules/source-map-support/source-map-support.js:568:25)
    at Module.m._compile (/tmp/ts-node-dev-hook-6936321004803097.js:69:33)
    at Module._extensions..js (node:internal/modules/cjs/loader:1159:10)
    at require.extensions..jsx.require.extensions..js (/tmp/ts-node-dev-hook-6936321004803097.js:114:20)
    at require.extensions.<computed> (/tmp/ts-node-dev-hook-6936321004803097.js:71:20)
    at Object.nodeDevHook [as .ts] (/home/rabindranath/Documents/Backend/node-api-ts-express-opp/node_modules/ts-node-dev/lib/hook.js:63:13)
    at Module.load (node:internal/modules/cjs/loader:981:32)
    at Function.Module._load (node:internal/modules/cjs/loader:822:12)
2022-10-25 23:58:35 error: uncaughtException: ⨯ Unable to compile TypeScript:
src/routes/post.routes.ts(17,57): error TS2339: Property 'getPostByIdCtrl' does not exist on type 'PostController'.
src/routes/post.routes.ts(19,61): error TS2339: Property 'updatePostCtrl' does not exist on type 'PostController'.
src/routes/post.routes.ts(21,64): error TS2339: Property 'deletePost' does not exist on type 'PostController'.

Error: ⨯ Unable to compile TypeScript:
src/routes/post.routes.ts(17,57): error TS2339: Property 'getPostByIdCtrl' does not exist on type 'PostController'.
src/routes/post.routes.ts(19,61): error TS2339: Property 'updatePostCtrl' does not exist on type 'PostController'.
src/routes/post.routes.ts(21,64): error TS2339: Property 'deletePost' does not exist on type 'PostController'.

    at Object.<anonymous> (/home/rabindranath/Documents/Backend/node-api-ts-express-opp/src/routes/post.routes.ts:1:7)
    at Module._compile (node:internal/modules/cjs/loader:1105:14)
    at Module._compile (/home/rabindranath/Documents/Backend/node-api-ts-express-opp/node_modules/source-map-support/source-map-support.js:568:25)
    at Module.m._compile (/tmp/ts-node-dev-hook-6936321004803097.js:69:33)
    at Module._extensions..js (node:internal/modules/cjs/loader:1159:10)
    at require.extensions..jsx.require.extensions..js (/tmp/ts-node-dev-hook-6936321004803097.js:114:20)
    at require.extensions.<computed> (/tmp/ts-node-dev-hook-6936321004803097.js:71:20)
    at Object.nodeDevHook [as .ts] (/home/rabindranath/Documents/Backend/node-api-ts-express-opp/node_modules/ts-node-dev/lib/hook.js:63:13)
    at Module.load (node:internal/modules/cjs/loader:981:32)
    at Function.Module._load (node:internal/modules/cjs/loader:822:12)
2022-10-25 23:58:42 error: uncaughtException: ⨯ Unable to compile TypeScript:
src/routes/post.routes.ts(17,61): error TS2339: Property 'getPostByIdCtrl' does not exist on type 'PostController'.
src/routes/post.routes.ts(19,61): error TS2339: Property 'updatePostCtrl' does not exist on type 'PostController'.
src/routes/post.routes.ts(21,64): error TS2339: Property 'deletePost' does not exist on type 'PostController'.

Error: ⨯ Unable to compile TypeScript:
src/routes/post.routes.ts(17,61): error TS2339: Property 'getPostByIdCtrl' does not exist on type 'PostController'.
src/routes/post.routes.ts(19,61): error TS2339: Property 'updatePostCtrl' does not exist on type 'PostController'.
src/routes/post.routes.ts(21,64): error TS2339: Property 'deletePost' does not exist on type 'PostController'.

    at Object.<anonymous> (/home/rabindranath/Documents/Backend/node-api-ts-express-opp/src/routes/post.routes.ts:1:7)
    at Module._compile (node:internal/modules/cjs/loader:1105:14)
    at Module._compile (/home/rabindranath/Documents/Backend/node-api-ts-express-opp/node_modules/source-map-support/source-map-support.js:568:25)
    at Module.m._compile (/tmp/ts-node-dev-hook-6936321004803097.js:69:33)
    at Module._extensions..js (node:internal/modules/cjs/loader:1159:10)
    at require.extensions..jsx.require.extensions..js (/tmp/ts-node-dev-hook-6936321004803097.js:114:20)
    at require.extensions.<computed> (/tmp/ts-node-dev-hook-6936321004803097.js:71:20)
    at Object.nodeDevHook [as .ts] (/home/rabindranath/Documents/Backend/node-api-ts-express-opp/node_modules/ts-node-dev/lib/hook.js:63:13)
    at Module.load (node:internal/modules/cjs/loader:981:32)
    at Function.Module._load (node:internal/modules/cjs/loader:822:12)
