2022-11-06 16:44:53 error: uncaughtException: ⨯ Unable to compile TypeScript:
src/routes/user.routes.ts(65,38): error TS1135: Argument expression expected.

Error: ⨯ Unable to compile TypeScript:
src/routes/user.routes.ts(65,38): error TS1135: Argument expression expected.

    at Object.<anonymous> (/home/rabindranath/Documents/Backend/node-api-ts-express-opp/src/routes/user.routes.ts:1:7)
    at Module._compile (node:internal/modules/cjs/loader:1105:14)
    at Module._compile (/home/rabindranath/Documents/Backend/node-api-ts-express-opp/node_modules/source-map-support/source-map-support.js:568:25)
    at Module.m._compile (/tmp/ts-node-dev-hook-1326011033429606.js:69:33)
    at Module._extensions..js (node:internal/modules/cjs/loader:1159:10)
    at require.extensions..jsx.require.extensions..js (/tmp/ts-node-dev-hook-1326011033429606.js:114:20)
    at require.extensions.<computed> (/tmp/ts-node-dev-hook-1326011033429606.js:71:20)
    at Object.nodeDevHook [as .ts] (/home/rabindranath/Documents/Backend/node-api-ts-express-opp/node_modules/ts-node-dev/lib/hook.js:63:13)
    at Module.load (node:internal/modules/cjs/loader:981:32)
    at Function.Module._load (node:internal/modules/cjs/loader:822:12)
2022-11-06 16:45:06 error: uncaughtException: ⨯ Unable to compile TypeScript:
src/routes/user.routes.ts(65,40): error TS2304: Cannot find name 'func1'.
src/routes/user.routes.ts(65,47): error TS2304: Cannot find name 'func1'.

Error: ⨯ Unable to compile TypeScript:
src/routes/user.routes.ts(65,40): error TS2304: Cannot find name 'func1'.
src/routes/user.routes.ts(65,47): error TS2304: Cannot find name 'func1'.

    at Object.<anonymous> (/home/rabindranath/Documents/Backend/node-api-ts-express-opp/src/routes/user.routes.ts:1:7)
    at Module._compile (node:internal/modules/cjs/loader:1105:14)
    at Module._compile (/home/rabindranath/Documents/Backend/node-api-ts-express-opp/node_modules/source-map-support/source-map-support.js:568:25)
    at Module.m._compile (/tmp/ts-node-dev-hook-1326011033429606.js:69:33)
    at Module._extensions..js (node:internal/modules/cjs/loader:1159:10)
    at require.extensions..jsx.require.extensions..js (/tmp/ts-node-dev-hook-1326011033429606.js:114:20)
    at require.extensions.<computed> (/tmp/ts-node-dev-hook-1326011033429606.js:71:20)
    at Object.nodeDevHook [as .ts] (/home/rabindranath/Documents/Backend/node-api-ts-express-opp/node_modules/ts-node-dev/lib/hook.js:63:13)
    at Module.load (node:internal/modules/cjs/loader:981:32)
    at Function.Module._load (node:internal/modules/cjs/loader:822:12)
2022-11-06 16:56:46 error: uncaughtException: ⨯ Unable to compile TypeScript:
src/routes/ticket.routes.ts(39,32): error TS1109: Expression expected.

Error: ⨯ Unable to compile TypeScript:
src/routes/ticket.routes.ts(39,32): error TS1109: Expression expected.

    at Object.<anonymous> (/home/rabindranath/Documents/Backend/node-api-ts-express-opp/src/routes/ticket.routes.ts:1:7)
    at Module._compile (node:internal/modules/cjs/loader:1105:14)
    at Module._compile (/home/rabindranath/Documents/Backend/node-api-ts-express-opp/node_modules/source-map-support/source-map-support.js:568:25)
    at Module.m._compile (/tmp/ts-node-dev-hook-1326011033429606.js:69:33)
    at Module._extensions..js (node:internal/modules/cjs/loader:1159:10)
    at require.extensions..jsx.require.extensions..js (/tmp/ts-node-dev-hook-1326011033429606.js:114:20)
    at require.extensions.<computed> (/tmp/ts-node-dev-hook-1326011033429606.js:71:20)
    at Object.nodeDevHook [as .ts] (/home/rabindranath/Documents/Backend/node-api-ts-express-opp/node_modules/ts-node-dev/lib/hook.js:63:13)
    at Module.load (node:internal/modules/cjs/loader:981:32)
    at Function.Module._load (node:internal/modules/cjs/loader:822:12)
2022-11-06 16:56:52 error: uncaughtException: ⨯ Unable to compile TypeScript:
src/routes/ticket.routes.ts(47,57): error TS2339: Property 'getAllUsers' does not exist on type 'TicketController'.
src/routes/ticket.routes.ts(49,58): error TS2339: Property 'createUserCtrl' does not exist on type 'TicketController'.

Error: ⨯ Unable to compile TypeScript:
src/routes/ticket.routes.ts(47,57): error TS2339: Property 'getAllUsers' does not exist on type 'TicketController'.
src/routes/ticket.routes.ts(49,58): error TS2339: Property 'createUserCtrl' does not exist on type 'TicketController'.

    at Object.<anonymous> (/home/rabindranath/Documents/Backend/node-api-ts-express-opp/src/routes/ticket.routes.ts:1:7)
    at Module._compile (node:internal/modules/cjs/loader:1105:14)
    at Module._compile (/home/rabindranath/Documents/Backend/node-api-ts-express-opp/node_modules/source-map-support/source-map-support.js:568:25)
    at Module.m._compile (/tmp/ts-node-dev-hook-1326011033429606.js:69:33)
    at Module._extensions..js (node:internal/modules/cjs/loader:1159:10)
    at require.extensions..jsx.require.extensions..js (/tmp/ts-node-dev-hook-1326011033429606.js:114:20)
    at require.extensions.<computed> (/tmp/ts-node-dev-hook-1326011033429606.js:71:20)
    at Object.nodeDevHook [as .ts] (/home/rabindranath/Documents/Backend/node-api-ts-express-opp/node_modules/ts-node-dev/lib/hook.js:63:13)
    at Module.load (node:internal/modules/cjs/loader:981:32)
    at Function.Module._load (node:internal/modules/cjs/loader:822:12)
2022-11-06 16:57:05 error: uncaughtException: ⨯ Unable to compile TypeScript:
src/routes/ticket.routes.ts(47,59): error TS2339: Property 'getAllUsers' does not exist on type 'TicketController'.
src/routes/ticket.routes.ts(49,60): error TS2339: Property 'createUserCtrl' does not exist on type 'TicketController'.

Error: ⨯ Unable to compile TypeScript:
src/routes/ticket.routes.ts(47,59): error TS2339: Property 'getAllUsers' does not exist on type 'TicketController'.
src/routes/ticket.routes.ts(49,60): error TS2339: Property 'createUserCtrl' does not exist on type 'TicketController'.

    at Object.<anonymous> (/home/rabindranath/Documents/Backend/node-api-ts-express-opp/src/routes/ticket.routes.ts:1:7)
    at Module._compile (node:internal/modules/cjs/loader:1105:14)
    at Module._compile (/home/rabindranath/Documents/Backend/node-api-ts-express-opp/node_modules/source-map-support/source-map-support.js:568:25)
    at Module.m._compile (/tmp/ts-node-dev-hook-1326011033429606.js:69:33)
    at Module._extensions..js (node:internal/modules/cjs/loader:1159:10)
    at require.extensions..jsx.require.extensions..js (/tmp/ts-node-dev-hook-1326011033429606.js:114:20)
    at require.extensions.<computed> (/tmp/ts-node-dev-hook-1326011033429606.js:71:20)
    at Object.nodeDevHook [as .ts] (/home/rabindranath/Documents/Backend/node-api-ts-express-opp/node_modules/ts-node-dev/lib/hook.js:63:13)
    at Module.load (node:internal/modules/cjs/loader:981:32)
    at Function.Module._load (node:internal/modules/cjs/loader:822:12)
2022-11-06 16:57:24 error: uncaughtException: ⨯ Unable to compile TypeScript:
src/routes/ticket.routes.ts(47,37): error TS2769: No overload matches this call.
  The last overload gave the following error.
    Argument of type 'TicketController' is not assignable to parameter of type 'Application<Record<string, any>>'.
      Type 'TicketController' is missing the following properties from type 'Application<Record<string, any>>': init, defaultConfiguration, engine, set, and 61 more.
src/routes/ticket.routes.ts(49,60): error TS2339: Property 'createUserCtrl' does not exist on type 'TicketController'.

Error: ⨯ Unable to compile TypeScript:
src/routes/ticket.routes.ts(47,37): error TS2769: No overload matches this call.
  The last overload gave the following error.
    Argument of type 'TicketController' is not assignable to parameter of type 'Application<Record<string, any>>'.
      Type 'TicketController' is missing the following properties from type 'Application<Record<string, any>>': init, defaultConfiguration, engine, set, and 61 more.
src/routes/ticket.routes.ts(49,60): error TS2339: Property 'createUserCtrl' does not exist on type 'TicketController'.

    at Object.<anonymous> (/home/rabindranath/Documents/Backend/node-api-ts-express-opp/src/routes/ticket.routes.ts:1:7)
    at Module._compile (node:internal/modules/cjs/loader:1105:14)
    at Module._compile (/home/rabindranath/Documents/Backend/node-api-ts-express-opp/node_modules/source-map-support/source-map-support.js:568:25)
    at Module.m._compile (/tmp/ts-node-dev-hook-1326011033429606.js:69:33)
    at Module._extensions..js (node:internal/modules/cjs/loader:1159:10)
    at require.extensions..jsx.require.extensions..js (/tmp/ts-node-dev-hook-1326011033429606.js:114:20)
    at require.extensions.<computed> (/tmp/ts-node-dev-hook-1326011033429606.js:71:20)
    at Object.nodeDevHook [as .ts] (/home/rabindranath/Documents/Backend/node-api-ts-express-opp/node_modules/ts-node-dev/lib/hook.js:63:13)
    at Module.load (node:internal/modules/cjs/loader:981:32)
    at Function.Module._load (node:internal/modules/cjs/loader:822:12)
2022-11-06 16:57:30 error: uncaughtException: ⨯ Unable to compile TypeScript:
src/routes/ticket.routes.ts(47,37): error TS2769: No overload matches this call.
  The last overload gave the following error.
    Argument of type 'TicketController' is not assignable to parameter of type 'Application<Record<string, any>>'.
      Type 'TicketController' is missing the following properties from type 'Application<Record<string, any>>': init, defaultConfiguration, engine, set, and 61 more.
src/routes/ticket.routes.ts(49,38): error TS2769: No overload matches this call.
  The last overload gave the following error.
    Argument of type 'TicketController' is not assignable to parameter of type 'Application<Record<string, any>>'.
src/routes/ticket.routes.ts(47,60): error TS1003: Identifier expected.

Error: ⨯ Unable to compile TypeScript:
src/routes/ticket.routes.ts(47,37): error TS2769: No overload matches this call.
  The last overload gave the following error.
    Argument of type 'TicketController' is not assignable to parameter of type 'Application<Record<string, any>>'.
      Type 'TicketController' is missing the following properties from type 'Application<Record<string, any>>': init, defaultConfiguration, engine, set, and 61 more.
src/routes/ticket.routes.ts(49,38): error TS2769: No overload matches this call.
  The last overload gave the following error.
    Argument of type 'TicketController' is not assignable to parameter of type 'Application<Record<string, any>>'.
src/routes/ticket.routes.ts(47,60): error TS1003: Identifier expected.

    at Object.<anonymous> (/home/rabindranath/Documents/Backend/node-api-ts-express-opp/src/routes/ticket.routes.ts:1:7)
    at Module._compile (node:internal/modules/cjs/loader:1105:14)
    at Module._compile (/home/rabindranath/Documents/Backend/node-api-ts-express-opp/node_modules/source-map-support/source-map-support.js:568:25)
    at Module.m._compile (/tmp/ts-node-dev-hook-1326011033429606.js:69:33)
    at Module._extensions..js (node:internal/modules/cjs/loader:1159:10)
    at require.extensions..jsx.require.extensions..js (/tmp/ts-node-dev-hook-1326011033429606.js:114:20)
    at require.extensions.<computed> (/tmp/ts-node-dev-hook-1326011033429606.js:71:20)
    at Object.nodeDevHook [as .ts] (/home/rabindranath/Documents/Backend/node-api-ts-express-opp/node_modules/ts-node-dev/lib/hook.js:63:13)
    at Module.load (node:internal/modules/cjs/loader:981:32)
    at Function.Module._load (node:internal/modules/cjs/loader:822:12)
2022-11-06 16:57:37 error: uncaughtException: ⨯ Unable to compile TypeScript:
src/routes/ticket.routes.ts(49,38): error TS2769: No overload matches this call.
  The last overload gave the following error.
    Argument of type 'TicketController' is not assignable to parameter of type 'Application<Record<string, any>>'.
      Type 'TicketController' is missing the following properties from type 'Application<Record<string, any>>': init, defaultConfiguration, engine, set, and 61 more.

Error: ⨯ Unable to compile TypeScript:
src/routes/ticket.routes.ts(49,38): error TS2769: No overload matches this call.
  The last overload gave the following error.
    Argument of type 'TicketController' is not assignable to parameter of type 'Application<Record<string, any>>'.
      Type 'TicketController' is missing the following properties from type 'Application<Record<string, any>>': init, defaultConfiguration, engine, set, and 61 more.

    at Object.<anonymous> (/home/rabindranath/Documents/Backend/node-api-ts-express-opp/src/routes/ticket.routes.ts:1:7)
    at Module._compile (node:internal/modules/cjs/loader:1105:14)
    at Module._compile (/home/rabindranath/Documents/Backend/node-api-ts-express-opp/node_modules/source-map-support/source-map-support.js:568:25)
    at Module.m._compile (/tmp/ts-node-dev-hook-1326011033429606.js:69:33)
    at Module._extensions..js (node:internal/modules/cjs/loader:1159:10)
    at require.extensions..jsx.require.extensions..js (/tmp/ts-node-dev-hook-1326011033429606.js:114:20)
    at require.extensions.<computed> (/tmp/ts-node-dev-hook-1326011033429606.js:71:20)
    at Object.nodeDevHook [as .ts] (/home/rabindranath/Documents/Backend/node-api-ts-express-opp/node_modules/ts-node-dev/lib/hook.js:63:13)
    at Module.load (node:internal/modules/cjs/loader:981:32)
    at Function.Module._load (node:internal/modules/cjs/loader:822:12)
2022-11-06 17:01:07 error: uncaughtException: ⨯ Unable to compile TypeScript:
src/controllers/ticket.controller.ts(10,29): error TS2349: This expression is not callable.
  Type 'UserService' has no call signatures.

Error: ⨯ Unable to compile TypeScript:
src/controllers/ticket.controller.ts(10,29): error TS2349: This expression is not callable.
  Type 'UserService' has no call signatures.

    at Object.<anonymous> (/home/rabindranath/Documents/Backend/node-api-ts-express-opp/src/controllers/ticket.controller.ts:1:7)
    at Module._compile (node:internal/modules/cjs/loader:1105:14)
    at Module._compile (/home/rabindranath/Documents/Backend/node-api-ts-express-opp/node_modules/source-map-support/source-map-support.js:568:25)
    at Module.m._compile (/tmp/ts-node-dev-hook-1326011033429606.js:69:33)
    at Module._extensions..js (node:internal/modules/cjs/loader:1159:10)
    at require.extensions..jsx.require.extensions..js (/tmp/ts-node-dev-hook-1326011033429606.js:114:20)
    at require.extensions.<computed> (/tmp/ts-node-dev-hook-1326011033429606.js:71:20)
    at Object.nodeDevHook [as .ts] (/home/rabindranath/Documents/Backend/node-api-ts-express-opp/node_modules/ts-node-dev/lib/hook.js:63:13)
    at Module.load (node:internal/modules/cjs/loader:981:32)
    at Function.Module._load (node:internal/modules/cjs/loader:822:12)
2022-11-06 17:01:15 error: uncaughtException: ⨯ Unable to compile TypeScript:
src/controllers/ticket.controller.ts(9,46): error TS6133: 'res' is declared but its value is never read.
src/controllers/ticket.controller.ts(10,11): error TS7022: 'ticketResp' implicitly has type 'any' because it does not have a type annotation and is referenced directly or indirectly in its own initializer.
src/controllers/ticket.controller.ts(11,5): error TS2339: Property 'res' does not exist on type 'UserService'.
src/controllers/ticket.controller.ts(11,14): error TS2448: Block-scoped variable 'ticketResp' used before its declaration.

Error: ⨯ Unable to compile TypeScript:
src/controllers/ticket.controller.ts(9,46): error TS6133: 'res' is declared but its value is never read.
src/controllers/ticket.controller.ts(10,11): error TS7022: 'ticketResp' implicitly has type 'any' because it does not have a type annotation and is referenced directly or indirectly in its own initializer.
src/controllers/ticket.controller.ts(11,5): error TS2339: Property 'res' does not exist on type 'UserService'.
src/controllers/ticket.controller.ts(11,14): error TS2448: Block-scoped variable 'ticketResp' used before its declaration.

    at Object.<anonymous> (/home/rabindranath/Documents/Backend/node-api-ts-express-opp/src/controllers/ticket.controller.ts:1:7)
    at Module._compile (node:internal/modules/cjs/loader:1105:14)
    at Module._compile (/home/rabindranath/Documents/Backend/node-api-ts-express-opp/node_modules/source-map-support/source-map-support.js:568:25)
    at Module.m._compile (/tmp/ts-node-dev-hook-1326011033429606.js:69:33)
    at Module._extensions..js (node:internal/modules/cjs/loader:1159:10)
    at require.extensions..jsx.require.extensions..js (/tmp/ts-node-dev-hook-1326011033429606.js:114:20)
    at require.extensions.<computed> (/tmp/ts-node-dev-hook-1326011033429606.js:71:20)
    at Object.nodeDevHook [as .ts] (/home/rabindranath/Documents/Backend/node-api-ts-express-opp/node_modules/ts-node-dev/lib/hook.js:63:13)
    at Module.load (node:internal/modules/cjs/loader:981:32)
    at Function.Module._load (node:internal/modules/cjs/loader:822:12)
2022-11-06 17:01:22 error: uncaughtException: ⨯ Unable to compile TypeScript:
src/controllers/ticket.controller.ts(4,28): error TS2304: Cannot find name 'UserService'.
src/controllers/ticket.controller.ts(8,46): error TS6133: 'res' is declared but its value is never read.
src/controllers/ticket.controller.ts(9,11): error TS7022: 'ticketResp' implicitly has type 'any' because it does not have a type annotation and is referenced directly or indirectly in its own initializer.
src/controllers/ticket.controller.ts(10,14): error TS2448: Block-scoped variable 'ticketResp' used before its declaration.

Error: ⨯ Unable to compile TypeScript:
src/controllers/ticket.controller.ts(4,28): error TS2304: Cannot find name 'UserService'.
src/controllers/ticket.controller.ts(8,46): error TS6133: 'res' is declared but its value is never read.
src/controllers/ticket.controller.ts(9,11): error TS7022: 'ticketResp' implicitly has type 'any' because it does not have a type annotation and is referenced directly or indirectly in its own initializer.
src/controllers/ticket.controller.ts(10,14): error TS2448: Block-scoped variable 'ticketResp' used before its declaration.

    at Object.<anonymous> (/home/rabindranath/Documents/Backend/node-api-ts-express-opp/src/controllers/ticket.controller.ts:1:7)
    at Module._compile (node:internal/modules/cjs/loader:1105:14)
    at Module._compile (/home/rabindranath/Documents/Backend/node-api-ts-express-opp/node_modules/source-map-support/source-map-support.js:568:25)
    at Module.m._compile (/tmp/ts-node-dev-hook-1326011033429606.js:69:33)
    at Module._extensions..js (node:internal/modules/cjs/loader:1159:10)
    at require.extensions..jsx.require.extensions..js (/tmp/ts-node-dev-hook-1326011033429606.js:114:20)
    at require.extensions.<computed> (/tmp/ts-node-dev-hook-1326011033429606.js:71:20)
    at Object.nodeDevHook [as .ts] (/home/rabindranath/Documents/Backend/node-api-ts-express-opp/node_modules/ts-node-dev/lib/hook.js:63:13)
    at Module.load (node:internal/modules/cjs/loader:981:32)
    at Function.Module._load (node:internal/modules/cjs/loader:822:12)
2022-11-06 17:01:31 error: uncaughtException: ⨯ Unable to compile TypeScript:
src/controllers/ticket.controller.ts(4,30): error TS2304: Cannot find name 'TicketService'.
src/controllers/ticket.controller.ts(8,46): error TS6133: 'res' is declared but its value is never read.
src/controllers/ticket.controller.ts(9,11): error TS7022: 'ticketResp' implicitly has type 'any' because it does not have a type annotation and is referenced directly or indirectly in its own initializer.
src/controllers/ticket.controller.ts(9,29): error TS2551: Property 'TicketService' does not exist on type 'TicketController'. Did you mean 'ticketService'?
src/controllers/ticket.controller.ts(10,14): error TS2448: Block-scoped variable 'ticketResp' used before its declaration.
src/controllers/ticket.controller.ts(15,35): error TS2551: Property 'TicketService' does not exist on type 'TicketController'. Did you mean 'ticketService'?

Error: ⨯ Unable to compile TypeScript:
src/controllers/ticket.controller.ts(4,30): error TS2304: Cannot find name 'TicketService'.
src/controllers/ticket.controller.ts(8,46): error TS6133: 'res' is declared but its value is never read.
src/controllers/ticket.controller.ts(9,11): error TS7022: 'ticketResp' implicitly has type 'any' because it does not have a type annotation and is referenced directly or indirectly in its own initializer.
src/controllers/ticket.controller.ts(9,29): error TS2551: Property 'TicketService' does not exist on type 'TicketController'. Did you mean 'ticketService'?
src/controllers/ticket.controller.ts(10,14): error TS2448: Block-scoped variable 'ticketResp' used before its declaration.
src/controllers/ticket.controller.ts(15,35): error TS2551: Property 'TicketService' does not exist on type 'TicketController'. Did you mean 'ticketService'?

    at Object.<anonymous> (/home/rabindranath/Documents/Backend/node-api-ts-express-opp/src/controllers/ticket.controller.ts:1:7)
    at Module._compile (node:internal/modules/cjs/loader:1105:14)
    at Module._compile (/home/rabindranath/Documents/Backend/node-api-ts-express-opp/node_modules/source-map-support/source-map-support.js:568:25)
    at Module.m._compile (/tmp/ts-node-dev-hook-1326011033429606.js:69:33)
    at Module._extensions..js (node:internal/modules/cjs/loader:1159:10)
    at require.extensions..jsx.require.extensions..js (/tmp/ts-node-dev-hook-1326011033429606.js:114:20)
    at require.extensions.<computed> (/tmp/ts-node-dev-hook-1326011033429606.js:71:20)
    at Object.nodeDevHook [as .ts] (/home/rabindranath/Documents/Backend/node-api-ts-express-opp/node_modules/ts-node-dev/lib/hook.js:63:13)
    at Module.load (node:internal/modules/cjs/loader:981:32)
    at Function.Module._load (node:internal/modules/cjs/loader:822:12)
2022-11-06 17:01:36 error: uncaughtException: ⨯ Unable to compile TypeScript:
src/controllers/ticket.controller.ts(4,30): error TS2304: Cannot find name 'TicketService'.
src/controllers/ticket.controller.ts(8,46): error TS6133: 'res' is declared but its value is never read.
src/controllers/ticket.controller.ts(9,11): error TS7022: 'ticketResp' implicitly has type 'any' because it does not have a type annotation and is referenced directly or indirectly in its own initializer.
src/controllers/ticket.controller.ts(10,14): error TS2448: Block-scoped variable 'ticketResp' used before its declaration.

Error: ⨯ Unable to compile TypeScript:
src/controllers/ticket.controller.ts(4,30): error TS2304: Cannot find name 'TicketService'.
src/controllers/ticket.controller.ts(8,46): error TS6133: 'res' is declared but its value is never read.
src/controllers/ticket.controller.ts(9,11): error TS7022: 'ticketResp' implicitly has type 'any' because it does not have a type annotation and is referenced directly or indirectly in its own initializer.
src/controllers/ticket.controller.ts(10,14): error TS2448: Block-scoped variable 'ticketResp' used before its declaration.

    at Object.<anonymous> (/home/rabindranath/Documents/Backend/node-api-ts-express-opp/src/controllers/ticket.controller.ts:1:7)
    at Module._compile (node:internal/modules/cjs/loader:1105:14)
    at Module._compile (/home/rabindranath/Documents/Backend/node-api-ts-express-opp/node_modules/source-map-support/source-map-support.js:568:25)
    at Module.m._compile (/tmp/ts-node-dev-hook-1326011033429606.js:69:33)
    at Module._extensions..js (node:internal/modules/cjs/loader:1159:10)
    at require.extensions..jsx.require.extensions..js (/tmp/ts-node-dev-hook-1326011033429606.js:114:20)
    at require.extensions.<computed> (/tmp/ts-node-dev-hook-1326011033429606.js:71:20)
    at Object.nodeDevHook [as .ts] (/home/rabindranath/Documents/Backend/node-api-ts-express-opp/node_modules/ts-node-dev/lib/hook.js:63:13)
    at Module.load (node:internal/modules/cjs/loader:981:32)
    at Function.Module._load (node:internal/modules/cjs/loader:822:12)
2022-11-06 17:01:42 error: uncaughtException: ⨯ Unable to compile TypeScript:
src/controllers/ticket.controller.ts(9,46): error TS6133: 'res' is declared but its value is never read.
src/controllers/ticket.controller.ts(10,11): error TS7022: 'ticketResp' implicitly has type 'any' because it does not have a type annotation and is referenced directly or indirectly in its own initializer.
src/controllers/ticket.controller.ts(11,5): error TS2339: Property 'res' does not exist on type 'TicketService'.
src/controllers/ticket.controller.ts(11,14): error TS2448: Block-scoped variable 'ticketResp' used before its declaration.

Error: ⨯ Unable to compile TypeScript:
src/controllers/ticket.controller.ts(9,46): error TS6133: 'res' is declared but its value is never read.
src/controllers/ticket.controller.ts(10,11): error TS7022: 'ticketResp' implicitly has type 'any' because it does not have a type annotation and is referenced directly or indirectly in its own initializer.
src/controllers/ticket.controller.ts(11,5): error TS2339: Property 'res' does not exist on type 'TicketService'.
src/controllers/ticket.controller.ts(11,14): error TS2448: Block-scoped variable 'ticketResp' used before its declaration.

    at Object.<anonymous> (/home/rabindranath/Documents/Backend/node-api-ts-express-opp/src/controllers/ticket.controller.ts:1:7)
    at Module._compile (node:internal/modules/cjs/loader:1105:14)
    at Module._compile (/home/rabindranath/Documents/Backend/node-api-ts-express-opp/node_modules/source-map-support/source-map-support.js:568:25)
    at Module.m._compile (/tmp/ts-node-dev-hook-1326011033429606.js:69:33)
    at Module._extensions..js (node:internal/modules/cjs/loader:1159:10)
    at require.extensions..jsx.require.extensions..js (/tmp/ts-node-dev-hook-1326011033429606.js:114:20)
    at require.extensions.<computed> (/tmp/ts-node-dev-hook-1326011033429606.js:71:20)
    at Object.nodeDevHook [as .ts] (/home/rabindranath/Documents/Backend/node-api-ts-express-opp/node_modules/ts-node-dev/lib/hook.js:63:13)
    at Module.load (node:internal/modules/cjs/loader:981:32)
    at Function.Module._load (node:internal/modules/cjs/loader:822:12)
2022-11-06 17:01:47 error: uncaughtException: ⨯ Unable to compile TypeScript:
src/controllers/ticket.controller.ts(9,46): error TS6133: 'res' is declared but its value is never read.
src/controllers/ticket.controller.ts(10,11): error TS7022: 'ticketResp' implicitly has type 'any' because it does not have a type annotation and is referenced directly or indirectly in its own initializer.
src/controllers/ticket.controller.ts(11,5): error TS2339: Property 'res' does not exist on type 'TicketService'.
src/controllers/ticket.controller.ts(11,14): error TS2448: Block-scoped variable 'ticketResp' used before its declaration.

Error: ⨯ Unable to compile TypeScript:
src/controllers/ticket.controller.ts(9,46): error TS6133: 'res' is declared but its value is never read.
src/controllers/ticket.controller.ts(10,11): error TS7022: 'ticketResp' implicitly has type 'any' because it does not have a type annotation and is referenced directly or indirectly in its own initializer.
src/controllers/ticket.controller.ts(11,5): error TS2339: Property 'res' does not exist on type 'TicketService'.
src/controllers/ticket.controller.ts(11,14): error TS2448: Block-scoped variable 'ticketResp' used before its declaration.

    at Object.<anonymous> (/home/rabindranath/Documents/Backend/node-api-ts-express-opp/src/controllers/ticket.controller.ts:1:7)
    at Module._compile (node:internal/modules/cjs/loader:1105:14)
    at Module._compile (/home/rabindranath/Documents/Backend/node-api-ts-express-opp/node_modules/source-map-support/source-map-support.js:568:25)
    at Module.m._compile (/tmp/ts-node-dev-hook-1326011033429606.js:69:33)
    at Module._extensions..js (node:internal/modules/cjs/loader:1159:10)
    at require.extensions..jsx.require.extensions..js (/tmp/ts-node-dev-hook-1326011033429606.js:114:20)
    at require.extensions.<computed> (/tmp/ts-node-dev-hook-1326011033429606.js:71:20)
    at Object.nodeDevHook [as .ts] (/home/rabindranath/Documents/Backend/node-api-ts-express-opp/node_modules/ts-node-dev/lib/hook.js:63:13)
    at Module.load (node:internal/modules/cjs/loader:981:32)
    at Function.Module._load (node:internal/modules/cjs/loader:822:12)
2022-11-06 17:01:55 error: uncaughtException: ⨯ Unable to compile TypeScript:
src/services/ticket.service.ts(18,27): error TS2304: Cannot find name 'User'.

Error: ⨯ Unable to compile TypeScript:
src/services/ticket.service.ts(18,27): error TS2304: Cannot find name 'User'.

    at Object.<anonymous> (/home/rabindranath/Documents/Backend/node-api-ts-express-opp/src/services/ticket.service.ts:1:7)
    at Module._compile (node:internal/modules/cjs/loader:1105:14)
    at Module._compile (/home/rabindranath/Documents/Backend/node-api-ts-express-opp/node_modules/source-map-support/source-map-support.js:568:25)
    at Module.m._compile (/tmp/ts-node-dev-hook-1326011033429606.js:69:33)
    at Module._extensions..js (node:internal/modules/cjs/loader:1159:10)
    at require.extensions..jsx.require.extensions..js (/tmp/ts-node-dev-hook-1326011033429606.js:114:20)
    at require.extensions.<computed> (/tmp/ts-node-dev-hook-1326011033429606.js:71:20)
    at Object.nodeDevHook [as .ts] (/home/rabindranath/Documents/Backend/node-api-ts-express-opp/node_modules/ts-node-dev/lib/hook.js:63:13)
    at Module.load (node:internal/modules/cjs/loader:981:32)
    at Function.Module._load (node:internal/modules/cjs/loader:822:12)
2022-11-06 17:02:22 error: uncaughtException: ⨯ Unable to compile TypeScript:
src/controllers/ticket.controller.ts(16,49): error TS2339: Property 'crea' does not exist on type 'TicketService'.

Error: ⨯ Unable to compile TypeScript:
src/controllers/ticket.controller.ts(16,49): error TS2339: Property 'crea' does not exist on type 'TicketService'.

    at Object.<anonymous> (/home/rabindranath/Documents/Backend/node-api-ts-express-opp/src/controllers/ticket.controller.ts:1:7)
    at Module._compile (node:internal/modules/cjs/loader:1105:14)
    at Module._compile (/home/rabindranath/Documents/Backend/node-api-ts-express-opp/node_modules/source-map-support/source-map-support.js:568:25)
    at Module.m._compile (/tmp/ts-node-dev-hook-1326011033429606.js:69:33)
    at Module._extensions..js (node:internal/modules/cjs/loader:1159:10)
    at require.extensions..jsx.require.extensions..js (/tmp/ts-node-dev-hook-1326011033429606.js:114:20)
    at require.extensions.<computed> (/tmp/ts-node-dev-hook-1326011033429606.js:71:20)
    at Object.nodeDevHook [as .ts] (/home/rabindranath/Documents/Backend/node-api-ts-express-opp/node_modules/ts-node-dev/lib/hook.js:63:13)
    at Module.load (node:internal/modules/cjs/loader:981:32)
    at Function.Module._load (node:internal/modules/cjs/loader:822:12)
2022-11-06 17:20:03 error: uncaughtException: ⨯ Unable to compile TypeScript:
src/services/ticket.service.ts(15,5): error TS2304: Cannot find name 'thi'.

Error: ⨯ Unable to compile TypeScript:
src/services/ticket.service.ts(15,5): error TS2304: Cannot find name 'thi'.

    at Object.<anonymous> (/home/rabindranath/Documents/Backend/node-api-ts-express-opp/src/services/ticket.service.ts:1:7)
    at Module._compile (node:internal/modules/cjs/loader:1105:14)
    at Module._compile (/home/rabindranath/Documents/Backend/node-api-ts-express-opp/node_modules/source-map-support/source-map-support.js:568:25)
    at Module.m._compile (/tmp/ts-node-dev-hook-5012184769150694.js:69:33)
    at Module._extensions..js (node:internal/modules/cjs/loader:1159:10)
    at require.extensions..jsx.require.extensions..js (/tmp/ts-node-dev-hook-5012184769150694.js:114:20)
    at require.extensions.<computed> (/tmp/ts-node-dev-hook-5012184769150694.js:71:20)
    at Object.nodeDevHook [as .ts] (/home/rabindranath/Documents/Backend/node-api-ts-express-opp/node_modules/ts-node-dev/lib/hook.js:63:13)
    at Module.load (node:internal/modules/cjs/loader:981:32)
    at Function.Module._load (node:internal/modules/cjs/loader:822:12)
2022-11-06 17:20:12 error: uncaughtException: ⨯ Unable to compile TypeScript:
src/services/ticket.service.ts(15,11): error TS1155: 'const' declarations must be initialized.
src/services/ticket.service.ts(15,11): error TS6133: 'ticket' is declared but its value is never read.
src/services/ticket.service.ts(15,11): error TS7005: Variable 'ticket' implicitly has an 'any' type.

Error: ⨯ Unable to compile TypeScript:
src/services/ticket.service.ts(15,11): error TS1155: 'const' declarations must be initialized.
src/services/ticket.service.ts(15,11): error TS6133: 'ticket' is declared but its value is never read.
src/services/ticket.service.ts(15,11): error TS7005: Variable 'ticket' implicitly has an 'any' type.

    at Object.<anonymous> (/home/rabindranath/Documents/Backend/node-api-ts-express-opp/src/services/ticket.service.ts:1:7)
    at Module._compile (node:internal/modules/cjs/loader:1105:14)
    at Module._compile (/home/rabindranath/Documents/Backend/node-api-ts-express-opp/node_modules/source-map-support/source-map-support.js:568:25)
    at Module.m._compile (/tmp/ts-node-dev-hook-5012184769150694.js:69:33)
    at Module._extensions..js (node:internal/modules/cjs/loader:1159:10)
    at require.extensions..jsx.require.extensions..js (/tmp/ts-node-dev-hook-5012184769150694.js:114:20)
    at require.extensions.<computed> (/tmp/ts-node-dev-hook-5012184769150694.js:71:20)
    at Object.nodeDevHook [as .ts] (/home/rabindranath/Documents/Backend/node-api-ts-express-opp/node_modules/ts-node-dev/lib/hook.js:63:13)
    at Module.load (node:internal/modules/cjs/loader:981:32)
    at Function.Module._load (node:internal/modules/cjs/loader:822:12)
2022-11-06 17:20:26 error: uncaughtException: ⨯ Unable to compile TypeScript:
src/services/ticket.service.ts(15,11): error TS6133: 'newTicket' is declared but its value is never read.
src/services/ticket.service.ts(15,28): error TS2339: Property 'to' does not exist on type 'TicketService'.

Error: ⨯ Unable to compile TypeScript:
src/services/ticket.service.ts(15,11): error TS6133: 'newTicket' is declared but its value is never read.
src/services/ticket.service.ts(15,28): error TS2339: Property 'to' does not exist on type 'TicketService'.

    at Object.<anonymous> (/home/rabindranath/Documents/Backend/node-api-ts-express-opp/src/services/ticket.service.ts:1:7)
    at Module._compile (node:internal/modules/cjs/loader:1105:14)
    at Module._compile (/home/rabindranath/Documents/Backend/node-api-ts-express-opp/node_modules/source-map-support/source-map-support.js:568:25)
    at Module.m._compile (/tmp/ts-node-dev-hook-5012184769150694.js:69:33)
    at Module._extensions..js (node:internal/modules/cjs/loader:1159:10)
    at require.extensions..jsx.require.extensions..js (/tmp/ts-node-dev-hook-5012184769150694.js:114:20)
    at require.extensions.<computed> (/tmp/ts-node-dev-hook-5012184769150694.js:71:20)
    at Object.nodeDevHook [as .ts] (/home/rabindranath/Documents/Backend/node-api-ts-express-opp/node_modules/ts-node-dev/lib/hook.js:63:13)
    at Module.load (node:internal/modules/cjs/loader:981:32)
    at Function.Module._load (node:internal/modules/cjs/loader:822:12)
2022-11-06 17:20:34 error: uncaughtException: ⨯ Unable to compile TypeScript:
src/services/ticket.service.ts(15,11): error TS6133: 'newTicket' is declared but its value is never read.
src/services/ticket.service.ts(15,28): error TS2551: Property 'ticker' does not exist on type 'TicketService'. Did you mean 'ticket'?

Error: ⨯ Unable to compile TypeScript:
src/services/ticket.service.ts(15,11): error TS6133: 'newTicket' is declared but its value is never read.
src/services/ticket.service.ts(15,28): error TS2551: Property 'ticker' does not exist on type 'TicketService'. Did you mean 'ticket'?

    at Object.<anonymous> (/home/rabindranath/Documents/Backend/node-api-ts-express-opp/src/services/ticket.service.ts:1:7)
    at Module._compile (node:internal/modules/cjs/loader:1105:14)
    at Module._compile (/home/rabindranath/Documents/Backend/node-api-ts-express-opp/node_modules/source-map-support/source-map-support.js:568:25)
    at Module.m._compile (/tmp/ts-node-dev-hook-5012184769150694.js:69:33)
    at Module._extensions..js (node:internal/modules/cjs/loader:1159:10)
    at require.extensions..jsx.require.extensions..js (/tmp/ts-node-dev-hook-5012184769150694.js:114:20)
    at require.extensions.<computed> (/tmp/ts-node-dev-hook-5012184769150694.js:71:20)
    at Object.nodeDevHook [as .ts] (/home/rabindranath/Documents/Backend/node-api-ts-express-opp/node_modules/ts-node-dev/lib/hook.js:63:13)
    at Module.load (node:internal/modules/cjs/loader:981:32)
    at Function.Module._load (node:internal/modules/cjs/loader:822:12)
2022-11-06 17:20:41 error: uncaughtException: ⨯ Unable to compile TypeScript:
src/services/ticket.service.ts(15,11): error TS6133: 'newTicket' is declared but its value is never read.
src/services/ticket.service.ts(15,28): error TS2551: Property 'ticke' does not exist on type 'TicketService'. Did you mean 'ticket'?

Error: ⨯ Unable to compile TypeScript:
src/services/ticket.service.ts(15,11): error TS6133: 'newTicket' is declared but its value is never read.
src/services/ticket.service.ts(15,28): error TS2551: Property 'ticke' does not exist on type 'TicketService'. Did you mean 'ticket'?

    at Object.<anonymous> (/home/rabindranath/Documents/Backend/node-api-ts-express-opp/src/services/ticket.service.ts:1:7)
    at Module._compile (node:internal/modules/cjs/loader:1105:14)
    at Module._compile (/home/rabindranath/Documents/Backend/node-api-ts-express-opp/node_modules/source-map-support/source-map-support.js:568:25)
    at Module.m._compile (/tmp/ts-node-dev-hook-5012184769150694.js:69:33)
    at Module._extensions..js (node:internal/modules/cjs/loader:1159:10)
    at require.extensions..jsx.require.extensions..js (/tmp/ts-node-dev-hook-5012184769150694.js:114:20)
    at require.extensions.<computed> (/tmp/ts-node-dev-hook-5012184769150694.js:71:20)
    at Object.nodeDevHook [as .ts] (/home/rabindranath/Documents/Backend/node-api-ts-express-opp/node_modules/ts-node-dev/lib/hook.js:63:13)
    at Module.load (node:internal/modules/cjs/loader:981:32)
    at Function.Module._load (node:internal/modules/cjs/loader:822:12)
2022-11-06 17:20:46 error: uncaughtException: ⨯ Unable to compile TypeScript:
src/services/ticket.service.ts(15,11): error TS6133: 'newTicket' is declared but its value is never read.

Error: ⨯ Unable to compile TypeScript:
src/services/ticket.service.ts(15,11): error TS6133: 'newTicket' is declared but its value is never read.

    at Object.<anonymous> (/home/rabindranath/Documents/Backend/node-api-ts-express-opp/src/services/ticket.service.ts:1:7)
    at Module._compile (node:internal/modules/cjs/loader:1105:14)
    at Module._compile (/home/rabindranath/Documents/Backend/node-api-ts-express-opp/node_modules/source-map-support/source-map-support.js:568:25)
    at Module.m._compile (/tmp/ts-node-dev-hook-5012184769150694.js:69:33)
    at Module._extensions..js (node:internal/modules/cjs/loader:1159:10)
    at require.extensions..jsx.require.extensions..js (/tmp/ts-node-dev-hook-5012184769150694.js:114:20)
    at require.extensions.<computed> (/tmp/ts-node-dev-hook-5012184769150694.js:71:20)
    at Object.nodeDevHook [as .ts] (/home/rabindranath/Documents/Backend/node-api-ts-express-opp/node_modules/ts-node-dev/lib/hook.js:63:13)
    at Module.load (node:internal/modules/cjs/loader:981:32)
    at Function.Module._load (node:internal/modules/cjs/loader:822:12)
2022-11-06 17:20:58 error: uncaughtException: ⨯ Unable to compile TypeScript:
src/services/ticket.service.ts(15,11): error TS6133: 'newTicket' is declared but its value is never read.

Error: ⨯ Unable to compile TypeScript:
src/services/ticket.service.ts(15,11): error TS6133: 'newTicket' is declared but its value is never read.

    at Object.<anonymous> (/home/rabindranath/Documents/Backend/node-api-ts-express-opp/src/services/ticket.service.ts:1:7)
    at Module._compile (node:internal/modules/cjs/loader:1105:14)
    at Module._compile (/home/rabindranath/Documents/Backend/node-api-ts-express-opp/node_modules/source-map-support/source-map-support.js:568:25)
    at Module.m._compile (/tmp/ts-node-dev-hook-5012184769150694.js:69:33)
    at Module._extensions..js (node:internal/modules/cjs/loader:1159:10)
    at require.extensions..jsx.require.extensions..js (/tmp/ts-node-dev-hook-5012184769150694.js:114:20)
    at require.extensions.<computed> (/tmp/ts-node-dev-hook-5012184769150694.js:71:20)
    at Object.nodeDevHook [as .ts] (/home/rabindranath/Documents/Backend/node-api-ts-express-opp/node_modules/ts-node-dev/lib/hook.js:63:13)
    at Module.load (node:internal/modules/cjs/loader:981:32)
    at Function.Module._load (node:internal/modules/cjs/loader:822:12)
2022-11-06 17:21:35 error: uncaughtException: ⨯ Unable to compile TypeScript:
src/services/ticket.service.ts(15,11): error TS6133: 'newTicket' is declared but its value is never read.

Error: ⨯ Unable to compile TypeScript:
src/services/ticket.service.ts(15,11): error TS6133: 'newTicket' is declared but its value is never read.

    at Object.<anonymous> (/home/rabindranath/Documents/Backend/node-api-ts-express-opp/src/services/ticket.service.ts:1:7)
    at Module._compile (node:internal/modules/cjs/loader:1105:14)
    at Module._compile (/home/rabindranath/Documents/Backend/node-api-ts-express-opp/node_modules/source-map-support/source-map-support.js:568:25)
    at Module.m._compile (/tmp/ts-node-dev-hook-5012184769150694.js:69:33)
    at Module._extensions..js (node:internal/modules/cjs/loader:1159:10)
    at require.extensions..jsx.require.extensions..js (/tmp/ts-node-dev-hook-5012184769150694.js:114:20)
    at require.extensions.<computed> (/tmp/ts-node-dev-hook-5012184769150694.js:71:20)
    at Object.nodeDevHook [as .ts] (/home/rabindranath/Documents/Backend/node-api-ts-express-opp/node_modules/ts-node-dev/lib/hook.js:63:13)
    at Module.load (node:internal/modules/cjs/loader:981:32)
    at Function.Module._load (node:internal/modules/cjs/loader:822:12)
2022-11-06 17:23:25 error: uncaughtException: ⨯ Unable to compile TypeScript:
src/services/ticket.service.ts(13,22): error TS2304: Cannot find name 'Ticket'.

Error: ⨯ Unable to compile TypeScript:
src/services/ticket.service.ts(13,22): error TS2304: Cannot find name 'Ticket'.

    at Object.<anonymous> (/home/rabindranath/Documents/Backend/node-api-ts-express-opp/src/services/ticket.service.ts:1:7)
    at Module._compile (node:internal/modules/cjs/loader:1105:14)
    at Module._compile (/home/rabindranath/Documents/Backend/node-api-ts-express-opp/node_modules/source-map-support/source-map-support.js:568:25)
    at Module.m._compile (/tmp/ts-node-dev-hook-5012184769150694.js:69:33)
    at Module._extensions..js (node:internal/modules/cjs/loader:1159:10)
    at require.extensions..jsx.require.extensions..js (/tmp/ts-node-dev-hook-5012184769150694.js:114:20)
    at require.extensions.<computed> (/tmp/ts-node-dev-hook-5012184769150694.js:71:20)
    at Object.nodeDevHook [as .ts] (/home/rabindranath/Documents/Backend/node-api-ts-express-opp/node_modules/ts-node-dev/lib/hook.js:63:13)
    at Module.load (node:internal/modules/cjs/loader:981:32)
    at Function.Module._load (node:internal/modules/cjs/loader:822:12)
2022-11-06 17:23:31 error: uncaughtException: ⨯ Unable to compile TypeScript:
src/services/ticket.service.ts(14,11): error TS2740: Type 'Promise<Ticket & Document<any, any, any> & { _id: ObjectId; }>' is missing the following properties from type 'Ticket': _id, nameEvent, description, typeEvent, and 3 more.

Error: ⨯ Unable to compile TypeScript:
src/services/ticket.service.ts(14,11): error TS2740: Type 'Promise<Ticket & Document<any, any, any> & { _id: ObjectId; }>' is missing the following properties from type 'Ticket': _id, nameEvent, description, typeEvent, and 3 more.

    at Object.<anonymous> (/home/rabindranath/Documents/Backend/node-api-ts-express-opp/src/services/ticket.service.ts:1:7)
    at Module._compile (node:internal/modules/cjs/loader:1105:14)
    at Module._compile (/home/rabindranath/Documents/Backend/node-api-ts-express-opp/node_modules/source-map-support/source-map-support.js:568:25)
    at Module.m._compile (/tmp/ts-node-dev-hook-5012184769150694.js:69:33)
    at Module._extensions..js (node:internal/modules/cjs/loader:1159:10)
    at require.extensions..jsx.require.extensions..js (/tmp/ts-node-dev-hook-5012184769150694.js:114:20)
    at require.extensions.<computed> (/tmp/ts-node-dev-hook-5012184769150694.js:71:20)
    at Object.nodeDevHook [as .ts] (/home/rabindranath/Documents/Backend/node-api-ts-express-opp/node_modules/ts-node-dev/lib/hook.js:63:13)
    at Module.load (node:internal/modules/cjs/loader:981:32)
    at Function.Module._load (node:internal/modules/cjs/loader:822:12)
2022-11-06 17:23:40 error: uncaughtException: ⨯ Unable to compile TypeScript:
src/services/ticket.service.ts(14,11): error TS2740: Type 'Promise<Ticket & Document<any, any, any> & { _id: ObjectId; }>' is missing the following properties from type 'Ticket': _id, nameEvent, description, typeEvent, and 3 more.

Error: ⨯ Unable to compile TypeScript:
src/services/ticket.service.ts(14,11): error TS2740: Type 'Promise<Ticket & Document<any, any, any> & { _id: ObjectId; }>' is missing the following properties from type 'Ticket': _id, nameEvent, description, typeEvent, and 3 more.

    at Object.<anonymous> (/home/rabindranath/Documents/Backend/node-api-ts-express-opp/src/services/ticket.service.ts:1:7)
    at Module._compile (node:internal/modules/cjs/loader:1105:14)
    at Module._compile (/home/rabindranath/Documents/Backend/node-api-ts-express-opp/node_modules/source-map-support/source-map-support.js:568:25)
    at Module.m._compile (/tmp/ts-node-dev-hook-5012184769150694.js:69:33)
    at Module._extensions..js (node:internal/modules/cjs/loader:1159:10)
    at require.extensions..jsx.require.extensions..js (/tmp/ts-node-dev-hook-5012184769150694.js:114:20)
    at require.extensions.<computed> (/tmp/ts-node-dev-hook-5012184769150694.js:71:20)
    at Object.nodeDevHook [as .ts] (/home/rabindranath/Documents/Backend/node-api-ts-express-opp/node_modules/ts-node-dev/lib/hook.js:63:13)
    at Module.load (node:internal/modules/cjs/loader:981:32)
    at Function.Module._load (node:internal/modules/cjs/loader:822:12)
2022-11-06 17:23:57 error: uncaughtException: ⨯ Unable to compile TypeScript:
src/services/ticket.service.ts(14,11): error TS2740: Type 'Promise<Ticket & Document<any, any, any> & { _id: ObjectId; }>' is missing the following properties from type 'Ticket': _id, nameEvent, description, typeEvent, and 3 more.

Error: ⨯ Unable to compile TypeScript:
src/services/ticket.service.ts(14,11): error TS2740: Type 'Promise<Ticket & Document<any, any, any> & { _id: ObjectId; }>' is missing the following properties from type 'Ticket': _id, nameEvent, description, typeEvent, and 3 more.

    at Object.<anonymous> (/home/rabindranath/Documents/Backend/node-api-ts-express-opp/src/services/ticket.service.ts:1:7)
    at Module._compile (node:internal/modules/cjs/loader:1105:14)
    at Module._compile (/home/rabindranath/Documents/Backend/node-api-ts-express-opp/node_modules/source-map-support/source-map-support.js:568:25)
    at Module.m._compile (/tmp/ts-node-dev-hook-5012184769150694.js:69:33)
    at Module._extensions..js (node:internal/modules/cjs/loader:1159:10)
    at require.extensions..jsx.require.extensions..js (/tmp/ts-node-dev-hook-5012184769150694.js:114:20)
    at require.extensions.<computed> (/tmp/ts-node-dev-hook-5012184769150694.js:71:20)
    at Object.nodeDevHook [as .ts] (/home/rabindranath/Documents/Backend/node-api-ts-express-opp/node_modules/ts-node-dev/lib/hook.js:63:13)
    at Module.load (node:internal/modules/cjs/loader:981:32)
    at Function.Module._load (node:internal/modules/cjs/loader:822:12)
2022-11-06 17:25:06 error: uncaughtException: ⨯ Unable to compile TypeScript:
src/services/ticket.service.ts(14,11): error TS2740: Type 'Promise<Ticket & Document<any, any, any> & { _id: ObjectId; }>' is missing the following properties from type 'Ticket': _id, nameEvent, description, typeEvent, and 3 more.

Error: ⨯ Unable to compile TypeScript:
src/services/ticket.service.ts(14,11): error TS2740: Type 'Promise<Ticket & Document<any, any, any> & { _id: ObjectId; }>' is missing the following properties from type 'Ticket': _id, nameEvent, description, typeEvent, and 3 more.

    at Object.<anonymous> (/home/rabindranath/Documents/Backend/node-api-ts-express-opp/src/services/ticket.service.ts:1:7)
    at Module._compile (node:internal/modules/cjs/loader:1105:14)
    at Module._compile (/home/rabindranath/Documents/Backend/node-api-ts-express-opp/node_modules/source-map-support/source-map-support.js:568:25)
    at Module.m._compile (/tmp/ts-node-dev-hook-6866847152149396.js:69:33)
    at Module._extensions..js (node:internal/modules/cjs/loader:1159:10)
    at require.extensions..jsx.require.extensions..js (/tmp/ts-node-dev-hook-6866847152149396.js:114:20)
    at require.extensions.<computed> (/tmp/ts-node-dev-hook-6866847152149396.js:71:20)
    at Object.nodeDevHook [as .ts] (/home/rabindranath/Documents/Backend/node-api-ts-express-opp/node_modules/ts-node-dev/lib/hook.js:63:13)
    at Module.load (node:internal/modules/cjs/loader:981:32)
    at Function.Module._load (node:internal/modules/cjs/loader:822:12)
2022-11-06 17:27:16 error: uncaughtException: ⨯ Unable to compile TypeScript:
src/services/ticket.service.ts(10,11): error TS1155: 'const' declarations must be initialized.
src/services/ticket.service.ts(10,11): error TS6133: 'allTickets' is declared but its value is never read.
src/services/ticket.service.ts(10,11): error TS7005: Variable 'allTickets' implicitly has an 'any' type.

Error: ⨯ Unable to compile TypeScript:
src/services/ticket.service.ts(10,11): error TS1155: 'const' declarations must be initialized.
src/services/ticket.service.ts(10,11): error TS6133: 'allTickets' is declared but its value is never read.
src/services/ticket.service.ts(10,11): error TS7005: Variable 'allTickets' implicitly has an 'any' type.

    at Object.<anonymous> (/home/rabindranath/Documents/Backend/node-api-ts-express-opp/src/services/ticket.service.ts:1:7)
    at Module._compile (node:internal/modules/cjs/loader:1105:14)
    at Module._compile (/home/rabindranath/Documents/Backend/node-api-ts-express-opp/node_modules/source-map-support/source-map-support.js:568:25)
    at Module.m._compile (/tmp/ts-node-dev-hook-6866847152149396.js:69:33)
    at Module._extensions..js (node:internal/modules/cjs/loader:1159:10)
    at require.extensions..jsx.require.extensions..js (/tmp/ts-node-dev-hook-6866847152149396.js:114:20)
    at require.extensions.<computed> (/tmp/ts-node-dev-hook-6866847152149396.js:71:20)
    at Object.nodeDevHook [as .ts] (/home/rabindranath/Documents/Backend/node-api-ts-express-opp/node_modules/ts-node-dev/lib/hook.js:63:13)
    at Module.load (node:internal/modules/cjs/loader:981:32)
    at Function.Module._load (node:internal/modules/cjs/loader:822:12)
2022-11-06 17:27:25 error: uncaughtException: ⨯ Unable to compile TypeScript:
src/services/ticket.service.ts(10,11): error TS6133: 'allTickets' is declared but its value is never read.

Error: ⨯ Unable to compile TypeScript:
src/services/ticket.service.ts(10,11): error TS6133: 'allTickets' is declared but its value is never read.

    at Object.<anonymous> (/home/rabindranath/Documents/Backend/node-api-ts-express-opp/src/services/ticket.service.ts:1:7)
    at Module._compile (node:internal/modules/cjs/loader:1105:14)
    at Module._compile (/home/rabindranath/Documents/Backend/node-api-ts-express-opp/node_modules/source-map-support/source-map-support.js:568:25)
    at Module.m._compile (/tmp/ts-node-dev-hook-6866847152149396.js:69:33)
    at Module._extensions..js (node:internal/modules/cjs/loader:1159:10)
    at require.extensions..jsx.require.extensions..js (/tmp/ts-node-dev-hook-6866847152149396.js:114:20)
    at require.extensions.<computed> (/tmp/ts-node-dev-hook-6866847152149396.js:71:20)
    at Object.nodeDevHook [as .ts] (/home/rabindranath/Documents/Backend/node-api-ts-express-opp/node_modules/ts-node-dev/lib/hook.js:63:13)
    at Module.load (node:internal/modules/cjs/loader:981:32)
    at Function.Module._load (node:internal/modules/cjs/loader:822:12)
2022-11-06 17:27:38 error: uncaughtException: ⨯ Unable to compile TypeScript:
src/services/ticket.service.ts(10,24): error TS1110: Type expected.

Error: ⨯ Unable to compile TypeScript:
src/services/ticket.service.ts(10,24): error TS1110: Type expected.

    at Object.<anonymous> (/home/rabindranath/Documents/Backend/node-api-ts-express-opp/src/services/ticket.service.ts:1:7)
    at Module._compile (node:internal/modules/cjs/loader:1105:14)
    at Module._compile (/home/rabindranath/Documents/Backend/node-api-ts-express-opp/node_modules/source-map-support/source-map-support.js:568:25)
    at Module.m._compile (/tmp/ts-node-dev-hook-6866847152149396.js:69:33)
    at Module._extensions..js (node:internal/modules/cjs/loader:1159:10)
    at require.extensions..jsx.require.extensions..js (/tmp/ts-node-dev-hook-6866847152149396.js:114:20)
    at require.extensions.<computed> (/tmp/ts-node-dev-hook-6866847152149396.js:71:20)
    at Object.nodeDevHook [as .ts] (/home/rabindranath/Documents/Backend/node-api-ts-express-opp/node_modules/ts-node-dev/lib/hook.js:63:13)
    at Module.load (node:internal/modules/cjs/loader:981:32)
    at Function.Module._load (node:internal/modules/cjs/loader:822:12)
2022-11-06 17:27:45 error: uncaughtException: ⨯ Unable to compile TypeScript:
src/services/ticket.service.ts(10,11): error TS2740: Type 'Query<(Ticket & Document<any, any, any> & { _id: ObjectId; })[], Ticket & Document<any, any, any> & { _id: ObjectId; }, {}, Ticket & Document<...>>' is missing the following properties from type 'Ticket[]': length, pop, push, concat, and 26 more.

Error: ⨯ Unable to compile TypeScript:
src/services/ticket.service.ts(10,11): error TS2740: Type 'Query<(Ticket & Document<any, any, any> & { _id: ObjectId; })[], Ticket & Document<any, any, any> & { _id: ObjectId; }, {}, Ticket & Document<...>>' is missing the following properties from type 'Ticket[]': length, pop, push, concat, and 26 more.

    at Object.<anonymous> (/home/rabindranath/Documents/Backend/node-api-ts-express-opp/src/services/ticket.service.ts:1:7)
    at Module._compile (node:internal/modules/cjs/loader:1105:14)
    at Module._compile (/home/rabindranath/Documents/Backend/node-api-ts-express-opp/node_modules/source-map-support/source-map-support.js:568:25)
    at Module.m._compile (/tmp/ts-node-dev-hook-6866847152149396.js:69:33)
    at Module._extensions..js (node:internal/modules/cjs/loader:1159:10)
    at require.extensions..jsx.require.extensions..js (/tmp/ts-node-dev-hook-6866847152149396.js:114:20)
    at require.extensions.<computed> (/tmp/ts-node-dev-hook-6866847152149396.js:71:20)
    at Object.nodeDevHook [as .ts] (/home/rabindranath/Documents/Backend/node-api-ts-express-opp/node_modules/ts-node-dev/lib/hook.js:63:13)
    at Module.load (node:internal/modules/cjs/loader:981:32)
    at Function.Module._load (node:internal/modules/cjs/loader:822:12)
2022-11-06 17:27:52 error: uncaughtException: ⨯ Unable to compile TypeScript:
src/services/ticket.service.ts(11,5): error TS2740: Type 'Query<(Ticket & Document<any, any, any> & { _id: ObjectId; })[], Ticket & Document<any, any, any> & { _id: ObjectId; }, {}, Ticket & Document<...>>' is missing the following properties from type 'Ticket[]': length, pop, push, concat, and 26 more.

Error: ⨯ Unable to compile TypeScript:
src/services/ticket.service.ts(11,5): error TS2740: Type 'Query<(Ticket & Document<any, any, any> & { _id: ObjectId; })[], Ticket & Document<any, any, any> & { _id: ObjectId; }, {}, Ticket & Document<...>>' is missing the following properties from type 'Ticket[]': length, pop, push, concat, and 26 more.

    at Object.<anonymous> (/home/rabindranath/Documents/Backend/node-api-ts-express-opp/src/services/ticket.service.ts:1:7)
    at Module._compile (node:internal/modules/cjs/loader:1105:14)
    at Module._compile (/home/rabindranath/Documents/Backend/node-api-ts-express-opp/node_modules/source-map-support/source-map-support.js:568:25)
    at Module.m._compile (/tmp/ts-node-dev-hook-6866847152149396.js:69:33)
    at Module._extensions..js (node:internal/modules/cjs/loader:1159:10)
    at require.extensions..jsx.require.extensions..js (/tmp/ts-node-dev-hook-6866847152149396.js:114:20)
    at require.extensions.<computed> (/tmp/ts-node-dev-hook-6866847152149396.js:71:20)
    at Object.nodeDevHook [as .ts] (/home/rabindranath/Documents/Backend/node-api-ts-express-opp/node_modules/ts-node-dev/lib/hook.js:63:13)
    at Module.load (node:internal/modules/cjs/loader:981:32)
    at Function.Module._load (node:internal/modules/cjs/loader:822:12)
2022-11-06 17:28:10 error: uncaughtException: ⨯ Unable to compile TypeScript:
src/services/ticket.service.ts(11,5): error TS2740: Type 'Query<(Ticket & Document<any, any, any> & { _id: ObjectId; })[], Ticket & Document<any, any, any> & { _id: ObjectId; }, {}, Ticket & Document<...>>' is missing the following properties from type 'any[]': length, pop, push, concat, and 26 more.

Error: ⨯ Unable to compile TypeScript:
src/services/ticket.service.ts(11,5): error TS2740: Type 'Query<(Ticket & Document<any, any, any> & { _id: ObjectId; })[], Ticket & Document<any, any, any> & { _id: ObjectId; }, {}, Ticket & Document<...>>' is missing the following properties from type 'any[]': length, pop, push, concat, and 26 more.

    at Object.<anonymous> (/home/rabindranath/Documents/Backend/node-api-ts-express-opp/src/services/ticket.service.ts:1:7)
    at Module._compile (node:internal/modules/cjs/loader:1105:14)
    at Module._compile (/home/rabindranath/Documents/Backend/node-api-ts-express-opp/node_modules/source-map-support/source-map-support.js:568:25)
    at Module.m._compile (/tmp/ts-node-dev-hook-6866847152149396.js:69:33)
    at Module._extensions..js (node:internal/modules/cjs/loader:1159:10)
    at require.extensions..jsx.require.extensions..js (/tmp/ts-node-dev-hook-6866847152149396.js:114:20)
    at require.extensions.<computed> (/tmp/ts-node-dev-hook-6866847152149396.js:71:20)
    at Object.nodeDevHook [as .ts] (/home/rabindranath/Documents/Backend/node-api-ts-express-opp/node_modules/ts-node-dev/lib/hook.js:63:13)
    at Module.load (node:internal/modules/cjs/loader:981:32)
    at Function.Module._load (node:internal/modules/cjs/loader:822:12)
2022-11-06 17:28:22 error: uncaughtException: ⨯ Unable to compile TypeScript:
src/services/ticket.service.ts(11,5): error TS2740: Type 'Query<(Ticket & Document<any, any, any> & { _id: ObjectId; })[], Ticket & Document<any, any, any> & { _id: ObjectId; }, {}, Ticket & Document<...>>' is missing the following properties from type 'any[]': length, pop, push, concat, and 26 more.

Error: ⨯ Unable to compile TypeScript:
src/services/ticket.service.ts(11,5): error TS2740: Type 'Query<(Ticket & Document<any, any, any> & { _id: ObjectId; })[], Ticket & Document<any, any, any> & { _id: ObjectId; }, {}, Ticket & Document<...>>' is missing the following properties from type 'any[]': length, pop, push, concat, and 26 more.

    at Object.<anonymous> (/home/rabindranath/Documents/Backend/node-api-ts-express-opp/src/services/ticket.service.ts:1:7)
    at Module._compile (node:internal/modules/cjs/loader:1105:14)
    at Module._compile (/home/rabindranath/Documents/Backend/node-api-ts-express-opp/node_modules/source-map-support/source-map-support.js:568:25)
    at Module.m._compile (/tmp/ts-node-dev-hook-506206107759722.js:69:33)
    at Module._extensions..js (node:internal/modules/cjs/loader:1159:10)
    at require.extensions..jsx.require.extensions..js (/tmp/ts-node-dev-hook-506206107759722.js:114:20)
    at require.extensions.<computed> (/tmp/ts-node-dev-hook-506206107759722.js:71:20)
    at Object.nodeDevHook [as .ts] (/home/rabindranath/Documents/Backend/node-api-ts-express-opp/node_modules/ts-node-dev/lib/hook.js:63:13)
    at Module.load (node:internal/modules/cjs/loader:981:32)
    at Function.Module._load (node:internal/modules/cjs/loader:822:12)
2022-11-06 17:31:52 error: uncaughtException: ⨯ Unable to compile TypeScript:
src/services/ticket.service.ts(8,33): error TS1064: The return type of an async function or method must be the global Promise<T> type. Did you mean to write 'Promise<any[]>'?

Error: ⨯ Unable to compile TypeScript:
src/services/ticket.service.ts(8,33): error TS1064: The return type of an async function or method must be the global Promise<T> type. Did you mean to write 'Promise<any[]>'?

    at Object.<anonymous> (/home/rabindranath/Documents/Backend/node-api-ts-express-opp/src/services/ticket.service.ts:1:7)
    at Module._compile (node:internal/modules/cjs/loader:1105:14)
    at Module._compile (/home/rabindranath/Documents/Backend/node-api-ts-express-opp/node_modules/source-map-support/source-map-support.js:568:25)
    at Module.m._compile (/tmp/ts-node-dev-hook-506206107759722.js:69:33)
    at Module._extensions..js (node:internal/modules/cjs/loader:1159:10)
    at require.extensions..jsx.require.extensions..js (/tmp/ts-node-dev-hook-506206107759722.js:114:20)
    at require.extensions.<computed> (/tmp/ts-node-dev-hook-506206107759722.js:71:20)
    at Object.nodeDevHook [as .ts] (/home/rabindranath/Documents/Backend/node-api-ts-express-opp/node_modules/ts-node-dev/lib/hook.js:63:13)
    at Module.load (node:internal/modules/cjs/loader:981:32)
    at Function.Module._load (node:internal/modules/cjs/loader:822:12)
2022-11-06 17:33:31 error: uncaughtException: ⨯ Unable to compile TypeScript:
src/controllers/ticket.controller.ts(9,10): error TS1042: 'async' modifier cannot be used here.
src/controllers/ticket.controller.ts(10,24): error TS1308: 'await' expressions are only allowed within async functions and at the top levels of modules.

Error: ⨯ Unable to compile TypeScript:
src/controllers/ticket.controller.ts(9,10): error TS1042: 'async' modifier cannot be used here.
src/controllers/ticket.controller.ts(10,24): error TS1308: 'await' expressions are only allowed within async functions and at the top levels of modules.

    at Object.<anonymous> (/home/rabindranath/Documents/Backend/node-api-ts-express-opp/src/controllers/ticket.controller.ts:1:7)
    at Module._compile (node:internal/modules/cjs/loader:1105:14)
    at Module._compile (/home/rabindranath/Documents/Backend/node-api-ts-express-opp/node_modules/source-map-support/source-map-support.js:568:25)
    at Module.m._compile (/tmp/ts-node-dev-hook-5083899052461933.js:69:33)
    at Module._extensions..js (node:internal/modules/cjs/loader:1159:10)
    at require.extensions..jsx.require.extensions..js (/tmp/ts-node-dev-hook-5083899052461933.js:114:20)
    at require.extensions.<computed> (/tmp/ts-node-dev-hook-5083899052461933.js:71:20)
    at Object.nodeDevHook [as .ts] (/home/rabindranath/Documents/Backend/node-api-ts-express-opp/node_modules/ts-node-dev/lib/hook.js:63:13)
    at Module.load (node:internal/modules/cjs/loader:981:32)
    at Function.Module._load (node:internal/modules/cjs/loader:822:12)
2022-11-06 17:35:34 error: uncaughtException: ⨯ Unable to compile TypeScript:
src/controllers/ticket.controller.ts(10,23): error TS2304: Cannot find name 'Ticket'.

Error: ⨯ Unable to compile TypeScript:
src/controllers/ticket.controller.ts(10,23): error TS2304: Cannot find name 'Ticket'.

    at Object.<anonymous> (/home/rabindranath/Documents/Backend/node-api-ts-express-opp/src/controllers/ticket.controller.ts:1:7)
    at Module._compile (node:internal/modules/cjs/loader:1105:14)
    at Module._compile (/home/rabindranath/Documents/Backend/node-api-ts-express-opp/node_modules/source-map-support/source-map-support.js:568:25)
    at Module.m._compile (/tmp/ts-node-dev-hook-5083899052461933.js:69:33)
    at Module._extensions..js (node:internal/modules/cjs/loader:1159:10)
    at require.extensions..jsx.require.extensions..js (/tmp/ts-node-dev-hook-5083899052461933.js:114:20)
    at require.extensions.<computed> (/tmp/ts-node-dev-hook-5083899052461933.js:71:20)
    at Object.nodeDevHook [as .ts] (/home/rabindranath/Documents/Backend/node-api-ts-express-opp/node_modules/ts-node-dev/lib/hook.js:63:13)
    at Module.load (node:internal/modules/cjs/loader:981:32)
    at Function.Module._load (node:internal/modules/cjs/loader:822:12)
2022-11-06 17:36:33 error: uncaughtException: ⨯ Unable to compile TypeScript:
src/services/ticket.service.ts(14,23): error TS1110: Type expected.

Error: ⨯ Unable to compile TypeScript:
src/services/ticket.service.ts(14,23): error TS1110: Type expected.

    at Object.<anonymous> (/home/rabindranath/Documents/Backend/node-api-ts-express-opp/src/services/ticket.service.ts:1:7)
    at Module._compile (node:internal/modules/cjs/loader:1105:14)
    at Module._compile (/home/rabindranath/Documents/Backend/node-api-ts-express-opp/node_modules/source-map-support/source-map-support.js:568:25)
    at Module.m._compile (/tmp/ts-node-dev-hook-5083899052461933.js:69:33)
    at Module._extensions..js (node:internal/modules/cjs/loader:1159:10)
    at require.extensions..jsx.require.extensions..js (/tmp/ts-node-dev-hook-5083899052461933.js:114:20)
    at require.extensions.<computed> (/tmp/ts-node-dev-hook-5083899052461933.js:71:20)
    at Object.nodeDevHook [as .ts] (/home/rabindranath/Documents/Backend/node-api-ts-express-opp/node_modules/ts-node-dev/lib/hook.js:63:13)
    at Module.load (node:internal/modules/cjs/loader:981:32)
    at Function.Module._load (node:internal/modules/cjs/loader:822:12)
2022-11-06 17:37:57 error: uncaughtException: ⨯ Unable to compile TypeScript:
src/services/ticket.service.ts(15,17): error TS2339: Property 'cre' does not exist on type 'Model<Ticket & Document<any, any, any>, {}, {}, {}, any>'.

Error: ⨯ Unable to compile TypeScript:
src/services/ticket.service.ts(15,17): error TS2339: Property 'cre' does not exist on type 'Model<Ticket & Document<any, any, any>, {}, {}, {}, any>'.

    at Object.<anonymous> (/home/rabindranath/Documents/Backend/node-api-ts-express-opp/src/services/ticket.service.ts:1:7)
    at Module._compile (node:internal/modules/cjs/loader:1105:14)
    at Module._compile (/home/rabindranath/Documents/Backend/node-api-ts-express-opp/node_modules/source-map-support/source-map-support.js:568:25)
    at Module.m._compile (/tmp/ts-node-dev-hook-5083899052461933.js:69:33)
    at Module._extensions..js (node:internal/modules/cjs/loader:1159:10)
    at require.extensions..jsx.require.extensions..js (/tmp/ts-node-dev-hook-5083899052461933.js:114:20)
    at require.extensions.<computed> (/tmp/ts-node-dev-hook-5083899052461933.js:71:20)
    at Object.nodeDevHook [as .ts] (/home/rabindranath/Documents/Backend/node-api-ts-express-opp/node_modules/ts-node-dev/lib/hook.js:63:13)
    at Module.load (node:internal/modules/cjs/loader:981:32)
    at Function.Module._load (node:internal/modules/cjs/loader:822:12)
2022-11-06 17:38:05 error: uncaughtException: ⨯ Unable to compile TypeScript:
src/services/ticket.service.ts(15,49): error TS1109: Expression expected.

Error: ⨯ Unable to compile TypeScript:
src/services/ticket.service.ts(15,49): error TS1109: Expression expected.

    at Object.<anonymous> (/home/rabindranath/Documents/Backend/node-api-ts-express-opp/src/services/ticket.service.ts:1:7)
    at Module._compile (node:internal/modules/cjs/loader:1105:14)
    at Module._compile (/home/rabindranath/Documents/Backend/node-api-ts-express-opp/node_modules/source-map-support/source-map-support.js:568:25)
    at Module.m._compile (/tmp/ts-node-dev-hook-5083899052461933.js:69:33)
    at Module._extensions..js (node:internal/modules/cjs/loader:1159:10)
    at require.extensions..jsx.require.extensions..js (/tmp/ts-node-dev-hook-5083899052461933.js:114:20)
    at require.extensions.<computed> (/tmp/ts-node-dev-hook-5083899052461933.js:71:20)
    at Object.nodeDevHook [as .ts] (/home/rabindranath/Documents/Backend/node-api-ts-express-opp/node_modules/ts-node-dev/lib/hook.js:63:13)
    at Module.load (node:internal/modules/cjs/loader:981:32)
    at Function.Module._load (node:internal/modules/cjs/loader:822:12)
2022-11-06 17:40:41 error: uncaughtException: ⨯ Unable to compile TypeScript:
src/routes/ticket.routes.ts(49,24): error TS1109: Expression expected.

Error: ⨯ Unable to compile TypeScript:
src/routes/ticket.routes.ts(49,24): error TS1109: Expression expected.

    at Object.<anonymous> (/home/rabindranath/Documents/Backend/node-api-ts-express-opp/src/routes/ticket.routes.ts:1:7)
    at Module._compile (node:internal/modules/cjs/loader:1105:14)
    at Module._compile (/home/rabindranath/Documents/Backend/node-api-ts-express-opp/node_modules/source-map-support/source-map-support.js:568:25)
    at Module.m._compile (/tmp/ts-node-dev-hook-5083899052461933.js:69:33)
    at Module._extensions..js (node:internal/modules/cjs/loader:1159:10)
    at require.extensions..jsx.require.extensions..js (/tmp/ts-node-dev-hook-5083899052461933.js:114:20)
    at require.extensions.<computed> (/tmp/ts-node-dev-hook-5083899052461933.js:71:20)
    at Object.nodeDevHook [as .ts] (/home/rabindranath/Documents/Backend/node-api-ts-express-opp/node_modules/ts-node-dev/lib/hook.js:63:13)
    at Module.load (node:internal/modules/cjs/loader:981:32)
    at Function.Module._load (node:internal/modules/cjs/loader:822:12)
2022-11-06 17:40:50 error: uncaughtException: ⨯ Unable to compile TypeScript:
src/routes/ticket.routes.ts(49,29): error TS2551: Property 'panth' does not exist on type 'TicketRoute'. Did you mean 'path'?

Error: ⨯ Unable to compile TypeScript:
src/routes/ticket.routes.ts(49,29): error TS2551: Property 'panth' does not exist on type 'TicketRoute'. Did you mean 'path'?

    at Object.<anonymous> (/home/rabindranath/Documents/Backend/node-api-ts-express-opp/src/routes/ticket.routes.ts:1:7)
    at Module._compile (node:internal/modules/cjs/loader:1105:14)
    at Module._compile (/home/rabindranath/Documents/Backend/node-api-ts-express-opp/node_modules/source-map-support/source-map-support.js:568:25)
    at Module.m._compile (/tmp/ts-node-dev-hook-5083899052461933.js:69:33)
    at Module._extensions..js (node:internal/modules/cjs/loader:1159:10)
    at require.extensions..jsx.require.extensions..js (/tmp/ts-node-dev-hook-5083899052461933.js:114:20)
    at require.extensions.<computed> (/tmp/ts-node-dev-hook-5083899052461933.js:71:20)
    at Object.nodeDevHook [as .ts] (/home/rabindranath/Documents/Backend/node-api-ts-express-opp/node_modules/ts-node-dev/lib/hook.js:63:13)
    at Module.load (node:internal/modules/cjs/loader:981:32)
    at Function.Module._load (node:internal/modules/cjs/loader:822:12)
2022-11-06 17:40:55 error: uncaughtException: ⨯ Unable to compile TypeScript:
src/routes/ticket.routes.ts(49,29): error TS2551: Property 'panth' does not exist on type 'TicketRoute'. Did you mean 'path'?

Error: ⨯ Unable to compile TypeScript:
src/routes/ticket.routes.ts(49,29): error TS2551: Property 'panth' does not exist on type 'TicketRoute'. Did you mean 'path'?

    at Object.<anonymous> (/home/rabindranath/Documents/Backend/node-api-ts-express-opp/src/routes/ticket.routes.ts:1:7)
    at Module._compile (node:internal/modules/cjs/loader:1105:14)
    at Module._compile (/home/rabindranath/Documents/Backend/node-api-ts-express-opp/node_modules/source-map-support/source-map-support.js:568:25)
    at Module.m._compile (/tmp/ts-node-dev-hook-5083899052461933.js:69:33)
    at Module._extensions..js (node:internal/modules/cjs/loader:1159:10)
    at require.extensions..jsx.require.extensions..js (/tmp/ts-node-dev-hook-5083899052461933.js:114:20)
    at require.extensions.<computed> (/tmp/ts-node-dev-hook-5083899052461933.js:71:20)
    at Object.nodeDevHook [as .ts] (/home/rabindranath/Documents/Backend/node-api-ts-express-opp/node_modules/ts-node-dev/lib/hook.js:63:13)
    at Module.load (node:internal/modules/cjs/loader:981:32)
    at Function.Module._load (node:internal/modules/cjs/loader:822:12)
2022-11-06 17:41:04 error: uncaughtException: ⨯ Unable to compile TypeScript:
src/routes/ticket.routes.ts(49,29): error TS2551: Property 'panth' does not exist on type 'TicketRoute'. Did you mean 'path'?
src/routes/ticket.routes.ts(49,42): error TS2769: No overload matches this call.
  The last overload gave the following error.
    Argument of type 'TicketController' is not assignable to parameter of type 'Application<Record<string, any>>'.
      Type 'TicketController' is missing the following properties from type 'Application<Record<string, any>>': init, defaultConfiguration, engine, set, and 61 more.

Error: ⨯ Unable to compile TypeScript:
src/routes/ticket.routes.ts(49,29): error TS2551: Property 'panth' does not exist on type 'TicketRoute'. Did you mean 'path'?
src/routes/ticket.routes.ts(49,42): error TS2769: No overload matches this call.
  The last overload gave the following error.
    Argument of type 'TicketController' is not assignable to parameter of type 'Application<Record<string, any>>'.
      Type 'TicketController' is missing the following properties from type 'Application<Record<string, any>>': init, defaultConfiguration, engine, set, and 61 more.

    at Object.<anonymous> (/home/rabindranath/Documents/Backend/node-api-ts-express-opp/src/routes/ticket.routes.ts:1:7)
    at Module._compile (node:internal/modules/cjs/loader:1105:14)
    at Module._compile (/home/rabindranath/Documents/Backend/node-api-ts-express-opp/node_modules/source-map-support/source-map-support.js:568:25)
    at Module.m._compile (/tmp/ts-node-dev-hook-5083899052461933.js:69:33)
    at Module._extensions..js (node:internal/modules/cjs/loader:1159:10)
    at require.extensions..jsx.require.extensions..js (/tmp/ts-node-dev-hook-5083899052461933.js:114:20)
    at require.extensions.<computed> (/tmp/ts-node-dev-hook-5083899052461933.js:71:20)
    at Object.nodeDevHook [as .ts] (/home/rabindranath/Documents/Backend/node-api-ts-express-opp/node_modules/ts-node-dev/lib/hook.js:63:13)
    at Module.load (node:internal/modules/cjs/loader:981:32)
    at Function.Module._load (node:internal/modules/cjs/loader:822:12)
2022-11-06 17:41:16 error: uncaughtException: ⨯ Unable to compile TypeScript:
src/routes/ticket.routes.ts(49,29): error TS2551: Property 'panth' does not exist on type 'TicketRoute'. Did you mean 'path'?
src/routes/ticket.routes.ts(49,64): error TS2339: Property 'getTicketByIdCtrl' does not exist on type 'TicketController'.

Error: ⨯ Unable to compile TypeScript:
src/routes/ticket.routes.ts(49,29): error TS2551: Property 'panth' does not exist on type 'TicketRoute'. Did you mean 'path'?
src/routes/ticket.routes.ts(49,64): error TS2339: Property 'getTicketByIdCtrl' does not exist on type 'TicketController'.

    at Object.<anonymous> (/home/rabindranath/Documents/Backend/node-api-ts-express-opp/src/routes/ticket.routes.ts:1:7)
    at Module._compile (node:internal/modules/cjs/loader:1105:14)
    at Module._compile (/home/rabindranath/Documents/Backend/node-api-ts-express-opp/node_modules/source-map-support/source-map-support.js:568:25)
    at Module.m._compile (/tmp/ts-node-dev-hook-5083899052461933.js:69:33)
    at Module._extensions..js (node:internal/modules/cjs/loader:1159:10)
    at require.extensions..jsx.require.extensions..js (/tmp/ts-node-dev-hook-5083899052461933.js:114:20)
    at require.extensions.<computed> (/tmp/ts-node-dev-hook-5083899052461933.js:71:20)
    at Object.nodeDevHook [as .ts] (/home/rabindranath/Documents/Backend/node-api-ts-express-opp/node_modules/ts-node-dev/lib/hook.js:63:13)
    at Module.load (node:internal/modules/cjs/loader:981:32)
    at Function.Module._load (node:internal/modules/cjs/loader:822:12)
2022-11-06 17:41:24 error: uncaughtException: ⨯ Unable to compile TypeScript:
src/routes/ticket.routes.ts(49,63): error TS2339: Property 'getTicketByIdCtrl' does not exist on type 'TicketController'.

Error: ⨯ Unable to compile TypeScript:
src/routes/ticket.routes.ts(49,63): error TS2339: Property 'getTicketByIdCtrl' does not exist on type 'TicketController'.

    at Object.<anonymous> (/home/rabindranath/Documents/Backend/node-api-ts-express-opp/src/routes/ticket.routes.ts:1:7)
    at Module._compile (node:internal/modules/cjs/loader:1105:14)
    at Module._compile (/home/rabindranath/Documents/Backend/node-api-ts-express-opp/node_modules/source-map-support/source-map-support.js:568:25)
    at Module.m._compile (/tmp/ts-node-dev-hook-5083899052461933.js:69:33)
    at Module._extensions..js (node:internal/modules/cjs/loader:1159:10)
    at require.extensions..jsx.require.extensions..js (/tmp/ts-node-dev-hook-5083899052461933.js:114:20)
    at require.extensions.<computed> (/tmp/ts-node-dev-hook-5083899052461933.js:71:20)
    at Object.nodeDevHook [as .ts] (/home/rabindranath/Documents/Backend/node-api-ts-express-opp/node_modules/ts-node-dev/lib/hook.js:63:13)
    at Module.load (node:internal/modules/cjs/loader:981:32)
    at Function.Module._load (node:internal/modules/cjs/loader:822:12)
2022-11-06 17:47:54 error: uncaughtException: Cast to ObjectId failed for value "{ id: '6367e354619c16121f43c676' }" (type Object) at path "_id" for model "Ticket"
CastError: Cast to ObjectId failed for value "{ id: '6367e354619c16121f43c676' }" (type Object) at path "_id" for model "Ticket"
    at model.Query.exec (/home/rabindranath/Documents/Backend/node-api-ts-express-opp/node_modules/mongoose/lib/query.js:4891:21)
    at model.Query.Query.then (/home/rabindranath/Documents/Backend/node-api-ts-express-opp/node_modules/mongoose/lib/query.js:4990:15)
    at processTicksAndRejections (node:internal/process/task_queues:96:5)
2022-11-06 17:48:37 error: uncaughtException: Cast to ObjectId failed for value "{ _id: '6367e354619c16121f4' }" (type Object) at path "_id" for model "Ticket"
CastError: Cast to ObjectId failed for value "{ _id: '6367e354619c16121f4' }" (type Object) at path "_id" for model "Ticket"
    at model.Query.exec (/home/rabindranath/Documents/Backend/node-api-ts-express-opp/node_modules/mongoose/lib/query.js:4891:21)
    at model.Query.Query.then (/home/rabindranath/Documents/Backend/node-api-ts-express-opp/node_modules/mongoose/lib/query.js:4990:15)
    at processTicksAndRejections (node:internal/process/task_queues:96:5)
2022-11-06 17:51:54 error: uncaughtException: ⨯ Unable to compile TypeScript:
src/routes/ticket.routes.ts(53,17): error TS2339: Property 'de' does not exist on type 'Router'.

Error: ⨯ Unable to compile TypeScript:
src/routes/ticket.routes.ts(53,17): error TS2339: Property 'de' does not exist on type 'Router'.

    at Object.<anonymous> (/home/rabindranath/Documents/Backend/node-api-ts-express-opp/src/routes/ticket.routes.ts:1:7)
    at Module._compile (node:internal/modules/cjs/loader:1105:14)
    at Module._compile (/home/rabindranath/Documents/Backend/node-api-ts-express-opp/node_modules/source-map-support/source-map-support.js:568:25)
    at Module.m._compile (/tmp/ts-node-dev-hook-43074366807210573.js:69:33)
    at Module._extensions..js (node:internal/modules/cjs/loader:1159:10)
    at require.extensions..jsx.require.extensions..js (/tmp/ts-node-dev-hook-43074366807210573.js:114:20)
    at require.extensions.<computed> (/tmp/ts-node-dev-hook-43074366807210573.js:71:20)
    at Object.nodeDevHook [as .ts] (/home/rabindranath/Documents/Backend/node-api-ts-express-opp/node_modules/ts-node-dev/lib/hook.js:63:13)
    at Module.load (node:internal/modules/cjs/loader:981:32)
    at Function.Module._load (node:internal/modules/cjs/loader:822:12)
2022-11-06 17:52:00 error: uncaughtException: ⨯ Unable to compile TypeScript:
src/routes/ticket.routes.ts(53,32): error TS1003: Identifier expected.

Error: ⨯ Unable to compile TypeScript:
src/routes/ticket.routes.ts(53,32): error TS1003: Identifier expected.

    at Object.<anonymous> (/home/rabindranath/Documents/Backend/node-api-ts-express-opp/src/routes/ticket.routes.ts:1:7)
    at Module._compile (node:internal/modules/cjs/loader:1105:14)
    at Module._compile (/home/rabindranath/Documents/Backend/node-api-ts-express-opp/node_modules/source-map-support/source-map-support.js:568:25)
    at Module.m._compile (/tmp/ts-node-dev-hook-43074366807210573.js:69:33)
    at Module._extensions..js (node:internal/modules/cjs/loader:1159:10)
    at require.extensions..jsx.require.extensions..js (/tmp/ts-node-dev-hook-43074366807210573.js:114:20)
    at require.extensions.<computed> (/tmp/ts-node-dev-hook-43074366807210573.js:71:20)
    at Object.nodeDevHook [as .ts] (/home/rabindranath/Documents/Backend/node-api-ts-express-opp/node_modules/ts-node-dev/lib/hook.js:63:13)
    at Module.load (node:internal/modules/cjs/loader:981:32)
    at Function.Module._load (node:internal/modules/cjs/loader:822:12)
2022-11-06 17:52:25 error: uncaughtException: ⨯ Unable to compile TypeScript:
src/routes/ticket.routes.ts(53,65): error TS2339: Property 'delete' does not exist on type 'TicketController'.

Error: ⨯ Unable to compile TypeScript:
src/routes/ticket.routes.ts(53,65): error TS2339: Property 'delete' does not exist on type 'TicketController'.

    at Object.<anonymous> (/home/rabindranath/Documents/Backend/node-api-ts-express-opp/src/routes/ticket.routes.ts:1:7)
    at Module._compile (node:internal/modules/cjs/loader:1105:14)
    at Module._compile (/home/rabindranath/Documents/Backend/node-api-ts-express-opp/node_modules/source-map-support/source-map-support.js:568:25)
    at Module.m._compile (/tmp/ts-node-dev-hook-43074366807210573.js:69:33)
    at Module._extensions..js (node:internal/modules/cjs/loader:1159:10)
    at require.extensions..jsx.require.extensions..js (/tmp/ts-node-dev-hook-43074366807210573.js:114:20)
    at require.extensions.<computed> (/tmp/ts-node-dev-hook-43074366807210573.js:71:20)
    at Object.nodeDevHook [as .ts] (/home/rabindranath/Documents/Backend/node-api-ts-express-opp/node_modules/ts-node-dev/lib/hook.js:63:13)
    at Module.load (node:internal/modules/cjs/loader:981:32)
    at Function.Module._load (node:internal/modules/cjs/loader:822:12)
2022-11-06 17:52:33 error: uncaughtException: ⨯ Unable to compile TypeScript:
src/routes/ticket.routes.ts(53,65): error TS2551: Property 'deleteTicketByIdCtrl' does not exist on type 'TicketController'. Did you mean 'getTicketByIdCtrl'?

Error: ⨯ Unable to compile TypeScript:
src/routes/ticket.routes.ts(53,65): error TS2551: Property 'deleteTicketByIdCtrl' does not exist on type 'TicketController'. Did you mean 'getTicketByIdCtrl'?

    at Object.<anonymous> (/home/rabindranath/Documents/Backend/node-api-ts-express-opp/src/routes/ticket.routes.ts:1:7)
    at Module._compile (node:internal/modules/cjs/loader:1105:14)
    at Module._compile (/home/rabindranath/Documents/Backend/node-api-ts-express-opp/node_modules/source-map-support/source-map-support.js:568:25)
    at Module.m._compile (/tmp/ts-node-dev-hook-43074366807210573.js:69:33)
    at Module._extensions..js (node:internal/modules/cjs/loader:1159:10)
    at require.extensions..jsx.require.extensions..js (/tmp/ts-node-dev-hook-43074366807210573.js:114:20)
    at require.extensions.<computed> (/tmp/ts-node-dev-hook-43074366807210573.js:71:20)
    at Object.nodeDevHook [as .ts] (/home/rabindranath/Documents/Backend/node-api-ts-express-opp/node_modules/ts-node-dev/lib/hook.js:63:13)
    at Module.load (node:internal/modules/cjs/loader:981:32)
    at Function.Module._load (node:internal/modules/cjs/loader:822:12)
2022-11-06 17:52:38 error: uncaughtException: ⨯ Unable to compile TypeScript:
src/routes/ticket.routes.ts(53,65): error TS2551: Property 'deleteTicketByIdCtrl' does not exist on type 'TicketController'. Did you mean 'getTicketByIdCtrl'?

Error: ⨯ Unable to compile TypeScript:
src/routes/ticket.routes.ts(53,65): error TS2551: Property 'deleteTicketByIdCtrl' does not exist on type 'TicketController'. Did you mean 'getTicketByIdCtrl'?

    at Object.<anonymous> (/home/rabindranath/Documents/Backend/node-api-ts-express-opp/src/routes/ticket.routes.ts:1:7)
    at Module._compile (node:internal/modules/cjs/loader:1105:14)
    at Module._compile (/home/rabindranath/Documents/Backend/node-api-ts-express-opp/node_modules/source-map-support/source-map-support.js:568:25)
    at Module.m._compile (/tmp/ts-node-dev-hook-43074366807210573.js:69:33)
    at Module._extensions..js (node:internal/modules/cjs/loader:1159:10)
    at require.extensions..jsx.require.extensions..js (/tmp/ts-node-dev-hook-43074366807210573.js:114:20)
    at require.extensions.<computed> (/tmp/ts-node-dev-hook-43074366807210573.js:71:20)
    at Object.nodeDevHook [as .ts] (/home/rabindranath/Documents/Backend/node-api-ts-express-opp/node_modules/ts-node-dev/lib/hook.js:63:13)
    at Module.load (node:internal/modules/cjs/loader:981:32)
    at Function.Module._load (node:internal/modules/cjs/loader:822:12)
2022-11-06 18:05:12 error: uncaughtException: ⨯ Unable to compile TypeScript:
src/routes/ticket.routes.ts(56,3): error TS1003: Identifier expected.

Error: ⨯ Unable to compile TypeScript:
src/routes/ticket.routes.ts(56,3): error TS1003: Identifier expected.

    at Object.<anonymous> (/home/rabindranath/Documents/Backend/node-api-ts-express-opp/src/routes/ticket.routes.ts:1:7)
    at Module._compile (node:internal/modules/cjs/loader:1105:14)
    at Module._compile (/home/rabindranath/Documents/Backend/node-api-ts-express-opp/node_modules/source-map-support/source-map-support.js:568:25)
    at Module.m._compile (/tmp/ts-node-dev-hook-29132582486996106.js:69:33)
    at Module._extensions..js (node:internal/modules/cjs/loader:1159:10)
    at require.extensions..jsx.require.extensions..js (/tmp/ts-node-dev-hook-29132582486996106.js:114:20)
    at require.extensions.<computed> (/tmp/ts-node-dev-hook-29132582486996106.js:71:20)
    at Object.nodeDevHook [as .ts] (/home/rabindranath/Documents/Backend/node-api-ts-express-opp/node_modules/ts-node-dev/lib/hook.js:63:13)
    at Module.load (node:internal/modules/cjs/loader:981:32)
    at Function.Module._load (node:internal/modules/cjs/loader:822:12)
2022-11-06 18:05:36 error: uncaughtException: ⨯ Unable to compile TypeScript:
src/routes/ticket.routes.ts(55,41): error TS2339: Property 'this' does not exist on type 'string'.
src/routes/ticket.routes.ts(55,63): error TS1003: Identifier expected.

Error: ⨯ Unable to compile TypeScript:
src/routes/ticket.routes.ts(55,41): error TS2339: Property 'this' does not exist on type 'string'.
src/routes/ticket.routes.ts(55,63): error TS1003: Identifier expected.

    at Object.<anonymous> (/home/rabindranath/Documents/Backend/node-api-ts-express-opp/src/routes/ticket.routes.ts:1:7)
    at Module._compile (node:internal/modules/cjs/loader:1105:14)
    at Module._compile (/home/rabindranath/Documents/Backend/node-api-ts-express-opp/node_modules/source-map-support/source-map-support.js:568:25)
    at Module.m._compile (/tmp/ts-node-dev-hook-29132582486996106.js:69:33)
    at Module._extensions..js (node:internal/modules/cjs/loader:1159:10)
    at require.extensions..jsx.require.extensions..js (/tmp/ts-node-dev-hook-29132582486996106.js:114:20)
    at require.extensions.<computed> (/tmp/ts-node-dev-hook-29132582486996106.js:71:20)
    at Object.nodeDevHook [as .ts] (/home/rabindranath/Documents/Backend/node-api-ts-express-opp/node_modules/ts-node-dev/lib/hook.js:63:13)
    at Module.load (node:internal/modules/cjs/loader:981:32)
    at Function.Module._load (node:internal/modules/cjs/loader:822:12)
2022-11-06 18:05:46 error: uncaughtException: ⨯ Unable to compile TypeScript:
src/routes/ticket.routes.ts(55,41): error TS2339: Property 'this' does not exist on type 'string'.

Error: ⨯ Unable to compile TypeScript:
src/routes/ticket.routes.ts(55,41): error TS2339: Property 'this' does not exist on type 'string'.

    at Object.<anonymous> (/home/rabindranath/Documents/Backend/node-api-ts-express-opp/src/routes/ticket.routes.ts:1:7)
    at Module._compile (node:internal/modules/cjs/loader:1105:14)
    at Module._compile (/home/rabindranath/Documents/Backend/node-api-ts-express-opp/node_modules/source-map-support/source-map-support.js:568:25)
    at Module.m._compile (/tmp/ts-node-dev-hook-29132582486996106.js:69:33)
    at Module._extensions..js (node:internal/modules/cjs/loader:1159:10)
    at require.extensions..jsx.require.extensions..js (/tmp/ts-node-dev-hook-29132582486996106.js:114:20)
    at require.extensions.<computed> (/tmp/ts-node-dev-hook-29132582486996106.js:71:20)
    at Object.nodeDevHook [as .ts] (/home/rabindranath/Documents/Backend/node-api-ts-express-opp/node_modules/ts-node-dev/lib/hook.js:63:13)
    at Module.load (node:internal/modules/cjs/loader:981:32)
    at Function.Module._load (node:internal/modules/cjs/loader:822:12)
2022-11-06 18:05:51 error: uncaughtException: ⨯ Unable to compile TypeScript:
src/routes/ticket.routes.ts(55,46): error TS2551: Property 'TicketController' does not exist on type 'TicketRoute'. Did you mean 'ticketController'?

Error: ⨯ Unable to compile TypeScript:
src/routes/ticket.routes.ts(55,46): error TS2551: Property 'TicketController' does not exist on type 'TicketRoute'. Did you mean 'ticketController'?

    at Object.<anonymous> (/home/rabindranath/Documents/Backend/node-api-ts-express-opp/src/routes/ticket.routes.ts:1:7)
    at Module._compile (node:internal/modules/cjs/loader:1105:14)
    at Module._compile (/home/rabindranath/Documents/Backend/node-api-ts-express-opp/node_modules/source-map-support/source-map-support.js:568:25)
    at Module.m._compile (/tmp/ts-node-dev-hook-29132582486996106.js:69:33)
    at Module._extensions..js (node:internal/modules/cjs/loader:1159:10)
    at require.extensions..jsx.require.extensions..js (/tmp/ts-node-dev-hook-29132582486996106.js:114:20)
    at require.extensions.<computed> (/tmp/ts-node-dev-hook-29132582486996106.js:71:20)
    at Object.nodeDevHook [as .ts] (/home/rabindranath/Documents/Backend/node-api-ts-express-opp/node_modules/ts-node-dev/lib/hook.js:63:13)
    at Module.load (node:internal/modules/cjs/loader:981:32)
    at Function.Module._load (node:internal/modules/cjs/loader:822:12)
2022-11-06 18:06:00 error: uncaughtException: ⨯ Unable to compile TypeScript:
src/routes/ticket.routes.ts(55,63): error TS2551: Property 'updateTicketCtrl' does not exist on type 'TicketController'. Did you mean 'createTicketCtrl'?

Error: ⨯ Unable to compile TypeScript:
src/routes/ticket.routes.ts(55,63): error TS2551: Property 'updateTicketCtrl' does not exist on type 'TicketController'. Did you mean 'createTicketCtrl'?

    at Object.<anonymous> (/home/rabindranath/Documents/Backend/node-api-ts-express-opp/src/routes/ticket.routes.ts:1:7)
    at Module._compile (node:internal/modules/cjs/loader:1105:14)
    at Module._compile (/home/rabindranath/Documents/Backend/node-api-ts-express-opp/node_modules/source-map-support/source-map-support.js:568:25)
    at Module.m._compile (/tmp/ts-node-dev-hook-29132582486996106.js:69:33)
    at Module._extensions..js (node:internal/modules/cjs/loader:1159:10)
    at require.extensions..jsx.require.extensions..js (/tmp/ts-node-dev-hook-29132582486996106.js:114:20)
    at require.extensions.<computed> (/tmp/ts-node-dev-hook-29132582486996106.js:71:20)
    at Object.nodeDevHook [as .ts] (/home/rabindranath/Documents/Backend/node-api-ts-express-opp/node_modules/ts-node-dev/lib/hook.js:63:13)
    at Module.load (node:internal/modules/cjs/loader:981:32)
    at Function.Module._load (node:internal/modules/cjs/loader:822:12)
2022-11-06 18:36:36 error: uncaughtException: ⨯ Unable to compile TypeScript:
src/routes/ticket.routes.ts(51,38): error TS2304: Cannot find name 'ticketValidator'.

Error: ⨯ Unable to compile TypeScript:
src/routes/ticket.routes.ts(51,38): error TS2304: Cannot find name 'ticketValidator'.

    at Object.<anonymous> (/home/rabindranath/Documents/Backend/node-api-ts-express-opp/src/routes/ticket.routes.ts:1:7)
    at Module._compile (node:internal/modules/cjs/loader:1105:14)
    at Module._compile (/home/rabindranath/Documents/Backend/node-api-ts-express-opp/node_modules/source-map-support/source-map-support.js:568:25)
    at Module.m._compile (/tmp/ts-node-dev-hook-7862466321288721.js:69:33)
    at Module._extensions..js (node:internal/modules/cjs/loader:1159:10)
    at require.extensions..jsx.require.extensions..js (/tmp/ts-node-dev-hook-7862466321288721.js:114:20)
    at require.extensions.<computed> (/tmp/ts-node-dev-hook-7862466321288721.js:71:20)
    at Object.nodeDevHook [as .ts] (/home/rabindranath/Documents/Backend/node-api-ts-express-opp/node_modules/ts-node-dev/lib/hook.js:63:13)
    at Module.load (node:internal/modules/cjs/loader:981:32)
    at Function.Module._load (node:internal/modules/cjs/loader:822:12)
2022-11-06 18:40:47 error: [POST] /api/v1/ticket >> StatusCode:: 400, Message:: Unexpected token } in JSON at position 36
2022-11-06 18:40:54 error: uncaughtException: Ticket validation failed: owner: Path `owner` is required., price: Path `price` is required., typeEvent: Path `typeEvent` is required.
ValidationError: Ticket validation failed: owner: Path `owner` is required., price: Path `price` is required., typeEvent: Path `typeEvent` is required.
    at model.Document.invalidate (/home/rabindranath/Documents/Backend/node-api-ts-express-opp/node_modules/mongoose/lib/document.js:3097:32)
    at /home/rabindranath/Documents/Backend/node-api-ts-express-opp/node_modules/mongoose/lib/document.js:2885:17
    at /home/rabindranath/Documents/Backend/node-api-ts-express-opp/node_modules/mongoose/lib/schematype.js:1349:9
    at processTicksAndRejections (node:internal/process/task_queues:78:11)
