2022-11-09 16:08:10 error: uncaughtException: Error starting DB Connection with Mongo
Error: Error starting DB Connection with Mongo
    at mySqlDBConnection (/home/rabindranath/Documents/Backend/node-api-ts-express-opp/src/db/mysql.config.ts:30:11)
    at processTicksAndRejections (node:internal/process/task_queues:96:5)
2022-11-09 16:08:19 error: uncaughtException: Error starting DB Connection with Mongo
Error: Error starting DB Connection with Mongo
    at mySqlDBConnection (/home/rabindranath/Documents/Backend/node-api-ts-express-opp/src/db/mysql.config.ts:30:11)
    at processTicksAndRejections (node:internal/process/task_queues:96:5)
2022-11-09 16:08:35 error: uncaughtException: Error starting DB Connection with Mongo
Error: Error starting DB Connection with Mongo
    at mySqlDBConnection (/home/rabindranath/Documents/Backend/node-api-ts-express-opp/src/db/mysql.config.ts:30:11)
    at processTicksAndRejections (node:internal/process/task_queues:96:5)
2022-11-09 16:09:05 error: uncaughtException: Error starting DB Connection with Mongo
Error: Error starting DB Connection with Mongo
    at mySqlDBConnection (/home/rabindranath/Documents/Backend/node-api-ts-express-opp/src/db/mysql.config.ts:30:11)
    at processTicksAndRejections (node:internal/process/task_queues:96:5)
2022-11-09 16:15:32 error: uncaughtException: ⨯ Unable to compile TypeScript:
src/services/users.service.ts(6,2): error TS2304: Cannot find name 'Ex'.

Error: ⨯ Unable to compile TypeScript:
src/services/users.service.ts(6,2): error TS2304: Cannot find name 'Ex'.

    at Object.<anonymous> (/home/rabindranath/Documents/Backend/node-api-ts-express-opp/src/services/users.service.ts:1:7)
    at Module._compile (node:internal/modules/cjs/loader:1105:14)
    at Module._compile (/home/rabindranath/Documents/Backend/node-api-ts-express-opp/node_modules/source-map-support/source-map-support.js:568:25)
    at Module.m._compile (/tmp/ts-node-dev-hook-531125161454677.js:69:33)
    at Module._extensions..js (node:internal/modules/cjs/loader:1159:10)
    at require.extensions..jsx.require.extensions..js (/tmp/ts-node-dev-hook-531125161454677.js:114:20)
    at require.extensions.<computed> (/tmp/ts-node-dev-hook-531125161454677.js:71:20)
    at Object.nodeDevHook [as .ts] (/home/rabindranath/Documents/Backend/node-api-ts-express-opp/node_modules/ts-node-dev/lib/hook.js:63:13)
    at Module.load (node:internal/modules/cjs/loader:981:32)
    at Function.Module._load (node:internal/modules/cjs/loader:822:12)
2022-11-09 16:15:45 error: uncaughtException: ⨯ Unable to compile TypeScript:
src/services/users.service.ts(7,1): error TS1270: Decorator function return type 'ClassDecorator' is not assignable to type 'void | typeof UserService'.

Error: ⨯ Unable to compile TypeScript:
src/services/users.service.ts(7,1): error TS1270: Decorator function return type 'ClassDecorator' is not assignable to type 'void | typeof UserService'.

    at Object.<anonymous> (/home/rabindranath/Documents/Backend/node-api-ts-express-opp/src/services/users.service.ts:1:7)
    at Module._compile (node:internal/modules/cjs/loader:1105:14)
    at Module._compile (/home/rabindranath/Documents/Backend/node-api-ts-express-opp/node_modules/source-map-support/source-map-support.js:568:25)
    at Module.m._compile (/tmp/ts-node-dev-hook-531125161454677.js:69:33)
    at Module._extensions..js (node:internal/modules/cjs/loader:1159:10)
    at require.extensions..jsx.require.extensions..js (/tmp/ts-node-dev-hook-531125161454677.js:114:20)
    at require.extensions.<computed> (/tmp/ts-node-dev-hook-531125161454677.js:71:20)
    at Object.nodeDevHook [as .ts] (/home/rabindranath/Documents/Backend/node-api-ts-express-opp/node_modules/ts-node-dev/lib/hook.js:63:13)
    at Module.load (node:internal/modules/cjs/loader:981:32)
    at Function.Module._load (node:internal/modules/cjs/loader:822:12)
2022-11-09 16:16:32 error: uncaughtException: ⨯ Unable to compile TypeScript:
src/services/users.service.ts(8,27): error TS2314: Generic type 'Repository<Entity>' requires 1 type argument(s).
src/services/users.service.ts(8,37): error TS1099: Type argument list cannot be empty.
src/services/users.service.ts(10,3): error TS2377: Constructors for derived classes must contain a 'super' call.

Error: ⨯ Unable to compile TypeScript:
src/services/users.service.ts(8,27): error TS2314: Generic type 'Repository<Entity>' requires 1 type argument(s).
src/services/users.service.ts(8,37): error TS1099: Type argument list cannot be empty.
src/services/users.service.ts(10,3): error TS2377: Constructors for derived classes must contain a 'super' call.

    at Object.<anonymous> (/home/rabindranath/Documents/Backend/node-api-ts-express-opp/src/services/users.service.ts:1:7)
    at Module._compile (node:internal/modules/cjs/loader:1105:14)
    at Module._compile (/home/rabindranath/Documents/Backend/node-api-ts-express-opp/node_modules/source-map-support/source-map-support.js:568:25)
    at Module.m._compile (/tmp/ts-node-dev-hook-531125161454677.js:69:33)
    at Module._extensions..js (node:internal/modules/cjs/loader:1159:10)
    at require.extensions..jsx.require.extensions..js (/tmp/ts-node-dev-hook-531125161454677.js:114:20)
    at require.extensions.<computed> (/tmp/ts-node-dev-hook-531125161454677.js:71:20)
    at Object.nodeDevHook [as .ts] (/home/rabindranath/Documents/Backend/node-api-ts-express-opp/node_modules/ts-node-dev/lib/hook.js:63:13)
    at Module.load (node:internal/modules/cjs/loader:981:32)
    at Function.Module._load (node:internal/modules/cjs/loader:822:12)
2022-11-09 16:16:45 error: uncaughtException: ⨯ Unable to compile TypeScript:
src/services/users.service.ts(4,1): error TS6133: 'UserModel' is declared but its value is never read.
src/services/users.service.ts(11,3): error TS2377: Constructors for derived classes must contain a 'super' call.
src/services/users.service.ts(20,46): error TS2339: Property 'users' does not exist on type 'UserService'.
src/services/users.service.ts(23,45): error TS2339: Property 'users' does not exist on type 'UserService'.

Error: ⨯ Unable to compile TypeScript:
src/services/users.service.ts(4,1): error TS6133: 'UserModel' is declared but its value is never read.
src/services/users.service.ts(11,3): error TS2377: Constructors for derived classes must contain a 'super' call.
src/services/users.service.ts(20,46): error TS2339: Property 'users' does not exist on type 'UserService'.
src/services/users.service.ts(23,45): error TS2339: Property 'users' does not exist on type 'UserService'.

    at Object.<anonymous> (/home/rabindranath/Documents/Backend/node-api-ts-express-opp/src/services/users.service.ts:1:7)
    at Module._compile (node:internal/modules/cjs/loader:1105:14)
    at Module._compile (/home/rabindranath/Documents/Backend/node-api-ts-express-opp/node_modules/source-map-support/source-map-support.js:568:25)
    at Module.m._compile (/tmp/ts-node-dev-hook-531125161454677.js:69:33)
    at Module._extensions..js (node:internal/modules/cjs/loader:1159:10)
    at require.extensions..jsx.require.extensions..js (/tmp/ts-node-dev-hook-531125161454677.js:114:20)
    at require.extensions.<computed> (/tmp/ts-node-dev-hook-531125161454677.js:71:20)
    at Object.nodeDevHook [as .ts] (/home/rabindranath/Documents/Backend/node-api-ts-express-opp/node_modules/ts-node-dev/lib/hook.js:63:13)
    at Module.load (node:internal/modules/cjs/loader:981:32)
    at Function.Module._load (node:internal/modules/cjs/loader:822:12)
2022-11-09 16:17:01 error: uncaughtException: ⨯ Unable to compile TypeScript:
src/services/users.service.ts(4,1): error TS6133: 'UserModel' is declared but its value is never read.
src/services/users.service.ts(5,1): error TS6133: 'users' is declared but its value is never read.
src/services/users.service.ts(11,3): error TS2377: Constructors for derived classes must contain a 'super' call.
src/services/users.service.ts(21,46): error TS2339: Property 'users' does not exist on type 'UserService'.
src/services/users.service.ts(24,45): error TS2339: Property 'users' does not exist on type 'UserService'.

Error: ⨯ Unable to compile TypeScript:
src/services/users.service.ts(4,1): error TS6133: 'UserModel' is declared but its value is never read.
src/services/users.service.ts(5,1): error TS6133: 'users' is declared but its value is never read.
src/services/users.service.ts(11,3): error TS2377: Constructors for derived classes must contain a 'super' call.
src/services/users.service.ts(21,46): error TS2339: Property 'users' does not exist on type 'UserService'.
src/services/users.service.ts(24,45): error TS2339: Property 'users' does not exist on type 'UserService'.

    at Object.<anonymous> (/home/rabindranath/Documents/Backend/node-api-ts-express-opp/src/services/users.service.ts:1:7)
    at Module._compile (node:internal/modules/cjs/loader:1105:14)
    at Module._compile (/home/rabindranath/Documents/Backend/node-api-ts-express-opp/node_modules/source-map-support/source-map-support.js:568:25)
    at Module.m._compile (/tmp/ts-node-dev-hook-531125161454677.js:69:33)
    at Module._extensions..js (node:internal/modules/cjs/loader:1159:10)
    at require.extensions..jsx.require.extensions..js (/tmp/ts-node-dev-hook-531125161454677.js:114:20)
    at require.extensions.<computed> (/tmp/ts-node-dev-hook-531125161454677.js:71:20)
    at Object.nodeDevHook [as .ts] (/home/rabindranath/Documents/Backend/node-api-ts-express-opp/node_modules/ts-node-dev/lib/hook.js:63:13)
    at Module.load (node:internal/modules/cjs/loader:981:32)
    at Function.Module._load (node:internal/modules/cjs/loader:822:12)
2022-11-09 16:17:07 error: uncaughtException: ⨯ Unable to compile TypeScript:
src/services/users.service.ts(4,1): error TS6133: 'UserModel' is declared but its value is never read.
src/services/users.service.ts(5,1): error TS6133: 'users' is declared but its value is never read.
src/services/users.service.ts(11,3): error TS2377: Constructors for derived classes must contain a 'super' call.
src/services/users.service.ts(21,46): error TS2339: Property 'users' does not exist on type 'UserService'.
src/services/users.service.ts(24,45): error TS2339: Property 'users' does not exist on type 'UserService'.

Error: ⨯ Unable to compile TypeScript:
src/services/users.service.ts(4,1): error TS6133: 'UserModel' is declared but its value is never read.
src/services/users.service.ts(5,1): error TS6133: 'users' is declared but its value is never read.
src/services/users.service.ts(11,3): error TS2377: Constructors for derived classes must contain a 'super' call.
src/services/users.service.ts(21,46): error TS2339: Property 'users' does not exist on type 'UserService'.
src/services/users.service.ts(24,45): error TS2339: Property 'users' does not exist on type 'UserService'.

    at Object.<anonymous> (/home/rabindranath/Documents/Backend/node-api-ts-express-opp/src/services/users.service.ts:1:7)
    at Module._compile (node:internal/modules/cjs/loader:1105:14)
    at Module._compile (/home/rabindranath/Documents/Backend/node-api-ts-express-opp/node_modules/source-map-support/source-map-support.js:568:25)
    at Module.m._compile (/tmp/ts-node-dev-hook-531125161454677.js:69:33)
    at Module._extensions..js (node:internal/modules/cjs/loader:1159:10)
    at require.extensions..jsx.require.extensions..js (/tmp/ts-node-dev-hook-531125161454677.js:114:20)
    at require.extensions.<computed> (/tmp/ts-node-dev-hook-531125161454677.js:71:20)
    at Object.nodeDevHook [as .ts] (/home/rabindranath/Documents/Backend/node-api-ts-express-opp/node_modules/ts-node-dev/lib/hook.js:63:13)
    at Module.load (node:internal/modules/cjs/loader:981:32)
    at Function.Module._load (node:internal/modules/cjs/loader:822:12)
2022-11-09 16:17:15 error: uncaughtException: ⨯ Unable to compile TypeScript:
src/services/users.service.ts(4,1): error TS6133: 'UserModel' is declared but its value is never read.
src/services/users.service.ts(5,1): error TS6133: 'users' is declared but its value is never read.
src/services/users.service.ts(19,46): error TS2339: Property 'users' does not exist on type 'UserService'.
src/services/users.service.ts(22,45): error TS2339: Property 'users' does not exist on type 'UserService'.

Error: ⨯ Unable to compile TypeScript:
src/services/users.service.ts(4,1): error TS6133: 'UserModel' is declared but its value is never read.
src/services/users.service.ts(5,1): error TS6133: 'users' is declared but its value is never read.
src/services/users.service.ts(19,46): error TS2339: Property 'users' does not exist on type 'UserService'.
src/services/users.service.ts(22,45): error TS2339: Property 'users' does not exist on type 'UserService'.

    at Object.<anonymous> (/home/rabindranath/Documents/Backend/node-api-ts-express-opp/src/services/users.service.ts:1:7)
    at Module._compile (node:internal/modules/cjs/loader:1105:14)
    at Module._compile (/home/rabindranath/Documents/Backend/node-api-ts-express-opp/node_modules/source-map-support/source-map-support.js:568:25)
    at Module.m._compile (/tmp/ts-node-dev-hook-531125161454677.js:69:33)
    at Module._extensions..js (node:internal/modules/cjs/loader:1159:10)
    at require.extensions..jsx.require.extensions..js (/tmp/ts-node-dev-hook-531125161454677.js:114:20)
    at require.extensions.<computed> (/tmp/ts-node-dev-hook-531125161454677.js:71:20)
    at Object.nodeDevHook [as .ts] (/home/rabindranath/Documents/Backend/node-api-ts-express-opp/node_modules/ts-node-dev/lib/hook.js:63:13)
    at Module.load (node:internal/modules/cjs/loader:981:32)
    at Function.Module._load (node:internal/modules/cjs/loader:822:12)
2022-11-09 16:17:29 error: uncaughtException: ⨯ Unable to compile TypeScript:
src/services/users.service.ts(4,1): error TS6133: 'UserModel' is declared but its value is never read.
src/services/users.service.ts(5,1): error TS6133: 'users' is declared but its value is never read.
src/services/users.service.ts(16,16): error TS2393: Duplicate function implementation.
src/services/users.service.ts(19,46): error TS2339: Property 'users' does not exist on type 'UserService'.
src/services/users.service.ts(22,45): error TS2339: Property 'users' does not exist on type 'UserService'.
src/services/users.service.ts(27,16): error TS2393: Duplicate function implementation.
src/services/users.service.ts(27,37): error TS2304: Cannot find name 'CreateUserDto'.
src/services/users.service.ts(28,9): error TS2304: Cannot find name 'isEmpty'.
src/services/users.service.ts(30,11): error TS2322: Type 'UserEntity | null' is not assignable to type 'User'.
  Type 'null' is not assignable to type 'User'.
src/services/users.service.ts(33,34): error TS2304: Cannot find name 'hash'.

Error: ⨯ Unable to compile TypeScript:
src/services/users.service.ts(4,1): error TS6133: 'UserModel' is declared but its value is never read.
src/services/users.service.ts(5,1): error TS6133: 'users' is declared but its value is never read.
src/services/users.service.ts(16,16): error TS2393: Duplicate function implementation.
src/services/users.service.ts(19,46): error TS2339: Property 'users' does not exist on type 'UserService'.
src/services/users.service.ts(22,45): error TS2339: Property 'users' does not exist on type 'UserService'.
src/services/users.service.ts(27,16): error TS2393: Duplicate function implementation.
src/services/users.service.ts(27,37): error TS2304: Cannot find name 'CreateUserDto'.
src/services/users.service.ts(28,9): error TS2304: Cannot find name 'isEmpty'.
src/services/users.service.ts(30,11): error TS2322: Type 'UserEntity | null' is not assignable to type 'User'.
  Type 'null' is not assignable to type 'User'.
src/services/users.service.ts(33,34): error TS2304: Cannot find name 'hash'.

    at Object.<anonymous> (/home/rabindranath/Documents/Backend/node-api-ts-express-opp/src/services/users.service.ts:1:7)
    at Module._compile (node:internal/modules/cjs/loader:1105:14)
    at Module._compile (/home/rabindranath/Documents/Backend/node-api-ts-express-opp/node_modules/source-map-support/source-map-support.js:568:25)
    at Module.m._compile (/tmp/ts-node-dev-hook-531125161454677.js:69:33)
    at Module._extensions..js (node:internal/modules/cjs/loader:1159:10)
    at require.extensions..jsx.require.extensions..js (/tmp/ts-node-dev-hook-531125161454677.js:114:20)
    at require.extensions.<computed> (/tmp/ts-node-dev-hook-531125161454677.js:71:20)
    at Object.nodeDevHook [as .ts] (/home/rabindranath/Documents/Backend/node-api-ts-express-opp/node_modules/ts-node-dev/lib/hook.js:63:13)
    at Module.load (node:internal/modules/cjs/loader:981:32)
    at Function.Module._load (node:internal/modules/cjs/loader:822:12)
2022-11-09 16:17:53 error: uncaughtException: ⨯ Unable to compile TypeScript:
src/services/users.service.ts(4,1): error TS6133: 'UserModel' is declared but its value is never read.
src/services/users.service.ts(5,1): error TS6133: 'users' is declared but its value is never read.
src/services/users.service.ts(16,16): error TS2393: Duplicate function implementation.
src/services/users.service.ts(19,46): error TS2339: Property 'users' does not exist on type 'UserService'.
src/services/users.service.ts(22,83): error TS2304: Cannot find name 'hashedPassword'.
src/services/users.service.ts(27,16): error TS2393: Duplicate function implementation.
src/services/users.service.ts(27,37): error TS2304: Cannot find name 'CreateUserDto'.
src/services/users.service.ts(28,9): error TS2304: Cannot find name 'isEmpty'.
src/services/users.service.ts(30,11): error TS2322: Type 'UserEntity | null' is not assignable to type 'User'.
  Type 'null' is not assignable to type 'User'.
src/services/users.service.ts(33,34): error TS2304: Cannot find name 'hash'.

Error: ⨯ Unable to compile TypeScript:
src/services/users.service.ts(4,1): error TS6133: 'UserModel' is declared but its value is never read.
src/services/users.service.ts(5,1): error TS6133: 'users' is declared but its value is never read.
src/services/users.service.ts(16,16): error TS2393: Duplicate function implementation.
src/services/users.service.ts(19,46): error TS2339: Property 'users' does not exist on type 'UserService'.
src/services/users.service.ts(22,83): error TS2304: Cannot find name 'hashedPassword'.
src/services/users.service.ts(27,16): error TS2393: Duplicate function implementation.
src/services/users.service.ts(27,37): error TS2304: Cannot find name 'CreateUserDto'.
src/services/users.service.ts(28,9): error TS2304: Cannot find name 'isEmpty'.
src/services/users.service.ts(30,11): error TS2322: Type 'UserEntity | null' is not assignable to type 'User'.
  Type 'null' is not assignable to type 'User'.
src/services/users.service.ts(33,34): error TS2304: Cannot find name 'hash'.

    at Object.<anonymous> (/home/rabindranath/Documents/Backend/node-api-ts-express-opp/src/services/users.service.ts:1:7)
    at Module._compile (node:internal/modules/cjs/loader:1105:14)
    at Module._compile (/home/rabindranath/Documents/Backend/node-api-ts-express-opp/node_modules/source-map-support/source-map-support.js:568:25)
    at Module.m._compile (/tmp/ts-node-dev-hook-531125161454677.js:69:33)
    at Module._extensions..js (node:internal/modules/cjs/loader:1159:10)
    at require.extensions..jsx.require.extensions..js (/tmp/ts-node-dev-hook-531125161454677.js:114:20)
    at require.extensions.<computed> (/tmp/ts-node-dev-hook-531125161454677.js:71:20)
    at Object.nodeDevHook [as .ts] (/home/rabindranath/Documents/Backend/node-api-ts-express-opp/node_modules/ts-node-dev/lib/hook.js:63:13)
    at Module.load (node:internal/modules/cjs/loader:981:32)
    at Function.Module._load (node:internal/modules/cjs/loader:822:12)
2022-11-09 16:18:04 error: uncaughtException: ⨯ Unable to compile TypeScript:
src/services/users.service.ts(4,1): error TS6133: 'UserModel' is declared but its value is never read.
src/services/users.service.ts(5,1): error TS6133: 'users' is declared but its value is never read.
src/services/users.service.ts(19,46): error TS2339: Property 'users' does not exist on type 'UserService'.
src/services/users.service.ts(22,83): error TS2304: Cannot find name 'hashedPassword'.

Error: ⨯ Unable to compile TypeScript:
src/services/users.service.ts(4,1): error TS6133: 'UserModel' is declared but its value is never read.
src/services/users.service.ts(5,1): error TS6133: 'users' is declared but its value is never read.
src/services/users.service.ts(19,46): error TS2339: Property 'users' does not exist on type 'UserService'.
src/services/users.service.ts(22,83): error TS2304: Cannot find name 'hashedPassword'.

    at Object.<anonymous> (/home/rabindranath/Documents/Backend/node-api-ts-express-opp/src/services/users.service.ts:1:7)
    at Module._compile (node:internal/modules/cjs/loader:1105:14)
    at Module._compile (/home/rabindranath/Documents/Backend/node-api-ts-express-opp/node_modules/source-map-support/source-map-support.js:568:25)
    at Module.m._compile (/tmp/ts-node-dev-hook-531125161454677.js:69:33)
    at Module._extensions..js (node:internal/modules/cjs/loader:1159:10)
    at require.extensions..jsx.require.extensions..js (/tmp/ts-node-dev-hook-531125161454677.js:114:20)
    at require.extensions.<computed> (/tmp/ts-node-dev-hook-531125161454677.js:71:20)
    at Object.nodeDevHook [as .ts] (/home/rabindranath/Documents/Backend/node-api-ts-express-opp/node_modules/ts-node-dev/lib/hook.js:63:13)
    at Module.load (node:internal/modules/cjs/loader:981:32)
    at Function.Module._load (node:internal/modules/cjs/loader:822:12)
2022-11-09 16:18:16 error: uncaughtException: ⨯ Unable to compile TypeScript:
src/services/users.service.ts(4,1): error TS6133: 'UserModel' is declared but its value is never read.
src/services/users.service.ts(5,1): error TS6133: 'users' is declared but its value is never read.
src/services/users.service.ts(19,46): error TS2339: Property 'UserEntity' does not exist on type 'UserService'.
src/services/users.service.ts(22,83): error TS2304: Cannot find name 'hashedPassword'.

Error: ⨯ Unable to compile TypeScript:
src/services/users.service.ts(4,1): error TS6133: 'UserModel' is declared but its value is never read.
src/services/users.service.ts(5,1): error TS6133: 'users' is declared but its value is never read.
src/services/users.service.ts(19,46): error TS2339: Property 'UserEntity' does not exist on type 'UserService'.
src/services/users.service.ts(22,83): error TS2304: Cannot find name 'hashedPassword'.

    at Object.<anonymous> (/home/rabindranath/Documents/Backend/node-api-ts-express-opp/src/services/users.service.ts:1:7)
    at Module._compile (node:internal/modules/cjs/loader:1105:14)
    at Module._compile (/home/rabindranath/Documents/Backend/node-api-ts-express-opp/node_modules/source-map-support/source-map-support.js:568:25)
    at Module.m._compile (/tmp/ts-node-dev-hook-531125161454677.js:69:33)
    at Module._extensions..js (node:internal/modules/cjs/loader:1159:10)
    at require.extensions..jsx.require.extensions..js (/tmp/ts-node-dev-hook-531125161454677.js:114:20)
    at require.extensions.<computed> (/tmp/ts-node-dev-hook-531125161454677.js:71:20)
    at Object.nodeDevHook [as .ts] (/home/rabindranath/Documents/Backend/node-api-ts-express-opp/node_modules/ts-node-dev/lib/hook.js:63:13)
    at Module.load (node:internal/modules/cjs/loader:981:32)
    at Function.Module._load (node:internal/modules/cjs/loader:822:12)
2022-11-09 18:30:12 error: uncaughtException: Wrong driver: "undefined" given. Supported drivers are: "aurora-mysql", "aurora-postgres", "better-sqlite3", "capacitor", "cockroachdb", "cordova", "expo", "mariadb", "mongodb", "mssql", "mysql", "nativescript", "oracle", "postgres", "react-native", "sap", "sqlite", "sqljs", "spanner".
MissingDriverError: Wrong driver: "undefined" given. Supported drivers are: "aurora-mysql", "aurora-postgres", "better-sqlite3", "capacitor", "cockroachdb", "cordova", "expo", "mariadb", "mongodb", "mssql", "mysql", "nativescript", "oracle", "postgres", "react-native", "sap", "sqlite", "sqljs", "spanner".
    at DriverFactory.create (/home/rabindranath/Documents/Backend/node-api-ts-express-opp/src/driver/DriverFactory.ts:72:23)
    at new DataSource (/home/rabindranath/Documents/Backend/node-api-ts-express-opp/src/data-source/DataSource.ts:139:43)
    at Object.<anonymous> (/home/rabindranath/Documents/Backend/node-api-ts-express-opp/src/config/data.source.ts:8:42)
    at Module._compile (node:internal/modules/cjs/loader:1105:14)
    at Module._compile (/home/rabindranath/Documents/Backend/node-api-ts-express-opp/node_modules/source-map-support/source-map-support.js:568:25)
    at Module.m._compile (/tmp/ts-node-dev-hook-5574861743644464.js:69:33)
    at Module._extensions..js (node:internal/modules/cjs/loader:1159:10)
    at require.extensions..jsx.require.extensions..js (/tmp/ts-node-dev-hook-5574861743644464.js:114:20)
    at require.extensions.<computed> (/tmp/ts-node-dev-hook-5574861743644464.js:71:20)
    at Object.nodeDevHook [as .ts] (/home/rabindranath/Documents/Backend/node-api-ts-express-opp/node_modules/ts-node-dev/lib/hook.js:63:13)
2022-11-09 18:30:44 error: uncaughtException: ⨯ Unable to compile TypeScript:
src/db/mysql.config.ts(1,1): error TS6133: 'join' is declared but its value is never read.
src/db/mysql.config.ts(2,22): error TS6133: 'DataSourceOptions' is declared but its value is never read.
src/db/mysql.config.ts(3,1): error TS6133: 'SnakeNamingStrategy' is declared but its value is never read.
src/db/mysql.config.ts(4,1): error TS6192: All imports in import declaration are unused.
src/db/mysql.config.ts(10,1): error TS1030: 'export' modifier already seen.
src/db/mysql.config.ts(13,33): error TS2304: Cannot find name 'dbConnection'.

Error: ⨯ Unable to compile TypeScript:
src/db/mysql.config.ts(1,1): error TS6133: 'join' is declared but its value is never read.
src/db/mysql.config.ts(2,22): error TS6133: 'DataSourceOptions' is declared but its value is never read.
src/db/mysql.config.ts(3,1): error TS6133: 'SnakeNamingStrategy' is declared but its value is never read.
src/db/mysql.config.ts(4,1): error TS6192: All imports in import declaration are unused.
src/db/mysql.config.ts(10,1): error TS1030: 'export' modifier already seen.
src/db/mysql.config.ts(13,33): error TS2304: Cannot find name 'dbConnection'.

    at Object.<anonymous> (/home/rabindranath/Documents/Backend/node-api-ts-express-opp/src/db/mysql.config.ts:1:7)
    at Module._compile (node:internal/modules/cjs/loader:1105:14)
    at Module._compile (/home/rabindranath/Documents/Backend/node-api-ts-express-opp/node_modules/source-map-support/source-map-support.js:568:25)
    at Module.m._compile (/tmp/ts-node-dev-hook-5574861743644464.js:69:33)
    at Module._extensions..js (node:internal/modules/cjs/loader:1159:10)
    at require.extensions..jsx.require.extensions..js (/tmp/ts-node-dev-hook-5574861743644464.js:114:20)
    at require.extensions.<computed> (/tmp/ts-node-dev-hook-5574861743644464.js:71:20)
    at Object.nodeDevHook [as .ts] (/home/rabindranath/Documents/Backend/node-api-ts-express-opp/node_modules/ts-node-dev/lib/hook.js:63:13)
    at Module.load (node:internal/modules/cjs/loader:981:32)
    at Function.Module._load (node:internal/modules/cjs/loader:822:12)
2022-11-09 18:31:21 error: uncaughtException: ⨯ Unable to compile TypeScript:
src/db/mysql.config.ts(1,1): error TS6133: 'join' is declared but its value is never read.
src/db/mysql.config.ts(2,22): error TS6133: 'DataSourceOptions' is declared but its value is never read.
src/db/mysql.config.ts(3,1): error TS6133: 'SnakeNamingStrategy' is declared but its value is never read.
src/db/mysql.config.ts(4,1): error TS6192: All imports in import declaration are unused.
src/db/mysql.config.ts(12,33): error TS2304: Cannot find name 'dbConnection'.

Error: ⨯ Unable to compile TypeScript:
src/db/mysql.config.ts(1,1): error TS6133: 'join' is declared but its value is never read.
src/db/mysql.config.ts(2,22): error TS6133: 'DataSourceOptions' is declared but its value is never read.
src/db/mysql.config.ts(3,1): error TS6133: 'SnakeNamingStrategy' is declared but its value is never read.
src/db/mysql.config.ts(4,1): error TS6192: All imports in import declaration are unused.
src/db/mysql.config.ts(12,33): error TS2304: Cannot find name 'dbConnection'.

    at Object.<anonymous> (/home/rabindranath/Documents/Backend/node-api-ts-express-opp/src/db/mysql.config.ts:1:7)
    at Module._compile (node:internal/modules/cjs/loader:1105:14)
    at Module._compile (/home/rabindranath/Documents/Backend/node-api-ts-express-opp/node_modules/source-map-support/source-map-support.js:568:25)
    at Module.m._compile (/tmp/ts-node-dev-hook-5574861743644464.js:69:33)
    at Module._extensions..js (node:internal/modules/cjs/loader:1159:10)
    at require.extensions..jsx.require.extensions..js (/tmp/ts-node-dev-hook-5574861743644464.js:114:20)
    at require.extensions.<computed> (/tmp/ts-node-dev-hook-5574861743644464.js:71:20)
    at Object.nodeDevHook [as .ts] (/home/rabindranath/Documents/Backend/node-api-ts-express-opp/node_modules/ts-node-dev/lib/hook.js:63:13)
    at Module.load (node:internal/modules/cjs/loader:981:32)
    at Function.Module._load (node:internal/modules/cjs/loader:822:12)
2022-11-09 18:31:26 error: uncaughtException: ⨯ Unable to compile TypeScript:
src/db/mysql.config.ts(1,22): error TS6133: 'DataSourceOptions' is declared but its value is never read.
src/db/mysql.config.ts(9,33): error TS2304: Cannot find name 'dbConnection'.

Error: ⨯ Unable to compile TypeScript:
src/db/mysql.config.ts(1,22): error TS6133: 'DataSourceOptions' is declared but its value is never read.
src/db/mysql.config.ts(9,33): error TS2304: Cannot find name 'dbConnection'.

    at Object.<anonymous> (/home/rabindranath/Documents/Backend/node-api-ts-express-opp/src/db/mysql.config.ts:1:7)
    at Module._compile (node:internal/modules/cjs/loader:1105:14)
    at Module._compile (/home/rabindranath/Documents/Backend/node-api-ts-express-opp/node_modules/source-map-support/source-map-support.js:568:25)
    at Module.m._compile (/tmp/ts-node-dev-hook-5574861743644464.js:69:33)
    at Module._extensions..js (node:internal/modules/cjs/loader:1159:10)
    at require.extensions..jsx.require.extensions..js (/tmp/ts-node-dev-hook-5574861743644464.js:114:20)
    at require.extensions.<computed> (/tmp/ts-node-dev-hook-5574861743644464.js:71:20)
    at Object.nodeDevHook [as .ts] (/home/rabindranath/Documents/Backend/node-api-ts-express-opp/node_modules/ts-node-dev/lib/hook.js:63:13)
    at Module.load (node:internal/modules/cjs/loader:981:32)
    at Function.Module._load (node:internal/modules/cjs/loader:822:12)
2022-11-09 18:31:34 error: uncaughtException: ⨯ Unable to compile TypeScript:
src/db/mysql.config.ts(9,33): error TS2304: Cannot find name 'dbConnection'.

Error: ⨯ Unable to compile TypeScript:
src/db/mysql.config.ts(9,33): error TS2304: Cannot find name 'dbConnection'.

    at Object.<anonymous> (/home/rabindranath/Documents/Backend/node-api-ts-express-opp/src/db/mysql.config.ts:1:7)
    at Module._compile (node:internal/modules/cjs/loader:1105:14)
    at Module._compile (/home/rabindranath/Documents/Backend/node-api-ts-express-opp/node_modules/source-map-support/source-map-support.js:568:25)
    at Module.m._compile (/tmp/ts-node-dev-hook-5574861743644464.js:69:33)
    at Module._extensions..js (node:internal/modules/cjs/loader:1159:10)
    at require.extensions..jsx.require.extensions..js (/tmp/ts-node-dev-hook-5574861743644464.js:114:20)
    at require.extensions.<computed> (/tmp/ts-node-dev-hook-5574861743644464.js:71:20)
    at Object.nodeDevHook [as .ts] (/home/rabindranath/Documents/Backend/node-api-ts-express-opp/node_modules/ts-node-dev/lib/hook.js:63:13)
    at Module.load (node:internal/modules/cjs/loader:981:32)
    at Function.Module._load (node:internal/modules/cjs/loader:822:12)
2022-11-09 18:31:48 error: uncaughtException: ⨯ Unable to compile TypeScript:
src/db/mysql.config.ts(9,33): error TS2304: Cannot find name 'port'.

Error: ⨯ Unable to compile TypeScript:
src/db/mysql.config.ts(9,33): error TS2304: Cannot find name 'port'.

    at Object.<anonymous> (/home/rabindranath/Documents/Backend/node-api-ts-express-opp/src/db/mysql.config.ts:1:7)
    at Module._compile (node:internal/modules/cjs/loader:1105:14)
    at Module._compile (/home/rabindranath/Documents/Backend/node-api-ts-express-opp/node_modules/source-map-support/source-map-support.js:568:25)
    at Module.m._compile (/tmp/ts-node-dev-hook-5574861743644464.js:69:33)
    at Module._extensions..js (node:internal/modules/cjs/loader:1159:10)
    at require.extensions..jsx.require.extensions..js (/tmp/ts-node-dev-hook-5574861743644464.js:114:20)
    at require.extensions.<computed> (/tmp/ts-node-dev-hook-5574861743644464.js:71:20)
    at Object.nodeDevHook [as .ts] (/home/rabindranath/Documents/Backend/node-api-ts-express-opp/node_modules/ts-node-dev/lib/hook.js:63:13)
    at Module.load (node:internal/modules/cjs/loader:981:32)
    at Function.Module._load (node:internal/modules/cjs/loader:822:12)
2022-11-09 18:31:53 error: uncaughtException: ⨯ Unable to compile TypeScript:
src/config/data.source.ts(5,7): error TS6133: 'dbConnection' is declared but its value is never read.
src/config/data.source.ts(7,9): error TS2304: Cannot find name 'DB_HOST'.
src/config/data.source.ts(8,16): error TS2304: Cannot find name 'DB_PORT'.
src/config/data.source.ts(9,13): error TS2304: Cannot find name 'DB_USER'.
src/config/data.source.ts(10,13): error TS2304: Cannot find name 'DB_PASSWORD'.
src/config/data.source.ts(11,13): error TS2304: Cannot find name 'DB_NAME'.
src/config/data.source.ts(21,57): error TS2304: Cannot find name 'config'.

Error: ⨯ Unable to compile TypeScript:
src/config/data.source.ts(5,7): error TS6133: 'dbConnection' is declared but its value is never read.
src/config/data.source.ts(7,9): error TS2304: Cannot find name 'DB_HOST'.
src/config/data.source.ts(8,16): error TS2304: Cannot find name 'DB_PORT'.
src/config/data.source.ts(9,13): error TS2304: Cannot find name 'DB_USER'.
src/config/data.source.ts(10,13): error TS2304: Cannot find name 'DB_PASSWORD'.
src/config/data.source.ts(11,13): error TS2304: Cannot find name 'DB_NAME'.
src/config/data.source.ts(21,57): error TS2304: Cannot find name 'config'.

    at Object.<anonymous> (/home/rabindranath/Documents/Backend/node-api-ts-express-opp/src/config/data.source.ts:1:7)
    at Module._compile (node:internal/modules/cjs/loader:1105:14)
    at Module._compile (/home/rabindranath/Documents/Backend/node-api-ts-express-opp/node_modules/source-map-support/source-map-support.js:568:25)
    at Module.m._compile (/tmp/ts-node-dev-hook-5574861743644464.js:69:33)
    at Module._extensions..js (node:internal/modules/cjs/loader:1159:10)
    at require.extensions..jsx.require.extensions..js (/tmp/ts-node-dev-hook-5574861743644464.js:114:20)
    at require.extensions.<computed> (/tmp/ts-node-dev-hook-5574861743644464.js:71:20)
    at Object.nodeDevHook [as .ts] (/home/rabindranath/Documents/Backend/node-api-ts-express-opp/node_modules/ts-node-dev/lib/hook.js:63:13)
    at Module.load (node:internal/modules/cjs/loader:981:32)
    at Function.Module._load (node:internal/modules/cjs/loader:822:12)
2022-11-09 18:31:58 error: uncaughtException: ⨯ Unable to compile TypeScript:
src/config/data.source.ts(5,7): error TS6133: 'dbConnection' is declared but its value is never read.
src/config/data.source.ts(7,9): error TS2304: Cannot find name 'DB_HOST'.
src/config/data.source.ts(8,16): error TS2304: Cannot find name 'DB_PORT'.
src/config/data.source.ts(9,13): error TS2304: Cannot find name 'DB_USER'.
src/config/data.source.ts(10,13): error TS2304: Cannot find name 'DB_PASSWORD'.
src/config/data.source.ts(11,13): error TS2304: Cannot find name 'DB_NAME'.
src/config/data.source.ts(21,57): error TS2304: Cannot find name 'config'.

Error: ⨯ Unable to compile TypeScript:
src/config/data.source.ts(5,7): error TS6133: 'dbConnection' is declared but its value is never read.
src/config/data.source.ts(7,9): error TS2304: Cannot find name 'DB_HOST'.
src/config/data.source.ts(8,16): error TS2304: Cannot find name 'DB_PORT'.
src/config/data.source.ts(9,13): error TS2304: Cannot find name 'DB_USER'.
src/config/data.source.ts(10,13): error TS2304: Cannot find name 'DB_PASSWORD'.
src/config/data.source.ts(11,13): error TS2304: Cannot find name 'DB_NAME'.
src/config/data.source.ts(21,57): error TS2304: Cannot find name 'config'.

    at Object.<anonymous> (/home/rabindranath/Documents/Backend/node-api-ts-express-opp/src/config/data.source.ts:1:7)
    at Module._compile (node:internal/modules/cjs/loader:1105:14)
    at Module._compile (/home/rabindranath/Documents/Backend/node-api-ts-express-opp/node_modules/source-map-support/source-map-support.js:568:25)
    at Module.m._compile (/tmp/ts-node-dev-hook-5574861743644464.js:69:33)
    at Module._extensions..js (node:internal/modules/cjs/loader:1159:10)
    at require.extensions..jsx.require.extensions..js (/tmp/ts-node-dev-hook-5574861743644464.js:114:20)
    at require.extensions.<computed> (/tmp/ts-node-dev-hook-5574861743644464.js:71:20)
    at Object.nodeDevHook [as .ts] (/home/rabindranath/Documents/Backend/node-api-ts-express-opp/node_modules/ts-node-dev/lib/hook.js:63:13)
    at Module.load (node:internal/modules/cjs/loader:981:32)
    at Function.Module._load (node:internal/modules/cjs/loader:822:12)
2022-11-09 18:32:02 error: uncaughtException: ⨯ Unable to compile TypeScript:
src/config/data.source.ts(7,7): error TS6133: 'dbConnection' is declared but its value is never read.
src/config/data.source.ts(23,57): error TS2345: Argument of type '(options?: DotenvConfigOptions | undefined) => DotenvConfigOutput' is not assignable to parameter of type 'DataSourceOptions'.

Error: ⨯ Unable to compile TypeScript:
src/config/data.source.ts(7,7): error TS6133: 'dbConnection' is declared but its value is never read.
src/config/data.source.ts(23,57): error TS2345: Argument of type '(options?: DotenvConfigOptions | undefined) => DotenvConfigOutput' is not assignable to parameter of type 'DataSourceOptions'.

    at Object.<anonymous> (/home/rabindranath/Documents/Backend/node-api-ts-express-opp/src/config/data.source.ts:1:7)
    at Module._compile (node:internal/modules/cjs/loader:1105:14)
    at Module._compile (/home/rabindranath/Documents/Backend/node-api-ts-express-opp/node_modules/source-map-support/source-map-support.js:568:25)
    at Module.m._compile (/tmp/ts-node-dev-hook-5574861743644464.js:69:33)
    at Module._extensions..js (node:internal/modules/cjs/loader:1159:10)
    at require.extensions..jsx.require.extensions..js (/tmp/ts-node-dev-hook-5574861743644464.js:114:20)
    at require.extensions.<computed> (/tmp/ts-node-dev-hook-5574861743644464.js:71:20)
    at Object.nodeDevHook [as .ts] (/home/rabindranath/Documents/Backend/node-api-ts-express-opp/node_modules/ts-node-dev/lib/hook.js:63:13)
    at Module.load (node:internal/modules/cjs/loader:981:32)
    at Function.Module._load (node:internal/modules/cjs/loader:822:12)
2022-11-09 18:32:10 error: uncaughtException: ⨯ Unable to compile TypeScript:
src/config/data.source.ts(7,7): error TS6133: 'configDbConnection' is declared but its value is never read.
src/config/data.source.ts(23,57): error TS2345: Argument of type '(options?: DotenvConfigOptions | undefined) => DotenvConfigOutput' is not assignable to parameter of type 'DataSourceOptions'.

Error: ⨯ Unable to compile TypeScript:
src/config/data.source.ts(7,7): error TS6133: 'configDbConnection' is declared but its value is never read.
src/config/data.source.ts(23,57): error TS2345: Argument of type '(options?: DotenvConfigOptions | undefined) => DotenvConfigOutput' is not assignable to parameter of type 'DataSourceOptions'.

    at Object.<anonymous> (/home/rabindranath/Documents/Backend/node-api-ts-express-opp/src/config/data.source.ts:1:7)
    at Module._compile (node:internal/modules/cjs/loader:1105:14)
    at Module._compile (/home/rabindranath/Documents/Backend/node-api-ts-express-opp/node_modules/source-map-support/source-map-support.js:568:25)
    at Module.m._compile (/tmp/ts-node-dev-hook-5574861743644464.js:69:33)
    at Module._extensions..js (node:internal/modules/cjs/loader:1159:10)
    at require.extensions..jsx.require.extensions..js (/tmp/ts-node-dev-hook-5574861743644464.js:114:20)
    at require.extensions.<computed> (/tmp/ts-node-dev-hook-5574861743644464.js:71:20)
    at Object.nodeDevHook [as .ts] (/home/rabindranath/Documents/Backend/node-api-ts-express-opp/node_modules/ts-node-dev/lib/hook.js:63:13)
    at Module.load (node:internal/modules/cjs/loader:981:32)
    at Function.Module._load (node:internal/modules/cjs/loader:822:12)
2022-11-09 18:32:15 error: uncaughtException: ⨯ Unable to compile TypeScript:
src/config/data.source.ts(1,1): error TS6133: 'config' is declared but its value is never read.

Error: ⨯ Unable to compile TypeScript:
src/config/data.source.ts(1,1): error TS6133: 'config' is declared but its value is never read.

    at Object.<anonymous> (/home/rabindranath/Documents/Backend/node-api-ts-express-opp/src/config/data.source.ts:1:7)
    at Module._compile (node:internal/modules/cjs/loader:1105:14)
    at Module._compile (/home/rabindranath/Documents/Backend/node-api-ts-express-opp/node_modules/source-map-support/source-map-support.js:568:25)
    at Module.m._compile (/tmp/ts-node-dev-hook-5574861743644464.js:69:33)
    at Module._extensions..js (node:internal/modules/cjs/loader:1159:10)
    at require.extensions..jsx.require.extensions..js (/tmp/ts-node-dev-hook-5574861743644464.js:114:20)
    at require.extensions.<computed> (/tmp/ts-node-dev-hook-5574861743644464.js:71:20)
    at Object.nodeDevHook [as .ts] (/home/rabindranath/Documents/Backend/node-api-ts-express-opp/node_modules/ts-node-dev/lib/hook.js:63:13)
    at Module.load (node:internal/modules/cjs/loader:981:32)
    at Function.Module._load (node:internal/modules/cjs/loader:822:12)
2022-11-09 18:32:22 error: uncaughtException: ⨯ Unable to compile TypeScript:
src/controllers/users.controllers.ts(5,59): error TS2554: Expected 2-3 arguments, but got 0.

Error: ⨯ Unable to compile TypeScript:
src/controllers/users.controllers.ts(5,59): error TS2554: Expected 2-3 arguments, but got 0.

    at Object.<anonymous> (/home/rabindranath/Documents/Backend/node-api-ts-express-opp/src/controllers/users.controllers.ts:1:7)
    at Module._compile (node:internal/modules/cjs/loader:1105:14)
    at Module._compile (/home/rabindranath/Documents/Backend/node-api-ts-express-opp/node_modules/source-map-support/source-map-support.js:568:25)
    at Module.m._compile (/tmp/ts-node-dev-hook-5574861743644464.js:69:33)
    at Module._extensions..js (node:internal/modules/cjs/loader:1159:10)
    at require.extensions..jsx.require.extensions..js (/tmp/ts-node-dev-hook-5574861743644464.js:114:20)
    at require.extensions.<computed> (/tmp/ts-node-dev-hook-5574861743644464.js:71:20)
    at Object.nodeDevHook [as .ts] (/home/rabindranath/Documents/Backend/node-api-ts-express-opp/node_modules/ts-node-dev/lib/hook.js:63:13)
    at Module.load (node:internal/modules/cjs/loader:981:32)
    at Function.Module._load (node:internal/modules/cjs/loader:822:12)
2022-11-09 19:12:19 error: uncaughtException: ⨯ Unable to compile TypeScript:
src/controllers/users.controllers.ts(5,59): error TS2554: Expected 2-3 arguments, but got 0.

Error: ⨯ Unable to compile TypeScript:
src/controllers/users.controllers.ts(5,59): error TS2554: Expected 2-3 arguments, but got 0.

    at Object.<anonymous> (/home/rabindranath/Documents/Backend/node-api-ts-express-opp/src/controllers/users.controllers.ts:1:7)
    at Module._compile (node:internal/modules/cjs/loader:1105:14)
    at Module._compile (/home/rabindranath/Documents/Backend/node-api-ts-express-opp/node_modules/source-map-support/source-map-support.js:568:25)
    at Module.m._compile (/tmp/ts-node-dev-hook-2326065633808263.js:69:33)
    at Module._extensions..js (node:internal/modules/cjs/loader:1159:10)
    at require.extensions..jsx.require.extensions..js (/tmp/ts-node-dev-hook-2326065633808263.js:114:20)
    at require.extensions.<computed> (/tmp/ts-node-dev-hook-2326065633808263.js:71:20)
    at Object.nodeDevHook [as .ts] (/home/rabindranath/Documents/Backend/node-api-ts-express-opp/node_modules/ts-node-dev/lib/hook.js:63:13)
    at Module.load (node:internal/modules/cjs/loader:981:32)
    at Function.Module._load (node:internal/modules/cjs/loader:822:12)
2022-11-09 19:17:51 error: uncaughtException: ⨯ Unable to compile TypeScript:
src/controllers/users.controllers.ts(5,59): error TS2554: Expected 2-3 arguments, but got 0.

Error: ⨯ Unable to compile TypeScript:
src/controllers/users.controllers.ts(5,59): error TS2554: Expected 2-3 arguments, but got 0.

    at Object.<anonymous> (/home/rabindranath/Documents/Backend/node-api-ts-express-opp/src/controllers/users.controllers.ts:1:7)
    at Module._compile (node:internal/modules/cjs/loader:1105:14)
    at Module._compile (/home/rabindranath/Documents/Backend/node-api-ts-express-opp/node_modules/source-map-support/source-map-support.js:568:25)
    at Module.m._compile (/tmp/ts-node-dev-hook-5017228869402277.js:69:33)
    at Module._extensions..js (node:internal/modules/cjs/loader:1159:10)
    at require.extensions..jsx.require.extensions..js (/tmp/ts-node-dev-hook-5017228869402277.js:114:20)
    at require.extensions.<computed> (/tmp/ts-node-dev-hook-5017228869402277.js:71:20)
    at Object.nodeDevHook [as .ts] (/home/rabindranath/Documents/Backend/node-api-ts-express-opp/node_modules/ts-node-dev/lib/hook.js:63:13)
    at Module.load (node:internal/modules/cjs/loader:981:32)
    at Function.Module._load (node:internal/modules/cjs/loader:822:12)
2022-11-09 19:18:16 error: uncaughtException: ⨯ Unable to compile TypeScript:
src/controllers/users.controllers.ts(2,1): error TS6133: 'UserService' is declared but its value is never read.
src/controllers/users.controllers.ts(8,27): error TS2339: Property 'userService' does not exist on type 'UserController'.
src/controllers/users.controllers.ts(13,33): error TS2339: Property 'userService' does not exist on type 'UserController'.
src/controllers/users.controllers.ts(18,33): error TS2339: Property 'userService' does not exist on type 'UserController'.
src/controllers/users.controllers.ts(23,33): error TS2339: Property 'userService' does not exist on type 'UserController'.
src/controllers/users.controllers.ts(28,33): error TS2339: Property 'userService' does not exist on type 'UserController'.

Error: ⨯ Unable to compile TypeScript:
src/controllers/users.controllers.ts(2,1): error TS6133: 'UserService' is declared but its value is never read.
src/controllers/users.controllers.ts(8,27): error TS2339: Property 'userService' does not exist on type 'UserController'.
src/controllers/users.controllers.ts(13,33): error TS2339: Property 'userService' does not exist on type 'UserController'.
src/controllers/users.controllers.ts(18,33): error TS2339: Property 'userService' does not exist on type 'UserController'.
src/controllers/users.controllers.ts(23,33): error TS2339: Property 'userService' does not exist on type 'UserController'.
src/controllers/users.controllers.ts(28,33): error TS2339: Property 'userService' does not exist on type 'UserController'.

    at Object.<anonymous> (/home/rabindranath/Documents/Backend/node-api-ts-express-opp/src/controllers/users.controllers.ts:1:7)
    at Module._compile (node:internal/modules/cjs/loader:1105:14)
    at Module._compile (/home/rabindranath/Documents/Backend/node-api-ts-express-opp/node_modules/source-map-support/source-map-support.js:568:25)
    at Module.m._compile (/tmp/ts-node-dev-hook-5017228869402277.js:69:33)
    at Module._extensions..js (node:internal/modules/cjs/loader:1159:10)
    at require.extensions..jsx.require.extensions..js (/tmp/ts-node-dev-hook-5017228869402277.js:114:20)
    at require.extensions.<computed> (/tmp/ts-node-dev-hook-5017228869402277.js:71:20)
    at Object.nodeDevHook [as .ts] (/home/rabindranath/Documents/Backend/node-api-ts-express-opp/node_modules/ts-node-dev/lib/hook.js:63:13)
    at Module.load (node:internal/modules/cjs/loader:981:32)
    at Function.Module._load (node:internal/modules/cjs/loader:822:12)
2022-11-09 19:18:21 error: uncaughtException: ⨯ Unable to compile TypeScript:
src/controllers/users.controllers.ts(2,1): error TS6133: 'UserService' is declared but its value is never read.
src/controllers/users.controllers.ts(9,27): error TS2339: Property 'userService' does not exist on type 'UserController'.
src/controllers/users.controllers.ts(14,33): error TS2339: Property 'userService' does not exist on type 'UserController'.
src/controllers/users.controllers.ts(19,33): error TS2339: Property 'userService' does not exist on type 'UserController'.
src/controllers/users.controllers.ts(24,33): error TS2339: Property 'userService' does not exist on type 'UserController'.
src/controllers/users.controllers.ts(29,33): error TS2339: Property 'userService' does not exist on type 'UserController'.

Error: ⨯ Unable to compile TypeScript:
src/controllers/users.controllers.ts(2,1): error TS6133: 'UserService' is declared but its value is never read.
src/controllers/users.controllers.ts(9,27): error TS2339: Property 'userService' does not exist on type 'UserController'.
src/controllers/users.controllers.ts(14,33): error TS2339: Property 'userService' does not exist on type 'UserController'.
src/controllers/users.controllers.ts(19,33): error TS2339: Property 'userService' does not exist on type 'UserController'.
src/controllers/users.controllers.ts(24,33): error TS2339: Property 'userService' does not exist on type 'UserController'.
src/controllers/users.controllers.ts(29,33): error TS2339: Property 'userService' does not exist on type 'UserController'.

    at Object.<anonymous> (/home/rabindranath/Documents/Backend/node-api-ts-express-opp/src/controllers/users.controllers.ts:1:7)
    at Module._compile (node:internal/modules/cjs/loader:1105:14)
    at Module._compile (/home/rabindranath/Documents/Backend/node-api-ts-express-opp/node_modules/source-map-support/source-map-support.js:568:25)
    at Module.m._compile (/tmp/ts-node-dev-hook-5017228869402277.js:69:33)
    at Module._extensions..js (node:internal/modules/cjs/loader:1159:10)
    at require.extensions..jsx.require.extensions..js (/tmp/ts-node-dev-hook-5017228869402277.js:114:20)
    at require.extensions.<computed> (/tmp/ts-node-dev-hook-5017228869402277.js:71:20)
    at Object.nodeDevHook [as .ts] (/home/rabindranath/Documents/Backend/node-api-ts-express-opp/node_modules/ts-node-dev/lib/hook.js:63:13)
    at Module.load (node:internal/modules/cjs/loader:981:32)
    at Function.Module._load (node:internal/modules/cjs/loader:822:12)
2022-11-09 19:18:31 error: uncaughtException: ⨯ Unable to compile TypeScript:
src/controllers/users.controllers.ts(2,1): error TS6133: 'UserService' is declared but its value is never read.
src/controllers/users.controllers.ts(6,3): error TS2552: Cannot find name 'constructor'. Did you mean 'MapConstructor'?
src/controllers/users.controllers.ts(8,10): error TS2304: Cannot find name 'getAllUsers'.
src/controllers/users.controllers.ts(9,22): error TS2532: Object is possibly 'undefined'.
src/controllers/users.controllers.ts(13,10): error TS2304: Cannot find name 'createUserCtrl'.
src/controllers/users.controllers.ts(14,28): error TS2532: Object is possibly 'undefined'.
src/controllers/users.controllers.ts(18,10): error TS2304: Cannot find name 'findUserByIdCtrl'.
src/controllers/users.controllers.ts(19,28): error TS2532: Object is possibly 'undefined'.
src/controllers/users.controllers.ts(23,10): error TS2304: Cannot find name 'updateUserCtrl'.
src/controllers/users.controllers.ts(24,28): error TS2532: Object is possibly 'undefined'.
src/controllers/users.controllers.ts(28,10): error TS2304: Cannot find name 'deleteUserCtrl'.
src/controllers/users.controllers.ts(29,28): error TS2532: Object is possibly 'undefined'.
src/controllers/users.controllers.ts(6,14): error TS1441: Cannot start a function call in a type annotation.
src/controllers/users.controllers.ts(6,15): error TS1068: Unexpected token. A constructor, method, accessor, or property was expected.
src/controllers/users.controllers.ts(6,17): error TS1068: Unexpected token. A constructor, method, accessor, or property was expected.
src/controllers/users.controllers.ts(8,3): error TS1128: Declaration or statement expected.
src/controllers/users.controllers.ts(13,3): error TS1128: Declaration or statement expected.
src/controllers/users.controllers.ts(18,3): error TS1128: Declaration or statement expected.
src/controllers/users.controllers.ts(23,3): error TS1128: Declaration or statement expected.
src/controllers/users.controllers.ts(28,3): error TS1128: Declaration or statement expected.
src/controllers/users.controllers.ts(32,1): error TS1128: Declaration or statement expected.

Error: ⨯ Unable to compile TypeScript:
src/controllers/users.controllers.ts(2,1): error TS6133: 'UserService' is declared but its value is never read.
src/controllers/users.controllers.ts(6,3): error TS2552: Cannot find name 'constructor'. Did you mean 'MapConstructor'?
src/controllers/users.controllers.ts(8,10): error TS2304: Cannot find name 'getAllUsers'.
src/controllers/users.controllers.ts(9,22): error TS2532: Object is possibly 'undefined'.
src/controllers/users.controllers.ts(13,10): error TS2304: Cannot find name 'createUserCtrl'.
src/controllers/users.controllers.ts(14,28): error TS2532: Object is possibly 'undefined'.
src/controllers/users.controllers.ts(18,10): error TS2304: Cannot find name 'findUserByIdCtrl'.
src/controllers/users.controllers.ts(19,28): error TS2532: Object is possibly 'undefined'.
src/controllers/users.controllers.ts(23,10): error TS2304: Cannot find name 'updateUserCtrl'.
src/controllers/users.controllers.ts(24,28): error TS2532: Object is possibly 'undefined'.
src/controllers/users.controllers.ts(28,10): error TS2304: Cannot find name 'deleteUserCtrl'.
src/controllers/users.controllers.ts(29,28): error TS2532: Object is possibly 'undefined'.
src/controllers/users.controllers.ts(6,14): error TS1441: Cannot start a function call in a type annotation.
src/controllers/users.controllers.ts(6,15): error TS1068: Unexpected token. A constructor, method, accessor, or property was expected.
src/controllers/users.controllers.ts(6,17): error TS1068: Unexpected token. A constructor, method, accessor, or property was expected.
src/controllers/users.controllers.ts(8,3): error TS1128: Declaration or statement expected.
src/controllers/users.controllers.ts(13,3): error TS1128: Declaration or statement expected.
src/controllers/users.controllers.ts(18,3): error TS1128: Declaration or statement expected.
src/controllers/users.controllers.ts(23,3): error TS1128: Declaration or statement expected.
src/controllers/users.controllers.ts(28,3): error TS1128: Declaration or statement expected.
src/controllers/users.controllers.ts(32,1): error TS1128: Declaration or statement expected.

    at Object.<anonymous> (/home/rabindranath/Documents/Backend/node-api-ts-express-opp/src/controllers/users.controllers.ts:1:7)
    at Module._compile (node:internal/modules/cjs/loader:1105:14)
    at Module._compile (/home/rabindranath/Documents/Backend/node-api-ts-express-opp/node_modules/source-map-support/source-map-support.js:568:25)
    at Module.m._compile (/tmp/ts-node-dev-hook-5017228869402277.js:69:33)
    at Module._extensions..js (node:internal/modules/cjs/loader:1159:10)
    at require.extensions..jsx.require.extensions..js (/tmp/ts-node-dev-hook-5017228869402277.js:114:20)
    at require.extensions.<computed> (/tmp/ts-node-dev-hook-5017228869402277.js:71:20)
    at Object.nodeDevHook [as .ts] (/home/rabindranath/Documents/Backend/node-api-ts-express-opp/node_modules/ts-node-dev/lib/hook.js:63:13)
    at Module.load (node:internal/modules/cjs/loader:981:32)
    at Function.Module._load (node:internal/modules/cjs/loader:822:12)
2022-11-09 19:18:37 error: uncaughtException: ⨯ Unable to compile TypeScript:
src/controllers/users.controllers.ts(5,10): error TS2564: Property 'userService' has no initializer and is not definitely assigned in the constructor.

Error: ⨯ Unable to compile TypeScript:
src/controllers/users.controllers.ts(5,10): error TS2564: Property 'userService' has no initializer and is not definitely assigned in the constructor.

    at Object.<anonymous> (/home/rabindranath/Documents/Backend/node-api-ts-express-opp/src/controllers/users.controllers.ts:1:7)
    at Module._compile (node:internal/modules/cjs/loader:1105:14)
    at Module._compile (/home/rabindranath/Documents/Backend/node-api-ts-express-opp/node_modules/source-map-support/source-map-support.js:568:25)
    at Module.m._compile (/tmp/ts-node-dev-hook-5017228869402277.js:69:33)
    at Module._extensions..js (node:internal/modules/cjs/loader:1159:10)
    at require.extensions..jsx.require.extensions..js (/tmp/ts-node-dev-hook-5017228869402277.js:114:20)
    at require.extensions.<computed> (/tmp/ts-node-dev-hook-5017228869402277.js:71:20)
    at Object.nodeDevHook [as .ts] (/home/rabindranath/Documents/Backend/node-api-ts-express-opp/node_modules/ts-node-dev/lib/hook.js:63:13)
    at Module.load (node:internal/modules/cjs/loader:981:32)
    at Function.Module._load (node:internal/modules/cjs/loader:822:12)
2022-11-09 19:18:43 error: uncaughtException: ⨯ Unable to compile TypeScript:
src/controllers/users.controllers.ts(5,37): error TS2554: Expected 2-3 arguments, but got 0.

Error: ⨯ Unable to compile TypeScript:
src/controllers/users.controllers.ts(5,37): error TS2554: Expected 2-3 arguments, but got 0.

    at Object.<anonymous> (/home/rabindranath/Documents/Backend/node-api-ts-express-opp/src/controllers/users.controllers.ts:1:7)
    at Module._compile (node:internal/modules/cjs/loader:1105:14)
    at Module._compile (/home/rabindranath/Documents/Backend/node-api-ts-express-opp/node_modules/source-map-support/source-map-support.js:568:25)
    at Module.m._compile (/tmp/ts-node-dev-hook-5017228869402277.js:69:33)
    at Module._extensions..js (node:internal/modules/cjs/loader:1159:10)
    at require.extensions..jsx.require.extensions..js (/tmp/ts-node-dev-hook-5017228869402277.js:114:20)
    at require.extensions.<computed> (/tmp/ts-node-dev-hook-5017228869402277.js:71:20)
    at Object.nodeDevHook [as .ts] (/home/rabindranath/Documents/Backend/node-api-ts-express-opp/node_modules/ts-node-dev/lib/hook.js:63:13)
    at Module.load (node:internal/modules/cjs/loader:981:32)
    at Function.Module._load (node:internal/modules/cjs/loader:822:12)
2022-11-09 19:18:49 error: uncaughtException: ⨯ Unable to compile TypeScript:
src/controllers/users.controllers.ts(5,37): error TS2554: Expected 2-3 arguments, but got 0.

Error: ⨯ Unable to compile TypeScript:
src/controllers/users.controllers.ts(5,37): error TS2554: Expected 2-3 arguments, but got 0.

    at Object.<anonymous> (/home/rabindranath/Documents/Backend/node-api-ts-express-opp/src/controllers/users.controllers.ts:1:7)
    at Module._compile (node:internal/modules/cjs/loader:1105:14)
    at Module._compile (/home/rabindranath/Documents/Backend/node-api-ts-express-opp/node_modules/source-map-support/source-map-support.js:568:25)
    at Module.m._compile (/tmp/ts-node-dev-hook-5017228869402277.js:69:33)
    at Module._extensions..js (node:internal/modules/cjs/loader:1159:10)
    at require.extensions..jsx.require.extensions..js (/tmp/ts-node-dev-hook-5017228869402277.js:114:20)
    at require.extensions.<computed> (/tmp/ts-node-dev-hook-5017228869402277.js:71:20)
    at Object.nodeDevHook [as .ts] (/home/rabindranath/Documents/Backend/node-api-ts-express-opp/node_modules/ts-node-dev/lib/hook.js:63:13)
    at Module.load (node:internal/modules/cjs/loader:981:32)
    at Function.Module._load (node:internal/modules/cjs/loader:822:12)
2022-11-09 19:27:03 error: uncaughtException: ⨯ Unable to compile TypeScript:
src/controllers/users.controllers.ts(5,37): error TS2554: Expected 2-3 arguments, but got 1.
src/controllers/users.controllers.ts(5,53): error TS2304: Cannot find name 'User'.

Error: ⨯ Unable to compile TypeScript:
src/controllers/users.controllers.ts(5,37): error TS2554: Expected 2-3 arguments, but got 1.
src/controllers/users.controllers.ts(5,53): error TS2304: Cannot find name 'User'.

    at Object.<anonymous> (/home/rabindranath/Documents/Backend/node-api-ts-express-opp/src/controllers/users.controllers.ts:1:7)
    at Module._compile (node:internal/modules/cjs/loader:1105:14)
    at Module._compile (/home/rabindranath/Documents/Backend/node-api-ts-express-opp/node_modules/source-map-support/source-map-support.js:568:25)
    at Module.m._compile (/tmp/ts-node-dev-hook-5017228869402277.js:69:33)
    at Module._extensions..js (node:internal/modules/cjs/loader:1159:10)
    at require.extensions..jsx.require.extensions..js (/tmp/ts-node-dev-hook-5017228869402277.js:114:20)
    at require.extensions.<computed> (/tmp/ts-node-dev-hook-5017228869402277.js:71:20)
    at Object.nodeDevHook [as .ts] (/home/rabindranath/Documents/Backend/node-api-ts-express-opp/node_modules/ts-node-dev/lib/hook.js:63:13)
    at Module.load (node:internal/modules/cjs/loader:981:32)
    at Function.Module._load (node:internal/modules/cjs/loader:822:12)
2022-11-09 19:27:09 error: uncaughtException: ⨯ Unable to compile TypeScript:
src/controllers/users.controllers.ts(6,37): error TS2554: Expected 2-3 arguments, but got 1.

Error: ⨯ Unable to compile TypeScript:
src/controllers/users.controllers.ts(6,37): error TS2554: Expected 2-3 arguments, but got 1.

    at Object.<anonymous> (/home/rabindranath/Documents/Backend/node-api-ts-express-opp/src/controllers/users.controllers.ts:1:7)
    at Module._compile (node:internal/modules/cjs/loader:1105:14)
    at Module._compile (/home/rabindranath/Documents/Backend/node-api-ts-express-opp/node_modules/source-map-support/source-map-support.js:568:25)
    at Module.m._compile (/tmp/ts-node-dev-hook-5017228869402277.js:69:33)
    at Module._extensions..js (node:internal/modules/cjs/loader:1159:10)
    at require.extensions..jsx.require.extensions..js (/tmp/ts-node-dev-hook-5017228869402277.js:114:20)
    at require.extensions.<computed> (/tmp/ts-node-dev-hook-5017228869402277.js:71:20)
    at Object.nodeDevHook [as .ts] (/home/rabindranath/Documents/Backend/node-api-ts-express-opp/node_modules/ts-node-dev/lib/hook.js:63:13)
    at Module.load (node:internal/modules/cjs/loader:981:32)
    at Function.Module._load (node:internal/modules/cjs/loader:822:12)
2022-11-09 19:27:36 error: uncaughtException: ⨯ Unable to compile TypeScript:
src/controllers/users.controllers.ts(6,37): error TS2554: Expected 2-3 arguments, but got 1.

Error: ⨯ Unable to compile TypeScript:
src/controllers/users.controllers.ts(6,37): error TS2554: Expected 2-3 arguments, but got 1.

    at Object.<anonymous> (/home/rabindranath/Documents/Backend/node-api-ts-express-opp/src/controllers/users.controllers.ts:1:7)
    at Module._compile (node:internal/modules/cjs/loader:1105:14)
    at Module._compile (/home/rabindranath/Documents/Backend/node-api-ts-express-opp/node_modules/source-map-support/source-map-support.js:568:25)
    at Module.m._compile (/tmp/ts-node-dev-hook-8860682238727102.js:69:33)
    at Module._extensions..js (node:internal/modules/cjs/loader:1159:10)
    at require.extensions..jsx.require.extensions..js (/tmp/ts-node-dev-hook-8860682238727102.js:114:20)
    at require.extensions.<computed> (/tmp/ts-node-dev-hook-8860682238727102.js:71:20)
    at Object.nodeDevHook [as .ts] (/home/rabindranath/Documents/Backend/node-api-ts-express-opp/node_modules/ts-node-dev/lib/hook.js:63:13)
    at Module.load (node:internal/modules/cjs/loader:981:32)
    at Function.Module._load (node:internal/modules/cjs/loader:822:12)
2022-11-09 19:28:04 error: uncaughtException: ⨯ Unable to compile TypeScript:
src/controllers/users.controllers.ts(6,53): error TS2345: Argument of type 'Repository<UserEntity>' is not assignable to parameter of type 'EntityTarget<UserEntity>'.
src/controllers/users.controllers.ts(6,92): error TS1003: Identifier expected.

Error: ⨯ Unable to compile TypeScript:
src/controllers/users.controllers.ts(6,53): error TS2345: Argument of type 'Repository<UserEntity>' is not assignable to parameter of type 'EntityTarget<UserEntity>'.
src/controllers/users.controllers.ts(6,92): error TS1003: Identifier expected.

    at Object.<anonymous> (/home/rabindranath/Documents/Backend/node-api-ts-express-opp/src/controllers/users.controllers.ts:1:7)
    at Module._compile (node:internal/modules/cjs/loader:1105:14)
    at Module._compile (/home/rabindranath/Documents/Backend/node-api-ts-express-opp/node_modules/source-map-support/source-map-support.js:568:25)
    at Module.m._compile (/tmp/ts-node-dev-hook-8860682238727102.js:69:33)
    at Module._extensions..js (node:internal/modules/cjs/loader:1159:10)
    at require.extensions..jsx.require.extensions..js (/tmp/ts-node-dev-hook-8860682238727102.js:114:20)
    at require.extensions.<computed> (/tmp/ts-node-dev-hook-8860682238727102.js:71:20)
    at Object.nodeDevHook [as .ts] (/home/rabindranath/Documents/Backend/node-api-ts-express-opp/node_modules/ts-node-dev/lib/hook.js:63:13)
    at Module.load (node:internal/modules/cjs/loader:981:32)
    at Function.Module._load (node:internal/modules/cjs/loader:822:12)
2022-11-09 19:28:23 error: uncaughtException: ⨯ Unable to compile TypeScript:
src/controllers/users.controllers.ts(6,53): error TS2345: Argument of type 'Repository<UserEntity>' is not assignable to parameter of type 'EntityTarget<UserEntity>'.

Error: ⨯ Unable to compile TypeScript:
src/controllers/users.controllers.ts(6,53): error TS2345: Argument of type 'Repository<UserEntity>' is not assignable to parameter of type 'EntityTarget<UserEntity>'.

    at Object.<anonymous> (/home/rabindranath/Documents/Backend/node-api-ts-express-opp/src/controllers/users.controllers.ts:1:7)
    at Module._compile (node:internal/modules/cjs/loader:1105:14)
    at Module._compile (/home/rabindranath/Documents/Backend/node-api-ts-express-opp/node_modules/source-map-support/source-map-support.js:568:25)
    at Module.m._compile (/tmp/ts-node-dev-hook-8860682238727102.js:69:33)
    at Module._extensions..js (node:internal/modules/cjs/loader:1159:10)
    at require.extensions..jsx.require.extensions..js (/tmp/ts-node-dev-hook-8860682238727102.js:114:20)
    at require.extensions.<computed> (/tmp/ts-node-dev-hook-8860682238727102.js:71:20)
    at Object.nodeDevHook [as .ts] (/home/rabindranath/Documents/Backend/node-api-ts-express-opp/node_modules/ts-node-dev/lib/hook.js:63:13)
    at Module.load (node:internal/modules/cjs/loader:981:32)
    at Function.Module._load (node:internal/modules/cjs/loader:822:12)
2022-11-09 19:28:27 error: uncaughtException: ⨯ Unable to compile TypeScript:
src/controllers/users.controllers.ts(6,53): error TS2345: Argument of type 'Repository<UserEntity>' is not assignable to parameter of type 'EntityTarget<UserEntity>'.
src/controllers/users.controllers.ts(6,92): error TS1003: Identifier expected.

Error: ⨯ Unable to compile TypeScript:
src/controllers/users.controllers.ts(6,53): error TS2345: Argument of type 'Repository<UserEntity>' is not assignable to parameter of type 'EntityTarget<UserEntity>'.
src/controllers/users.controllers.ts(6,92): error TS1003: Identifier expected.

    at Object.<anonymous> (/home/rabindranath/Documents/Backend/node-api-ts-express-opp/src/controllers/users.controllers.ts:1:7)
    at Module._compile (node:internal/modules/cjs/loader:1105:14)
    at Module._compile (/home/rabindranath/Documents/Backend/node-api-ts-express-opp/node_modules/source-map-support/source-map-support.js:568:25)
    at Module.m._compile (/tmp/ts-node-dev-hook-8860682238727102.js:69:33)
    at Module._extensions..js (node:internal/modules/cjs/loader:1159:10)
    at require.extensions..jsx.require.extensions..js (/tmp/ts-node-dev-hook-8860682238727102.js:114:20)
    at require.extensions.<computed> (/tmp/ts-node-dev-hook-8860682238727102.js:71:20)
    at Object.nodeDevHook [as .ts] (/home/rabindranath/Documents/Backend/node-api-ts-express-opp/node_modules/ts-node-dev/lib/hook.js:63:13)
    at Module.load (node:internal/modules/cjs/loader:981:32)
    at Function.Module._load (node:internal/modules/cjs/loader:822:12)
2022-11-09 19:29:04 error: uncaughtException: ⨯ Unable to compile TypeScript:
src/controllers/users.controllers.ts(7,53): error TS2345: Argument of type 'Repository<UserEntity>' is not assignable to parameter of type 'EntityTarget<UserEntity>'.
src/controllers/users.controllers.ts(7,92): error TS1003: Identifier expected.

Error: ⨯ Unable to compile TypeScript:
src/controllers/users.controllers.ts(7,53): error TS2345: Argument of type 'Repository<UserEntity>' is not assignable to parameter of type 'EntityTarget<UserEntity>'.
src/controllers/users.controllers.ts(7,92): error TS1003: Identifier expected.

    at Object.<anonymous> (/home/rabindranath/Documents/Backend/node-api-ts-express-opp/src/controllers/users.controllers.ts:1:7)
    at Module._compile (node:internal/modules/cjs/loader:1105:14)
    at Module._compile (/home/rabindranath/Documents/Backend/node-api-ts-express-opp/node_modules/source-map-support/source-map-support.js:568:25)
    at Module.m._compile (/tmp/ts-node-dev-hook-8860682238727102.js:69:33)
    at Module._extensions..js (node:internal/modules/cjs/loader:1159:10)
    at require.extensions..jsx.require.extensions..js (/tmp/ts-node-dev-hook-8860682238727102.js:114:20)
    at require.extensions.<computed> (/tmp/ts-node-dev-hook-8860682238727102.js:71:20)
    at Object.nodeDevHook [as .ts] (/home/rabindranath/Documents/Backend/node-api-ts-express-opp/node_modules/ts-node-dev/lib/hook.js:63:13)
    at Module.load (node:internal/modules/cjs/loader:981:32)
    at Function.Module._load (node:internal/modules/cjs/loader:822:12)
2022-11-09 19:29:10 error: uncaughtException: ⨯ Unable to compile TypeScript:
src/controllers/users.controllers.ts(4,1): error TS6133: 'getManager' is declared but its value is never read.
src/controllers/users.controllers.ts(7,53): error TS2345: Argument of type 'Repository<UserEntity>' is not assignable to parameter of type 'EntityTarget<UserEntity>'.
src/controllers/users.controllers.ts(7,92): error TS1003: Identifier expected.

Error: ⨯ Unable to compile TypeScript:
src/controllers/users.controllers.ts(4,1): error TS6133: 'getManager' is declared but its value is never read.
src/controllers/users.controllers.ts(7,53): error TS2345: Argument of type 'Repository<UserEntity>' is not assignable to parameter of type 'EntityTarget<UserEntity>'.
src/controllers/users.controllers.ts(7,92): error TS1003: Identifier expected.

    at Object.<anonymous> (/home/rabindranath/Documents/Backend/node-api-ts-express-opp/src/controllers/users.controllers.ts:1:7)
    at Module._compile (node:internal/modules/cjs/loader:1105:14)
    at Module._compile (/home/rabindranath/Documents/Backend/node-api-ts-express-opp/node_modules/source-map-support/source-map-support.js:568:25)
    at Module.m._compile (/tmp/ts-node-dev-hook-8860682238727102.js:69:33)
    at Module._extensions..js (node:internal/modules/cjs/loader:1159:10)
    at require.extensions..jsx.require.extensions..js (/tmp/ts-node-dev-hook-8860682238727102.js:114:20)
    at require.extensions.<computed> (/tmp/ts-node-dev-hook-8860682238727102.js:71:20)
    at Object.nodeDevHook [as .ts] (/home/rabindranath/Documents/Backend/node-api-ts-express-opp/node_modules/ts-node-dev/lib/hook.js:63:13)
    at Module.load (node:internal/modules/cjs/loader:981:32)
    at Function.Module._load (node:internal/modules/cjs/loader:822:12)
2022-11-09 19:29:22 error: uncaughtException: ⨯ Unable to compile TypeScript:
src/controllers/users.controllers.ts(7,53): error TS2345: Argument of type 'Repository<UserEntity>' is not assignable to parameter of type 'EntityTarget<UserEntity>'.
src/controllers/users.controllers.ts(7,103): error TS1003: Identifier expected.
src/controllers/users.controllers.ts(7,104): error TS1005: ')' expected.

Error: ⨯ Unable to compile TypeScript:
src/controllers/users.controllers.ts(7,53): error TS2345: Argument of type 'Repository<UserEntity>' is not assignable to parameter of type 'EntityTarget<UserEntity>'.
src/controllers/users.controllers.ts(7,103): error TS1003: Identifier expected.
src/controllers/users.controllers.ts(7,104): error TS1005: ')' expected.

    at Object.<anonymous> (/home/rabindranath/Documents/Backend/node-api-ts-express-opp/src/controllers/users.controllers.ts:1:7)
    at Module._compile (node:internal/modules/cjs/loader:1105:14)
    at Module._compile (/home/rabindranath/Documents/Backend/node-api-ts-express-opp/node_modules/source-map-support/source-map-support.js:568:25)
    at Module.m._compile (/tmp/ts-node-dev-hook-8860682238727102.js:69:33)
    at Module._extensions..js (node:internal/modules/cjs/loader:1159:10)
    at require.extensions..jsx.require.extensions..js (/tmp/ts-node-dev-hook-8860682238727102.js:114:20)
    at require.extensions.<computed> (/tmp/ts-node-dev-hook-8860682238727102.js:71:20)
    at Object.nodeDevHook [as .ts] (/home/rabindranath/Documents/Backend/node-api-ts-express-opp/node_modules/ts-node-dev/lib/hook.js:63:13)
    at Module.load (node:internal/modules/cjs/loader:981:32)
    at Function.Module._load (node:internal/modules/cjs/loader:822:12)
2022-11-09 19:29:27 error: uncaughtException: ⨯ Unable to compile TypeScript:
src/controllers/users.controllers.ts(7,53): error TS2345: Argument of type 'Repository<UserEntity>' is not assignable to parameter of type 'EntityTarget<UserEntity>'.
src/controllers/users.controllers.ts(7,92): error TS2345: Argument of type 'typeof UserEntity' is not assignable to parameter of type 'string'.

Error: ⨯ Unable to compile TypeScript:
src/controllers/users.controllers.ts(7,53): error TS2345: Argument of type 'Repository<UserEntity>' is not assignable to parameter of type 'EntityTarget<UserEntity>'.
src/controllers/users.controllers.ts(7,92): error TS2345: Argument of type 'typeof UserEntity' is not assignable to parameter of type 'string'.

    at Object.<anonymous> (/home/rabindranath/Documents/Backend/node-api-ts-express-opp/src/controllers/users.controllers.ts:1:7)
    at Module._compile (node:internal/modules/cjs/loader:1105:14)
    at Module._compile (/home/rabindranath/Documents/Backend/node-api-ts-express-opp/node_modules/source-map-support/source-map-support.js:568:25)
    at Module.m._compile (/tmp/ts-node-dev-hook-8860682238727102.js:69:33)
    at Module._extensions..js (node:internal/modules/cjs/loader:1159:10)
    at require.extensions..jsx.require.extensions..js (/tmp/ts-node-dev-hook-8860682238727102.js:114:20)
    at require.extensions.<computed> (/tmp/ts-node-dev-hook-8860682238727102.js:71:20)
    at Object.nodeDevHook [as .ts] (/home/rabindranath/Documents/Backend/node-api-ts-express-opp/node_modules/ts-node-dev/lib/hook.js:63:13)
    at Module.load (node:internal/modules/cjs/loader:981:32)
    at Function.Module._load (node:internal/modules/cjs/loader:822:12)
2022-11-09 19:29:35 error: uncaughtException: ⨯ Unable to compile TypeScript:
src/controllers/users.controllers.ts(7,53): error TS2345: Argument of type 'Repository<UserEntity>' is not assignable to parameter of type 'EntityTarget<UserEntity>'.
src/controllers/users.controllers.ts(7,92): error TS2345: Argument of type 'typeof UserEntity' is not assignable to parameter of type 'string'.

Error: ⨯ Unable to compile TypeScript:
src/controllers/users.controllers.ts(7,53): error TS2345: Argument of type 'Repository<UserEntity>' is not assignable to parameter of type 'EntityTarget<UserEntity>'.
src/controllers/users.controllers.ts(7,92): error TS2345: Argument of type 'typeof UserEntity' is not assignable to parameter of type 'string'.

    at Object.<anonymous> (/home/rabindranath/Documents/Backend/node-api-ts-express-opp/src/controllers/users.controllers.ts:1:7)
    at Module._compile (node:internal/modules/cjs/loader:1105:14)
    at Module._compile (/home/rabindranath/Documents/Backend/node-api-ts-express-opp/node_modules/source-map-support/source-map-support.js:568:25)
    at Module.m._compile (/tmp/ts-node-dev-hook-8860682238727102.js:69:33)
    at Module._extensions..js (node:internal/modules/cjs/loader:1159:10)
    at require.extensions..jsx.require.extensions..js (/tmp/ts-node-dev-hook-8860682238727102.js:114:20)
    at require.extensions.<computed> (/tmp/ts-node-dev-hook-8860682238727102.js:71:20)
    at Object.nodeDevHook [as .ts] (/home/rabindranath/Documents/Backend/node-api-ts-express-opp/node_modules/ts-node-dev/lib/hook.js:63:13)
    at Module.load (node:internal/modules/cjs/loader:981:32)
    at Function.Module._load (node:internal/modules/cjs/loader:822:12)
2022-11-09 19:31:46 error: uncaughtException: ⨯ Unable to compile TypeScript:
src/controllers/users.controllers.ts(7,53): error TS2345: Argument of type 'Repository<UserEntity>' is not assignable to parameter of type 'EntityTarget<UserEntity>'.
src/controllers/users.controllers.ts(7,92): error TS2345: Argument of type 'typeof UserEntity' is not assignable to parameter of type 'string'.
src/controllers/users.controllers.ts(8,32): error TS6138: Property 'repository' is declared but its value is never read.
src/controllers/users.controllers.ts(8,44): error TS2304: Cannot find name 'UserRepository'.

Error: ⨯ Unable to compile TypeScript:
src/controllers/users.controllers.ts(7,53): error TS2345: Argument of type 'Repository<UserEntity>' is not assignable to parameter of type 'EntityTarget<UserEntity>'.
src/controllers/users.controllers.ts(7,92): error TS2345: Argument of type 'typeof UserEntity' is not assignable to parameter of type 'string'.
src/controllers/users.controllers.ts(8,32): error TS6138: Property 'repository' is declared but its value is never read.
src/controllers/users.controllers.ts(8,44): error TS2304: Cannot find name 'UserRepository'.

    at Object.<anonymous> (/home/rabindranath/Documents/Backend/node-api-ts-express-opp/src/controllers/users.controllers.ts:1:7)
    at Module._compile (node:internal/modules/cjs/loader:1105:14)
    at Module._compile (/home/rabindranath/Documents/Backend/node-api-ts-express-opp/node_modules/source-map-support/source-map-support.js:568:25)
    at Module.m._compile (/tmp/ts-node-dev-hook-8860682238727102.js:69:33)
    at Module._extensions..js (node:internal/modules/cjs/loader:1159:10)
    at require.extensions..jsx.require.extensions..js (/tmp/ts-node-dev-hook-8860682238727102.js:114:20)
    at require.extensions.<computed> (/tmp/ts-node-dev-hook-8860682238727102.js:71:20)
    at Object.nodeDevHook [as .ts] (/home/rabindranath/Documents/Backend/node-api-ts-express-opp/node_modules/ts-node-dev/lib/hook.js:63:13)
    at Module.load (node:internal/modules/cjs/loader:981:32)
    at Function.Module._load (node:internal/modules/cjs/loader:822:12)
2022-11-09 19:31:51 error: uncaughtException: ⨯ Unable to compile TypeScript:
src/controllers/users.controllers.ts(2,1): error TS6133: 'UserService' is declared but its value is never read.
src/controllers/users.controllers.ts(3,1): error TS6133: 'UserEntity' is declared but its value is never read.
src/controllers/users.controllers.ts(4,1): error TS6133: 'getManager' is declared but its value is never read.
src/controllers/users.controllers.ts(7,32): error TS6138: Property 'repository' is declared but its value is never read.
src/controllers/users.controllers.ts(7,44): error TS2304: Cannot find name 'UserRepository'.
src/controllers/users.controllers.ts(10,27): error TS2339: Property 'userService' does not exist on type 'UserController'.
src/controllers/users.controllers.ts(15,33): error TS2339: Property 'userService' does not exist on type 'UserController'.
src/controllers/users.controllers.ts(20,33): error TS2339: Property 'userService' does not exist on type 'UserController'.
src/controllers/users.controllers.ts(25,33): error TS2339: Property 'userService' does not exist on type 'UserController'.
src/controllers/users.controllers.ts(30,33): error TS2339: Property 'userService' does not exist on type 'UserController'.

Error: ⨯ Unable to compile TypeScript:
src/controllers/users.controllers.ts(2,1): error TS6133: 'UserService' is declared but its value is never read.
src/controllers/users.controllers.ts(3,1): error TS6133: 'UserEntity' is declared but its value is never read.
src/controllers/users.controllers.ts(4,1): error TS6133: 'getManager' is declared but its value is never read.
src/controllers/users.controllers.ts(7,32): error TS6138: Property 'repository' is declared but its value is never read.
src/controllers/users.controllers.ts(7,44): error TS2304: Cannot find name 'UserRepository'.
src/controllers/users.controllers.ts(10,27): error TS2339: Property 'userService' does not exist on type 'UserController'.
src/controllers/users.controllers.ts(15,33): error TS2339: Property 'userService' does not exist on type 'UserController'.
src/controllers/users.controllers.ts(20,33): error TS2339: Property 'userService' does not exist on type 'UserController'.
src/controllers/users.controllers.ts(25,33): error TS2339: Property 'userService' does not exist on type 'UserController'.
src/controllers/users.controllers.ts(30,33): error TS2339: Property 'userService' does not exist on type 'UserController'.

    at Object.<anonymous> (/home/rabindranath/Documents/Backend/node-api-ts-express-opp/src/controllers/users.controllers.ts:1:7)
    at Module._compile (node:internal/modules/cjs/loader:1105:14)
    at Module._compile (/home/rabindranath/Documents/Backend/node-api-ts-express-opp/node_modules/source-map-support/source-map-support.js:568:25)
    at Module.m._compile (/tmp/ts-node-dev-hook-8860682238727102.js:69:33)
    at Module._extensions..js (node:internal/modules/cjs/loader:1159:10)
    at require.extensions..jsx.require.extensions..js (/tmp/ts-node-dev-hook-8860682238727102.js:114:20)
    at require.extensions.<computed> (/tmp/ts-node-dev-hook-8860682238727102.js:71:20)
    at Object.nodeDevHook [as .ts] (/home/rabindranath/Documents/Backend/node-api-ts-express-opp/node_modules/ts-node-dev/lib/hook.js:63:13)
    at Module.load (node:internal/modules/cjs/loader:981:32)
    at Function.Module._load (node:internal/modules/cjs/loader:822:12)
2022-11-09 19:31:56 error: uncaughtException: ⨯ Unable to compile TypeScript:
src/controllers/users.controllers.ts(5,32): error TS6138: Property 'repository' is declared but its value is never read.
src/controllers/users.controllers.ts(5,44): error TS2304: Cannot find name 'UserRepository'.
src/controllers/users.controllers.ts(8,27): error TS2339: Property 'userService' does not exist on type 'UserController'.
src/controllers/users.controllers.ts(13,33): error TS2339: Property 'userService' does not exist on type 'UserController'.
src/controllers/users.controllers.ts(18,33): error TS2339: Property 'userService' does not exist on type 'UserController'.
src/controllers/users.controllers.ts(23,33): error TS2339: Property 'userService' does not exist on type 'UserController'.
src/controllers/users.controllers.ts(28,33): error TS2339: Property 'userService' does not exist on type 'UserController'.

Error: ⨯ Unable to compile TypeScript:
src/controllers/users.controllers.ts(5,32): error TS6138: Property 'repository' is declared but its value is never read.
src/controllers/users.controllers.ts(5,44): error TS2304: Cannot find name 'UserRepository'.
src/controllers/users.controllers.ts(8,27): error TS2339: Property 'userService' does not exist on type 'UserController'.
src/controllers/users.controllers.ts(13,33): error TS2339: Property 'userService' does not exist on type 'UserController'.
src/controllers/users.controllers.ts(18,33): error TS2339: Property 'userService' does not exist on type 'UserController'.
src/controllers/users.controllers.ts(23,33): error TS2339: Property 'userService' does not exist on type 'UserController'.
src/controllers/users.controllers.ts(28,33): error TS2339: Property 'userService' does not exist on type 'UserController'.

    at Object.<anonymous> (/home/rabindranath/Documents/Backend/node-api-ts-express-opp/src/controllers/users.controllers.ts:1:7)
    at Module._compile (node:internal/modules/cjs/loader:1105:14)
    at Module._compile (/home/rabindranath/Documents/Backend/node-api-ts-express-opp/node_modules/source-map-support/source-map-support.js:568:25)
    at Module.m._compile (/tmp/ts-node-dev-hook-8860682238727102.js:69:33)
    at Module._extensions..js (node:internal/modules/cjs/loader:1159:10)
    at require.extensions..jsx.require.extensions..js (/tmp/ts-node-dev-hook-8860682238727102.js:114:20)
    at require.extensions.<computed> (/tmp/ts-node-dev-hook-8860682238727102.js:71:20)
    at Object.nodeDevHook [as .ts] (/home/rabindranath/Documents/Backend/node-api-ts-express-opp/node_modules/ts-node-dev/lib/hook.js:63:13)
    at Module.load (node:internal/modules/cjs/loader:981:32)
    at Function.Module._load (node:internal/modules/cjs/loader:822:12)
2022-11-09 19:33:24 error: uncaughtException: ⨯ Unable to compile TypeScript:
src/controllers/users.controllers.ts(8,27): error TS2339: Property 'userService' does not exist on type 'UserController'.
src/controllers/users.controllers.ts(13,33): error TS2339: Property 'userService' does not exist on type 'UserController'.
src/controllers/users.controllers.ts(18,33): error TS2339: Property 'userService' does not exist on type 'UserController'.
src/controllers/users.controllers.ts(23,33): error TS2339: Property 'userService' does not exist on type 'UserController'.
src/controllers/users.controllers.ts(28,33): error TS2339: Property 'userService' does not exist on type 'UserController'.
src/controllers/users.controllers.ts(5,44): error TS1110: Type expected.

Error: ⨯ Unable to compile TypeScript:
src/controllers/users.controllers.ts(8,27): error TS2339: Property 'userService' does not exist on type 'UserController'.
src/controllers/users.controllers.ts(13,33): error TS2339: Property 'userService' does not exist on type 'UserController'.
src/controllers/users.controllers.ts(18,33): error TS2339: Property 'userService' does not exist on type 'UserController'.
src/controllers/users.controllers.ts(23,33): error TS2339: Property 'userService' does not exist on type 'UserController'.
src/controllers/users.controllers.ts(28,33): error TS2339: Property 'userService' does not exist on type 'UserController'.
src/controllers/users.controllers.ts(5,44): error TS1110: Type expected.

    at Object.<anonymous> (/home/rabindranath/Documents/Backend/node-api-ts-express-opp/src/controllers/users.controllers.ts:1:7)
    at Module._compile (node:internal/modules/cjs/loader:1105:14)
    at Module._compile (/home/rabindranath/Documents/Backend/node-api-ts-express-opp/node_modules/source-map-support/source-map-support.js:568:25)
    at Module.m._compile (/tmp/ts-node-dev-hook-8860682238727102.js:69:33)
    at Module._extensions..js (node:internal/modules/cjs/loader:1159:10)
    at require.extensions..jsx.require.extensions..js (/tmp/ts-node-dev-hook-8860682238727102.js:114:20)
    at require.extensions.<computed> (/tmp/ts-node-dev-hook-8860682238727102.js:71:20)
    at Object.nodeDevHook [as .ts] (/home/rabindranath/Documents/Backend/node-api-ts-express-opp/node_modules/ts-node-dev/lib/hook.js:63:13)
    at Module.load (node:internal/modules/cjs/loader:981:32)
    at Function.Module._load (node:internal/modules/cjs/loader:822:12)
2022-11-09 19:33:30 error: uncaughtException: ⨯ Unable to compile TypeScript:
src/controllers/users.controllers.ts(5,45): error TS1110: Type expected.

Error: ⨯ Unable to compile TypeScript:
src/controllers/users.controllers.ts(5,45): error TS1110: Type expected.

    at Object.<anonymous> (/home/rabindranath/Documents/Backend/node-api-ts-express-opp/src/controllers/users.controllers.ts:1:7)
    at Module._compile (node:internal/modules/cjs/loader:1105:14)
    at Module._compile (/home/rabindranath/Documents/Backend/node-api-ts-express-opp/node_modules/source-map-support/source-map-support.js:568:25)
    at Module.m._compile (/tmp/ts-node-dev-hook-8860682238727102.js:69:33)
    at Module._extensions..js (node:internal/modules/cjs/loader:1159:10)
    at require.extensions..jsx.require.extensions..js (/tmp/ts-node-dev-hook-8860682238727102.js:114:20)
    at require.extensions.<computed> (/tmp/ts-node-dev-hook-8860682238727102.js:71:20)
    at Object.nodeDevHook [as .ts] (/home/rabindranath/Documents/Backend/node-api-ts-express-opp/node_modules/ts-node-dev/lib/hook.js:63:13)
    at Module.load (node:internal/modules/cjs/loader:981:32)
    at Function.Module._load (node:internal/modules/cjs/loader:822:12)
2022-11-09 19:34:29 error: uncaughtException: ⨯ Unable to compile TypeScript:
src/routes/user.routes.ts(39,27): error TS2554: Expected 1 arguments, but got 0.

Error: ⨯ Unable to compile TypeScript:
src/routes/user.routes.ts(39,27): error TS2554: Expected 1 arguments, but got 0.

    at Object.<anonymous> (/home/rabindranath/Documents/Backend/node-api-ts-express-opp/src/routes/user.routes.ts:1:7)
    at Module._compile (node:internal/modules/cjs/loader:1105:14)
    at Module._compile (/home/rabindranath/Documents/Backend/node-api-ts-express-opp/node_modules/source-map-support/source-map-support.js:568:25)
    at Module.m._compile (/tmp/ts-node-dev-hook-5829926795440321.js:69:33)
    at Module._extensions..js (node:internal/modules/cjs/loader:1159:10)
    at require.extensions..jsx.require.extensions..js (/tmp/ts-node-dev-hook-5829926795440321.js:114:20)
    at require.extensions.<computed> (/tmp/ts-node-dev-hook-5829926795440321.js:71:20)
    at Object.nodeDevHook [as .ts] (/home/rabindranath/Documents/Backend/node-api-ts-express-opp/node_modules/ts-node-dev/lib/hook.js:63:13)
    at Module.load (node:internal/modules/cjs/loader:981:32)
    at Function.Module._load (node:internal/modules/cjs/loader:822:12)
2022-11-09 19:35:04 error: uncaughtException: ⨯ Unable to compile TypeScript:
src/routes/user.routes.ts(39,46): error TS2304: Cannot find name 'User'.

Error: ⨯ Unable to compile TypeScript:
src/routes/user.routes.ts(39,46): error TS2304: Cannot find name 'User'.

    at Object.<anonymous> (/home/rabindranath/Documents/Backend/node-api-ts-express-opp/src/routes/user.routes.ts:1:7)
    at Module._compile (node:internal/modules/cjs/loader:1105:14)
    at Module._compile (/home/rabindranath/Documents/Backend/node-api-ts-express-opp/node_modules/source-map-support/source-map-support.js:568:25)
    at Module.m._compile (/tmp/ts-node-dev-hook-5829926795440321.js:69:33)
    at Module._extensions..js (node:internal/modules/cjs/loader:1159:10)
    at require.extensions..jsx.require.extensions..js (/tmp/ts-node-dev-hook-5829926795440321.js:114:20)
    at require.extensions.<computed> (/tmp/ts-node-dev-hook-5829926795440321.js:71:20)
    at Object.nodeDevHook [as .ts] (/home/rabindranath/Documents/Backend/node-api-ts-express-opp/node_modules/ts-node-dev/lib/hook.js:63:13)
    at Module.load (node:internal/modules/cjs/loader:981:32)
    at Function.Module._load (node:internal/modules/cjs/loader:822:12)
2022-11-09 19:35:09 error: uncaughtException: ⨯ Unable to compile TypeScript:
src/routes/user.routes.ts(40,46): error TS2345: Argument of type 'Repository<UserEntity>' is not assignable to parameter of type 'UserService'.
  Type 'Repository<UserEntity>' is missing the following properties from type 'UserService': useUserRepository, getAllUsers, findUserById, createUser, and 2 more.

Error: ⨯ Unable to compile TypeScript:
src/routes/user.routes.ts(40,46): error TS2345: Argument of type 'Repository<UserEntity>' is not assignable to parameter of type 'UserService'.
  Type 'Repository<UserEntity>' is missing the following properties from type 'UserService': useUserRepository, getAllUsers, findUserById, createUser, and 2 more.

    at Object.<anonymous> (/home/rabindranath/Documents/Backend/node-api-ts-express-opp/src/routes/user.routes.ts:1:7)
    at Module._compile (node:internal/modules/cjs/loader:1105:14)
    at Module._compile (/home/rabindranath/Documents/Backend/node-api-ts-express-opp/node_modules/source-map-support/source-map-support.js:568:25)
    at Module.m._compile (/tmp/ts-node-dev-hook-5829926795440321.js:69:33)
    at Module._extensions..js (node:internal/modules/cjs/loader:1159:10)
    at require.extensions..jsx.require.extensions..js (/tmp/ts-node-dev-hook-5829926795440321.js:114:20)
    at require.extensions.<computed> (/tmp/ts-node-dev-hook-5829926795440321.js:71:20)
    at Object.nodeDevHook [as .ts] (/home/rabindranath/Documents/Backend/node-api-ts-express-opp/node_modules/ts-node-dev/lib/hook.js:63:13)
    at Module.load (node:internal/modules/cjs/loader:981:32)
    at Function.Module._load (node:internal/modules/cjs/loader:822:12)
2022-11-09 19:35:30 error: uncaughtException: ⨯ Unable to compile TypeScript:
src/routes/user.routes.ts(40,46): error TS2345: Argument of type 'Repository<UserEntity>' is not assignable to parameter of type 'UserService'.
  Type 'Repository<UserEntity>' is missing the following properties from type 'UserService': useUserRepository, getAllUsers, findUserById, createUser, and 2 more.

Error: ⨯ Unable to compile TypeScript:
src/routes/user.routes.ts(40,46): error TS2345: Argument of type 'Repository<UserEntity>' is not assignable to parameter of type 'UserService'.
  Type 'Repository<UserEntity>' is missing the following properties from type 'UserService': useUserRepository, getAllUsers, findUserById, createUser, and 2 more.

    at Object.<anonymous> (/home/rabindranath/Documents/Backend/node-api-ts-express-opp/src/routes/user.routes.ts:1:7)
    at Module._compile (node:internal/modules/cjs/loader:1105:14)
    at Module._compile (/home/rabindranath/Documents/Backend/node-api-ts-express-opp/node_modules/source-map-support/source-map-support.js:568:25)
    at Module.m._compile (/tmp/ts-node-dev-hook-5021789419867222.js:69:33)
    at Module._extensions..js (node:internal/modules/cjs/loader:1159:10)
    at require.extensions..jsx.require.extensions..js (/tmp/ts-node-dev-hook-5021789419867222.js:114:20)
    at require.extensions.<computed> (/tmp/ts-node-dev-hook-5021789419867222.js:71:20)
    at Object.nodeDevHook [as .ts] (/home/rabindranath/Documents/Backend/node-api-ts-express-opp/node_modules/ts-node-dev/lib/hook.js:63:13)
    at Module.load (node:internal/modules/cjs/loader:981:32)
    at Function.Module._load (node:internal/modules/cjs/loader:822:12)
2022-11-09 19:35:48 error: uncaughtException: ⨯ Unable to compile TypeScript:
src/routes/user.routes.ts(39,27): error TS2554: Expected 1 arguments, but got 0.

Error: ⨯ Unable to compile TypeScript:
src/routes/user.routes.ts(39,27): error TS2554: Expected 1 arguments, but got 0.

    at Object.<anonymous> (/home/rabindranath/Documents/Backend/node-api-ts-express-opp/src/routes/user.routes.ts:1:7)
    at Module._compile (node:internal/modules/cjs/loader:1105:14)
    at Module._compile (/home/rabindranath/Documents/Backend/node-api-ts-express-opp/node_modules/source-map-support/source-map-support.js:568:25)
    at Module.m._compile (/tmp/ts-node-dev-hook-5021789419867222.js:69:33)
    at Module._extensions..js (node:internal/modules/cjs/loader:1159:10)
    at require.extensions..jsx.require.extensions..js (/tmp/ts-node-dev-hook-5021789419867222.js:114:20)
    at require.extensions.<computed> (/tmp/ts-node-dev-hook-5021789419867222.js:71:20)
    at Object.nodeDevHook [as .ts] (/home/rabindranath/Documents/Backend/node-api-ts-express-opp/node_modules/ts-node-dev/lib/hook.js:63:13)
    at Module.load (node:internal/modules/cjs/loader:981:32)
    at Function.Module._load (node:internal/modules/cjs/loader:822:12)
2022-11-09 19:35:53 error: uncaughtException: ⨯ Unable to compile TypeScript:
src/routes/user.routes.ts(39,27): error TS2554: Expected 1 arguments, but got 0.

Error: ⨯ Unable to compile TypeScript:
src/routes/user.routes.ts(39,27): error TS2554: Expected 1 arguments, but got 0.

    at Object.<anonymous> (/home/rabindranath/Documents/Backend/node-api-ts-express-opp/src/routes/user.routes.ts:1:7)
    at Module._compile (node:internal/modules/cjs/loader:1105:14)
    at Module._compile (/home/rabindranath/Documents/Backend/node-api-ts-express-opp/node_modules/source-map-support/source-map-support.js:568:25)
    at Module.m._compile (/tmp/ts-node-dev-hook-5021789419867222.js:69:33)
    at Module._extensions..js (node:internal/modules/cjs/loader:1159:10)
    at require.extensions..jsx.require.extensions..js (/tmp/ts-node-dev-hook-5021789419867222.js:114:20)
    at require.extensions.<computed> (/tmp/ts-node-dev-hook-5021789419867222.js:71:20)
    at Object.nodeDevHook [as .ts] (/home/rabindranath/Documents/Backend/node-api-ts-express-opp/node_modules/ts-node-dev/lib/hook.js:63:13)
    at Module.load (node:internal/modules/cjs/loader:981:32)
    at Function.Module._load (node:internal/modules/cjs/loader:822:12)
2022-11-09 19:40:51 error: uncaughtException: DataSource is not set for this entity.
Error: DataSource is not set for this entity.
    at Function.getRepository (/home/rabindranath/Documents/Backend/node-api-ts-express-opp/src/repository/BaseEntity.ts:115:19)
    at new UserService (/home/rabindranath/Documents/Backend/node-api-ts-express-opp/src/services/users.service.ts:11:31)
    at UserController.<instance_members_initializer> (/home/rabindranath/Documents/Backend/node-api-ts-express-opp/src/controllers/users.controllers.ts:5:47)
    at new UserController (/home/rabindranath/Documents/Backend/node-api-ts-express-opp/src/controllers/users.controllers.ts:6:3)
    at UserRoute.<instance_members_initializer> (/home/rabindranath/Documents/Backend/node-api-ts-express-opp/src/routes/user.routes.ts:39:27)
    at new UserRoute (/home/rabindranath/Documents/Backend/node-api-ts-express-opp/src/routes/user.routes.ts:41:3)
    at Object.<anonymous> (/home/rabindranath/Documents/Backend/node-api-ts-express-opp/src/index.ts:7:39)
    at Module._compile (node:internal/modules/cjs/loader:1105:14)
    at Module._compile (/home/rabindranath/Documents/Backend/node-api-ts-express-opp/node_modules/source-map-support/source-map-support.js:568:25)
    at Module.m._compile (/tmp/ts-node-dev-hook-16502503561006754.js:69:33)
2022-11-09 19:41:00 error: uncaughtException: DataSource is not set for this entity.
Error: DataSource is not set for this entity.
    at Function.getRepository (/home/rabindranath/Documents/Backend/node-api-ts-express-opp/src/repository/BaseEntity.ts:115:19)
    at new UserService (/home/rabindranath/Documents/Backend/node-api-ts-express-opp/src/services/users.service.ts:11:31)
    at UserController.<instance_members_initializer> (/home/rabindranath/Documents/Backend/node-api-ts-express-opp/src/controllers/users.controllers.ts:5:47)
    at new UserController (/home/rabindranath/Documents/Backend/node-api-ts-express-opp/src/controllers/users.controllers.ts:6:3)
    at UserRoute.<instance_members_initializer> (/home/rabindranath/Documents/Backend/node-api-ts-express-opp/src/routes/user.routes.ts:39:27)
    at new UserRoute (/home/rabindranath/Documents/Backend/node-api-ts-express-opp/src/routes/user.routes.ts:41:3)
    at Object.<anonymous> (/home/rabindranath/Documents/Backend/node-api-ts-express-opp/src/index.ts:7:39)
    at Module._compile (node:internal/modules/cjs/loader:1105:14)
    at Module._compile (/home/rabindranath/Documents/Backend/node-api-ts-express-opp/node_modules/source-map-support/source-map-support.js:568:25)
    at Module.m._compile (/tmp/ts-node-dev-hook-16502503561006754.js:69:33)
2022-11-09 19:43:00 error: uncaughtException: DataSource is not set for this entity.
Error: DataSource is not set for this entity.
    at Function.getRepository (/home/rabindranath/Documents/Backend/node-api-ts-express-opp/src/repository/BaseEntity.ts:115:19)
    at new UserService (/home/rabindranath/Documents/Backend/node-api-ts-express-opp/src/services/users.service.ts:11:31)
    at UserController.<instance_members_initializer> (/home/rabindranath/Documents/Backend/node-api-ts-express-opp/src/controllers/users.controllers.ts:5:47)
    at new UserController (/home/rabindranath/Documents/Backend/node-api-ts-express-opp/src/controllers/users.controllers.ts:6:3)
    at UserRoute.<instance_members_initializer> (/home/rabindranath/Documents/Backend/node-api-ts-express-opp/src/routes/user.routes.ts:39:27)
    at new UserRoute (/home/rabindranath/Documents/Backend/node-api-ts-express-opp/src/routes/user.routes.ts:41:3)
    at Object.<anonymous> (/home/rabindranath/Documents/Backend/node-api-ts-express-opp/src/index.ts:7:39)
    at Module._compile (node:internal/modules/cjs/loader:1105:14)
    at Module._compile (/home/rabindranath/Documents/Backend/node-api-ts-express-opp/node_modules/source-map-support/source-map-support.js:568:25)
    at Module.m._compile (/tmp/ts-node-dev-hook-43229874535198576.js:69:33)
2022-11-09 19:43:41 error: uncaughtException: write EPIPE
Error: write EPIPE
    at process.target._send (node:internal/child_process:866:20)
    at process.target.send (node:internal/child_process:739:19)
    at Object.exports.send (/home/rabindranath/Documents/Backend/node-api-ts-express-opp/node_modules/ts-node-dev/lib/ipc.js:17:14)
    at /home/rabindranath/Documents/Backend/node-api-ts-express-opp/node_modules/ts-node-dev/lib/wrap.js:88:9
    at Object.nodeDevHook [as .js] (/home/rabindranath/Documents/Backend/node-api-ts-express-opp/node_modules/ts-node-dev/lib/hook.js:61:17)
    at Module.load (node:internal/modules/cjs/loader:981:32)
    at Function.Module._load (node:internal/modules/cjs/loader:822:12)
    at Module.require (node:internal/modules/cjs/loader:1005:19)
    at require (node:internal/modules/cjs/helpers:102:18)
    at Object.<anonymous> (/home/rabindranath/Documents/Backend/node-api-ts-express-opp/node_modules/mongoose/lib/document_provider.js:9:25)
2022-11-09 19:43:44 error: uncaughtException: DataSource is not set for this entity.
Error: DataSource is not set for this entity.
    at Function.getRepository (/home/rabindranath/Documents/Backend/node-api-ts-express-opp/src/repository/BaseEntity.ts:115:19)
    at new UserService (/home/rabindranath/Documents/Backend/node-api-ts-express-opp/src/services/users.service.ts:12:31)
    at UserController.<instance_members_initializer> (/home/rabindranath/Documents/Backend/node-api-ts-express-opp/src/controllers/users.controllers.ts:5:47)
    at new UserController (/home/rabindranath/Documents/Backend/node-api-ts-express-opp/src/controllers/users.controllers.ts:6:3)
    at UserRoute.<instance_members_initializer> (/home/rabindranath/Documents/Backend/node-api-ts-express-opp/src/routes/user.routes.ts:39:27)
    at new UserRoute (/home/rabindranath/Documents/Backend/node-api-ts-express-opp/src/routes/user.routes.ts:41:3)
    at Object.<anonymous> (/home/rabindranath/Documents/Backend/node-api-ts-express-opp/src/index.ts:7:39)
    at Module._compile (node:internal/modules/cjs/loader:1105:14)
    at Module._compile (/home/rabindranath/Documents/Backend/node-api-ts-express-opp/node_modules/source-map-support/source-map-support.js:568:25)
    at Module.m._compile (/tmp/ts-node-dev-hook-43229874535198576.js:69:33)
2022-11-09 19:47:35 error: uncaughtException: ⨯ Unable to compile TypeScript:
src/services/users.service.ts(13,3): error TS1109: Expression expected.

Error: ⨯ Unable to compile TypeScript:
src/services/users.service.ts(13,3): error TS1109: Expression expected.

    at Object.<anonymous> (/home/rabindranath/Documents/Backend/node-api-ts-express-opp/src/services/users.service.ts:1:7)
    at Module._compile (node:internal/modules/cjs/loader:1105:14)
    at Module._compile (/home/rabindranath/Documents/Backend/node-api-ts-express-opp/node_modules/source-map-support/source-map-support.js:568:25)
    at Module.m._compile (/tmp/ts-node-dev-hook-43229874535198576.js:69:33)
    at Module._extensions..js (node:internal/modules/cjs/loader:1159:10)
    at require.extensions..jsx.require.extensions..js (/tmp/ts-node-dev-hook-43229874535198576.js:114:20)
    at require.extensions.<computed> (/tmp/ts-node-dev-hook-43229874535198576.js:71:20)
    at Object.nodeDevHook [as .ts] (/home/rabindranath/Documents/Backend/node-api-ts-express-opp/node_modules/ts-node-dev/lib/hook.js:63:13)
    at Module.load (node:internal/modules/cjs/loader:981:32)
    at Function.Module._load (node:internal/modules/cjs/loader:822:12)
2022-11-09 19:48:11 error: uncaughtException: ⨯ Unable to compile TypeScript:
src/services/users.service.ts(13,5): error TS2322: Type '() => Promise<DataSource>' is not assignable to type 'Repository<UserEntity>'.

Error: ⨯ Unable to compile TypeScript:
src/services/users.service.ts(13,5): error TS2322: Type '() => Promise<DataSource>' is not assignable to type 'Repository<UserEntity>'.

    at Object.<anonymous> (/home/rabindranath/Documents/Backend/node-api-ts-express-opp/src/services/users.service.ts:1:7)
    at Module._compile (node:internal/modules/cjs/loader:1105:14)
    at Module._compile (/home/rabindranath/Documents/Backend/node-api-ts-express-opp/node_modules/source-map-support/source-map-support.js:568:25)
    at Module.m._compile (/tmp/ts-node-dev-hook-43229874535198576.js:69:33)
    at Module._extensions..js (node:internal/modules/cjs/loader:1159:10)
    at require.extensions..jsx.require.extensions..js (/tmp/ts-node-dev-hook-43229874535198576.js:114:20)
    at require.extensions.<computed> (/tmp/ts-node-dev-hook-43229874535198576.js:71:20)
    at Object.nodeDevHook [as .ts] (/home/rabindranath/Documents/Backend/node-api-ts-express-opp/node_modules/ts-node-dev/lib/hook.js:63:13)
    at Module.load (node:internal/modules/cjs/loader:981:32)
    at Function.Module._load (node:internal/modules/cjs/loader:822:12)
2022-11-09 19:48:19 error: uncaughtException: ⨯ Unable to compile TypeScript:
src/services/users.service.ts(13,20): error TS1308: 'await' expressions are only allowed within async functions and at the top levels of modules.
src/services/users.service.ts(13,46): error TS2339: Property 'get' does not exist on type 'Promise<DataSource>'.

Error: ⨯ Unable to compile TypeScript:
src/services/users.service.ts(13,20): error TS1308: 'await' expressions are only allowed within async functions and at the top levels of modules.
src/services/users.service.ts(13,46): error TS2339: Property 'get' does not exist on type 'Promise<DataSource>'.

    at Object.<anonymous> (/home/rabindranath/Documents/Backend/node-api-ts-express-opp/src/services/users.service.ts:1:7)
    at Module._compile (node:internal/modules/cjs/loader:1105:14)
    at Module._compile (/home/rabindranath/Documents/Backend/node-api-ts-express-opp/node_modules/source-map-support/source-map-support.js:568:25)
    at Module.m._compile (/tmp/ts-node-dev-hook-43229874535198576.js:69:33)
    at Module._extensions..js (node:internal/modules/cjs/loader:1159:10)
    at require.extensions..jsx.require.extensions..js (/tmp/ts-node-dev-hook-43229874535198576.js:114:20)
    at require.extensions.<computed> (/tmp/ts-node-dev-hook-43229874535198576.js:71:20)
    at Object.nodeDevHook [as .ts] (/home/rabindranath/Documents/Backend/node-api-ts-express-opp/node_modules/ts-node-dev/lib/hook.js:63:13)
    at Module.load (node:internal/modules/cjs/loader:981:32)
    at Function.Module._load (node:internal/modules/cjs/loader:822:12)
2022-11-09 19:48:24 error: uncaughtException: ⨯ Unable to compile TypeScript:
src/services/users.service.ts(1,40): error TS6133: 'getRepository' is declared but its value is never read.
src/services/users.service.ts(13,20): error TS1308: 'await' expressions are only allowed within async functions and at the top levels of modules.
src/services/users.service.ts(13,46): error TS2339: Property 'getRepository' does not exist on type 'Promise<DataSource>'.

Error: ⨯ Unable to compile TypeScript:
src/services/users.service.ts(1,40): error TS6133: 'getRepository' is declared but its value is never read.
src/services/users.service.ts(13,20): error TS1308: 'await' expressions are only allowed within async functions and at the top levels of modules.
src/services/users.service.ts(13,46): error TS2339: Property 'getRepository' does not exist on type 'Promise<DataSource>'.

    at Object.<anonymous> (/home/rabindranath/Documents/Backend/node-api-ts-express-opp/src/services/users.service.ts:1:7)
    at Module._compile (node:internal/modules/cjs/loader:1105:14)
    at Module._compile (/home/rabindranath/Documents/Backend/node-api-ts-express-opp/node_modules/source-map-support/source-map-support.js:568:25)
    at Module.m._compile (/tmp/ts-node-dev-hook-43229874535198576.js:69:33)
    at Module._extensions..js (node:internal/modules/cjs/loader:1159:10)
    at require.extensions..jsx.require.extensions..js (/tmp/ts-node-dev-hook-43229874535198576.js:114:20)
    at require.extensions.<computed> (/tmp/ts-node-dev-hook-43229874535198576.js:71:20)
    at Object.nodeDevHook [as .ts] (/home/rabindranath/Documents/Backend/node-api-ts-express-opp/node_modules/ts-node-dev/lib/hook.js:63:13)
    at Module.load (node:internal/modules/cjs/loader:981:32)
    at Function.Module._load (node:internal/modules/cjs/loader:822:12)
2022-11-09 19:48:44 error: uncaughtException: ⨯ Unable to compile TypeScript:
src/services/users.service.ts(1,40): error TS6133: 'getRepository' is declared but its value is never read.
src/services/users.service.ts(13,20): error TS1308: 'await' expressions are only allowed within async functions and at the top levels of modules.
src/services/users.service.ts(13,46): error TS2339: Property 'getRepository' does not exist on type 'Promise<DataSource>'.

Error: ⨯ Unable to compile TypeScript:
src/services/users.service.ts(1,40): error TS6133: 'getRepository' is declared but its value is never read.
src/services/users.service.ts(13,20): error TS1308: 'await' expressions are only allowed within async functions and at the top levels of modules.
src/services/users.service.ts(13,46): error TS2339: Property 'getRepository' does not exist on type 'Promise<DataSource>'.

    at Object.<anonymous> (/home/rabindranath/Documents/Backend/node-api-ts-express-opp/src/services/users.service.ts:1:7)
    at Module._compile (node:internal/modules/cjs/loader:1105:14)
    at Module._compile (/home/rabindranath/Documents/Backend/node-api-ts-express-opp/node_modules/source-map-support/source-map-support.js:568:25)
    at Module.m._compile (/tmp/ts-node-dev-hook-43229874535198576.js:69:33)
    at Module._extensions..js (node:internal/modules/cjs/loader:1159:10)
    at require.extensions..jsx.require.extensions..js (/tmp/ts-node-dev-hook-43229874535198576.js:114:20)
    at require.extensions.<computed> (/tmp/ts-node-dev-hook-43229874535198576.js:71:20)
    at Object.nodeDevHook [as .ts] (/home/rabindranath/Documents/Backend/node-api-ts-express-opp/node_modules/ts-node-dev/lib/hook.js:63:13)
    at Module.load (node:internal/modules/cjs/loader:981:32)
    at Function.Module._load (node:internal/modules/cjs/loader:822:12)
2022-11-09 19:48:48 error: uncaughtException: ⨯ Unable to compile TypeScript:
src/services/users.service.ts(1,40): error TS6133: 'getRepository' is declared but its value is never read.
src/services/users.service.ts(13,20): error TS1308: 'await' expressions are only allowed within async functions and at the top levels of modules.
src/services/users.service.ts(13,46): error TS2339: Property 'getRepository' does not exist on type 'Promise<DataSource>'.

Error: ⨯ Unable to compile TypeScript:
src/services/users.service.ts(1,40): error TS6133: 'getRepository' is declared but its value is never read.
src/services/users.service.ts(13,20): error TS1308: 'await' expressions are only allowed within async functions and at the top levels of modules.
src/services/users.service.ts(13,46): error TS2339: Property 'getRepository' does not exist on type 'Promise<DataSource>'.

    at Object.<anonymous> (/home/rabindranath/Documents/Backend/node-api-ts-express-opp/src/services/users.service.ts:1:7)
    at Module._compile (node:internal/modules/cjs/loader:1105:14)
    at Module._compile (/home/rabindranath/Documents/Backend/node-api-ts-express-opp/node_modules/source-map-support/source-map-support.js:568:25)
    at Module.m._compile (/tmp/ts-node-dev-hook-43229874535198576.js:69:33)
    at Module._extensions..js (node:internal/modules/cjs/loader:1159:10)
    at require.extensions..jsx.require.extensions..js (/tmp/ts-node-dev-hook-43229874535198576.js:114:20)
    at require.extensions.<computed> (/tmp/ts-node-dev-hook-43229874535198576.js:71:20)
    at Object.nodeDevHook [as .ts] (/home/rabindranath/Documents/Backend/node-api-ts-express-opp/node_modules/ts-node-dev/lib/hook.js:63:13)
    at Module.load (node:internal/modules/cjs/loader:981:32)
    at Function.Module._load (node:internal/modules/cjs/loader:822:12)
2022-11-09 19:49:03 error: uncaughtException: ⨯ Unable to compile TypeScript:
src/services/users.service.ts(1,40): error TS6133: 'getRepository' is declared but its value is never read.
src/services/users.service.ts(9,27): error TS2304: Cannot find name 'App'.
src/services/users.service.ts(12,3): error TS2377: Constructors for derived classes must contain a 'super' call.
src/services/users.service.ts(13,5): error TS17009: 'super' must be called before accessing 'this' in the constructor of a derived class.
src/services/users.service.ts(13,20): error TS1308: 'await' expressions are only allowed within async functions and at the top levels of modules.
src/services/users.service.ts(13,46): error TS2339: Property 'getRepository' does not exist on type 'Promise<DataSource>'.

Error: ⨯ Unable to compile TypeScript:
src/services/users.service.ts(1,40): error TS6133: 'getRepository' is declared but its value is never read.
src/services/users.service.ts(9,27): error TS2304: Cannot find name 'App'.
src/services/users.service.ts(12,3): error TS2377: Constructors for derived classes must contain a 'super' call.
src/services/users.service.ts(13,5): error TS17009: 'super' must be called before accessing 'this' in the constructor of a derived class.
src/services/users.service.ts(13,20): error TS1308: 'await' expressions are only allowed within async functions and at the top levels of modules.
src/services/users.service.ts(13,46): error TS2339: Property 'getRepository' does not exist on type 'Promise<DataSource>'.

    at Object.<anonymous> (/home/rabindranath/Documents/Backend/node-api-ts-express-opp/src/services/users.service.ts:1:7)
    at Module._compile (node:internal/modules/cjs/loader:1105:14)
    at Module._compile (/home/rabindranath/Documents/Backend/node-api-ts-express-opp/node_modules/source-map-support/source-map-support.js:568:25)
    at Module.m._compile (/tmp/ts-node-dev-hook-43229874535198576.js:69:33)
    at Module._extensions..js (node:internal/modules/cjs/loader:1159:10)
    at require.extensions..jsx.require.extensions..js (/tmp/ts-node-dev-hook-43229874535198576.js:114:20)
    at require.extensions.<computed> (/tmp/ts-node-dev-hook-43229874535198576.js:71:20)
    at Object.nodeDevHook [as .ts] (/home/rabindranath/Documents/Backend/node-api-ts-express-opp/node_modules/ts-node-dev/lib/hook.js:63:13)
    at Module.load (node:internal/modules/cjs/loader:981:32)
    at Function.Module._load (node:internal/modules/cjs/loader:822:12)
2022-11-09 19:49:08 error: uncaughtException: ⨯ Unable to compile TypeScript:
src/services/users.service.ts(1,40): error TS6133: 'getRepository' is declared but its value is never read.
src/services/users.service.ts(13,3): error TS2377: Constructors for derived classes must contain a 'super' call.
src/services/users.service.ts(14,5): error TS17009: 'super' must be called before accessing 'this' in the constructor of a derived class.
src/services/users.service.ts(14,20): error TS1308: 'await' expressions are only allowed within async functions and at the top levels of modules.
src/services/users.service.ts(14,46): error TS2339: Property 'getRepository' does not exist on type 'Promise<DataSource>'.

Error: ⨯ Unable to compile TypeScript:
src/services/users.service.ts(1,40): error TS6133: 'getRepository' is declared but its value is never read.
src/services/users.service.ts(13,3): error TS2377: Constructors for derived classes must contain a 'super' call.
src/services/users.service.ts(14,5): error TS17009: 'super' must be called before accessing 'this' in the constructor of a derived class.
src/services/users.service.ts(14,20): error TS1308: 'await' expressions are only allowed within async functions and at the top levels of modules.
src/services/users.service.ts(14,46): error TS2339: Property 'getRepository' does not exist on type 'Promise<DataSource>'.

    at Object.<anonymous> (/home/rabindranath/Documents/Backend/node-api-ts-express-opp/src/services/users.service.ts:1:7)
    at Module._compile (node:internal/modules/cjs/loader:1105:14)
    at Module._compile (/home/rabindranath/Documents/Backend/node-api-ts-express-opp/node_modules/source-map-support/source-map-support.js:568:25)
    at Module.m._compile (/tmp/ts-node-dev-hook-43229874535198576.js:69:33)
    at Module._extensions..js (node:internal/modules/cjs/loader:1159:10)
    at require.extensions..jsx.require.extensions..js (/tmp/ts-node-dev-hook-43229874535198576.js:114:20)
    at require.extensions.<computed> (/tmp/ts-node-dev-hook-43229874535198576.js:71:20)
    at Object.nodeDevHook [as .ts] (/home/rabindranath/Documents/Backend/node-api-ts-express-opp/node_modules/ts-node-dev/lib/hook.js:63:13)
    at Module.load (node:internal/modules/cjs/loader:981:32)
    at Function.Module._load (node:internal/modules/cjs/loader:822:12)
2022-11-09 19:49:16 error: uncaughtException: ⨯ Unable to compile TypeScript:
src/services/users.service.ts(1,40): error TS6133: 'getRepository' is declared but its value is never read.
src/services/users.service.ts(6,1): error TS6133: 'mySqlDBConnection' is declared but its value is never read.
src/services/users.service.ts(13,3): error TS2377: Constructors for derived classes must contain a 'super' call.
src/services/users.service.ts(14,5): error TS17009: 'super' must be called before accessing 'this' in the constructor of a derived class.
src/services/users.service.ts(14,5): error TS2322: Type '() => Promise<DataSource>' is not assignable to type 'Repository<UserEntity>'.
src/services/users.service.ts(14,20): error TS1308: 'await' expressions are only allowed within async functions and at the top levels of modules.
src/services/users.service.ts(14,26): error TS17009: 'super' must be called before accessing 'this' in the constructor of a derived class.

Error: ⨯ Unable to compile TypeScript:
src/services/users.service.ts(1,40): error TS6133: 'getRepository' is declared but its value is never read.
src/services/users.service.ts(6,1): error TS6133: 'mySqlDBConnection' is declared but its value is never read.
src/services/users.service.ts(13,3): error TS2377: Constructors for derived classes must contain a 'super' call.
src/services/users.service.ts(14,5): error TS17009: 'super' must be called before accessing 'this' in the constructor of a derived class.
src/services/users.service.ts(14,5): error TS2322: Type '() => Promise<DataSource>' is not assignable to type 'Repository<UserEntity>'.
src/services/users.service.ts(14,20): error TS1308: 'await' expressions are only allowed within async functions and at the top levels of modules.
src/services/users.service.ts(14,26): error TS17009: 'super' must be called before accessing 'this' in the constructor of a derived class.

    at Object.<anonymous> (/home/rabindranath/Documents/Backend/node-api-ts-express-opp/src/services/users.service.ts:1:7)
    at Module._compile (node:internal/modules/cjs/loader:1105:14)
    at Module._compile (/home/rabindranath/Documents/Backend/node-api-ts-express-opp/node_modules/source-map-support/source-map-support.js:568:25)
    at Module.m._compile (/tmp/ts-node-dev-hook-43229874535198576.js:69:33)
    at Module._extensions..js (node:internal/modules/cjs/loader:1159:10)
    at require.extensions..jsx.require.extensions..js (/tmp/ts-node-dev-hook-43229874535198576.js:114:20)
    at require.extensions.<computed> (/tmp/ts-node-dev-hook-43229874535198576.js:71:20)
    at Object.nodeDevHook [as .ts] (/home/rabindranath/Documents/Backend/node-api-ts-express-opp/node_modules/ts-node-dev/lib/hook.js:63:13)
    at Module.load (node:internal/modules/cjs/loader:981:32)
    at Function.Module._load (node:internal/modules/cjs/loader:822:12)
2022-11-09 19:49:20 error: uncaughtException: ⨯ Unable to compile TypeScript:
src/services/users.service.ts(1,40): error TS6133: 'getRepository' is declared but its value is never read.
src/services/users.service.ts(6,1): error TS6133: 'mySqlDBConnection' is declared but its value is never read.
src/services/users.service.ts(13,3): error TS2377: Constructors for derived classes must contain a 'super' call.
src/services/users.service.ts(14,5): error TS17009: 'super' must be called before accessing 'this' in the constructor of a derived class.
src/services/users.service.ts(14,26): error TS17009: 'super' must be called before accessing 'this' in the constructor of a derived class.
src/services/users.service.ts(15,3): error TS1003: Identifier expected.

Error: ⨯ Unable to compile TypeScript:
src/services/users.service.ts(1,40): error TS6133: 'getRepository' is declared but its value is never read.
src/services/users.service.ts(6,1): error TS6133: 'mySqlDBConnection' is declared but its value is never read.
src/services/users.service.ts(13,3): error TS2377: Constructors for derived classes must contain a 'super' call.
src/services/users.service.ts(14,5): error TS17009: 'super' must be called before accessing 'this' in the constructor of a derived class.
src/services/users.service.ts(14,26): error TS17009: 'super' must be called before accessing 'this' in the constructor of a derived class.
src/services/users.service.ts(15,3): error TS1003: Identifier expected.

    at Object.<anonymous> (/home/rabindranath/Documents/Backend/node-api-ts-express-opp/src/services/users.service.ts:1:7)
    at Module._compile (node:internal/modules/cjs/loader:1105:14)
    at Module._compile (/home/rabindranath/Documents/Backend/node-api-ts-express-opp/node_modules/source-map-support/source-map-support.js:568:25)
    at Module.m._compile (/tmp/ts-node-dev-hook-43229874535198576.js:69:33)
    at Module._extensions..js (node:internal/modules/cjs/loader:1159:10)
    at require.extensions..jsx.require.extensions..js (/tmp/ts-node-dev-hook-43229874535198576.js:114:20)
    at require.extensions.<computed> (/tmp/ts-node-dev-hook-43229874535198576.js:71:20)
    at Object.nodeDevHook [as .ts] (/home/rabindranath/Documents/Backend/node-api-ts-express-opp/node_modules/ts-node-dev/lib/hook.js:63:13)
    at Module.load (node:internal/modules/cjs/loader:981:32)
    at Function.Module._load (node:internal/modules/cjs/loader:822:12)
2022-11-09 19:49:50 error: uncaughtException: write EPIPE
Error: write EPIPE
    at process.target._send (node:internal/child_process:866:20)
    at process.target.send (node:internal/child_process:739:19)
    at Object.exports.send (/home/rabindranath/Documents/Backend/node-api-ts-express-opp/node_modules/ts-node-dev/lib/ipc.js:17:14)
    at /home/rabindranath/Documents/Backend/node-api-ts-express-opp/node_modules/ts-node-dev/lib/wrap.js:88:9
    at Object.nodeDevHook [as .js] (/home/rabindranath/Documents/Backend/node-api-ts-express-opp/node_modules/ts-node-dev/lib/hook.js:61:17)
    at Module.load (node:internal/modules/cjs/loader:981:32)
    at Function.Module._load (node:internal/modules/cjs/loader:822:12)
    at Module.require (node:internal/modules/cjs/loader:1005:19)
    at require (node:internal/modules/cjs/helpers:102:18)
    at Object.<anonymous> (/home/rabindranath/Documents/Backend/node-api-ts-express-opp/node_modules/date-fns/index.js:1714:39)
2022-11-09 19:49:52 error: uncaughtException: ⨯ Unable to compile TypeScript:
src/db/mysql.config.ts(11,53): error TS2345: Argument of type 'number' is not assignable to parameter of type '(reason: any) => DataSource | PromiseLike<DataSource>'.
src/db/mysql.config.ts(11,51): error TS1109: Expression expected.
src/db/mysql.config.ts(11,53): error TS1005: ',' expected.

Error: ⨯ Unable to compile TypeScript:
src/db/mysql.config.ts(11,53): error TS2345: Argument of type 'number' is not assignable to parameter of type '(reason: any) => DataSource | PromiseLike<DataSource>'.
src/db/mysql.config.ts(11,51): error TS1109: Expression expected.
src/db/mysql.config.ts(11,53): error TS1005: ',' expected.

    at Object.<anonymous> (/home/rabindranath/Documents/Backend/node-api-ts-express-opp/src/db/mysql.config.ts:1:7)
    at Module._compile (node:internal/modules/cjs/loader:1105:14)
    at Module._compile (/home/rabindranath/Documents/Backend/node-api-ts-express-opp/node_modules/source-map-support/source-map-support.js:568:25)
    at Module.m._compile (/tmp/ts-node-dev-hook-43229874535198576.js:69:33)
    at Module._extensions..js (node:internal/modules/cjs/loader:1159:10)
    at require.extensions..jsx.require.extensions..js (/tmp/ts-node-dev-hook-43229874535198576.js:114:20)
    at require.extensions.<computed> (/tmp/ts-node-dev-hook-43229874535198576.js:71:20)
    at Object.nodeDevHook [as .ts] (/home/rabindranath/Documents/Backend/node-api-ts-express-opp/node_modules/ts-node-dev/lib/hook.js:63:13)
    at Module.load (node:internal/modules/cjs/loader:981:32)
    at Function.Module._load (node:internal/modules/cjs/loader:822:12)
2022-11-09 19:49:57 error: uncaughtException: ⨯ Unable to compile TypeScript:
src/db/mysql.config.ts(11,5): error TS2322: Type 'void | DataSource' is not assignable to type 'DataSource'.
  Type 'void' is not assignable to type 'DataSource'.

Error: ⨯ Unable to compile TypeScript:
src/db/mysql.config.ts(11,5): error TS2322: Type 'void | DataSource' is not assignable to type 'DataSource'.
  Type 'void' is not assignable to type 'DataSource'.

    at Object.<anonymous> (/home/rabindranath/Documents/Backend/node-api-ts-express-opp/src/db/mysql.config.ts:1:7)
    at Module._compile (node:internal/modules/cjs/loader:1105:14)
    at Module._compile (/home/rabindranath/Documents/Backend/node-api-ts-express-opp/node_modules/source-map-support/source-map-support.js:568:25)
    at Module.m._compile (/tmp/ts-node-dev-hook-43229874535198576.js:69:33)
    at Module._extensions..js (node:internal/modules/cjs/loader:1159:10)
    at require.extensions..jsx.require.extensions..js (/tmp/ts-node-dev-hook-43229874535198576.js:114:20)
    at require.extensions.<computed> (/tmp/ts-node-dev-hook-43229874535198576.js:71:20)
    at Object.nodeDevHook [as .ts] (/home/rabindranath/Documents/Backend/node-api-ts-express-opp/node_modules/ts-node-dev/lib/hook.js:63:13)
    at Module.load (node:internal/modules/cjs/loader:981:32)
    at Function.Module._load (node:internal/modules/cjs/loader:822:12)
2022-11-09 19:50:03 error: uncaughtException: ⨯ Unable to compile TypeScript:
src/db/mysql.config.ts(11,5): error TS2322: Type 'void | DataSource' is not assignable to type 'DataSource'.
  Type 'void' is not assignable to type 'DataSource'.

Error: ⨯ Unable to compile TypeScript:
src/db/mysql.config.ts(11,5): error TS2322: Type 'void | DataSource' is not assignable to type 'DataSource'.
  Type 'void' is not assignable to type 'DataSource'.

    at Object.<anonymous> (/home/rabindranath/Documents/Backend/node-api-ts-express-opp/src/db/mysql.config.ts:1:7)
    at Module._compile (node:internal/modules/cjs/loader:1105:14)
    at Module._compile (/home/rabindranath/Documents/Backend/node-api-ts-express-opp/node_modules/source-map-support/source-map-support.js:568:25)
    at Module.m._compile (/tmp/ts-node-dev-hook-43229874535198576.js:69:33)
    at Module._extensions..js (node:internal/modules/cjs/loader:1159:10)
    at require.extensions..jsx.require.extensions..js (/tmp/ts-node-dev-hook-43229874535198576.js:114:20)
    at require.extensions.<computed> (/tmp/ts-node-dev-hook-43229874535198576.js:71:20)
    at Object.nodeDevHook [as .ts] (/home/rabindranath/Documents/Backend/node-api-ts-express-opp/node_modules/ts-node-dev/lib/hook.js:63:13)
    at Module.load (node:internal/modules/cjs/loader:981:32)
    at Function.Module._load (node:internal/modules/cjs/loader:822:12)
2022-11-09 19:50:21 error: uncaughtException: ⨯ Unable to compile TypeScript:
src/db/mysql.config.ts(11,5): error TS2322: Type 'void' is not assignable to type 'DataSource'.
src/db/mysql.config.ts(13,15): error TS6133: 'err' is declared but its value is never read.

Error: ⨯ Unable to compile TypeScript:
src/db/mysql.config.ts(11,5): error TS2322: Type 'void' is not assignable to type 'DataSource'.
src/db/mysql.config.ts(13,15): error TS6133: 'err' is declared but its value is never read.

    at Object.<anonymous> (/home/rabindranath/Documents/Backend/node-api-ts-express-opp/src/db/mysql.config.ts:1:7)
    at Module._compile (node:internal/modules/cjs/loader:1105:14)
    at Module._compile (/home/rabindranath/Documents/Backend/node-api-ts-express-opp/node_modules/source-map-support/source-map-support.js:568:25)
    at Module.m._compile (/tmp/ts-node-dev-hook-43229874535198576.js:69:33)
    at Module._extensions..js (node:internal/modules/cjs/loader:1159:10)
    at require.extensions..jsx.require.extensions..js (/tmp/ts-node-dev-hook-43229874535198576.js:114:20)
    at require.extensions.<computed> (/tmp/ts-node-dev-hook-43229874535198576.js:71:20)
    at Object.nodeDevHook [as .ts] (/home/rabindranath/Documents/Backend/node-api-ts-express-opp/node_modules/ts-node-dev/lib/hook.js:63:13)
    at Module.load (node:internal/modules/cjs/loader:981:32)
    at Function.Module._load (node:internal/modules/cjs/loader:822:12)
2022-11-09 19:50:26 error: uncaughtException: ⨯ Unable to compile TypeScript:
src/db/mysql.config.ts(11,5): error TS2322: Type 'void' is not assignable to type 'DataSource'.

Error: ⨯ Unable to compile TypeScript:
src/db/mysql.config.ts(11,5): error TS2322: Type 'void' is not assignable to type 'DataSource'.

    at Object.<anonymous> (/home/rabindranath/Documents/Backend/node-api-ts-express-opp/src/db/mysql.config.ts:1:7)
    at Module._compile (node:internal/modules/cjs/loader:1105:14)
    at Module._compile (/home/rabindranath/Documents/Backend/node-api-ts-express-opp/node_modules/source-map-support/source-map-support.js:568:25)
    at Module.m._compile (/tmp/ts-node-dev-hook-43229874535198576.js:69:33)
    at Module._extensions..js (node:internal/modules/cjs/loader:1159:10)
    at require.extensions..jsx.require.extensions..js (/tmp/ts-node-dev-hook-43229874535198576.js:114:20)
    at require.extensions.<computed> (/tmp/ts-node-dev-hook-43229874535198576.js:71:20)
    at Object.nodeDevHook [as .ts] (/home/rabindranath/Documents/Backend/node-api-ts-express-opp/node_modules/ts-node-dev/lib/hook.js:63:13)
    at Module.load (node:internal/modules/cjs/loader:981:32)
    at Function.Module._load (node:internal/modules/cjs/loader:822:12)
2022-11-09 19:50:35 error: uncaughtException: ⨯ Unable to compile TypeScript:
src/db/mysql.config.ts(11,5): error TS2322: Type 'Promise<void>' is not assignable to type 'Promise<DataSource>'.
  Type 'void' is not assignable to type 'DataSource'.

Error: ⨯ Unable to compile TypeScript:
src/db/mysql.config.ts(11,5): error TS2322: Type 'Promise<void>' is not assignable to type 'Promise<DataSource>'.
  Type 'void' is not assignable to type 'DataSource'.

    at Object.<anonymous> (/home/rabindranath/Documents/Backend/node-api-ts-express-opp/src/db/mysql.config.ts:1:7)
    at Module._compile (node:internal/modules/cjs/loader:1105:14)
    at Module._compile (/home/rabindranath/Documents/Backend/node-api-ts-express-opp/node_modules/source-map-support/source-map-support.js:568:25)
    at Module.m._compile (/tmp/ts-node-dev-hook-43229874535198576.js:69:33)
    at Module._extensions..js (node:internal/modules/cjs/loader:1159:10)
    at require.extensions..jsx.require.extensions..js (/tmp/ts-node-dev-hook-43229874535198576.js:114:20)
    at require.extensions.<computed> (/tmp/ts-node-dev-hook-43229874535198576.js:71:20)
    at Object.nodeDevHook [as .ts] (/home/rabindranath/Documents/Backend/node-api-ts-express-opp/node_modules/ts-node-dev/lib/hook.js:63:13)
    at Module.load (node:internal/modules/cjs/loader:981:32)
    at Function.Module._load (node:internal/modules/cjs/loader:822:12)
2022-11-09 19:50:49 error: uncaughtException: ⨯ Unable to compile TypeScript:
src/db/mysql.config.ts(11,5): error TS2322: Type 'Promise<void>' is not assignable to type 'Promise<DataSource>'.
  Type 'void' is not assignable to type 'DataSource'.

Error: ⨯ Unable to compile TypeScript:
src/db/mysql.config.ts(11,5): error TS2322: Type 'Promise<void>' is not assignable to type 'Promise<DataSource>'.
  Type 'void' is not assignable to type 'DataSource'.

    at Object.<anonymous> (/home/rabindranath/Documents/Backend/node-api-ts-express-opp/src/db/mysql.config.ts:1:7)
    at Module._compile (node:internal/modules/cjs/loader:1105:14)
    at Module._compile (/home/rabindranath/Documents/Backend/node-api-ts-express-opp/node_modules/source-map-support/source-map-support.js:568:25)
    at Module.m._compile (/tmp/ts-node-dev-hook-43229874535198576.js:69:33)
    at Module._extensions..js (node:internal/modules/cjs/loader:1159:10)
    at require.extensions..jsx.require.extensions..js (/tmp/ts-node-dev-hook-43229874535198576.js:114:20)
    at require.extensions.<computed> (/tmp/ts-node-dev-hook-43229874535198576.js:71:20)
    at Object.nodeDevHook [as .ts] (/home/rabindranath/Documents/Backend/node-api-ts-express-opp/node_modules/ts-node-dev/lib/hook.js:63:13)
    at Module.load (node:internal/modules/cjs/loader:981:32)
    at Function.Module._load (node:internal/modules/cjs/loader:822:12)
2022-11-09 19:54:29 error: uncaughtException: ⨯ Unable to compile TypeScript:
src/services/users.service.ts(1,40): error TS6133: 'getRepository' is declared but its value is never read.
src/services/users.service.ts(6,1): error TS6133: 'App' is declared but its value is never read.
src/services/users.service.ts(7,1): error TS6133: 'mySqlDBConnection' is declared but its value is never read.

Error: ⨯ Unable to compile TypeScript:
src/services/users.service.ts(1,40): error TS6133: 'getRepository' is declared but its value is never read.
src/services/users.service.ts(6,1): error TS6133: 'App' is declared but its value is never read.
src/services/users.service.ts(7,1): error TS6133: 'mySqlDBConnection' is declared but its value is never read.

    at Object.<anonymous> (/home/rabindranath/Documents/Backend/node-api-ts-express-opp/src/services/users.service.ts:1:7)
    at Module._compile (node:internal/modules/cjs/loader:1105:14)
    at Module._compile (/home/rabindranath/Documents/Backend/node-api-ts-express-opp/node_modules/source-map-support/source-map-support.js:568:25)
    at Module.m._compile (/tmp/ts-node-dev-hook-9350190077986804.js:69:33)
    at Module._extensions..js (node:internal/modules/cjs/loader:1159:10)
    at require.extensions..jsx.require.extensions..js (/tmp/ts-node-dev-hook-9350190077986804.js:114:20)
    at require.extensions.<computed> (/tmp/ts-node-dev-hook-9350190077986804.js:71:20)
    at Object.nodeDevHook [as .ts] (/home/rabindranath/Documents/Backend/node-api-ts-express-opp/node_modules/ts-node-dev/lib/hook.js:63:13)
    at Module.load (node:internal/modules/cjs/loader:981:32)
    at Function.Module._load (node:internal/modules/cjs/loader:822:12)
2022-11-09 19:54:52 error: uncaughtException: ⨯ Unable to compile TypeScript:
src/services/users.service.ts(1,40): error TS6133: 'getRepository' is declared but its value is never read.

Error: ⨯ Unable to compile TypeScript:
src/services/users.service.ts(1,40): error TS6133: 'getRepository' is declared but its value is never read.

    at Object.<anonymous> (/home/rabindranath/Documents/Backend/node-api-ts-express-opp/src/services/users.service.ts:1:7)
    at Module._compile (node:internal/modules/cjs/loader:1105:14)
    at Module._compile (/home/rabindranath/Documents/Backend/node-api-ts-express-opp/node_modules/source-map-support/source-map-support.js:568:25)
    at Module.m._compile (/tmp/ts-node-dev-hook-9350190077986804.js:69:33)
    at Module._extensions..js (node:internal/modules/cjs/loader:1159:10)
    at require.extensions..jsx.require.extensions..js (/tmp/ts-node-dev-hook-9350190077986804.js:114:20)
    at require.extensions.<computed> (/tmp/ts-node-dev-hook-9350190077986804.js:71:20)
    at Object.nodeDevHook [as .ts] (/home/rabindranath/Documents/Backend/node-api-ts-express-opp/node_modules/ts-node-dev/lib/hook.js:63:13)
    at Module.load (node:internal/modules/cjs/loader:981:32)
    at Function.Module._load (node:internal/modules/cjs/loader:822:12)
2022-11-09 19:55:08 error: uncaughtException: DataSource is not set for this entity.
Error: DataSource is not set for this entity.
    at Function.getRepository (/home/rabindranath/Documents/Backend/node-api-ts-express-opp/src/repository/BaseEntity.ts:115:19)
    at new UserService (/home/rabindranath/Documents/Backend/node-api-ts-express-opp/src/services/users.service.ts:12:31)
    at UserController.<instance_members_initializer> (/home/rabindranath/Documents/Backend/node-api-ts-express-opp/src/controllers/users.controllers.ts:5:47)
    at new UserController (/home/rabindranath/Documents/Backend/node-api-ts-express-opp/src/controllers/users.controllers.ts:6:3)
    at UserRoute.<instance_members_initializer> (/home/rabindranath/Documents/Backend/node-api-ts-express-opp/src/routes/user.routes.ts:39:27)
    at new UserRoute (/home/rabindranath/Documents/Backend/node-api-ts-express-opp/src/routes/user.routes.ts:41:3)
    at Object.<anonymous> (/home/rabindranath/Documents/Backend/node-api-ts-express-opp/src/index.ts:7:39)
    at Module._compile (node:internal/modules/cjs/loader:1105:14)
    at Module._compile (/home/rabindranath/Documents/Backend/node-api-ts-express-opp/node_modules/source-map-support/source-map-support.js:568:25)
    at Module.m._compile (/tmp/ts-node-dev-hook-30090069780370654.js:69:33)
