2022-10-29 15:16:08 error: uncaughtException: listen EADDRINUSE: address already in use :::3000
Error: listen EADDRINUSE: address already in use :::3000
    at Server.setupListenHandle [as _listen2] (node:net:1372:16)
    at listenInCluster (node:net:1420:12)
    at Server.listen (node:net:1508:7)
    at Function.listen (/home/rabindranath/Documents/Backend/node-api-ts-express-opp/node_modules/express/lib/application.js:635:24)
    at App.listen (/home/rabindranath/Documents/Backend/node-api-ts-express-opp/src/app.ts:38:14)
    at Object.<anonymous> (/home/rabindranath/Documents/Backend/node-api-ts-express-opp/src/index.ts:8:5)
    at Module._compile (node:internal/modules/cjs/loader:1105:14)
    at Module._compile (/home/rabindranath/Documents/Backend/node-api-ts-express-opp/node_modules/source-map-support/source-map-support.js:568:25)
    at Module.m._compile (/tmp/ts-node-dev-hook-9320510123584356.js:69:33)
    at Module._extensions..js (node:internal/modules/cjs/loader:1159:10)
2022-10-29 15:17:57 error: uncaughtException: listen EADDRINUSE: address already in use :::3000
Error: listen EADDRINUSE: address already in use :::3000
    at Server.setupListenHandle [as _listen2] (node:net:1372:16)
    at listenInCluster (node:net:1420:12)
    at Server.listen (node:net:1508:7)
    at Function.listen (/home/rabindranath/Documents/Backend/node-api-ts-express-opp/node_modules/express/lib/application.js:635:24)
    at App.listen (/home/rabindranath/Documents/Backend/node-api-ts-express-opp/src/app.ts:38:14)
    at Object.<anonymous> (/home/rabindranath/Documents/Backend/node-api-ts-express-opp/src/index.ts:8:5)
    at Module._compile (node:internal/modules/cjs/loader:1105:14)
    at Module._compile (/home/rabindranath/Documents/Backend/node-api-ts-express-opp/node_modules/source-map-support/source-map-support.js:568:25)
    at Module.m._compile (/tmp/ts-node-dev-hook-2926610557478453.js:69:33)
    at Module._extensions..js (node:internal/modules/cjs/loader:1159:10)
2022-10-29 15:21:28 error: uncaughtException: Cannot read properties of null (reading 'indexOf')
TypeError: Cannot read properties of null (reading 'indexOf')
    at Object.parse (/home/rabindranath/Documents/Backend/node-api-ts-express-opp/node_modules/swagger-jsdoc/node_modules/yaml/dist/parse-3997f544.js:1874:11)
    at Object.parseDocument (/home/rabindranath/Documents/Backend/node-api-ts-express-opp/node_modules/swagger-jsdoc/node_modules/yaml/dist/index.js:41:24)
    at build (/home/rabindranath/Documents/Backend/node-api-ts-express-opp/node_modules/swagger-jsdoc/src/specification.js:226:45)
    at module.exports (/home/rabindranath/Documents/Backend/node-api-ts-express-opp/node_modules/swagger-jsdoc/src/lib.js:32:10)
    at App.initializeSwagger (/home/rabindranath/Documents/Backend/node-api-ts-express-opp/src/app.ts:72:39)
    at new App (/home/rabindranath/Documents/Backend/node-api-ts-express-opp/src/app.ts:33:10)
    at Object.<anonymous> (/home/rabindranath/Documents/Backend/node-api-ts-express-opp/src/index.ts:6:13)
    at Module._compile (node:internal/modules/cjs/loader:1105:14)
    at Module._compile (/home/rabindranath/Documents/Backend/node-api-ts-express-opp/node_modules/source-map-support/source-map-support.js:568:25)
    at Module.m._compile (/tmp/ts-node-dev-hook-13003477746376668.js:69:33)
2022-10-29 15:21:32 error: uncaughtException: Cannot read properties of null (reading 'indexOf')
TypeError: Cannot read properties of null (reading 'indexOf')
    at Object.parse (/home/rabindranath/Documents/Backend/node-api-ts-express-opp/node_modules/swagger-jsdoc/node_modules/yaml/dist/parse-3997f544.js:1874:11)
    at Object.parseDocument (/home/rabindranath/Documents/Backend/node-api-ts-express-opp/node_modules/swagger-jsdoc/node_modules/yaml/dist/index.js:41:24)
    at build (/home/rabindranath/Documents/Backend/node-api-ts-express-opp/node_modules/swagger-jsdoc/src/specification.js:226:45)
    at module.exports (/home/rabindranath/Documents/Backend/node-api-ts-express-opp/node_modules/swagger-jsdoc/src/lib.js:32:10)
    at App.initializeSwagger (/home/rabindranath/Documents/Backend/node-api-ts-express-opp/src/app.ts:72:39)
    at new App (/home/rabindranath/Documents/Backend/node-api-ts-express-opp/src/app.ts:33:10)
    at Object.<anonymous> (/home/rabindranath/Documents/Backend/node-api-ts-express-opp/src/index.ts:6:13)
    at Module._compile (node:internal/modules/cjs/loader:1105:14)
    at Module._compile (/home/rabindranath/Documents/Backend/node-api-ts-express-opp/node_modules/source-map-support/source-map-support.js:568:25)
    at Module.m._compile (/tmp/ts-node-dev-hook-13003477746376668.js:69:33)
2022-10-29 15:23:23 error: uncaughtException: ⨯ Unable to compile TypeScript:
src/services/post.service.ts(12,11): error TS6133: 'data' is declared but its value is never read.
src/services/post.service.ts(13,27): error TS2304: Cannot find name 'resp'.

Error: ⨯ Unable to compile TypeScript:
src/services/post.service.ts(12,11): error TS6133: 'data' is declared but its value is never read.
src/services/post.service.ts(13,27): error TS2304: Cannot find name 'resp'.

    at Object.<anonymous> (/home/rabindranath/Documents/Backend/node-api-ts-express-opp/src/services/post.service.ts:1:7)
    at Module._compile (node:internal/modules/cjs/loader:1105:14)
    at Module._compile (/home/rabindranath/Documents/Backend/node-api-ts-express-opp/node_modules/source-map-support/source-map-support.js:568:25)
    at Module.m._compile (/tmp/ts-node-dev-hook-13003477746376668.js:69:33)
    at Module._extensions..js (node:internal/modules/cjs/loader:1159:10)
    at require.extensions..jsx.require.extensions..js (/tmp/ts-node-dev-hook-13003477746376668.js:114:20)
    at require.extensions.<computed> (/tmp/ts-node-dev-hook-13003477746376668.js:71:20)
    at Object.nodeDevHook [as .ts] (/home/rabindranath/Documents/Backend/node-api-ts-express-opp/node_modules/ts-node-dev/lib/hook.js:63:13)
    at Module.load (node:internal/modules/cjs/loader:981:32)
    at Function.Module._load (node:internal/modules/cjs/loader:822:12)
2022-10-29 15:23:35 error: uncaughtException: ⨯ Unable to compile TypeScript:
src/services/post.service.ts(18,11): error TS6133: 'data' is declared but its value is never read.
src/services/post.service.ts(19,24): error TS2304: Cannot find name 'resp'.

Error: ⨯ Unable to compile TypeScript:
src/services/post.service.ts(18,11): error TS6133: 'data' is declared but its value is never read.
src/services/post.service.ts(19,24): error TS2304: Cannot find name 'resp'.

    at Object.<anonymous> (/home/rabindranath/Documents/Backend/node-api-ts-express-opp/src/services/post.service.ts:1:7)
    at Module._compile (node:internal/modules/cjs/loader:1105:14)
    at Module._compile (/home/rabindranath/Documents/Backend/node-api-ts-express-opp/node_modules/source-map-support/source-map-support.js:568:25)
    at Module.m._compile (/tmp/ts-node-dev-hook-13003477746376668.js:69:33)
    at Module._extensions..js (node:internal/modules/cjs/loader:1159:10)
    at require.extensions..jsx.require.extensions..js (/tmp/ts-node-dev-hook-13003477746376668.js:114:20)
    at require.extensions.<computed> (/tmp/ts-node-dev-hook-13003477746376668.js:71:20)
    at Object.nodeDevHook [as .ts] (/home/rabindranath/Documents/Backend/node-api-ts-express-opp/node_modules/ts-node-dev/lib/hook.js:63:13)
    at Module.load (node:internal/modules/cjs/loader:981:32)
    at Function.Module._load (node:internal/modules/cjs/loader:822:12)
2022-10-29 15:24:23 error: uncaughtException: Cannot read properties of null (reading 'indexOf')
TypeError: Cannot read properties of null (reading 'indexOf')
    at Object.parse (/home/rabindranath/Documents/Backend/node-api-ts-express-opp/node_modules/swagger-jsdoc/node_modules/yaml/dist/parse-3997f544.js:1874:11)
    at Object.parseDocument (/home/rabindranath/Documents/Backend/node-api-ts-express-opp/node_modules/swagger-jsdoc/node_modules/yaml/dist/index.js:41:24)
    at build (/home/rabindranath/Documents/Backend/node-api-ts-express-opp/node_modules/swagger-jsdoc/src/specification.js:226:45)
    at module.exports (/home/rabindranath/Documents/Backend/node-api-ts-express-opp/node_modules/swagger-jsdoc/src/lib.js:32:10)
    at App.initializeSwagger (/home/rabindranath/Documents/Backend/node-api-ts-express-opp/src/app.ts:72:39)
    at new App (/home/rabindranath/Documents/Backend/node-api-ts-express-opp/src/app.ts:33:10)
    at Object.<anonymous> (/home/rabindranath/Documents/Backend/node-api-ts-express-opp/src/index.ts:6:13)
    at Module._compile (node:internal/modules/cjs/loader:1105:14)
    at Module._compile (/home/rabindranath/Documents/Backend/node-api-ts-express-opp/node_modules/source-map-support/source-map-support.js:568:25)
    at Module.m._compile (/tmp/ts-node-dev-hook-13003477746376668.js:69:33)
2022-10-29 15:24:29 error: uncaughtException: Cannot convert undefined or null to object
TypeError: Cannot convert undefined or null to object
    at Function.keys (<anonymous>)
    at organize (/home/rabindranath/Documents/Backend/node-api-ts-express-opp/node_modules/swagger-jsdoc/src/specification.js:152:37)
    at build (/home/rabindranath/Documents/Backend/node-api-ts-express-opp/node_modules/swagger-jsdoc/src/specification.js:316:7)
    at module.exports (/home/rabindranath/Documents/Backend/node-api-ts-express-opp/node_modules/swagger-jsdoc/src/lib.js:32:10)
    at App.initializeSwagger (/home/rabindranath/Documents/Backend/node-api-ts-express-opp/src/app.ts:72:39)
    at new App (/home/rabindranath/Documents/Backend/node-api-ts-express-opp/src/app.ts:33:10)
    at Object.<anonymous> (/home/rabindranath/Documents/Backend/node-api-ts-express-opp/src/index.ts:6:13)
    at Module._compile (node:internal/modules/cjs/loader:1105:14)
    at Module._compile (/home/rabindranath/Documents/Backend/node-api-ts-express-opp/node_modules/source-map-support/source-map-support.js:568:25)
    at Module.m._compile (/tmp/ts-node-dev-hook-13003477746376668.js:69:33)
2022-10-29 15:24:37 error: uncaughtException: Cannot convert undefined or null to object
TypeError: Cannot convert undefined or null to object
    at Function.keys (<anonymous>)
    at organize (/home/rabindranath/Documents/Backend/node-api-ts-express-opp/node_modules/swagger-jsdoc/src/specification.js:152:37)
    at build (/home/rabindranath/Documents/Backend/node-api-ts-express-opp/node_modules/swagger-jsdoc/src/specification.js:316:7)
    at module.exports (/home/rabindranath/Documents/Backend/node-api-ts-express-opp/node_modules/swagger-jsdoc/src/lib.js:32:10)
    at App.initializeSwagger (/home/rabindranath/Documents/Backend/node-api-ts-express-opp/src/app.ts:72:39)
    at new App (/home/rabindranath/Documents/Backend/node-api-ts-express-opp/src/app.ts:33:10)
    at Object.<anonymous> (/home/rabindranath/Documents/Backend/node-api-ts-express-opp/src/index.ts:6:13)
    at Module._compile (node:internal/modules/cjs/loader:1105:14)
    at Module._compile (/home/rabindranath/Documents/Backend/node-api-ts-express-opp/node_modules/source-map-support/source-map-support.js:568:25)
    at Module.m._compile (/tmp/ts-node-dev-hook-13003477746376668.js:69:33)
2022-10-29 15:24:41 error: uncaughtException: Cannot convert undefined or null to object
TypeError: Cannot convert undefined or null to object
    at Function.keys (<anonymous>)
    at organize (/home/rabindranath/Documents/Backend/node-api-ts-express-opp/node_modules/swagger-jsdoc/src/specification.js:152:37)
    at build (/home/rabindranath/Documents/Backend/node-api-ts-express-opp/node_modules/swagger-jsdoc/src/specification.js:316:7)
    at module.exports (/home/rabindranath/Documents/Backend/node-api-ts-express-opp/node_modules/swagger-jsdoc/src/lib.js:32:10)
    at App.initializeSwagger (/home/rabindranath/Documents/Backend/node-api-ts-express-opp/src/app.ts:72:39)
    at new App (/home/rabindranath/Documents/Backend/node-api-ts-express-opp/src/app.ts:33:10)
    at Object.<anonymous> (/home/rabindranath/Documents/Backend/node-api-ts-express-opp/src/index.ts:6:13)
    at Module._compile (node:internal/modules/cjs/loader:1105:14)
    at Module._compile (/home/rabindranath/Documents/Backend/node-api-ts-express-opp/node_modules/source-map-support/source-map-support.js:568:25)
    at Module.m._compile (/tmp/ts-node-dev-hook-13003477746376668.js:69:33)
2022-10-29 15:28:02 error: uncaughtException: Cannot read properties of null (reading 'indexOf')
TypeError: Cannot read properties of null (reading 'indexOf')
    at Object.parse (/home/rabindranath/Documents/Backend/node-api-ts-express-opp/node_modules/swagger-jsdoc/node_modules/yaml/dist/parse-3997f544.js:1874:11)
    at Object.parseDocument (/home/rabindranath/Documents/Backend/node-api-ts-express-opp/node_modules/swagger-jsdoc/node_modules/yaml/dist/index.js:41:24)
    at build (/home/rabindranath/Documents/Backend/node-api-ts-express-opp/node_modules/swagger-jsdoc/src/specification.js:226:45)
    at module.exports (/home/rabindranath/Documents/Backend/node-api-ts-express-opp/node_modules/swagger-jsdoc/src/lib.js:32:10)
    at App.initializeSwagger (/home/rabindranath/Documents/Backend/node-api-ts-express-opp/src/app.ts:72:39)
    at new App (/home/rabindranath/Documents/Backend/node-api-ts-express-opp/src/app.ts:33:10)
    at Object.<anonymous> (/home/rabindranath/Documents/Backend/node-api-ts-express-opp/src/index.ts:6:13)
    at Module._compile (node:internal/modules/cjs/loader:1105:14)
    at Module._compile (/home/rabindranath/Documents/Backend/node-api-ts-express-opp/node_modules/source-map-support/source-map-support.js:568:25)
    at Module.m._compile (/tmp/ts-node-dev-hook-13003477746376668.js:69:33)
2022-10-29 15:52:48 error: uncaughtException: ⨯ Unable to compile TypeScript:
src/routes/post.routes.ts(117,40): error TS1135: Argument expression expected.

Error: ⨯ Unable to compile TypeScript:
src/routes/post.routes.ts(117,40): error TS1135: Argument expression expected.

    at Object.<anonymous> (/home/rabindranath/Documents/Backend/node-api-ts-express-opp/src/routes/post.routes.ts:1:7)
    at Module._compile (node:internal/modules/cjs/loader:1105:14)
    at Module._compile (/home/rabindranath/Documents/Backend/node-api-ts-express-opp/node_modules/source-map-support/source-map-support.js:568:25)
    at Module.m._compile (/tmp/ts-node-dev-hook-13003477746376668.js:69:33)
    at Module._extensions..js (node:internal/modules/cjs/loader:1159:10)
    at require.extensions..jsx.require.extensions..js (/tmp/ts-node-dev-hook-13003477746376668.js:114:20)
    at require.extensions.<computed> (/tmp/ts-node-dev-hook-13003477746376668.js:71:20)
    at Object.nodeDevHook [as .ts] (/home/rabindranath/Documents/Backend/node-api-ts-express-opp/node_modules/ts-node-dev/lib/hook.js:63:13)
    at Module.load (node:internal/modules/cjs/loader:981:32)
    at Function.Module._load (node:internal/modules/cjs/loader:822:12)
2022-10-29 15:53:20 error: uncaughtException: ⨯ Unable to compile TypeScript:
src/controllers/post.controller.ts(20,11): error TS6133: 'postId' is declared but its value is never read.

Error: ⨯ Unable to compile TypeScript:
src/controllers/post.controller.ts(20,11): error TS6133: 'postId' is declared but its value is never read.

    at Object.<anonymous> (/home/rabindranath/Documents/Backend/node-api-ts-express-opp/src/controllers/post.controller.ts:1:7)
    at Module._compile (node:internal/modules/cjs/loader:1105:14)
    at Module._compile (/home/rabindranath/Documents/Backend/node-api-ts-express-opp/node_modules/source-map-support/source-map-support.js:568:25)
    at Module.m._compile (/tmp/ts-node-dev-hook-13003477746376668.js:69:33)
    at Module._extensions..js (node:internal/modules/cjs/loader:1159:10)
    at require.extensions..jsx.require.extensions..js (/tmp/ts-node-dev-hook-13003477746376668.js:114:20)
    at require.extensions.<computed> (/tmp/ts-node-dev-hook-13003477746376668.js:71:20)
    at Object.nodeDevHook [as .ts] (/home/rabindranath/Documents/Backend/node-api-ts-express-opp/node_modules/ts-node-dev/lib/hook.js:63:13)
    at Module.load (node:internal/modules/cjs/loader:981:32)
    at Function.Module._load (node:internal/modules/cjs/loader:822:12)
2022-10-29 15:53:31 error: uncaughtException: ⨯ Unable to compile TypeScript:
src/controllers/post.controller.ts(22,5): error TS1005: '(' expected.

Error: ⨯ Unable to compile TypeScript:
src/controllers/post.controller.ts(22,5): error TS1005: '(' expected.

    at Object.<anonymous> (/home/rabindranath/Documents/Backend/node-api-ts-express-opp/src/controllers/post.controller.ts:1:7)
    at Module._compile (node:internal/modules/cjs/loader:1105:14)
    at Module._compile (/home/rabindranath/Documents/Backend/node-api-ts-express-opp/node_modules/source-map-support/source-map-support.js:568:25)
    at Module.m._compile (/tmp/ts-node-dev-hook-13003477746376668.js:69:33)
    at Module._extensions..js (node:internal/modules/cjs/loader:1159:10)
    at require.extensions..jsx.require.extensions..js (/tmp/ts-node-dev-hook-13003477746376668.js:114:20)
    at require.extensions.<computed> (/tmp/ts-node-dev-hook-13003477746376668.js:71:20)
    at Object.nodeDevHook [as .ts] (/home/rabindranath/Documents/Backend/node-api-ts-express-opp/node_modules/ts-node-dev/lib/hook.js:63:13)
    at Module.load (node:internal/modules/cjs/loader:981:32)
    at Function.Module._load (node:internal/modules/cjs/loader:822:12)
2022-10-29 15:53:37 error: uncaughtException: ⨯ Unable to compile TypeScript:
src/controllers/post.controller.ts(22,5): error TS1156: 'const' declarations can only be declared inside a block.

Error: ⨯ Unable to compile TypeScript:
src/controllers/post.controller.ts(22,5): error TS1156: 'const' declarations can only be declared inside a block.

    at Object.<anonymous> (/home/rabindranath/Documents/Backend/node-api-ts-express-opp/src/controllers/post.controller.ts:1:7)
    at Module._compile (node:internal/modules/cjs/loader:1105:14)
    at Module._compile (/home/rabindranath/Documents/Backend/node-api-ts-express-opp/node_modules/source-map-support/source-map-support.js:568:25)
    at Module.m._compile (/tmp/ts-node-dev-hook-13003477746376668.js:69:33)
    at Module._extensions..js (node:internal/modules/cjs/loader:1159:10)
    at require.extensions..jsx.require.extensions..js (/tmp/ts-node-dev-hook-13003477746376668.js:114:20)
    at require.extensions.<computed> (/tmp/ts-node-dev-hook-13003477746376668.js:71:20)
    at Object.nodeDevHook [as .ts] (/home/rabindranath/Documents/Backend/node-api-ts-express-opp/node_modules/ts-node-dev/lib/hook.js:63:13)
    at Module.load (node:internal/modules/cjs/loader:981:32)
    at Function.Module._load (node:internal/modules/cjs/loader:822:12)
2022-10-29 15:53:45 error: uncaughtException: ⨯ Unable to compile TypeScript:
src/controllers/post.controller.ts(19,27): error TS7030: Not all code paths return a value.
src/controllers/post.controller.ts(21,29): error TS2554: Expected 1 arguments, but got 0.

Error: ⨯ Unable to compile TypeScript:
src/controllers/post.controller.ts(19,27): error TS7030: Not all code paths return a value.
src/controllers/post.controller.ts(21,29): error TS2554: Expected 1 arguments, but got 0.

    at Object.<anonymous> (/home/rabindranath/Documents/Backend/node-api-ts-express-opp/src/controllers/post.controller.ts:1:7)
    at Module._compile (node:internal/modules/cjs/loader:1105:14)
    at Module._compile (/home/rabindranath/Documents/Backend/node-api-ts-express-opp/node_modules/source-map-support/source-map-support.js:568:25)
    at Module.m._compile (/tmp/ts-node-dev-hook-13003477746376668.js:69:33)
    at Module._extensions..js (node:internal/modules/cjs/loader:1159:10)
    at require.extensions..jsx.require.extensions..js (/tmp/ts-node-dev-hook-13003477746376668.js:114:20)
    at require.extensions.<computed> (/tmp/ts-node-dev-hook-13003477746376668.js:71:20)
    at Object.nodeDevHook [as .ts] (/home/rabindranath/Documents/Backend/node-api-ts-express-opp/node_modules/ts-node-dev/lib/hook.js:63:13)
    at Module.load (node:internal/modules/cjs/loader:981:32)
    at Function.Module._load (node:internal/modules/cjs/loader:822:12)
2022-10-29 15:53:49 error: uncaughtException: ⨯ Unable to compile TypeScript:
src/controllers/post.controller.ts(19,27): error TS7030: Not all code paths return a value.

Error: ⨯ Unable to compile TypeScript:
src/controllers/post.controller.ts(19,27): error TS7030: Not all code paths return a value.

    at Object.<anonymous> (/home/rabindranath/Documents/Backend/node-api-ts-express-opp/src/controllers/post.controller.ts:1:7)
    at Module._compile (node:internal/modules/cjs/loader:1105:14)
    at Module._compile (/home/rabindranath/Documents/Backend/node-api-ts-express-opp/node_modules/source-map-support/source-map-support.js:568:25)
    at Module.m._compile (/tmp/ts-node-dev-hook-13003477746376668.js:69:33)
    at Module._extensions..js (node:internal/modules/cjs/loader:1159:10)
    at require.extensions..jsx.require.extensions..js (/tmp/ts-node-dev-hook-13003477746376668.js:114:20)
    at require.extensions.<computed> (/tmp/ts-node-dev-hook-13003477746376668.js:71:20)
    at Object.nodeDevHook [as .ts] (/home/rabindranath/Documents/Backend/node-api-ts-express-opp/node_modules/ts-node-dev/lib/hook.js:63:13)
    at Module.load (node:internal/modules/cjs/loader:981:32)
    at Function.Module._load (node:internal/modules/cjs/loader:822:12)
2022-10-29 15:53:55 error: uncaughtException: ⨯ Unable to compile TypeScript:
src/controllers/post.controller.ts(19,27): error TS7030: Not all code paths return a value.

Error: ⨯ Unable to compile TypeScript:
src/controllers/post.controller.ts(19,27): error TS7030: Not all code paths return a value.

    at Object.<anonymous> (/home/rabindranath/Documents/Backend/node-api-ts-express-opp/src/controllers/post.controller.ts:1:7)
    at Module._compile (node:internal/modules/cjs/loader:1105:14)
    at Module._compile (/home/rabindranath/Documents/Backend/node-api-ts-express-opp/node_modules/source-map-support/source-map-support.js:568:25)
    at Module.m._compile (/tmp/ts-node-dev-hook-13003477746376668.js:69:33)
    at Module._extensions..js (node:internal/modules/cjs/loader:1159:10)
    at require.extensions..jsx.require.extensions..js (/tmp/ts-node-dev-hook-13003477746376668.js:114:20)
    at require.extensions.<computed> (/tmp/ts-node-dev-hook-13003477746376668.js:71:20)
    at Object.nodeDevHook [as .ts] (/home/rabindranath/Documents/Backend/node-api-ts-express-opp/node_modules/ts-node-dev/lib/hook.js:63:13)
    at Module.load (node:internal/modules/cjs/loader:981:32)
    at Function.Module._load (node:internal/modules/cjs/loader:822:12)
2022-10-29 15:53:59 error: uncaughtException: ⨯ Unable to compile TypeScript:
src/controllers/post.controller.ts(19,27): error TS7030: Not all code paths return a value.

Error: ⨯ Unable to compile TypeScript:
src/controllers/post.controller.ts(19,27): error TS7030: Not all code paths return a value.

    at Object.<anonymous> (/home/rabindranath/Documents/Backend/node-api-ts-express-opp/src/controllers/post.controller.ts:1:7)
    at Module._compile (node:internal/modules/cjs/loader:1105:14)
    at Module._compile (/home/rabindranath/Documents/Backend/node-api-ts-express-opp/node_modules/source-map-support/source-map-support.js:568:25)
    at Module.m._compile (/tmp/ts-node-dev-hook-13003477746376668.js:69:33)
    at Module._extensions..js (node:internal/modules/cjs/loader:1159:10)
    at require.extensions..jsx.require.extensions..js (/tmp/ts-node-dev-hook-13003477746376668.js:114:20)
    at require.extensions.<computed> (/tmp/ts-node-dev-hook-13003477746376668.js:71:20)
    at Object.nodeDevHook [as .ts] (/home/rabindranath/Documents/Backend/node-api-ts-express-opp/node_modules/ts-node-dev/lib/hook.js:63:13)
    at Module.load (node:internal/modules/cjs/loader:981:32)
    at Function.Module._load (node:internal/modules/cjs/loader:822:12)
2022-10-29 15:54:03 error: uncaughtException: ⨯ Unable to compile TypeScript:
src/controllers/post.controller.ts(19,27): error TS7030: Not all code paths return a value.

Error: ⨯ Unable to compile TypeScript:
src/controllers/post.controller.ts(19,27): error TS7030: Not all code paths return a value.

    at Object.<anonymous> (/home/rabindranath/Documents/Backend/node-api-ts-express-opp/src/controllers/post.controller.ts:1:7)
    at Module._compile (node:internal/modules/cjs/loader:1105:14)
    at Module._compile (/home/rabindranath/Documents/Backend/node-api-ts-express-opp/node_modules/source-map-support/source-map-support.js:568:25)
    at Module.m._compile (/tmp/ts-node-dev-hook-13003477746376668.js:69:33)
    at Module._extensions..js (node:internal/modules/cjs/loader:1159:10)
    at require.extensions..jsx.require.extensions..js (/tmp/ts-node-dev-hook-13003477746376668.js:114:20)
    at require.extensions.<computed> (/tmp/ts-node-dev-hook-13003477746376668.js:71:20)
    at Object.nodeDevHook [as .ts] (/home/rabindranath/Documents/Backend/node-api-ts-express-opp/node_modules/ts-node-dev/lib/hook.js:63:13)
    at Module.load (node:internal/modules/cjs/loader:981:32)
    at Function.Module._load (node:internal/modules/cjs/loader:822:12)
2022-10-29 15:54:07 error: uncaughtException: ⨯ Unable to compile TypeScript:
src/controllers/post.controller.ts(19,27): error TS7030: Not all code paths return a value.

Error: ⨯ Unable to compile TypeScript:
src/controllers/post.controller.ts(19,27): error TS7030: Not all code paths return a value.

    at Object.<anonymous> (/home/rabindranath/Documents/Backend/node-api-ts-express-opp/src/controllers/post.controller.ts:1:7)
    at Module._compile (node:internal/modules/cjs/loader:1105:14)
    at Module._compile (/home/rabindranath/Documents/Backend/node-api-ts-express-opp/node_modules/source-map-support/source-map-support.js:568:25)
    at Module.m._compile (/tmp/ts-node-dev-hook-13003477746376668.js:69:33)
    at Module._extensions..js (node:internal/modules/cjs/loader:1159:10)
    at require.extensions..jsx.require.extensions..js (/tmp/ts-node-dev-hook-13003477746376668.js:114:20)
    at require.extensions.<computed> (/tmp/ts-node-dev-hook-13003477746376668.js:71:20)
    at Object.nodeDevHook [as .ts] (/home/rabindranath/Documents/Backend/node-api-ts-express-opp/node_modules/ts-node-dev/lib/hook.js:63:13)
    at Module.load (node:internal/modules/cjs/loader:981:32)
    at Function.Module._load (node:internal/modules/cjs/loader:822:12)
2022-10-29 15:54:12 error: uncaughtException: ⨯ Unable to compile TypeScript:
src/controllers/post.controller.ts(19,27): error TS7030: Not all code paths return a value.

Error: ⨯ Unable to compile TypeScript:
src/controllers/post.controller.ts(19,27): error TS7030: Not all code paths return a value.

    at Object.<anonymous> (/home/rabindranath/Documents/Backend/node-api-ts-express-opp/src/controllers/post.controller.ts:1:7)
    at Module._compile (node:internal/modules/cjs/loader:1105:14)
    at Module._compile (/home/rabindranath/Documents/Backend/node-api-ts-express-opp/node_modules/source-map-support/source-map-support.js:568:25)
    at Module.m._compile (/tmp/ts-node-dev-hook-13003477746376668.js:69:33)
    at Module._extensions..js (node:internal/modules/cjs/loader:1159:10)
    at require.extensions..jsx.require.extensions..js (/tmp/ts-node-dev-hook-13003477746376668.js:114:20)
    at require.extensions.<computed> (/tmp/ts-node-dev-hook-13003477746376668.js:71:20)
    at Object.nodeDevHook [as .ts] (/home/rabindranath/Documents/Backend/node-api-ts-express-opp/node_modules/ts-node-dev/lib/hook.js:63:13)
    at Module.load (node:internal/modules/cjs/loader:981:32)
    at Function.Module._load (node:internal/modules/cjs/loader:822:12)
2022-10-29 15:54:22 error: uncaughtException: ⨯ Unable to compile TypeScript:
src/controllers/post.controller.ts(19,27): error TS7030: Not all code paths return a value.

Error: ⨯ Unable to compile TypeScript:
src/controllers/post.controller.ts(19,27): error TS7030: Not all code paths return a value.

    at Object.<anonymous> (/home/rabindranath/Documents/Backend/node-api-ts-express-opp/src/controllers/post.controller.ts:1:7)
    at Module._compile (node:internal/modules/cjs/loader:1105:14)
    at Module._compile (/home/rabindranath/Documents/Backend/node-api-ts-express-opp/node_modules/source-map-support/source-map-support.js:568:25)
    at Module.m._compile (/tmp/ts-node-dev-hook-13003477746376668.js:69:33)
    at Module._extensions..js (node:internal/modules/cjs/loader:1159:10)
    at require.extensions..jsx.require.extensions..js (/tmp/ts-node-dev-hook-13003477746376668.js:114:20)
    at require.extensions.<computed> (/tmp/ts-node-dev-hook-13003477746376668.js:71:20)
    at Object.nodeDevHook [as .ts] (/home/rabindranath/Documents/Backend/node-api-ts-express-opp/node_modules/ts-node-dev/lib/hook.js:63:13)
    at Module.load (node:internal/modules/cjs/loader:981:32)
    at Function.Module._load (node:internal/modules/cjs/loader:822:12)
2022-10-29 15:56:15 error: uncaughtException: ⨯ Unable to compile TypeScript:
src/controllers/post.controller.ts(22,27): error TS2693: 'number' only refers to a type, but is being used as a value here.

Error: ⨯ Unable to compile TypeScript:
src/controllers/post.controller.ts(22,27): error TS2693: 'number' only refers to a type, but is being used as a value here.

    at Object.<anonymous> (/home/rabindranath/Documents/Backend/node-api-ts-express-opp/src/controllers/post.controller.ts:1:7)
    at Module._compile (node:internal/modules/cjs/loader:1105:14)
    at Module._compile (/home/rabindranath/Documents/Backend/node-api-ts-express-opp/node_modules/source-map-support/source-map-support.js:568:25)
    at Module.m._compile (/tmp/ts-node-dev-hook-13003477746376668.js:69:33)
    at Module._extensions..js (node:internal/modules/cjs/loader:1159:10)
    at require.extensions..jsx.require.extensions..js (/tmp/ts-node-dev-hook-13003477746376668.js:114:20)
    at require.extensions.<computed> (/tmp/ts-node-dev-hook-13003477746376668.js:71:20)
    at Object.nodeDevHook [as .ts] (/home/rabindranath/Documents/Backend/node-api-ts-express-opp/node_modules/ts-node-dev/lib/hook.js:63:13)
    at Module.load (node:internal/modules/cjs/loader:981:32)
    at Function.Module._load (node:internal/modules/cjs/loader:822:12)
2022-10-29 15:56:57 error: uncaughtException: ⨯ Unable to compile TypeScript:
src/controllers/post.controller.ts(22,27): error TS2693: 'number' only refers to a type, but is being used as a value here.

Error: ⨯ Unable to compile TypeScript:
src/controllers/post.controller.ts(22,27): error TS2693: 'number' only refers to a type, but is being used as a value here.

    at Object.<anonymous> (/home/rabindranath/Documents/Backend/node-api-ts-express-opp/src/controllers/post.controller.ts:1:7)
    at Module._compile (node:internal/modules/cjs/loader:1105:14)
    at Module._compile (/home/rabindranath/Documents/Backend/node-api-ts-express-opp/node_modules/source-map-support/source-map-support.js:568:25)
    at Module.m._compile (/tmp/ts-node-dev-hook-13003477746376668.js:69:33)
    at Module._extensions..js (node:internal/modules/cjs/loader:1159:10)
    at require.extensions..jsx.require.extensions..js (/tmp/ts-node-dev-hook-13003477746376668.js:114:20)
    at require.extensions.<computed> (/tmp/ts-node-dev-hook-13003477746376668.js:71:20)
    at Object.nodeDevHook [as .ts] (/home/rabindranath/Documents/Backend/node-api-ts-express-opp/node_modules/ts-node-dev/lib/hook.js:63:13)
    at Module.load (node:internal/modules/cjs/loader:981:32)
    at Function.Module._load (node:internal/modules/cjs/loader:822:12)
2022-10-29 15:57:19 error: uncaughtException: ⨯ Unable to compile TypeScript:
src/controllers/post.controller.ts(20,27): error TS2304: Cannot find name 'eq'.
src/controllers/post.controller.ts(20,39): error TS1005: ')' expected.

Error: ⨯ Unable to compile TypeScript:
src/controllers/post.controller.ts(20,27): error TS2304: Cannot find name 'eq'.
src/controllers/post.controller.ts(20,39): error TS1005: ')' expected.

    at Object.<anonymous> (/home/rabindranath/Documents/Backend/node-api-ts-express-opp/src/controllers/post.controller.ts:1:7)
    at Module._compile (node:internal/modules/cjs/loader:1105:14)
    at Module._compile (/home/rabindranath/Documents/Backend/node-api-ts-express-opp/node_modules/source-map-support/source-map-support.js:568:25)
    at Module.m._compile (/tmp/ts-node-dev-hook-13003477746376668.js:69:33)
    at Module._extensions..js (node:internal/modules/cjs/loader:1159:10)
    at require.extensions..jsx.require.extensions..js (/tmp/ts-node-dev-hook-13003477746376668.js:114:20)
    at require.extensions.<computed> (/tmp/ts-node-dev-hook-13003477746376668.js:71:20)
    at Object.nodeDevHook [as .ts] (/home/rabindranath/Documents/Backend/node-api-ts-express-opp/node_modules/ts-node-dev/lib/hook.js:63:13)
    at Module.load (node:internal/modules/cjs/loader:981:32)
    at Function.Module._load (node:internal/modules/cjs/loader:822:12)
2022-10-29 16:06:12 error: uncaughtException: ⨯ Unable to compile TypeScript:
src/controllers/post.controller.ts(31,52): error TS2345: Argument of type 'NumberConstructor' is not assignable to parameter of type 'string'.

Error: ⨯ Unable to compile TypeScript:
src/controllers/post.controller.ts(31,52): error TS2345: Argument of type 'NumberConstructor' is not assignable to parameter of type 'string'.

    at Object.<anonymous> (/home/rabindranath/Documents/Backend/node-api-ts-express-opp/src/controllers/post.controller.ts:1:7)
    at Module._compile (node:internal/modules/cjs/loader:1105:14)
    at Module._compile (/home/rabindranath/Documents/Backend/node-api-ts-express-opp/node_modules/source-map-support/source-map-support.js:568:25)
    at Module.m._compile (/tmp/ts-node-dev-hook-8600052949048402.js:69:33)
    at Module._extensions..js (node:internal/modules/cjs/loader:1159:10)
    at require.extensions..jsx.require.extensions..js (/tmp/ts-node-dev-hook-8600052949048402.js:114:20)
    at require.extensions.<computed> (/tmp/ts-node-dev-hook-8600052949048402.js:71:20)
    at Object.nodeDevHook [as .ts] (/home/rabindranath/Documents/Backend/node-api-ts-express-opp/node_modules/ts-node-dev/lib/hook.js:63:13)
    at Module.load (node:internal/modules/cjs/loader:981:32)
    at Function.Module._load (node:internal/modules/cjs/loader:822:12)
2022-10-29 16:06:16 error: uncaughtException: ⨯ Unable to compile TypeScript:
src/controllers/post.controller.ts(31,52): error TS2345: Argument of type 'number' is not assignable to parameter of type 'string'.

Error: ⨯ Unable to compile TypeScript:
src/controllers/post.controller.ts(31,52): error TS2345: Argument of type 'number' is not assignable to parameter of type 'string'.

    at Object.<anonymous> (/home/rabindranath/Documents/Backend/node-api-ts-express-opp/src/controllers/post.controller.ts:1:7)
    at Module._compile (node:internal/modules/cjs/loader:1105:14)
    at Module._compile (/home/rabindranath/Documents/Backend/node-api-ts-express-opp/node_modules/source-map-support/source-map-support.js:568:25)
    at Module.m._compile (/tmp/ts-node-dev-hook-8600052949048402.js:69:33)
    at Module._extensions..js (node:internal/modules/cjs/loader:1159:10)
    at require.extensions..jsx.require.extensions..js (/tmp/ts-node-dev-hook-8600052949048402.js:114:20)
    at require.extensions.<computed> (/tmp/ts-node-dev-hook-8600052949048402.js:71:20)
    at Object.nodeDevHook [as .ts] (/home/rabindranath/Documents/Backend/node-api-ts-express-opp/node_modules/ts-node-dev/lib/hook.js:63:13)
    at Module.load (node:internal/modules/cjs/loader:981:32)
    at Function.Module._load (node:internal/modules/cjs/loader:822:12)
2022-10-29 16:06:24 error: uncaughtException: ⨯ Unable to compile TypeScript:
src/controllers/post.controller.ts(31,52): error TS2345: Argument of type 'number' is not assignable to parameter of type 'string'.

Error: ⨯ Unable to compile TypeScript:
src/controllers/post.controller.ts(31,52): error TS2345: Argument of type 'number' is not assignable to parameter of type 'string'.

    at Object.<anonymous> (/home/rabindranath/Documents/Backend/node-api-ts-express-opp/src/controllers/post.controller.ts:1:7)
    at Module._compile (node:internal/modules/cjs/loader:1105:14)
    at Module._compile (/home/rabindranath/Documents/Backend/node-api-ts-express-opp/node_modules/source-map-support/source-map-support.js:568:25)
    at Module.m._compile (/tmp/ts-node-dev-hook-8600052949048402.js:69:33)
    at Module._extensions..js (node:internal/modules/cjs/loader:1159:10)
    at require.extensions..jsx.require.extensions..js (/tmp/ts-node-dev-hook-8600052949048402.js:114:20)
    at require.extensions.<computed> (/tmp/ts-node-dev-hook-8600052949048402.js:71:20)
    at Object.nodeDevHook [as .ts] (/home/rabindranath/Documents/Backend/node-api-ts-express-opp/node_modules/ts-node-dev/lib/hook.js:63:13)
    at Module.load (node:internal/modules/cjs/loader:981:32)
    at Function.Module._load (node:internal/modules/cjs/loader:822:12)
2022-10-29 16:06:38 error: uncaughtException: ⨯ Unable to compile TypeScript:
src/controllers/post.controller.ts(31,52): error TS2345: Argument of type 'number' is not assignable to parameter of type 'string'.
src/controllers/post.controller.ts(21,36): error TS1109: Expression expected.

Error: ⨯ Unable to compile TypeScript:
src/controllers/post.controller.ts(31,52): error TS2345: Argument of type 'number' is not assignable to parameter of type 'string'.
src/controllers/post.controller.ts(21,36): error TS1109: Expression expected.

    at Object.<anonymous> (/home/rabindranath/Documents/Backend/node-api-ts-express-opp/src/controllers/post.controller.ts:1:7)
    at Module._compile (node:internal/modules/cjs/loader:1105:14)
    at Module._compile (/home/rabindranath/Documents/Backend/node-api-ts-express-opp/node_modules/source-map-support/source-map-support.js:568:25)
    at Module.m._compile (/tmp/ts-node-dev-hook-8600052949048402.js:69:33)
    at Module._extensions..js (node:internal/modules/cjs/loader:1159:10)
    at require.extensions..jsx.require.extensions..js (/tmp/ts-node-dev-hook-8600052949048402.js:114:20)
    at require.extensions.<computed> (/tmp/ts-node-dev-hook-8600052949048402.js:71:20)
    at Object.nodeDevHook [as .ts] (/home/rabindranath/Documents/Backend/node-api-ts-express-opp/node_modules/ts-node-dev/lib/hook.js:63:13)
    at Module.load (node:internal/modules/cjs/loader:981:32)
    at Function.Module._load (node:internal/modules/cjs/loader:822:12)
2022-10-29 16:06:42 error: uncaughtException: ⨯ Unable to compile TypeScript:
src/controllers/post.controller.ts(31,52): error TS2345: Argument of type 'number' is not assignable to parameter of type 'string'.

Error: ⨯ Unable to compile TypeScript:
src/controllers/post.controller.ts(31,52): error TS2345: Argument of type 'number' is not assignable to parameter of type 'string'.

    at Object.<anonymous> (/home/rabindranath/Documents/Backend/node-api-ts-express-opp/src/controllers/post.controller.ts:1:7)
    at Module._compile (node:internal/modules/cjs/loader:1105:14)
    at Module._compile (/home/rabindranath/Documents/Backend/node-api-ts-express-opp/node_modules/source-map-support/source-map-support.js:568:25)
    at Module.m._compile (/tmp/ts-node-dev-hook-8600052949048402.js:69:33)
    at Module._extensions..js (node:internal/modules/cjs/loader:1159:10)
    at require.extensions..jsx.require.extensions..js (/tmp/ts-node-dev-hook-8600052949048402.js:114:20)
    at require.extensions.<computed> (/tmp/ts-node-dev-hook-8600052949048402.js:71:20)
    at Object.nodeDevHook [as .ts] (/home/rabindranath/Documents/Backend/node-api-ts-express-opp/node_modules/ts-node-dev/lib/hook.js:63:13)
    at Module.load (node:internal/modules/cjs/loader:981:32)
    at Function.Module._load (node:internal/modules/cjs/loader:822:12)
2022-10-29 16:06:47 error: uncaughtException: ⨯ Unable to compile TypeScript:
src/controllers/post.controller.ts(31,52): error TS2345: Argument of type 'number' is not assignable to parameter of type 'string'.
src/controllers/post.controller.ts(29,36): error TS1109: Expression expected.

Error: ⨯ Unable to compile TypeScript:
src/controllers/post.controller.ts(31,52): error TS2345: Argument of type 'number' is not assignable to parameter of type 'string'.
src/controllers/post.controller.ts(29,36): error TS1109: Expression expected.

    at Object.<anonymous> (/home/rabindranath/Documents/Backend/node-api-ts-express-opp/src/controllers/post.controller.ts:1:7)
    at Module._compile (node:internal/modules/cjs/loader:1105:14)
    at Module._compile (/home/rabindranath/Documents/Backend/node-api-ts-express-opp/node_modules/source-map-support/source-map-support.js:568:25)
    at Module.m._compile (/tmp/ts-node-dev-hook-8600052949048402.js:69:33)
    at Module._extensions..js (node:internal/modules/cjs/loader:1159:10)
    at require.extensions..jsx.require.extensions..js (/tmp/ts-node-dev-hook-8600052949048402.js:114:20)
    at require.extensions.<computed> (/tmp/ts-node-dev-hook-8600052949048402.js:71:20)
    at Object.nodeDevHook [as .ts] (/home/rabindranath/Documents/Backend/node-api-ts-express-opp/node_modules/ts-node-dev/lib/hook.js:63:13)
    at Module.load (node:internal/modules/cjs/loader:981:32)
    at Function.Module._load (node:internal/modules/cjs/loader:822:12)
2022-10-29 16:06:51 error: uncaughtException: ⨯ Unable to compile TypeScript:
src/controllers/post.controller.ts(29,20): error TS2367: This condition will always return 'false' since the types '"string" | "number" | "bigint" | "boolean" | "symbol" | "undefined" | "object" | "function"' and '"Number"' have no overlap.
src/controllers/post.controller.ts(31,52): error TS2345: Argument of type 'number' is not assignable to parameter of type 'string'.

Error: ⨯ Unable to compile TypeScript:
src/controllers/post.controller.ts(29,20): error TS2367: This condition will always return 'false' since the types '"string" | "number" | "bigint" | "boolean" | "symbol" | "undefined" | "object" | "function"' and '"Number"' have no overlap.
src/controllers/post.controller.ts(31,52): error TS2345: Argument of type 'number' is not assignable to parameter of type 'string'.

    at Object.<anonymous> (/home/rabindranath/Documents/Backend/node-api-ts-express-opp/src/controllers/post.controller.ts:1:7)
    at Module._compile (node:internal/modules/cjs/loader:1105:14)
    at Module._compile (/home/rabindranath/Documents/Backend/node-api-ts-express-opp/node_modules/source-map-support/source-map-support.js:568:25)
    at Module.m._compile (/tmp/ts-node-dev-hook-8600052949048402.js:69:33)
    at Module._extensions..js (node:internal/modules/cjs/loader:1159:10)
    at require.extensions..jsx.require.extensions..js (/tmp/ts-node-dev-hook-8600052949048402.js:114:20)
    at require.extensions.<computed> (/tmp/ts-node-dev-hook-8600052949048402.js:71:20)
    at Object.nodeDevHook [as .ts] (/home/rabindranath/Documents/Backend/node-api-ts-express-opp/node_modules/ts-node-dev/lib/hook.js:63:13)
    at Module.load (node:internal/modules/cjs/loader:981:32)
    at Function.Module._load (node:internal/modules/cjs/loader:822:12)
2022-10-29 16:06:55 error: uncaughtException: ⨯ Unable to compile TypeScript:
src/controllers/post.controller.ts(30,20): error TS2367: This condition will always return 'false' since the types '"string" | "number" | "bigint" | "boolean" | "symbol" | "undefined" | "object" | "function"' and '"Number"' have no overlap.
src/controllers/post.controller.ts(32,52): error TS2345: Argument of type 'number' is not assignable to parameter of type 'string'.

Error: ⨯ Unable to compile TypeScript:
src/controllers/post.controller.ts(30,20): error TS2367: This condition will always return 'false' since the types '"string" | "number" | "bigint" | "boolean" | "symbol" | "undefined" | "object" | "function"' and '"Number"' have no overlap.
src/controllers/post.controller.ts(32,52): error TS2345: Argument of type 'number' is not assignable to parameter of type 'string'.

    at Object.<anonymous> (/home/rabindranath/Documents/Backend/node-api-ts-express-opp/src/controllers/post.controller.ts:1:7)
    at Module._compile (node:internal/modules/cjs/loader:1105:14)
    at Module._compile (/home/rabindranath/Documents/Backend/node-api-ts-express-opp/node_modules/source-map-support/source-map-support.js:568:25)
    at Module.m._compile (/tmp/ts-node-dev-hook-8600052949048402.js:69:33)
    at Module._extensions..js (node:internal/modules/cjs/loader:1159:10)
    at require.extensions..jsx.require.extensions..js (/tmp/ts-node-dev-hook-8600052949048402.js:114:20)
    at require.extensions.<computed> (/tmp/ts-node-dev-hook-8600052949048402.js:71:20)
    at Object.nodeDevHook [as .ts] (/home/rabindranath/Documents/Backend/node-api-ts-express-opp/node_modules/ts-node-dev/lib/hook.js:63:13)
    at Module.load (node:internal/modules/cjs/loader:981:32)
    at Function.Module._load (node:internal/modules/cjs/loader:822:12)
2022-10-29 16:07:00 error: uncaughtException: ⨯ Unable to compile TypeScript:
src/controllers/post.controller.ts(30,20): error TS2367: This condition will always return 'false' since the types '"string" | "number" | "bigint" | "boolean" | "symbol" | "undefined" | "object" | "function"' and '"Number"' have no overlap.
src/controllers/post.controller.ts(32,52): error TS2345: Argument of type 'number' is not assignable to parameter of type 'string'.

Error: ⨯ Unable to compile TypeScript:
src/controllers/post.controller.ts(30,20): error TS2367: This condition will always return 'false' since the types '"string" | "number" | "bigint" | "boolean" | "symbol" | "undefined" | "object" | "function"' and '"Number"' have no overlap.
src/controllers/post.controller.ts(32,52): error TS2345: Argument of type 'number' is not assignable to parameter of type 'string'.

    at Object.<anonymous> (/home/rabindranath/Documents/Backend/node-api-ts-express-opp/src/controllers/post.controller.ts:1:7)
    at Module._compile (node:internal/modules/cjs/loader:1105:14)
    at Module._compile (/home/rabindranath/Documents/Backend/node-api-ts-express-opp/node_modules/source-map-support/source-map-support.js:568:25)
    at Module.m._compile (/tmp/ts-node-dev-hook-8600052949048402.js:69:33)
    at Module._extensions..js (node:internal/modules/cjs/loader:1159:10)
    at require.extensions..jsx.require.extensions..js (/tmp/ts-node-dev-hook-8600052949048402.js:114:20)
    at require.extensions.<computed> (/tmp/ts-node-dev-hook-8600052949048402.js:71:20)
    at Object.nodeDevHook [as .ts] (/home/rabindranath/Documents/Backend/node-api-ts-express-opp/node_modules/ts-node-dev/lib/hook.js:63:13)
    at Module.load (node:internal/modules/cjs/loader:981:32)
    at Function.Module._load (node:internal/modules/cjs/loader:822:12)
2022-10-29 16:07:04 error: uncaughtException: ⨯ Unable to compile TypeScript:
src/controllers/post.controller.ts(32,52): error TS2345: Argument of type 'number' is not assignable to parameter of type 'string'.

Error: ⨯ Unable to compile TypeScript:
src/controllers/post.controller.ts(32,52): error TS2345: Argument of type 'number' is not assignable to parameter of type 'string'.

    at Object.<anonymous> (/home/rabindranath/Documents/Backend/node-api-ts-express-opp/src/controllers/post.controller.ts:1:7)
    at Module._compile (node:internal/modules/cjs/loader:1105:14)
    at Module._compile (/home/rabindranath/Documents/Backend/node-api-ts-express-opp/node_modules/source-map-support/source-map-support.js:568:25)
    at Module.m._compile (/tmp/ts-node-dev-hook-8600052949048402.js:69:33)
    at Module._extensions..js (node:internal/modules/cjs/loader:1159:10)
    at require.extensions..jsx.require.extensions..js (/tmp/ts-node-dev-hook-8600052949048402.js:114:20)
    at require.extensions.<computed> (/tmp/ts-node-dev-hook-8600052949048402.js:71:20)
    at Object.nodeDevHook [as .ts] (/home/rabindranath/Documents/Backend/node-api-ts-express-opp/node_modules/ts-node-dev/lib/hook.js:63:13)
    at Module.load (node:internal/modules/cjs/loader:981:32)
    at Function.Module._load (node:internal/modules/cjs/loader:822:12)
2022-10-29 16:08:36 error: uncaughtException: ⨯ Unable to compile TypeScript:
src/controllers/post.controller.ts(30,20): error TS2367: This condition will always return 'false' since the types '"string" | "number" | "bigint" | "boolean" | "symbol" | "undefined" | "object" | "function"' and '""' have no overlap.

Error: ⨯ Unable to compile TypeScript:
src/controllers/post.controller.ts(30,20): error TS2367: This condition will always return 'false' since the types '"string" | "number" | "bigint" | "boolean" | "symbol" | "undefined" | "object" | "function"' and '""' have no overlap.

    at Object.<anonymous> (/home/rabindranath/Documents/Backend/node-api-ts-express-opp/src/controllers/post.controller.ts:1:7)
    at Module._compile (node:internal/modules/cjs/loader:1105:14)
    at Module._compile (/home/rabindranath/Documents/Backend/node-api-ts-express-opp/node_modules/source-map-support/source-map-support.js:568:25)
    at Module.m._compile (/tmp/ts-node-dev-hook-10676398460966796.js:69:33)
    at Module._extensions..js (node:internal/modules/cjs/loader:1159:10)
    at require.extensions..jsx.require.extensions..js (/tmp/ts-node-dev-hook-10676398460966796.js:114:20)
    at require.extensions.<computed> (/tmp/ts-node-dev-hook-10676398460966796.js:71:20)
    at Object.nodeDevHook [as .ts] (/home/rabindranath/Documents/Backend/node-api-ts-express-opp/node_modules/ts-node-dev/lib/hook.js:63:13)
    at Module.load (node:internal/modules/cjs/loader:981:32)
    at Function.Module._load (node:internal/modules/cjs/loader:822:12)
2022-10-29 16:12:27 error: uncaughtException: ⨯ Unable to compile TypeScript:
src/controllers/post.controller.ts(28,10): error TS1123: Variable declaration list cannot be empty.

Error: ⨯ Unable to compile TypeScript:
src/controllers/post.controller.ts(28,10): error TS1123: Variable declaration list cannot be empty.

    at Object.<anonymous> (/home/rabindranath/Documents/Backend/node-api-ts-express-opp/src/controllers/post.controller.ts:1:7)
    at Module._compile (node:internal/modules/cjs/loader:1105:14)
    at Module._compile (/home/rabindranath/Documents/Backend/node-api-ts-express-opp/node_modules/source-map-support/source-map-support.js:568:25)
    at Module.m._compile (/tmp/ts-node-dev-hook-10676398460966796.js:69:33)
    at Module._extensions..js (node:internal/modules/cjs/loader:1159:10)
    at require.extensions..jsx.require.extensions..js (/tmp/ts-node-dev-hook-10676398460966796.js:114:20)
    at require.extensions.<computed> (/tmp/ts-node-dev-hook-10676398460966796.js:71:20)
    at Object.nodeDevHook [as .ts] (/home/rabindranath/Documents/Backend/node-api-ts-express-opp/node_modules/ts-node-dev/lib/hook.js:63:13)
    at Module.load (node:internal/modules/cjs/loader:981:32)
    at Function.Module._load (node:internal/modules/cjs/loader:822:12)
2022-10-29 16:12:40 error: uncaughtException: ⨯ Unable to compile TypeScript:
src/controllers/post.controller.ts(28,11): error TS6133: 'checkId' is declared but its value is never read.

Error: ⨯ Unable to compile TypeScript:
src/controllers/post.controller.ts(28,11): error TS6133: 'checkId' is declared but its value is never read.

    at Object.<anonymous> (/home/rabindranath/Documents/Backend/node-api-ts-express-opp/src/controllers/post.controller.ts:1:7)
    at Module._compile (node:internal/modules/cjs/loader:1105:14)
    at Module._compile (/home/rabindranath/Documents/Backend/node-api-ts-express-opp/node_modules/source-map-support/source-map-support.js:568:25)
    at Module.m._compile (/tmp/ts-node-dev-hook-10676398460966796.js:69:33)
    at Module._extensions..js (node:internal/modules/cjs/loader:1159:10)
    at require.extensions..jsx.require.extensions..js (/tmp/ts-node-dev-hook-10676398460966796.js:114:20)
    at require.extensions.<computed> (/tmp/ts-node-dev-hook-10676398460966796.js:71:20)
    at Object.nodeDevHook [as .ts] (/home/rabindranath/Documents/Backend/node-api-ts-express-opp/node_modules/ts-node-dev/lib/hook.js:63:13)
    at Module.load (node:internal/modules/cjs/loader:981:32)
    at Function.Module._load (node:internal/modules/cjs/loader:822:12)
2022-10-29 16:12:45 error: uncaughtException: ⨯ Unable to compile TypeScript:
src/controllers/post.controller.ts(28,35): error TS1003: Identifier expected.

Error: ⨯ Unable to compile TypeScript:
src/controllers/post.controller.ts(28,35): error TS1003: Identifier expected.

    at Object.<anonymous> (/home/rabindranath/Documents/Backend/node-api-ts-express-opp/src/controllers/post.controller.ts:1:7)
    at Module._compile (node:internal/modules/cjs/loader:1105:14)
    at Module._compile (/home/rabindranath/Documents/Backend/node-api-ts-express-opp/node_modules/source-map-support/source-map-support.js:568:25)
    at Module.m._compile (/tmp/ts-node-dev-hook-10676398460966796.js:69:33)
    at Module._extensions..js (node:internal/modules/cjs/loader:1159:10)
    at require.extensions..jsx.require.extensions..js (/tmp/ts-node-dev-hook-10676398460966796.js:114:20)
    at require.extensions.<computed> (/tmp/ts-node-dev-hook-10676398460966796.js:71:20)
    at Object.nodeDevHook [as .ts] (/home/rabindranath/Documents/Backend/node-api-ts-express-opp/node_modules/ts-node-dev/lib/hook.js:63:13)
    at Module.load (node:internal/modules/cjs/loader:981:32)
    at Function.Module._load (node:internal/modules/cjs/loader:822:12)
2022-10-29 16:12:49 error: uncaughtException: ⨯ Unable to compile TypeScript:
src/controllers/post.controller.ts(28,11): error TS6133: 'checkId' is declared but its value is never read.
src/controllers/post.controller.ts(28,35): error TS2339: Property 'test' does not exist on type 'string'.

Error: ⨯ Unable to compile TypeScript:
src/controllers/post.controller.ts(28,11): error TS6133: 'checkId' is declared but its value is never read.
src/controllers/post.controller.ts(28,35): error TS2339: Property 'test' does not exist on type 'string'.

    at Object.<anonymous> (/home/rabindranath/Documents/Backend/node-api-ts-express-opp/src/controllers/post.controller.ts:1:7)
    at Module._compile (node:internal/modules/cjs/loader:1105:14)
    at Module._compile (/home/rabindranath/Documents/Backend/node-api-ts-express-opp/node_modules/source-map-support/source-map-support.js:568:25)
    at Module.m._compile (/tmp/ts-node-dev-hook-10676398460966796.js:69:33)
    at Module._extensions..js (node:internal/modules/cjs/loader:1159:10)
    at require.extensions..jsx.require.extensions..js (/tmp/ts-node-dev-hook-10676398460966796.js:114:20)
    at require.extensions.<computed> (/tmp/ts-node-dev-hook-10676398460966796.js:71:20)
    at Object.nodeDevHook [as .ts] (/home/rabindranath/Documents/Backend/node-api-ts-express-opp/node_modules/ts-node-dev/lib/hook.js:63:13)
    at Module.load (node:internal/modules/cjs/loader:981:32)
    at Function.Module._load (node:internal/modules/cjs/loader:822:12)
2022-10-29 16:13:41 error: uncaughtException: ⨯ Unable to compile TypeScript:
src/controllers/post.controller.ts(29,5): error TS1109: Expression expected.

Error: ⨯ Unable to compile TypeScript:
src/controllers/post.controller.ts(29,5): error TS1109: Expression expected.

    at Object.<anonymous> (/home/rabindranath/Documents/Backend/node-api-ts-express-opp/src/controllers/post.controller.ts:1:7)
    at Module._compile (node:internal/modules/cjs/loader:1105:14)
    at Module._compile (/home/rabindranath/Documents/Backend/node-api-ts-express-opp/node_modules/source-map-support/source-map-support.js:568:25)
    at Module.m._compile (/tmp/ts-node-dev-hook-10676398460966796.js:69:33)
    at Module._extensions..js (node:internal/modules/cjs/loader:1159:10)
    at require.extensions..jsx.require.extensions..js (/tmp/ts-node-dev-hook-10676398460966796.js:114:20)
    at require.extensions.<computed> (/tmp/ts-node-dev-hook-10676398460966796.js:71:20)
    at Object.nodeDevHook [as .ts] (/home/rabindranath/Documents/Backend/node-api-ts-express-opp/node_modules/ts-node-dev/lib/hook.js:63:13)
    at Module.load (node:internal/modules/cjs/loader:981:32)
    at Function.Module._load (node:internal/modules/cjs/loader:822:12)
2022-10-29 16:13:46 error: uncaughtException: ⨯ Unable to compile TypeScript:
src/controllers/post.controller.ts(28,11): error TS6133: 'checkId' is declared but its value is never read.

Error: ⨯ Unable to compile TypeScript:
src/controllers/post.controller.ts(28,11): error TS6133: 'checkId' is declared but its value is never read.

    at Object.<anonymous> (/home/rabindranath/Documents/Backend/node-api-ts-express-opp/src/controllers/post.controller.ts:1:7)
    at Module._compile (node:internal/modules/cjs/loader:1105:14)
    at Module._compile (/home/rabindranath/Documents/Backend/node-api-ts-express-opp/node_modules/source-map-support/source-map-support.js:568:25)
    at Module.m._compile (/tmp/ts-node-dev-hook-10676398460966796.js:69:33)
    at Module._extensions..js (node:internal/modules/cjs/loader:1159:10)
    at require.extensions..jsx.require.extensions..js (/tmp/ts-node-dev-hook-10676398460966796.js:114:20)
    at require.extensions.<computed> (/tmp/ts-node-dev-hook-10676398460966796.js:71:20)
    at Object.nodeDevHook [as .ts] (/home/rabindranath/Documents/Backend/node-api-ts-express-opp/node_modules/ts-node-dev/lib/hook.js:63:13)
    at Module.load (node:internal/modules/cjs/loader:981:32)
    at Function.Module._load (node:internal/modules/cjs/loader:822:12)
2022-10-29 16:13:52 error: uncaughtException: ⨯ Unable to compile TypeScript:
src/controllers/post.controller.ts(28,11): error TS6133: 'checkId' is declared but its value is never read.

Error: ⨯ Unable to compile TypeScript:
src/controllers/post.controller.ts(28,11): error TS6133: 'checkId' is declared but its value is never read.

    at Object.<anonymous> (/home/rabindranath/Documents/Backend/node-api-ts-express-opp/src/controllers/post.controller.ts:1:7)
    at Module._compile (node:internal/modules/cjs/loader:1105:14)
    at Module._compile (/home/rabindranath/Documents/Backend/node-api-ts-express-opp/node_modules/source-map-support/source-map-support.js:568:25)
    at Module.m._compile (/tmp/ts-node-dev-hook-10676398460966796.js:69:33)
    at Module._extensions..js (node:internal/modules/cjs/loader:1159:10)
    at require.extensions..jsx.require.extensions..js (/tmp/ts-node-dev-hook-10676398460966796.js:114:20)
    at require.extensions.<computed> (/tmp/ts-node-dev-hook-10676398460966796.js:71:20)
    at Object.nodeDevHook [as .ts] (/home/rabindranath/Documents/Backend/node-api-ts-express-opp/node_modules/ts-node-dev/lib/hook.js:63:13)
    at Module.load (node:internal/modules/cjs/loader:981:32)
    at Function.Module._load (node:internal/modules/cjs/loader:822:12)
2022-10-29 16:13:56 error: uncaughtException: ⨯ Unable to compile TypeScript:
src/controllers/post.controller.ts(28,11): error TS6133: 'checkId' is declared but its value is never read.

Error: ⨯ Unable to compile TypeScript:
src/controllers/post.controller.ts(28,11): error TS6133: 'checkId' is declared but its value is never read.

    at Object.<anonymous> (/home/rabindranath/Documents/Backend/node-api-ts-express-opp/src/controllers/post.controller.ts:1:7)
    at Module._compile (node:internal/modules/cjs/loader:1105:14)
    at Module._compile (/home/rabindranath/Documents/Backend/node-api-ts-express-opp/node_modules/source-map-support/source-map-support.js:568:25)
    at Module.m._compile (/tmp/ts-node-dev-hook-10676398460966796.js:69:33)
    at Module._extensions..js (node:internal/modules/cjs/loader:1159:10)
    at require.extensions..jsx.require.extensions..js (/tmp/ts-node-dev-hook-10676398460966796.js:114:20)
    at require.extensions.<computed> (/tmp/ts-node-dev-hook-10676398460966796.js:71:20)
    at Object.nodeDevHook [as .ts] (/home/rabindranath/Documents/Backend/node-api-ts-express-opp/node_modules/ts-node-dev/lib/hook.js:63:13)
    at Module.load (node:internal/modules/cjs/loader:981:32)
    at Function.Module._load (node:internal/modules/cjs/loader:822:12)
2022-10-29 16:14:01 error: uncaughtException: ⨯ Unable to compile TypeScript:
src/controllers/post.controller.ts(28,11): error TS6133: 'checkId' is declared but its value is never read.

Error: ⨯ Unable to compile TypeScript:
src/controllers/post.controller.ts(28,11): error TS6133: 'checkId' is declared but its value is never read.

    at Object.<anonymous> (/home/rabindranath/Documents/Backend/node-api-ts-express-opp/src/controllers/post.controller.ts:1:7)
    at Module._compile (node:internal/modules/cjs/loader:1105:14)
    at Module._compile (/home/rabindranath/Documents/Backend/node-api-ts-express-opp/node_modules/source-map-support/source-map-support.js:568:25)
    at Module.m._compile (/tmp/ts-node-dev-hook-10676398460966796.js:69:33)
    at Module._extensions..js (node:internal/modules/cjs/loader:1159:10)
    at require.extensions..jsx.require.extensions..js (/tmp/ts-node-dev-hook-10676398460966796.js:114:20)
    at require.extensions.<computed> (/tmp/ts-node-dev-hook-10676398460966796.js:71:20)
    at Object.nodeDevHook [as .ts] (/home/rabindranath/Documents/Backend/node-api-ts-express-opp/node_modules/ts-node-dev/lib/hook.js:63:13)
    at Module.load (node:internal/modules/cjs/loader:981:32)
    at Function.Module._load (node:internal/modules/cjs/loader:822:12)
2022-10-29 16:14:06 error: uncaughtException: ⨯ Unable to compile TypeScript:
src/controllers/post.controller.ts(28,11): error TS6133: 'checkId' is declared but its value is never read.
src/controllers/post.controller.ts(28,34): error TS2339: Property 'test' does not exist on type '"/[a-z]*/gm"'.

Error: ⨯ Unable to compile TypeScript:
src/controllers/post.controller.ts(28,11): error TS6133: 'checkId' is declared but its value is never read.
src/controllers/post.controller.ts(28,34): error TS2339: Property 'test' does not exist on type '"/[a-z]*/gm"'.

    at Object.<anonymous> (/home/rabindranath/Documents/Backend/node-api-ts-express-opp/src/controllers/post.controller.ts:1:7)
    at Module._compile (node:internal/modules/cjs/loader:1105:14)
    at Module._compile (/home/rabindranath/Documents/Backend/node-api-ts-express-opp/node_modules/source-map-support/source-map-support.js:568:25)
    at Module.m._compile (/tmp/ts-node-dev-hook-10676398460966796.js:69:33)
    at Module._extensions..js (node:internal/modules/cjs/loader:1159:10)
    at require.extensions..jsx.require.extensions..js (/tmp/ts-node-dev-hook-10676398460966796.js:114:20)
    at require.extensions.<computed> (/tmp/ts-node-dev-hook-10676398460966796.js:71:20)
    at Object.nodeDevHook [as .ts] (/home/rabindranath/Documents/Backend/node-api-ts-express-opp/node_modules/ts-node-dev/lib/hook.js:63:13)
    at Module.load (node:internal/modules/cjs/loader:981:32)
    at Function.Module._load (node:internal/modules/cjs/loader:822:12)
2022-10-29 16:14:12 error: uncaughtException: ⨯ Unable to compile TypeScript:
src/controllers/post.controller.ts(28,11): error TS6133: 'checkId' is declared but its value is never read.
src/controllers/post.controller.ts(28,34): error TS2339: Property 'test' does not exist on type '"/[a-z]*/gm"'.

Error: ⨯ Unable to compile TypeScript:
src/controllers/post.controller.ts(28,11): error TS6133: 'checkId' is declared but its value is never read.
src/controllers/post.controller.ts(28,34): error TS2339: Property 'test' does not exist on type '"/[a-z]*/gm"'.

    at Object.<anonymous> (/home/rabindranath/Documents/Backend/node-api-ts-express-opp/src/controllers/post.controller.ts:1:7)
    at Module._compile (node:internal/modules/cjs/loader:1105:14)
    at Module._compile (/home/rabindranath/Documents/Backend/node-api-ts-express-opp/node_modules/source-map-support/source-map-support.js:568:25)
    at Module.m._compile (/tmp/ts-node-dev-hook-10676398460966796.js:69:33)
    at Module._extensions..js (node:internal/modules/cjs/loader:1159:10)
    at require.extensions..jsx.require.extensions..js (/tmp/ts-node-dev-hook-10676398460966796.js:114:20)
    at require.extensions.<computed> (/tmp/ts-node-dev-hook-10676398460966796.js:71:20)
    at Object.nodeDevHook [as .ts] (/home/rabindranath/Documents/Backend/node-api-ts-express-opp/node_modules/ts-node-dev/lib/hook.js:63:13)
    at Module.load (node:internal/modules/cjs/loader:981:32)
    at Function.Module._load (node:internal/modules/cjs/loader:822:12)
2022-10-29 16:14:30 error: uncaughtException: ⨯ Unable to compile TypeScript:
src/controllers/post.controller.ts(28,52): error TS1002: Unterminated string literal.
src/controllers/post.controller.ts(28,31): error TS1005: ',' expected.

Error: ⨯ Unable to compile TypeScript:
src/controllers/post.controller.ts(28,52): error TS1002: Unterminated string literal.
src/controllers/post.controller.ts(28,31): error TS1005: ',' expected.

    at Object.<anonymous> (/home/rabindranath/Documents/Backend/node-api-ts-express-opp/src/controllers/post.controller.ts:1:7)
    at Module._compile (node:internal/modules/cjs/loader:1105:14)
    at Module._compile (/home/rabindranath/Documents/Backend/node-api-ts-express-opp/node_modules/source-map-support/source-map-support.js:568:25)
    at Module.m._compile (/tmp/ts-node-dev-hook-10676398460966796.js:69:33)
    at Module._extensions..js (node:internal/modules/cjs/loader:1159:10)
    at require.extensions..jsx.require.extensions..js (/tmp/ts-node-dev-hook-10676398460966796.js:114:20)
    at require.extensions.<computed> (/tmp/ts-node-dev-hook-10676398460966796.js:71:20)
    at Object.nodeDevHook [as .ts] (/home/rabindranath/Documents/Backend/node-api-ts-express-opp/node_modules/ts-node-dev/lib/hook.js:63:13)
    at Module.load (node:internal/modules/cjs/loader:981:32)
    at Function.Module._load (node:internal/modules/cjs/loader:822:12)
2022-10-29 16:14:36 error: uncaughtException: ⨯ Unable to compile TypeScript:
src/controllers/post.controller.ts(28,11): error TS6133: 'checkId' is declared but its value is never read.

Error: ⨯ Unable to compile TypeScript:
src/controllers/post.controller.ts(28,11): error TS6133: 'checkId' is declared but its value is never read.

    at Object.<anonymous> (/home/rabindranath/Documents/Backend/node-api-ts-express-opp/src/controllers/post.controller.ts:1:7)
    at Module._compile (node:internal/modules/cjs/loader:1105:14)
    at Module._compile (/home/rabindranath/Documents/Backend/node-api-ts-express-opp/node_modules/source-map-support/source-map-support.js:568:25)
    at Module.m._compile (/tmp/ts-node-dev-hook-10676398460966796.js:69:33)
    at Module._extensions..js (node:internal/modules/cjs/loader:1159:10)
    at require.extensions..jsx.require.extensions..js (/tmp/ts-node-dev-hook-10676398460966796.js:114:20)
    at require.extensions.<computed> (/tmp/ts-node-dev-hook-10676398460966796.js:71:20)
    at Object.nodeDevHook [as .ts] (/home/rabindranath/Documents/Backend/node-api-ts-express-opp/node_modules/ts-node-dev/lib/hook.js:63:13)
    at Module.load (node:internal/modules/cjs/loader:981:32)
    at Function.Module._load (node:internal/modules/cjs/loader:822:12)
2022-10-29 16:17:14 error: uncaughtException: ⨯ Unable to compile TypeScript:
src/controllers/post.controller.ts(28,30): error TS2339: Property 'match' does not exist on type 'RegExp'.

Error: ⨯ Unable to compile TypeScript:
src/controllers/post.controller.ts(28,30): error TS2339: Property 'match' does not exist on type 'RegExp'.

    at Object.<anonymous> (/home/rabindranath/Documents/Backend/node-api-ts-express-opp/src/controllers/post.controller.ts:1:7)
    at Module._compile (node:internal/modules/cjs/loader:1105:14)
    at Module._compile (/home/rabindranath/Documents/Backend/node-api-ts-express-opp/node_modules/source-map-support/source-map-support.js:568:25)
    at Module.m._compile (/tmp/ts-node-dev-hook-10676398460966796.js:69:33)
    at Module._extensions..js (node:internal/modules/cjs/loader:1159:10)
    at require.extensions..jsx.require.extensions..js (/tmp/ts-node-dev-hook-10676398460966796.js:114:20)
    at require.extensions.<computed> (/tmp/ts-node-dev-hook-10676398460966796.js:71:20)
    at Object.nodeDevHook [as .ts] (/home/rabindranath/Documents/Backend/node-api-ts-express-opp/node_modules/ts-node-dev/lib/hook.js:63:13)
    at Module.load (node:internal/modules/cjs/loader:981:32)
    at Function.Module._load (node:internal/modules/cjs/loader:822:12)
2022-10-29 16:17:19 error: uncaughtException: ⨯ Unable to compile TypeScript:
src/controllers/post.controller.ts(28,21): error TS1109: Expression expected.

Error: ⨯ Unable to compile TypeScript:
src/controllers/post.controller.ts(28,21): error TS1109: Expression expected.

    at Object.<anonymous> (/home/rabindranath/Documents/Backend/node-api-ts-express-opp/src/controllers/post.controller.ts:1:7)
    at Module._compile (node:internal/modules/cjs/loader:1105:14)
    at Module._compile (/home/rabindranath/Documents/Backend/node-api-ts-express-opp/node_modules/source-map-support/source-map-support.js:568:25)
    at Module.m._compile (/tmp/ts-node-dev-hook-10676398460966796.js:69:33)
    at Module._extensions..js (node:internal/modules/cjs/loader:1159:10)
    at require.extensions..jsx.require.extensions..js (/tmp/ts-node-dev-hook-10676398460966796.js:114:20)
    at require.extensions.<computed> (/tmp/ts-node-dev-hook-10676398460966796.js:71:20)
    at Object.nodeDevHook [as .ts] (/home/rabindranath/Documents/Backend/node-api-ts-express-opp/node_modules/ts-node-dev/lib/hook.js:63:13)
    at Module.load (node:internal/modules/cjs/loader:981:32)
    at Function.Module._load (node:internal/modules/cjs/loader:822:12)
2022-10-29 16:22:29 error: uncaughtException: ⨯ Unable to compile TypeScript:
src/controllers/post.controller.ts(28,36): error TS2552: Cannot find name 'Numberreq'. Did you mean 'Number'?

Error: ⨯ Unable to compile TypeScript:
src/controllers/post.controller.ts(28,36): error TS2552: Cannot find name 'Numberreq'. Did you mean 'Number'?

    at Object.<anonymous> (/home/rabindranath/Documents/Backend/node-api-ts-express-opp/src/controllers/post.controller.ts:1:7)
    at Module._compile (node:internal/modules/cjs/loader:1105:14)
    at Module._compile (/home/rabindranath/Documents/Backend/node-api-ts-express-opp/node_modules/source-map-support/source-map-support.js:568:25)
    at Module.m._compile (/tmp/ts-node-dev-hook-9667228140565758.js:69:33)
    at Module._extensions..js (node:internal/modules/cjs/loader:1159:10)
    at require.extensions..jsx.require.extensions..js (/tmp/ts-node-dev-hook-9667228140565758.js:114:20)
    at require.extensions.<computed> (/tmp/ts-node-dev-hook-9667228140565758.js:71:20)
    at Object.nodeDevHook [as .ts] (/home/rabindranath/Documents/Backend/node-api-ts-express-opp/node_modules/ts-node-dev/lib/hook.js:63:13)
    at Module.load (node:internal/modules/cjs/loader:981:32)
    at Function.Module._load (node:internal/modules/cjs/loader:822:12)
2022-10-29 16:24:03 error: uncaughtException: ⨯ Unable to compile TypeScript:
src/controllers/post.controller.ts(30,17): error TS1005: ')' expected.
src/controllers/post.controller.ts(30,18): error TS1005: ';' expected.

Error: ⨯ Unable to compile TypeScript:
src/controllers/post.controller.ts(30,17): error TS1005: ')' expected.
src/controllers/post.controller.ts(30,18): error TS1005: ';' expected.

    at Object.<anonymous> (/home/rabindranath/Documents/Backend/node-api-ts-express-opp/src/controllers/post.controller.ts:1:7)
    at Module._compile (node:internal/modules/cjs/loader:1105:14)
    at Module._compile (/home/rabindranath/Documents/Backend/node-api-ts-express-opp/node_modules/source-map-support/source-map-support.js:568:25)
    at Module.m._compile (/tmp/ts-node-dev-hook-9667228140565758.js:69:33)
    at Module._extensions..js (node:internal/modules/cjs/loader:1159:10)
    at require.extensions..jsx.require.extensions..js (/tmp/ts-node-dev-hook-9667228140565758.js:114:20)
    at require.extensions.<computed> (/tmp/ts-node-dev-hook-9667228140565758.js:71:20)
    at Object.nodeDevHook [as .ts] (/home/rabindranath/Documents/Backend/node-api-ts-express-opp/node_modules/ts-node-dev/lib/hook.js:63:13)
    at Module.load (node:internal/modules/cjs/loader:981:32)
    at Function.Module._load (node:internal/modules/cjs/loader:822:12)
2022-10-29 16:25:56 error: uncaughtException: ⨯ Unable to compile TypeScript:
src/controllers/post.controller.ts(28,33): error TS1005: ',' expected.

Error: ⨯ Unable to compile TypeScript:
src/controllers/post.controller.ts(28,33): error TS1005: ',' expected.

    at Object.<anonymous> (/home/rabindranath/Documents/Backend/node-api-ts-express-opp/src/controllers/post.controller.ts:1:7)
    at Module._compile (node:internal/modules/cjs/loader:1105:14)
    at Module._compile (/home/rabindranath/Documents/Backend/node-api-ts-express-opp/node_modules/source-map-support/source-map-support.js:568:25)
    at Module.m._compile (/tmp/ts-node-dev-hook-9667228140565758.js:69:33)
    at Module._extensions..js (node:internal/modules/cjs/loader:1159:10)
    at require.extensions..jsx.require.extensions..js (/tmp/ts-node-dev-hook-9667228140565758.js:114:20)
    at require.extensions.<computed> (/tmp/ts-node-dev-hook-9667228140565758.js:71:20)
    at Object.nodeDevHook [as .ts] (/home/rabindranath/Documents/Backend/node-api-ts-express-opp/node_modules/ts-node-dev/lib/hook.js:63:13)
    at Module.load (node:internal/modules/cjs/loader:981:32)
    at Function.Module._load (node:internal/modules/cjs/loader:822:12)
2022-10-29 16:27:04 error: uncaughtException: ⨯ Unable to compile TypeScript:
src/controllers/post.controller.ts(30,20): error TS2365: Operator '>' cannot be applied to types 'string' and 'number'.

Error: ⨯ Unable to compile TypeScript:
src/controllers/post.controller.ts(30,20): error TS2365: Operator '>' cannot be applied to types 'string' and 'number'.

    at Object.<anonymous> (/home/rabindranath/Documents/Backend/node-api-ts-express-opp/src/controllers/post.controller.ts:1:7)
    at Module._compile (node:internal/modules/cjs/loader:1105:14)
    at Module._compile (/home/rabindranath/Documents/Backend/node-api-ts-express-opp/node_modules/source-map-support/source-map-support.js:568:25)
    at Module.m._compile (/tmp/ts-node-dev-hook-9667228140565758.js:69:33)
    at Module._extensions..js (node:internal/modules/cjs/loader:1159:10)
    at require.extensions..jsx.require.extensions..js (/tmp/ts-node-dev-hook-9667228140565758.js:114:20)
    at require.extensions.<computed> (/tmp/ts-node-dev-hook-9667228140565758.js:71:20)
    at Object.nodeDevHook [as .ts] (/home/rabindranath/Documents/Backend/node-api-ts-express-opp/node_modules/ts-node-dev/lib/hook.js:63:13)
    at Module.load (node:internal/modules/cjs/loader:981:32)
    at Function.Module._load (node:internal/modules/cjs/loader:822:12)
2022-10-29 16:27:08 error: uncaughtException: ⨯ Unable to compile TypeScript:
src/controllers/post.controller.ts(30,20): error TS2365: Operator '>' cannot be applied to types 'string' and 'number'.

Error: ⨯ Unable to compile TypeScript:
src/controllers/post.controller.ts(30,20): error TS2365: Operator '>' cannot be applied to types 'string' and 'number'.

    at Object.<anonymous> (/home/rabindranath/Documents/Backend/node-api-ts-express-opp/src/controllers/post.controller.ts:1:7)
    at Module._compile (node:internal/modules/cjs/loader:1105:14)
    at Module._compile (/home/rabindranath/Documents/Backend/node-api-ts-express-opp/node_modules/source-map-support/source-map-support.js:568:25)
    at Module.m._compile (/tmp/ts-node-dev-hook-9667228140565758.js:69:33)
    at Module._extensions..js (node:internal/modules/cjs/loader:1159:10)
    at require.extensions..jsx.require.extensions..js (/tmp/ts-node-dev-hook-9667228140565758.js:114:20)
    at require.extensions.<computed> (/tmp/ts-node-dev-hook-9667228140565758.js:71:20)
    at Object.nodeDevHook [as .ts] (/home/rabindranath/Documents/Backend/node-api-ts-express-opp/node_modules/ts-node-dev/lib/hook.js:63:13)
    at Module.load (node:internal/modules/cjs/loader:981:32)
    at Function.Module._load (node:internal/modules/cjs/loader:822:12)
2022-10-29 16:27:17 error: uncaughtException: ⨯ Unable to compile TypeScript:
src/controllers/post.controller.ts(30,20): error TS2365: Operator '>' cannot be applied to types 'string' and 'number'.

Error: ⨯ Unable to compile TypeScript:
src/controllers/post.controller.ts(30,20): error TS2365: Operator '>' cannot be applied to types 'string' and 'number'.

    at Object.<anonymous> (/home/rabindranath/Documents/Backend/node-api-ts-express-opp/src/controllers/post.controller.ts:1:7)
    at Module._compile (node:internal/modules/cjs/loader:1105:14)
    at Module._compile (/home/rabindranath/Documents/Backend/node-api-ts-express-opp/node_modules/source-map-support/source-map-support.js:568:25)
    at Module.m._compile (/tmp/ts-node-dev-hook-9667228140565758.js:69:33)
    at Module._extensions..js (node:internal/modules/cjs/loader:1159:10)
    at require.extensions..jsx.require.extensions..js (/tmp/ts-node-dev-hook-9667228140565758.js:114:20)
    at require.extensions.<computed> (/tmp/ts-node-dev-hook-9667228140565758.js:71:20)
    at Object.nodeDevHook [as .ts] (/home/rabindranath/Documents/Backend/node-api-ts-express-opp/node_modules/ts-node-dev/lib/hook.js:63:13)
    at Module.load (node:internal/modules/cjs/loader:981:32)
    at Function.Module._load (node:internal/modules/cjs/loader:822:12)
2022-10-29 16:28:07 error: uncaughtException: ⨯ Unable to compile TypeScript:
src/controllers/post.controller.ts(30,18): error TS1005: ')' expected.
src/controllers/post.controller.ts(30,29): error TS1005: ';' expected.

Error: ⨯ Unable to compile TypeScript:
src/controllers/post.controller.ts(30,18): error TS1005: ')' expected.
src/controllers/post.controller.ts(30,29): error TS1005: ';' expected.

    at Object.<anonymous> (/home/rabindranath/Documents/Backend/node-api-ts-express-opp/src/controllers/post.controller.ts:1:7)
    at Module._compile (node:internal/modules/cjs/loader:1105:14)
    at Module._compile (/home/rabindranath/Documents/Backend/node-api-ts-express-opp/node_modules/source-map-support/source-map-support.js:568:25)
    at Module.m._compile (/tmp/ts-node-dev-hook-9667228140565758.js:69:33)
    at Module._extensions..js (node:internal/modules/cjs/loader:1159:10)
    at require.extensions..jsx.require.extensions..js (/tmp/ts-node-dev-hook-9667228140565758.js:114:20)
    at require.extensions.<computed> (/tmp/ts-node-dev-hook-9667228140565758.js:71:20)
    at Object.nodeDevHook [as .ts] (/home/rabindranath/Documents/Backend/node-api-ts-express-opp/node_modules/ts-node-dev/lib/hook.js:63:13)
    at Module.load (node:internal/modules/cjs/loader:981:32)
    at Function.Module._load (node:internal/modules/cjs/loader:822:12)
2022-10-29 16:28:57 error: uncaughtException: ⨯ Unable to compile TypeScript:
src/controllers/post.controller.ts(30,23): error TS2304: Cannot find name 'post'.

Error: ⨯ Unable to compile TypeScript:
src/controllers/post.controller.ts(30,23): error TS2304: Cannot find name 'post'.

    at Object.<anonymous> (/home/rabindranath/Documents/Backend/node-api-ts-express-opp/src/controllers/post.controller.ts:1:7)
    at Module._compile (node:internal/modules/cjs/loader:1105:14)
    at Module._compile (/home/rabindranath/Documents/Backend/node-api-ts-express-opp/node_modules/source-map-support/source-map-support.js:568:25)
    at Module.m._compile (/tmp/ts-node-dev-hook-9667228140565758.js:69:33)
    at Module._extensions..js (node:internal/modules/cjs/loader:1159:10)
    at require.extensions..jsx.require.extensions..js (/tmp/ts-node-dev-hook-9667228140565758.js:114:20)
    at require.extensions.<computed> (/tmp/ts-node-dev-hook-9667228140565758.js:71:20)
    at Object.nodeDevHook [as .ts] (/home/rabindranath/Documents/Backend/node-api-ts-express-opp/node_modules/ts-node-dev/lib/hook.js:63:13)
    at Module.load (node:internal/modules/cjs/loader:981:32)
    at Function.Module._load (node:internal/modules/cjs/loader:822:12)
2022-10-29 16:29:01 error: uncaughtException: ⨯ Unable to compile TypeScript:
src/controllers/post.controller.ts(30,23): error TS2304: Cannot find name 'post'.

Error: ⨯ Unable to compile TypeScript:
src/controllers/post.controller.ts(30,23): error TS2304: Cannot find name 'post'.

    at Object.<anonymous> (/home/rabindranath/Documents/Backend/node-api-ts-express-opp/src/controllers/post.controller.ts:1:7)
    at Module._compile (node:internal/modules/cjs/loader:1105:14)
    at Module._compile (/home/rabindranath/Documents/Backend/node-api-ts-express-opp/node_modules/source-map-support/source-map-support.js:568:25)
    at Module.m._compile (/tmp/ts-node-dev-hook-9667228140565758.js:69:33)
    at Module._extensions..js (node:internal/modules/cjs/loader:1159:10)
    at require.extensions..jsx.require.extensions..js (/tmp/ts-node-dev-hook-9667228140565758.js:114:20)
    at require.extensions.<computed> (/tmp/ts-node-dev-hook-9667228140565758.js:71:20)
    at Object.nodeDevHook [as .ts] (/home/rabindranath/Documents/Backend/node-api-ts-express-opp/node_modules/ts-node-dev/lib/hook.js:63:13)
    at Module.load (node:internal/modules/cjs/loader:981:32)
    at Function.Module._load (node:internal/modules/cjs/loader:822:12)
2022-10-29 16:29:06 error: uncaughtException: ⨯ Unable to compile TypeScript:
src/controllers/post.controller.ts(30,23): error TS2304: Cannot find name 'post'.

Error: ⨯ Unable to compile TypeScript:
src/controllers/post.controller.ts(30,23): error TS2304: Cannot find name 'post'.

    at Object.<anonymous> (/home/rabindranath/Documents/Backend/node-api-ts-express-opp/src/controllers/post.controller.ts:1:7)
    at Module._compile (node:internal/modules/cjs/loader:1105:14)
    at Module._compile (/home/rabindranath/Documents/Backend/node-api-ts-express-opp/node_modules/source-map-support/source-map-support.js:568:25)
    at Module.m._compile (/tmp/ts-node-dev-hook-9667228140565758.js:69:33)
    at Module._extensions..js (node:internal/modules/cjs/loader:1159:10)
    at require.extensions..jsx.require.extensions..js (/tmp/ts-node-dev-hook-9667228140565758.js:114:20)
    at require.extensions.<computed> (/tmp/ts-node-dev-hook-9667228140565758.js:71:20)
    at Object.nodeDevHook [as .ts] (/home/rabindranath/Documents/Backend/node-api-ts-express-opp/node_modules/ts-node-dev/lib/hook.js:63:13)
    at Module.load (node:internal/modules/cjs/loader:981:32)
    at Function.Module._load (node:internal/modules/cjs/loader:822:12)
2022-10-29 16:29:11 error: uncaughtException: ⨯ Unable to compile TypeScript:
src/controllers/post.controller.ts(30,23): error TS2367: This condition will always return 'false' since the types 'number' and 'string' have no overlap.

Error: ⨯ Unable to compile TypeScript:
src/controllers/post.controller.ts(30,23): error TS2367: This condition will always return 'false' since the types 'number' and 'string' have no overlap.

    at Object.<anonymous> (/home/rabindranath/Documents/Backend/node-api-ts-express-opp/src/controllers/post.controller.ts:1:7)
    at Module._compile (node:internal/modules/cjs/loader:1105:14)
    at Module._compile (/home/rabindranath/Documents/Backend/node-api-ts-express-opp/node_modules/source-map-support/source-map-support.js:568:25)
    at Module.m._compile (/tmp/ts-node-dev-hook-9667228140565758.js:69:33)
    at Module._extensions..js (node:internal/modules/cjs/loader:1159:10)
    at require.extensions..jsx.require.extensions..js (/tmp/ts-node-dev-hook-9667228140565758.js:114:20)
    at require.extensions.<computed> (/tmp/ts-node-dev-hook-9667228140565758.js:71:20)
    at Object.nodeDevHook [as .ts] (/home/rabindranath/Documents/Backend/node-api-ts-express-opp/node_modules/ts-node-dev/lib/hook.js:63:13)
    at Module.load (node:internal/modules/cjs/loader:981:32)
    at Function.Module._load (node:internal/modules/cjs/loader:822:12)
2022-10-29 16:30:02 error: uncaughtException: ⨯ Unable to compile TypeScript:
src/controllers/post.controller.ts(30,9): error TS2365: Operator '>' cannot be applied to types 'boolean' and 'number'.

Error: ⨯ Unable to compile TypeScript:
src/controllers/post.controller.ts(30,9): error TS2365: Operator '>' cannot be applied to types 'boolean' and 'number'.

    at Object.<anonymous> (/home/rabindranath/Documents/Backend/node-api-ts-express-opp/src/controllers/post.controller.ts:1:7)
    at Module._compile (node:internal/modules/cjs/loader:1105:14)
    at Module._compile (/home/rabindranath/Documents/Backend/node-api-ts-express-opp/node_modules/source-map-support/source-map-support.js:568:25)
    at Module.m._compile (/tmp/ts-node-dev-hook-9667228140565758.js:69:33)
    at Module._extensions..js (node:internal/modules/cjs/loader:1159:10)
    at require.extensions..jsx.require.extensions..js (/tmp/ts-node-dev-hook-9667228140565758.js:114:20)
    at require.extensions.<computed> (/tmp/ts-node-dev-hook-9667228140565758.js:71:20)
    at Object.nodeDevHook [as .ts] (/home/rabindranath/Documents/Backend/node-api-ts-express-opp/node_modules/ts-node-dev/lib/hook.js:63:13)
    at Module.load (node:internal/modules/cjs/loader:981:32)
    at Function.Module._load (node:internal/modules/cjs/loader:822:12)
2022-10-29 16:37:07 error: uncaughtException: ⨯ Unable to compile TypeScript:
src/services/post.service.ts(42,7): error TS2304: Cannot find name 'CLG'.

Error: ⨯ Unable to compile TypeScript:
src/services/post.service.ts(42,7): error TS2304: Cannot find name 'CLG'.

    at Object.<anonymous> (/home/rabindranath/Documents/Backend/node-api-ts-express-opp/src/services/post.service.ts:1:7)
    at Module._compile (node:internal/modules/cjs/loader:1105:14)
    at Module._compile (/home/rabindranath/Documents/Backend/node-api-ts-express-opp/node_modules/source-map-support/source-map-support.js:568:25)
    at Module.m._compile (/tmp/ts-node-dev-hook-7383554438726838.js:69:33)
    at Module._extensions..js (node:internal/modules/cjs/loader:1159:10)
    at require.extensions..jsx.require.extensions..js (/tmp/ts-node-dev-hook-7383554438726838.js:114:20)
    at require.extensions.<computed> (/tmp/ts-node-dev-hook-7383554438726838.js:71:20)
    at Object.nodeDevHook [as .ts] (/home/rabindranath/Documents/Backend/node-api-ts-express-opp/node_modules/ts-node-dev/lib/hook.js:63:13)
    at Module.load (node:internal/modules/cjs/loader:981:32)
    at Function.Module._load (node:internal/modules/cjs/loader:822:12)
2022-10-29 16:37:16 error: uncaughtException: ⨯ Unable to compile TypeScript:
src/services/post.service.ts(42,30): error TS2581: Cannot find name '$'. Do you need to install type definitions for jQuery? Try `npm i --save-dev @types/jquery`.
src/services/post.service.ts(42,45): error TS2581: Cannot find name '$'. Do you need to install type definitions for jQuery? Try `npm i --save-dev @types/jquery`.
src/services/post.service.ts(42,31): error TS1005: ',' expected.
src/services/post.service.ts(42,45): error TS1005: ',' expected.
src/services/post.service.ts(42,46): error TS1005: ',' expected.

Error: ⨯ Unable to compile TypeScript:
src/services/post.service.ts(42,30): error TS2581: Cannot find name '$'. Do you need to install type definitions for jQuery? Try `npm i --save-dev @types/jquery`.
src/services/post.service.ts(42,45): error TS2581: Cannot find name '$'. Do you need to install type definitions for jQuery? Try `npm i --save-dev @types/jquery`.
src/services/post.service.ts(42,31): error TS1005: ',' expected.
src/services/post.service.ts(42,45): error TS1005: ',' expected.
src/services/post.service.ts(42,46): error TS1005: ',' expected.

    at Object.<anonymous> (/home/rabindranath/Documents/Backend/node-api-ts-express-opp/src/services/post.service.ts:1:7)
    at Module._compile (node:internal/modules/cjs/loader:1105:14)
    at Module._compile (/home/rabindranath/Documents/Backend/node-api-ts-express-opp/node_modules/source-map-support/source-map-support.js:568:25)
    at Module.m._compile (/tmp/ts-node-dev-hook-7383554438726838.js:69:33)
    at Module._extensions..js (node:internal/modules/cjs/loader:1159:10)
    at require.extensions..jsx.require.extensions..js (/tmp/ts-node-dev-hook-7383554438726838.js:114:20)
    at require.extensions.<computed> (/tmp/ts-node-dev-hook-7383554438726838.js:71:20)
    at Object.nodeDevHook [as .ts] (/home/rabindranath/Documents/Backend/node-api-ts-express-opp/node_modules/ts-node-dev/lib/hook.js:63:13)
    at Module.load (node:internal/modules/cjs/loader:981:32)
    at Function.Module._load (node:internal/modules/cjs/loader:822:12)
2022-10-29 16:41:07 error: uncaughtException: ⨯ Unable to compile TypeScript:
src/services/post.service.ts(50,19): error TS2571: Object is of type 'unknown'.

Error: ⨯ Unable to compile TypeScript:
src/services/post.service.ts(50,19): error TS2571: Object is of type 'unknown'.

    at Object.<anonymous> (/home/rabindranath/Documents/Backend/node-api-ts-express-opp/src/services/post.service.ts:1:7)
    at Module._compile (node:internal/modules/cjs/loader:1105:14)
    at Module._compile (/home/rabindranath/Documents/Backend/node-api-ts-express-opp/node_modules/source-map-support/source-map-support.js:568:25)
    at Module.m._compile (/tmp/ts-node-dev-hook-7383554438726838.js:69:33)
    at Module._extensions..js (node:internal/modules/cjs/loader:1159:10)
    at require.extensions..jsx.require.extensions..js (/tmp/ts-node-dev-hook-7383554438726838.js:114:20)
    at require.extensions.<computed> (/tmp/ts-node-dev-hook-7383554438726838.js:71:20)
    at Object.nodeDevHook [as .ts] (/home/rabindranath/Documents/Backend/node-api-ts-express-opp/node_modules/ts-node-dev/lib/hook.js:63:13)
    at Module.load (node:internal/modules/cjs/loader:981:32)
    at Function.Module._load (node:internal/modules/cjs/loader:822:12)
2022-10-29 16:42:19 error: uncaughtException: ⨯ Unable to compile TypeScript:
src/services/post.service.ts(43,69): error TS1109: Expression expected.

Error: ⨯ Unable to compile TypeScript:
src/services/post.service.ts(43,69): error TS1109: Expression expected.

    at Object.<anonymous> (/home/rabindranath/Documents/Backend/node-api-ts-express-opp/src/services/post.service.ts:1:7)
    at Module._compile (node:internal/modules/cjs/loader:1105:14)
    at Module._compile (/home/rabindranath/Documents/Backend/node-api-ts-express-opp/node_modules/source-map-support/source-map-support.js:568:25)
    at Module.m._compile (/tmp/ts-node-dev-hook-7383554438726838.js:69:33)
    at Module._extensions..js (node:internal/modules/cjs/loader:1159:10)
    at require.extensions..jsx.require.extensions..js (/tmp/ts-node-dev-hook-7383554438726838.js:114:20)
    at require.extensions.<computed> (/tmp/ts-node-dev-hook-7383554438726838.js:71:20)
    at Object.nodeDevHook [as .ts] (/home/rabindranath/Documents/Backend/node-api-ts-express-opp/node_modules/ts-node-dev/lib/hook.js:63:13)
    at Module.load (node:internal/modules/cjs/loader:981:32)
    at Function.Module._load (node:internal/modules/cjs/loader:822:12)
2022-10-29 16:42:29 error: uncaughtException: ⨯ Unable to compile TypeScript:
src/services/post.service.ts(43,66): error TS2581: Cannot find name '$'. Do you need to install type definitions for jQuery? Try `npm i --save-dev @types/jquery`.
src/services/post.service.ts(43,81): error TS2552: Cannot find name 'posts'. Did you mean 'post'?
src/services/post.service.ts(43,81): error TS2554: Expected 1-2 arguments, but got 5.
src/services/post.service.ts(43,87): error TS2581: Cannot find name '$'. Do you need to install type definitions for jQuery? Try `npm i --save-dev @types/jquery`.
src/services/post.service.ts(43,88): error TS2349: This expression is not callable.
  Type '{ id: string; }' has no call signatures.
src/services/post.service.ts(43,98): error TS2304: Cannot find name 'https'.
src/services/post.service.ts(43,67): error TS1005: ',' expected.
src/services/post.service.ts(43,81): error TS1005: ',' expected.
src/services/post.service.ts(43,88): error TS1005: ',' expected.
src/services/post.service.ts(43,98): error TS1005: ',' expected.
src/services/post.service.ts(43,103): error TS1005: ',' expected.
src/services/post.service.ts(44,7): error TS1135: Argument expression expected.

Error: ⨯ Unable to compile TypeScript:
src/services/post.service.ts(43,66): error TS2581: Cannot find name '$'. Do you need to install type definitions for jQuery? Try `npm i --save-dev @types/jquery`.
src/services/post.service.ts(43,81): error TS2552: Cannot find name 'posts'. Did you mean 'post'?
src/services/post.service.ts(43,81): error TS2554: Expected 1-2 arguments, but got 5.
src/services/post.service.ts(43,87): error TS2581: Cannot find name '$'. Do you need to install type definitions for jQuery? Try `npm i --save-dev @types/jquery`.
src/services/post.service.ts(43,88): error TS2349: This expression is not callable.
  Type '{ id: string; }' has no call signatures.
src/services/post.service.ts(43,98): error TS2304: Cannot find name 'https'.
src/services/post.service.ts(43,67): error TS1005: ',' expected.
src/services/post.service.ts(43,81): error TS1005: ',' expected.
src/services/post.service.ts(43,88): error TS1005: ',' expected.
src/services/post.service.ts(43,98): error TS1005: ',' expected.
src/services/post.service.ts(43,103): error TS1005: ',' expected.
src/services/post.service.ts(44,7): error TS1135: Argument expression expected.

    at Object.<anonymous> (/home/rabindranath/Documents/Backend/node-api-ts-express-opp/src/services/post.service.ts:1:7)
    at Module._compile (node:internal/modules/cjs/loader:1105:14)
    at Module._compile (/home/rabindranath/Documents/Backend/node-api-ts-express-opp/node_modules/source-map-support/source-map-support.js:568:25)
    at Module.m._compile (/tmp/ts-node-dev-hook-7383554438726838.js:69:33)
    at Module._extensions..js (node:internal/modules/cjs/loader:1159:10)
    at require.extensions..jsx.require.extensions..js (/tmp/ts-node-dev-hook-7383554438726838.js:114:20)
    at require.extensions.<computed> (/tmp/ts-node-dev-hook-7383554438726838.js:71:20)
    at Object.nodeDevHook [as .ts] (/home/rabindranath/Documents/Backend/node-api-ts-express-opp/node_modules/ts-node-dev/lib/hook.js:63:13)
    at Module.load (node:internal/modules/cjs/loader:981:32)
    at Function.Module._load (node:internal/modules/cjs/loader:822:12)
2022-10-29 16:43:36 error: uncaughtException: ⨯ Unable to compile TypeScript:
src/controllers/post.controller.ts(27,48): error TS2300: Duplicate identifier 'res'.
src/controllers/post.controller.ts(33,5): error TS2300: Duplicate identifier 'res'.
src/controllers/post.controller.ts(33,5): error TS7005: Variable 'res' implicitly has an 'any' type.
src/controllers/post.controller.ts(33,9): error TS7005: Variable 'status' implicitly has an 'any' type.
src/controllers/post.controller.ts(33,21): error TS2339: Property 'json' does not exist on type '200'.
src/controllers/post.controller.ts(33,8): error TS1005: ',' expected.
src/controllers/post.controller.ts(33,15): error TS1005: ',' expected.

Error: ⨯ Unable to compile TypeScript:
src/controllers/post.controller.ts(27,48): error TS2300: Duplicate identifier 'res'.
src/controllers/post.controller.ts(33,5): error TS2300: Duplicate identifier 'res'.
src/controllers/post.controller.ts(33,5): error TS7005: Variable 'res' implicitly has an 'any' type.
src/controllers/post.controller.ts(33,9): error TS7005: Variable 'status' implicitly has an 'any' type.
src/controllers/post.controller.ts(33,21): error TS2339: Property 'json' does not exist on type '200'.
src/controllers/post.controller.ts(33,8): error TS1005: ',' expected.
src/controllers/post.controller.ts(33,15): error TS1005: ',' expected.

    at Object.<anonymous> (/home/rabindranath/Documents/Backend/node-api-ts-express-opp/src/controllers/post.controller.ts:1:7)
    at Module._compile (node:internal/modules/cjs/loader:1105:14)
    at Module._compile (/home/rabindranath/Documents/Backend/node-api-ts-express-opp/node_modules/source-map-support/source-map-support.js:568:25)
    at Module.m._compile (/tmp/ts-node-dev-hook-7383554438726838.js:69:33)
    at Module._extensions..js (node:internal/modules/cjs/loader:1159:10)
    at require.extensions..jsx.require.extensions..js (/tmp/ts-node-dev-hook-7383554438726838.js:114:20)
    at require.extensions.<computed> (/tmp/ts-node-dev-hook-7383554438726838.js:71:20)
    at Object.nodeDevHook [as .ts] (/home/rabindranath/Documents/Backend/node-api-ts-express-opp/node_modules/ts-node-dev/lib/hook.js:63:13)
    at Module.load (node:internal/modules/cjs/loader:981:32)
    at Function.Module._load (node:internal/modules/cjs/loader:822:12)
2022-10-29 16:43:40 error: uncaughtException: ⨯ Unable to compile TypeScript:
src/controllers/post.controller.ts(27,48): error TS2300: Duplicate identifier 'res'.
src/controllers/post.controller.ts(33,5): error TS2300: Duplicate identifier 'res'.
src/controllers/post.controller.ts(33,5): error TS7005: Variable 'res' implicitly has an 'any' type.
src/controllers/post.controller.ts(33,9): error TS7005: Variable 'status' implicitly has an 'any' type.
src/controllers/post.controller.ts(33,21): error TS2339: Property 'json' does not exist on type '200'.
src/controllers/post.controller.ts(33,8): error TS1005: ',' expected.
src/controllers/post.controller.ts(33,15): error TS1005: ',' expected.

Error: ⨯ Unable to compile TypeScript:
src/controllers/post.controller.ts(27,48): error TS2300: Duplicate identifier 'res'.
src/controllers/post.controller.ts(33,5): error TS2300: Duplicate identifier 'res'.
src/controllers/post.controller.ts(33,5): error TS7005: Variable 'res' implicitly has an 'any' type.
src/controllers/post.controller.ts(33,9): error TS7005: Variable 'status' implicitly has an 'any' type.
src/controllers/post.controller.ts(33,21): error TS2339: Property 'json' does not exist on type '200'.
src/controllers/post.controller.ts(33,8): error TS1005: ',' expected.
src/controllers/post.controller.ts(33,15): error TS1005: ',' expected.

    at Object.<anonymous> (/home/rabindranath/Documents/Backend/node-api-ts-express-opp/src/controllers/post.controller.ts:1:7)
    at Module._compile (node:internal/modules/cjs/loader:1105:14)
    at Module._compile (/home/rabindranath/Documents/Backend/node-api-ts-express-opp/node_modules/source-map-support/source-map-support.js:568:25)
    at Module.m._compile (/tmp/ts-node-dev-hook-7383554438726838.js:69:33)
    at Module._extensions..js (node:internal/modules/cjs/loader:1159:10)
    at require.extensions..jsx.require.extensions..js (/tmp/ts-node-dev-hook-7383554438726838.js:114:20)
    at require.extensions.<computed> (/tmp/ts-node-dev-hook-7383554438726838.js:71:20)
    at Object.nodeDevHook [as .ts] (/home/rabindranath/Documents/Backend/node-api-ts-express-opp/node_modules/ts-node-dev/lib/hook.js:63:13)
    at Module.load (node:internal/modules/cjs/loader:981:32)
    at Function.Module._load (node:internal/modules/cjs/loader:822:12)
2022-10-29 16:43:53 error: uncaughtException: ⨯ Unable to compile TypeScript:
src/controllers/post.controller.ts(27,48): error TS2300: Duplicate identifier 'res'.
src/controllers/post.controller.ts(33,5): error TS2300: Duplicate identifier 'res'.
src/controllers/post.controller.ts(33,5): error TS7005: Variable 'res' implicitly has an 'any' type.
src/controllers/post.controller.ts(33,9): error TS7005: Variable 'status' implicitly has an 'any' type.
src/controllers/post.controller.ts(33,21): error TS2339: Property 'json' does not exist on type '200'.
src/controllers/post.controller.ts(32,12): error TS1134: Variable declaration expected.
src/controllers/post.controller.ts(33,8): error TS1005: ',' expected.
src/controllers/post.controller.ts(33,15): error TS1005: ',' expected.

Error: ⨯ Unable to compile TypeScript:
src/controllers/post.controller.ts(27,48): error TS2300: Duplicate identifier 'res'.
src/controllers/post.controller.ts(33,5): error TS2300: Duplicate identifier 'res'.
src/controllers/post.controller.ts(33,5): error TS7005: Variable 'res' implicitly has an 'any' type.
src/controllers/post.controller.ts(33,9): error TS7005: Variable 'status' implicitly has an 'any' type.
src/controllers/post.controller.ts(33,21): error TS2339: Property 'json' does not exist on type '200'.
src/controllers/post.controller.ts(32,12): error TS1134: Variable declaration expected.
src/controllers/post.controller.ts(33,8): error TS1005: ',' expected.
src/controllers/post.controller.ts(33,15): error TS1005: ',' expected.

    at Object.<anonymous> (/home/rabindranath/Documents/Backend/node-api-ts-express-opp/src/controllers/post.controller.ts:1:7)
    at Module._compile (node:internal/modules/cjs/loader:1105:14)
    at Module._compile (/home/rabindranath/Documents/Backend/node-api-ts-express-opp/node_modules/source-map-support/source-map-support.js:568:25)
    at Module.m._compile (/tmp/ts-node-dev-hook-7383554438726838.js:69:33)
    at Module._extensions..js (node:internal/modules/cjs/loader:1159:10)
    at require.extensions..jsx.require.extensions..js (/tmp/ts-node-dev-hook-7383554438726838.js:114:20)
    at require.extensions.<computed> (/tmp/ts-node-dev-hook-7383554438726838.js:71:20)
    at Object.nodeDevHook [as .ts] (/home/rabindranath/Documents/Backend/node-api-ts-express-opp/node_modules/ts-node-dev/lib/hook.js:63:13)
    at Module.load (node:internal/modules/cjs/loader:981:32)
    at Function.Module._load (node:internal/modules/cjs/loader:822:12)
2022-10-29 16:43:58 error: uncaughtException: ⨯ Unable to compile TypeScript:
src/controllers/post.controller.ts(32,12): error TS1134: Variable declaration expected.
src/controllers/post.controller.ts(32,14): error TS1134: Variable declaration expected.
src/controllers/post.controller.ts(32,15): error TS1109: Expression expected.

Error: ⨯ Unable to compile TypeScript:
src/controllers/post.controller.ts(32,12): error TS1134: Variable declaration expected.
src/controllers/post.controller.ts(32,14): error TS1134: Variable declaration expected.
src/controllers/post.controller.ts(32,15): error TS1109: Expression expected.

    at Object.<anonymous> (/home/rabindranath/Documents/Backend/node-api-ts-express-opp/src/controllers/post.controller.ts:1:7)
    at Module._compile (node:internal/modules/cjs/loader:1105:14)
    at Module._compile (/home/rabindranath/Documents/Backend/node-api-ts-express-opp/node_modules/source-map-support/source-map-support.js:568:25)
    at Module.m._compile (/tmp/ts-node-dev-hook-7383554438726838.js:69:33)
    at Module._extensions..js (node:internal/modules/cjs/loader:1159:10)
    at require.extensions..jsx.require.extensions..js (/tmp/ts-node-dev-hook-7383554438726838.js:114:20)
    at require.extensions.<computed> (/tmp/ts-node-dev-hook-7383554438726838.js:71:20)
    at Object.nodeDevHook [as .ts] (/home/rabindranath/Documents/Backend/node-api-ts-express-opp/node_modules/ts-node-dev/lib/hook.js:63:13)
    at Module.load (node:internal/modules/cjs/loader:981:32)
    at Function.Module._load (node:internal/modules/cjs/loader:822:12)
2022-10-29 16:44:03 error: uncaughtException: ⨯ Unable to compile TypeScript:
src/controllers/post.controller.ts(32,22): error TS2554: Expected 1 arguments, but got 0.
src/controllers/post.controller.ts(32,12): error TS1134: Variable declaration expected.
src/controllers/post.controller.ts(32,14): error TS1134: Variable declaration expected.

Error: ⨯ Unable to compile TypeScript:
src/controllers/post.controller.ts(32,22): error TS2554: Expected 1 arguments, but got 0.
src/controllers/post.controller.ts(32,12): error TS1134: Variable declaration expected.
src/controllers/post.controller.ts(32,14): error TS1134: Variable declaration expected.

    at Object.<anonymous> (/home/rabindranath/Documents/Backend/node-api-ts-express-opp/src/controllers/post.controller.ts:1:7)
    at Module._compile (node:internal/modules/cjs/loader:1105:14)
    at Module._compile (/home/rabindranath/Documents/Backend/node-api-ts-express-opp/node_modules/source-map-support/source-map-support.js:568:25)
    at Module.m._compile (/tmp/ts-node-dev-hook-7383554438726838.js:69:33)
    at Module._extensions..js (node:internal/modules/cjs/loader:1159:10)
    at require.extensions..jsx.require.extensions..js (/tmp/ts-node-dev-hook-7383554438726838.js:114:20)
    at require.extensions.<computed> (/tmp/ts-node-dev-hook-7383554438726838.js:71:20)
    at Object.nodeDevHook [as .ts] (/home/rabindranath/Documents/Backend/node-api-ts-express-opp/node_modules/ts-node-dev/lib/hook.js:63:13)
    at Module.load (node:internal/modules/cjs/loader:981:32)
    at Function.Module._load (node:internal/modules/cjs/loader:822:12)
2022-10-29 16:44:09 error: uncaughtException: ⨯ Unable to compile TypeScript:
src/controllers/post.controller.ts(32,27): error TS2769: No overload matches this call.
  Overload 1 of 2, '(o: {}): string[]', gave the following error.
    Argument of type 'Post | undefined' is not assignable to parameter of type '{}'.
      Type 'undefined' is not assignable to type '{}'.
  Overload 2 of 2, '(o: object): string[]', gave the following error.
    Argument of type 'Post | undefined' is not assignable to parameter of type 'object'.
      Type 'undefined' is not assignable to type 'object'.
src/controllers/post.controller.ts(32,12): error TS1134: Variable declaration expected.
src/controllers/post.controller.ts(32,14): error TS1134: Variable declaration expected.

Error: ⨯ Unable to compile TypeScript:
src/controllers/post.controller.ts(32,27): error TS2769: No overload matches this call.
  Overload 1 of 2, '(o: {}): string[]', gave the following error.
    Argument of type 'Post | undefined' is not assignable to parameter of type '{}'.
      Type 'undefined' is not assignable to type '{}'.
  Overload 2 of 2, '(o: object): string[]', gave the following error.
    Argument of type 'Post | undefined' is not assignable to parameter of type 'object'.
      Type 'undefined' is not assignable to type 'object'.
src/controllers/post.controller.ts(32,12): error TS1134: Variable declaration expected.
src/controllers/post.controller.ts(32,14): error TS1134: Variable declaration expected.

    at Object.<anonymous> (/home/rabindranath/Documents/Backend/node-api-ts-express-opp/src/controllers/post.controller.ts:1:7)
    at Module._compile (node:internal/modules/cjs/loader:1105:14)
    at Module._compile (/home/rabindranath/Documents/Backend/node-api-ts-express-opp/node_modules/source-map-support/source-map-support.js:568:25)
    at Module.m._compile (/tmp/ts-node-dev-hook-7383554438726838.js:69:33)
    at Module._extensions..js (node:internal/modules/cjs/loader:1159:10)
    at require.extensions..jsx.require.extensions..js (/tmp/ts-node-dev-hook-7383554438726838.js:114:20)
    at require.extensions.<computed> (/tmp/ts-node-dev-hook-7383554438726838.js:71:20)
    at Object.nodeDevHook [as .ts] (/home/rabindranath/Documents/Backend/node-api-ts-express-opp/node_modules/ts-node-dev/lib/hook.js:63:13)
    at Module.load (node:internal/modules/cjs/loader:981:32)
    at Function.Module._load (node:internal/modules/cjs/loader:822:12)
2022-10-29 16:44:14 error: uncaughtException: ⨯ Unable to compile TypeScript:
src/controllers/post.controller.ts(32,27): error TS2769: No overload matches this call.
  Overload 1 of 2, '(o: {}): string[]', gave the following error.
    Argument of type 'Post | undefined' is not assignable to parameter of type '{}'.
      Type 'undefined' is not assignable to type '{}'.
  Overload 2 of 2, '(o: object): string[]', gave the following error.
    Argument of type 'Post | undefined' is not assignable to parameter of type 'object'.
      Type 'undefined' is not assignable to type 'object'.
src/controllers/post.controller.ts(32,12): error TS1134: Variable declaration expected.
src/controllers/post.controller.ts(32,14): error TS1134: Variable declaration expected.
src/controllers/post.controller.ts(33,31): error TS1005: ':' expected.

Error: ⨯ Unable to compile TypeScript:
src/controllers/post.controller.ts(32,27): error TS2769: No overload matches this call.
  Overload 1 of 2, '(o: {}): string[]', gave the following error.
    Argument of type 'Post | undefined' is not assignable to parameter of type '{}'.
      Type 'undefined' is not assignable to type '{}'.
  Overload 2 of 2, '(o: object): string[]', gave the following error.
    Argument of type 'Post | undefined' is not assignable to parameter of type 'object'.
      Type 'undefined' is not assignable to type 'object'.
src/controllers/post.controller.ts(32,12): error TS1134: Variable declaration expected.
src/controllers/post.controller.ts(32,14): error TS1134: Variable declaration expected.
src/controllers/post.controller.ts(33,31): error TS1005: ':' expected.

    at Object.<anonymous> (/home/rabindranath/Documents/Backend/node-api-ts-express-opp/src/controllers/post.controller.ts:1:7)
    at Module._compile (node:internal/modules/cjs/loader:1105:14)
    at Module._compile (/home/rabindranath/Documents/Backend/node-api-ts-express-opp/node_modules/source-map-support/source-map-support.js:568:25)
    at Module.m._compile (/tmp/ts-node-dev-hook-7383554438726838.js:69:33)
    at Module._extensions..js (node:internal/modules/cjs/loader:1159:10)
    at require.extensions..jsx.require.extensions..js (/tmp/ts-node-dev-hook-7383554438726838.js:114:20)
    at require.extensions.<computed> (/tmp/ts-node-dev-hook-7383554438726838.js:71:20)
    at Object.nodeDevHook [as .ts] (/home/rabindranath/Documents/Backend/node-api-ts-express-opp/node_modules/ts-node-dev/lib/hook.js:63:13)
    at Module.load (node:internal/modules/cjs/loader:981:32)
    at Function.Module._load (node:internal/modules/cjs/loader:822:12)
2022-10-29 16:44:19 error: uncaughtException: ⨯ Unable to compile TypeScript:
src/controllers/post.controller.ts(32,27): error TS2769: No overload matches this call.
  Overload 1 of 2, '(o: {}): string[]', gave the following error.
    Argument of type 'Post | undefined' is not assignable to parameter of type '{}'.
      Type 'undefined' is not assignable to type '{}'.
  Overload 2 of 2, '(o: object): string[]', gave the following error.
    Argument of type 'Post | undefined' is not assignable to parameter of type 'object'.
      Type 'undefined' is not assignable to type 'object'.
src/controllers/post.controller.ts(32,12): error TS1134: Variable declaration expected.
src/controllers/post.controller.ts(32,14): error TS1134: Variable declaration expected.
src/controllers/post.controller.ts(32,47): error TS1109: Expression expected.

Error: ⨯ Unable to compile TypeScript:
src/controllers/post.controller.ts(32,27): error TS2769: No overload matches this call.
  Overload 1 of 2, '(o: {}): string[]', gave the following error.
    Argument of type 'Post | undefined' is not assignable to parameter of type '{}'.
      Type 'undefined' is not assignable to type '{}'.
  Overload 2 of 2, '(o: object): string[]', gave the following error.
    Argument of type 'Post | undefined' is not assignable to parameter of type 'object'.
      Type 'undefined' is not assignable to type 'object'.
src/controllers/post.controller.ts(32,12): error TS1134: Variable declaration expected.
src/controllers/post.controller.ts(32,14): error TS1134: Variable declaration expected.
src/controllers/post.controller.ts(32,47): error TS1109: Expression expected.

    at Object.<anonymous> (/home/rabindranath/Documents/Backend/node-api-ts-express-opp/src/controllers/post.controller.ts:1:7)
    at Module._compile (node:internal/modules/cjs/loader:1105:14)
    at Module._compile (/home/rabindranath/Documents/Backend/node-api-ts-express-opp/node_modules/source-map-support/source-map-support.js:568:25)
    at Module.m._compile (/tmp/ts-node-dev-hook-7383554438726838.js:69:33)
    at Module._extensions..js (node:internal/modules/cjs/loader:1159:10)
    at require.extensions..jsx.require.extensions..js (/tmp/ts-node-dev-hook-7383554438726838.js:114:20)
    at require.extensions.<computed> (/tmp/ts-node-dev-hook-7383554438726838.js:71:20)
    at Object.nodeDevHook [as .ts] (/home/rabindranath/Documents/Backend/node-api-ts-express-opp/node_modules/ts-node-dev/lib/hook.js:63:13)
    at Module.load (node:internal/modules/cjs/loader:981:32)
    at Function.Module._load (node:internal/modules/cjs/loader:822:12)
2022-10-29 16:44:24 error: uncaughtException: ⨯ Unable to compile TypeScript:
src/controllers/post.controller.ts(32,27): error TS2769: No overload matches this call.
  Overload 1 of 2, '(o: {}): string[]', gave the following error.
    Argument of type 'Post | undefined' is not assignable to parameter of type '{}'.
      Type 'undefined' is not assignable to type '{}'.
  Overload 2 of 2, '(o: object): string[]', gave the following error.
    Argument of type 'Post | undefined' is not assignable to parameter of type 'object'.
      Type 'undefined' is not assignable to type 'object'.
src/controllers/post.controller.ts(32,12): error TS1134: Variable declaration expected.
src/controllers/post.controller.ts(32,14): error TS1134: Variable declaration expected.

Error: ⨯ Unable to compile TypeScript:
src/controllers/post.controller.ts(32,27): error TS2769: No overload matches this call.
  Overload 1 of 2, '(o: {}): string[]', gave the following error.
    Argument of type 'Post | undefined' is not assignable to parameter of type '{}'.
      Type 'undefined' is not assignable to type '{}'.
  Overload 2 of 2, '(o: object): string[]', gave the following error.
    Argument of type 'Post | undefined' is not assignable to parameter of type 'object'.
      Type 'undefined' is not assignable to type 'object'.
src/controllers/post.controller.ts(32,12): error TS1134: Variable declaration expected.
src/controllers/post.controller.ts(32,14): error TS1134: Variable declaration expected.

    at Object.<anonymous> (/home/rabindranath/Documents/Backend/node-api-ts-express-opp/src/controllers/post.controller.ts:1:7)
    at Module._compile (node:internal/modules/cjs/loader:1105:14)
    at Module._compile (/home/rabindranath/Documents/Backend/node-api-ts-express-opp/node_modules/source-map-support/source-map-support.js:568:25)
    at Module.m._compile (/tmp/ts-node-dev-hook-7383554438726838.js:69:33)
    at Module._extensions..js (node:internal/modules/cjs/loader:1159:10)
    at require.extensions..jsx.require.extensions..js (/tmp/ts-node-dev-hook-7383554438726838.js:114:20)
    at require.extensions.<computed> (/tmp/ts-node-dev-hook-7383554438726838.js:71:20)
    at Object.nodeDevHook [as .ts] (/home/rabindranath/Documents/Backend/node-api-ts-express-opp/node_modules/ts-node-dev/lib/hook.js:63:13)
    at Module.load (node:internal/modules/cjs/loader:981:32)
    at Function.Module._load (node:internal/modules/cjs/loader:822:12)
2022-10-29 16:44:28 error: uncaughtException: ⨯ Unable to compile TypeScript:
src/controllers/post.controller.ts(32,27): error TS2769: No overload matches this call.
  Overload 1 of 2, '(o: {}): string[]', gave the following error.
    Argument of type 'Post | undefined' is not assignable to parameter of type '{}'.
      Type 'undefined' is not assignable to type '{}'.
  Overload 2 of 2, '(o: object): string[]', gave the following error.
    Argument of type 'Post | undefined' is not assignable to parameter of type 'object'.
      Type 'undefined' is not assignable to type 'object'.
src/controllers/post.controller.ts(32,12): error TS1134: Variable declaration expected.
src/controllers/post.controller.ts(32,14): error TS1134: Variable declaration expected.
src/controllers/post.controller.ts(32,65): error TS1109: Expression expected.

Error: ⨯ Unable to compile TypeScript:
src/controllers/post.controller.ts(32,27): error TS2769: No overload matches this call.
  Overload 1 of 2, '(o: {}): string[]', gave the following error.
    Argument of type 'Post | undefined' is not assignable to parameter of type '{}'.
      Type 'undefined' is not assignable to type '{}'.
  Overload 2 of 2, '(o: object): string[]', gave the following error.
    Argument of type 'Post | undefined' is not assignable to parameter of type 'object'.
      Type 'undefined' is not assignable to type 'object'.
src/controllers/post.controller.ts(32,12): error TS1134: Variable declaration expected.
src/controllers/post.controller.ts(32,14): error TS1134: Variable declaration expected.
src/controllers/post.controller.ts(32,65): error TS1109: Expression expected.

    at Object.<anonymous> (/home/rabindranath/Documents/Backend/node-api-ts-express-opp/src/controllers/post.controller.ts:1:7)
    at Module._compile (node:internal/modules/cjs/loader:1105:14)
    at Module._compile (/home/rabindranath/Documents/Backend/node-api-ts-express-opp/node_modules/source-map-support/source-map-support.js:568:25)
    at Module.m._compile (/tmp/ts-node-dev-hook-7383554438726838.js:69:33)
    at Module._extensions..js (node:internal/modules/cjs/loader:1159:10)
    at require.extensions..jsx.require.extensions..js (/tmp/ts-node-dev-hook-7383554438726838.js:114:20)
    at require.extensions.<computed> (/tmp/ts-node-dev-hook-7383554438726838.js:71:20)
    at Object.nodeDevHook [as .ts] (/home/rabindranath/Documents/Backend/node-api-ts-express-opp/node_modules/ts-node-dev/lib/hook.js:63:13)
    at Module.load (node:internal/modules/cjs/loader:981:32)
    at Function.Module._load (node:internal/modules/cjs/loader:822:12)
2022-10-29 16:44:42 error: uncaughtException: ⨯ Unable to compile TypeScript:
src/controllers/post.controller.ts(32,27): error TS2769: No overload matches this call.
  Overload 1 of 2, '(o: {}): string[]', gave the following error.
    Argument of type 'Post | undefined' is not assignable to parameter of type '{}'.
      Type 'undefined' is not assignable to type '{}'.
  Overload 2 of 2, '(o: object): string[]', gave the following error.
    Argument of type 'Post | undefined' is not assignable to parameter of type 'object'.
      Type 'undefined' is not assignable to type 'object'.
src/controllers/post.controller.ts(32,12): error TS1134: Variable declaration expected.
src/controllers/post.controller.ts(32,14): error TS1134: Variable declaration expected.

Error: ⨯ Unable to compile TypeScript:
src/controllers/post.controller.ts(32,27): error TS2769: No overload matches this call.
  Overload 1 of 2, '(o: {}): string[]', gave the following error.
    Argument of type 'Post | undefined' is not assignable to parameter of type '{}'.
      Type 'undefined' is not assignable to type '{}'.
  Overload 2 of 2, '(o: object): string[]', gave the following error.
    Argument of type 'Post | undefined' is not assignable to parameter of type 'object'.
      Type 'undefined' is not assignable to type 'object'.
src/controllers/post.controller.ts(32,12): error TS1134: Variable declaration expected.
src/controllers/post.controller.ts(32,14): error TS1134: Variable declaration expected.

    at Object.<anonymous> (/home/rabindranath/Documents/Backend/node-api-ts-express-opp/src/controllers/post.controller.ts:1:7)
    at Module._compile (node:internal/modules/cjs/loader:1105:14)
    at Module._compile (/home/rabindranath/Documents/Backend/node-api-ts-express-opp/node_modules/source-map-support/source-map-support.js:568:25)
    at Module.m._compile (/tmp/ts-node-dev-hook-7383554438726838.js:69:33)
    at Module._extensions..js (node:internal/modules/cjs/loader:1159:10)
    at require.extensions..jsx.require.extensions..js (/tmp/ts-node-dev-hook-7383554438726838.js:114:20)
    at require.extensions.<computed> (/tmp/ts-node-dev-hook-7383554438726838.js:71:20)
    at Object.nodeDevHook [as .ts] (/home/rabindranath/Documents/Backend/node-api-ts-express-opp/node_modules/ts-node-dev/lib/hook.js:63:13)
    at Module.load (node:internal/modules/cjs/loader:981:32)
    at Function.Module._load (node:internal/modules/cjs/loader:822:12)
2022-10-29 16:44:50 error: uncaughtException: ⨯ Unable to compile TypeScript:
src/controllers/post.controller.ts(32,27): error TS2769: No overload matches this call.
  Overload 1 of 2, '(o: {}): string[]', gave the following error.
    Argument of type 'Post | undefined' is not assignable to parameter of type '{}'.
      Type 'undefined' is not assignable to type '{}'.
  Overload 2 of 2, '(o: object): string[]', gave the following error.
    Argument of type 'Post | undefined' is not assignable to parameter of type 'object'.
      Type 'undefined' is not assignable to type 'object'.
src/controllers/post.controller.ts(32,12): error TS1134: Variable declaration expected.
src/controllers/post.controller.ts(32,14): error TS1134: Variable declaration expected.

Error: ⨯ Unable to compile TypeScript:
src/controllers/post.controller.ts(32,27): error TS2769: No overload matches this call.
  Overload 1 of 2, '(o: {}): string[]', gave the following error.
    Argument of type 'Post | undefined' is not assignable to parameter of type '{}'.
      Type 'undefined' is not assignable to type '{}'.
  Overload 2 of 2, '(o: object): string[]', gave the following error.
    Argument of type 'Post | undefined' is not assignable to parameter of type 'object'.
      Type 'undefined' is not assignable to type 'object'.
src/controllers/post.controller.ts(32,12): error TS1134: Variable declaration expected.
src/controllers/post.controller.ts(32,14): error TS1134: Variable declaration expected.

    at Object.<anonymous> (/home/rabindranath/Documents/Backend/node-api-ts-express-opp/src/controllers/post.controller.ts:1:7)
    at Module._compile (node:internal/modules/cjs/loader:1105:14)
    at Module._compile (/home/rabindranath/Documents/Backend/node-api-ts-express-opp/node_modules/source-map-support/source-map-support.js:568:25)
    at Module.m._compile (/tmp/ts-node-dev-hook-7383554438726838.js:69:33)
    at Module._extensions..js (node:internal/modules/cjs/loader:1159:10)
    at require.extensions..jsx.require.extensions..js (/tmp/ts-node-dev-hook-7383554438726838.js:114:20)
    at require.extensions.<computed> (/tmp/ts-node-dev-hook-7383554438726838.js:71:20)
    at Object.nodeDevHook [as .ts] (/home/rabindranath/Documents/Backend/node-api-ts-express-opp/node_modules/ts-node-dev/lib/hook.js:63:13)
    at Module.load (node:internal/modules/cjs/loader:981:32)
    at Function.Module._load (node:internal/modules/cjs/loader:822:12)
2022-10-29 16:44:54 error: uncaughtException: ⨯ Unable to compile TypeScript:
src/controllers/post.controller.ts(27,48): error TS2300: Duplicate identifier 'res'.
src/controllers/post.controller.ts(32,11): error TS2300: Duplicate identifier 'res'.
src/controllers/post.controller.ts(32,30): error TS2769: No overload matches this call.
  Overload 1 of 2, '(o: {}): string[]', gave the following error.
    Argument of type 'Post | undefined' is not assignable to parameter of type '{}'.
      Type 'undefined' is not assignable to type '{}'.
  Overload 2 of 2, '(o: object): string[]', gave the following error.
    Argument of type 'Post | undefined' is not assignable to parameter of type 'object'.
      Type 'undefined' is not assignable to type 'object'.

Error: ⨯ Unable to compile TypeScript:
src/controllers/post.controller.ts(27,48): error TS2300: Duplicate identifier 'res'.
src/controllers/post.controller.ts(32,11): error TS2300: Duplicate identifier 'res'.
src/controllers/post.controller.ts(32,30): error TS2769: No overload matches this call.
  Overload 1 of 2, '(o: {}): string[]', gave the following error.
    Argument of type 'Post | undefined' is not assignable to parameter of type '{}'.
      Type 'undefined' is not assignable to type '{}'.
  Overload 2 of 2, '(o: object): string[]', gave the following error.
    Argument of type 'Post | undefined' is not assignable to parameter of type 'object'.
      Type 'undefined' is not assignable to type 'object'.

    at Object.<anonymous> (/home/rabindranath/Documents/Backend/node-api-ts-express-opp/src/controllers/post.controller.ts:1:7)
    at Module._compile (node:internal/modules/cjs/loader:1105:14)
    at Module._compile (/home/rabindranath/Documents/Backend/node-api-ts-express-opp/node_modules/source-map-support/source-map-support.js:568:25)
    at Module.m._compile (/tmp/ts-node-dev-hook-7383554438726838.js:69:33)
    at Module._extensions..js (node:internal/modules/cjs/loader:1159:10)
    at require.extensions..jsx.require.extensions..js (/tmp/ts-node-dev-hook-7383554438726838.js:114:20)
    at require.extensions.<computed> (/tmp/ts-node-dev-hook-7383554438726838.js:71:20)
    at Object.nodeDevHook [as .ts] (/home/rabindranath/Documents/Backend/node-api-ts-express-opp/node_modules/ts-node-dev/lib/hook.js:63:13)
    at Module.load (node:internal/modules/cjs/loader:981:32)
    at Function.Module._load (node:internal/modules/cjs/loader:822:12)
2022-10-29 16:45:02 error: uncaughtException: ⨯ Unable to compile TypeScript:
src/controllers/post.controller.ts(32,11): error TS6133: 'specifRes' is declared but its value is never read.
src/controllers/post.controller.ts(32,36): error TS2769: No overload matches this call.
  Overload 1 of 2, '(o: {}): string[]', gave the following error.
    Argument of type 'Post | undefined' is not assignable to parameter of type '{}'.
      Type 'undefined' is not assignable to type '{}'.
  Overload 2 of 2, '(o: object): string[]', gave the following error.
    Argument of type 'Post | undefined' is not assignable to parameter of type 'object'.
      Type 'undefined' is not assignable to type 'object'.

Error: ⨯ Unable to compile TypeScript:
src/controllers/post.controller.ts(32,11): error TS6133: 'specifRes' is declared but its value is never read.
src/controllers/post.controller.ts(32,36): error TS2769: No overload matches this call.
  Overload 1 of 2, '(o: {}): string[]', gave the following error.
    Argument of type 'Post | undefined' is not assignable to parameter of type '{}'.
      Type 'undefined' is not assignable to type '{}'.
  Overload 2 of 2, '(o: object): string[]', gave the following error.
    Argument of type 'Post | undefined' is not assignable to parameter of type 'object'.
      Type 'undefined' is not assignable to type 'object'.

    at Object.<anonymous> (/home/rabindranath/Documents/Backend/node-api-ts-express-opp/src/controllers/post.controller.ts:1:7)
    at Module._compile (node:internal/modules/cjs/loader:1105:14)
    at Module._compile (/home/rabindranath/Documents/Backend/node-api-ts-express-opp/node_modules/source-map-support/source-map-support.js:568:25)
    at Module.m._compile (/tmp/ts-node-dev-hook-7383554438726838.js:69:33)
    at Module._extensions..js (node:internal/modules/cjs/loader:1159:10)
    at require.extensions..jsx.require.extensions..js (/tmp/ts-node-dev-hook-7383554438726838.js:114:20)
    at require.extensions.<computed> (/tmp/ts-node-dev-hook-7383554438726838.js:71:20)
    at Object.nodeDevHook [as .ts] (/home/rabindranath/Documents/Backend/node-api-ts-express-opp/node_modules/ts-node-dev/lib/hook.js:63:13)
    at Module.load (node:internal/modules/cjs/loader:981:32)
    at Function.Module._load (node:internal/modules/cjs/loader:822:12)
2022-10-29 16:45:08 error: uncaughtException: ⨯ Unable to compile TypeScript:
src/controllers/post.controller.ts(32,24): error TS2552: Cannot find name 'object'. Did you mean 'Object'?

Error: ⨯ Unable to compile TypeScript:
src/controllers/post.controller.ts(32,24): error TS2552: Cannot find name 'object'. Did you mean 'Object'?

    at Object.<anonymous> (/home/rabindranath/Documents/Backend/node-api-ts-express-opp/src/controllers/post.controller.ts:1:7)
    at Module._compile (node:internal/modules/cjs/loader:1105:14)
    at Module._compile (/home/rabindranath/Documents/Backend/node-api-ts-express-opp/node_modules/source-map-support/source-map-support.js:568:25)
    at Module.m._compile (/tmp/ts-node-dev-hook-7383554438726838.js:69:33)
    at Module._extensions..js (node:internal/modules/cjs/loader:1159:10)
    at require.extensions..jsx.require.extensions..js (/tmp/ts-node-dev-hook-7383554438726838.js:114:20)
    at require.extensions.<computed> (/tmp/ts-node-dev-hook-7383554438726838.js:71:20)
    at Object.nodeDevHook [as .ts] (/home/rabindranath/Documents/Backend/node-api-ts-express-opp/node_modules/ts-node-dev/lib/hook.js:63:13)
    at Module.load (node:internal/modules/cjs/loader:981:32)
    at Function.Module._load (node:internal/modules/cjs/loader:822:12)
2022-10-29 16:45:12 error: uncaughtException: ⨯ Unable to compile TypeScript:
src/controllers/post.controller.ts(32,24): error TS2552: Cannot find name 'object'. Did you mean 'Object'?
src/controllers/post.controller.ts(33,5): error TS1005: ')' expected.

Error: ⨯ Unable to compile TypeScript:
src/controllers/post.controller.ts(32,24): error TS2552: Cannot find name 'object'. Did you mean 'Object'?
src/controllers/post.controller.ts(33,5): error TS1005: ')' expected.

    at Object.<anonymous> (/home/rabindranath/Documents/Backend/node-api-ts-express-opp/src/controllers/post.controller.ts:1:7)
    at Module._compile (node:internal/modules/cjs/loader:1105:14)
    at Module._compile (/home/rabindranath/Documents/Backend/node-api-ts-express-opp/node_modules/source-map-support/source-map-support.js:568:25)
    at Module.m._compile (/tmp/ts-node-dev-hook-7383554438726838.js:69:33)
    at Module._extensions..js (node:internal/modules/cjs/loader:1159:10)
    at require.extensions..jsx.require.extensions..js (/tmp/ts-node-dev-hook-7383554438726838.js:114:20)
    at require.extensions.<computed> (/tmp/ts-node-dev-hook-7383554438726838.js:71:20)
    at Object.nodeDevHook [as .ts] (/home/rabindranath/Documents/Backend/node-api-ts-express-opp/node_modules/ts-node-dev/lib/hook.js:63:13)
    at Module.load (node:internal/modules/cjs/loader:981:32)
    at Function.Module._load (node:internal/modules/cjs/loader:822:12)
2022-10-29 16:45:16 error: uncaughtException: ⨯ Unable to compile TypeScript:
src/controllers/post.controller.ts(32,23): error TS2552: Cannot find name 'object'. Did you mean 'Object'?

Error: ⨯ Unable to compile TypeScript:
src/controllers/post.controller.ts(32,23): error TS2552: Cannot find name 'object'. Did you mean 'Object'?

    at Object.<anonymous> (/home/rabindranath/Documents/Backend/node-api-ts-express-opp/src/controllers/post.controller.ts:1:7)
    at Module._compile (node:internal/modules/cjs/loader:1105:14)
    at Module._compile (/home/rabindranath/Documents/Backend/node-api-ts-express-opp/node_modules/source-map-support/source-map-support.js:568:25)
    at Module.m._compile (/tmp/ts-node-dev-hook-7383554438726838.js:69:33)
    at Module._extensions..js (node:internal/modules/cjs/loader:1159:10)
    at require.extensions..jsx.require.extensions..js (/tmp/ts-node-dev-hook-7383554438726838.js:114:20)
    at require.extensions.<computed> (/tmp/ts-node-dev-hook-7383554438726838.js:71:20)
    at Object.nodeDevHook [as .ts] (/home/rabindranath/Documents/Backend/node-api-ts-express-opp/node_modules/ts-node-dev/lib/hook.js:63:13)
    at Module.load (node:internal/modules/cjs/loader:981:32)
    at Function.Module._load (node:internal/modules/cjs/loader:822:12)
2022-10-29 16:45:21 error: uncaughtException: ⨯ Unable to compile TypeScript:
src/controllers/post.controller.ts(32,35): error TS2769: No overload matches this call.
  Overload 1 of 2, '(o: {}): string[]', gave the following error.
    Argument of type 'Post | undefined' is not assignable to parameter of type '{}'.
      Type 'undefined' is not assignable to type '{}'.
  Overload 2 of 2, '(o: object): string[]', gave the following error.
    Argument of type 'Post | undefined' is not assignable to parameter of type 'object'.
      Type 'undefined' is not assignable to type 'object'.

Error: ⨯ Unable to compile TypeScript:
src/controllers/post.controller.ts(32,35): error TS2769: No overload matches this call.
  Overload 1 of 2, '(o: {}): string[]', gave the following error.
    Argument of type 'Post | undefined' is not assignable to parameter of type '{}'.
      Type 'undefined' is not assignable to type '{}'.
  Overload 2 of 2, '(o: object): string[]', gave the following error.
    Argument of type 'Post | undefined' is not assignable to parameter of type 'object'.
      Type 'undefined' is not assignable to type 'object'.

    at Object.<anonymous> (/home/rabindranath/Documents/Backend/node-api-ts-express-opp/src/controllers/post.controller.ts:1:7)
    at Module._compile (node:internal/modules/cjs/loader:1105:14)
    at Module._compile (/home/rabindranath/Documents/Backend/node-api-ts-express-opp/node_modules/source-map-support/source-map-support.js:568:25)
    at Module.m._compile (/tmp/ts-node-dev-hook-7383554438726838.js:69:33)
    at Module._extensions..js (node:internal/modules/cjs/loader:1159:10)
    at require.extensions..jsx.require.extensions..js (/tmp/ts-node-dev-hook-7383554438726838.js:114:20)
    at require.extensions.<computed> (/tmp/ts-node-dev-hook-7383554438726838.js:71:20)
    at Object.nodeDevHook [as .ts] (/home/rabindranath/Documents/Backend/node-api-ts-express-opp/node_modules/ts-node-dev/lib/hook.js:63:13)
    at Module.load (node:internal/modules/cjs/loader:981:32)
    at Function.Module._load (node:internal/modules/cjs/loader:822:12)
2022-10-29 16:46:54 error: uncaughtException: ⨯ Unable to compile TypeScript:
src/controllers/post.controller.ts(32,43): error TS2769: No overload matches this call.
  Overload 1 of 2, '(o: {}): string[]', gave the following error.
    Argument of type 'Post | undefined' is not assignable to parameter of type '{}'.
      Type 'undefined' is not assignable to type '{}'.
  Overload 2 of 2, '(o: object): string[]', gave the following error.
    Argument of type 'Post | undefined' is not assignable to parameter of type 'object'.
      Type 'undefined' is not assignable to type 'object'.
src/controllers/post.controller.ts(32,48): error TS1005: ')' expected.

Error: ⨯ Unable to compile TypeScript:
src/controllers/post.controller.ts(32,43): error TS2769: No overload matches this call.
  Overload 1 of 2, '(o: {}): string[]', gave the following error.
    Argument of type 'Post | undefined' is not assignable to parameter of type '{}'.
      Type 'undefined' is not assignable to type '{}'.
  Overload 2 of 2, '(o: object): string[]', gave the following error.
    Argument of type 'Post | undefined' is not assignable to parameter of type 'object'.
      Type 'undefined' is not assignable to type 'object'.
src/controllers/post.controller.ts(32,48): error TS1005: ')' expected.

    at Object.<anonymous> (/home/rabindranath/Documents/Backend/node-api-ts-express-opp/src/controllers/post.controller.ts:1:7)
    at Module._compile (node:internal/modules/cjs/loader:1105:14)
    at Module._compile (/home/rabindranath/Documents/Backend/node-api-ts-express-opp/node_modules/source-map-support/source-map-support.js:568:25)
    at Module.m._compile (/tmp/ts-node-dev-hook-7383554438726838.js:69:33)
    at Module._extensions..js (node:internal/modules/cjs/loader:1159:10)
    at require.extensions..jsx.require.extensions..js (/tmp/ts-node-dev-hook-7383554438726838.js:114:20)
    at require.extensions.<computed> (/tmp/ts-node-dev-hook-7383554438726838.js:71:20)
    at Object.nodeDevHook [as .ts] (/home/rabindranath/Documents/Backend/node-api-ts-express-opp/node_modules/ts-node-dev/lib/hook.js:63:13)
    at Module.load (node:internal/modules/cjs/loader:981:32)
    at Function.Module._load (node:internal/modules/cjs/loader:822:12)
2022-10-29 16:46:58 error: uncaughtException: ⨯ Unable to compile TypeScript:
src/controllers/post.controller.ts(32,43): error TS2769: No overload matches this call.
  Overload 1 of 2, '(o: {}): string[]', gave the following error.
    Argument of type 'Post | undefined' is not assignable to parameter of type '{}'.
      Type 'undefined' is not assignable to type '{}'.
  Overload 2 of 2, '(o: object): string[]', gave the following error.
    Argument of type 'Post | undefined' is not assignable to parameter of type 'object'.
      Type 'undefined' is not assignable to type 'object'.

Error: ⨯ Unable to compile TypeScript:
src/controllers/post.controller.ts(32,43): error TS2769: No overload matches this call.
  Overload 1 of 2, '(o: {}): string[]', gave the following error.
    Argument of type 'Post | undefined' is not assignable to parameter of type '{}'.
      Type 'undefined' is not assignable to type '{}'.
  Overload 2 of 2, '(o: object): string[]', gave the following error.
    Argument of type 'Post | undefined' is not assignable to parameter of type 'object'.
      Type 'undefined' is not assignable to type 'object'.

    at Object.<anonymous> (/home/rabindranath/Documents/Backend/node-api-ts-express-opp/src/controllers/post.controller.ts:1:7)
    at Module._compile (node:internal/modules/cjs/loader:1105:14)
    at Module._compile (/home/rabindranath/Documents/Backend/node-api-ts-express-opp/node_modules/source-map-support/source-map-support.js:568:25)
    at Module.m._compile (/tmp/ts-node-dev-hook-7383554438726838.js:69:33)
    at Module._extensions..js (node:internal/modules/cjs/loader:1159:10)
    at require.extensions..jsx.require.extensions..js (/tmp/ts-node-dev-hook-7383554438726838.js:114:20)
    at require.extensions.<computed> (/tmp/ts-node-dev-hook-7383554438726838.js:71:20)
    at Object.nodeDevHook [as .ts] (/home/rabindranath/Documents/Backend/node-api-ts-express-opp/node_modules/ts-node-dev/lib/hook.js:63:13)
    at Module.load (node:internal/modules/cjs/loader:981:32)
    at Function.Module._load (node:internal/modules/cjs/loader:822:12)
2022-10-29 16:47:59 error: uncaughtException: ⨯ Unable to compile TypeScript:
src/controllers/post.controller.ts(38,41): error TS2339: Property 'createPost' does not exist on type 'PostService'.

Error: ⨯ Unable to compile TypeScript:
src/controllers/post.controller.ts(38,41): error TS2339: Property 'createPost' does not exist on type 'PostService'.

    at Object.<anonymous> (/home/rabindranath/Documents/Backend/node-api-ts-express-opp/src/controllers/post.controller.ts:1:7)
    at Module._compile (node:internal/modules/cjs/loader:1105:14)
    at Module._compile (/home/rabindranath/Documents/Backend/node-api-ts-express-opp/node_modules/source-map-support/source-map-support.js:568:25)
    at Module.m._compile (/tmp/ts-node-dev-hook-7383554438726838.js:69:33)
    at Module._extensions..js (node:internal/modules/cjs/loader:1159:10)
    at require.extensions..jsx.require.extensions..js (/tmp/ts-node-dev-hook-7383554438726838.js:114:20)
    at require.extensions.<computed> (/tmp/ts-node-dev-hook-7383554438726838.js:71:20)
    at Object.nodeDevHook [as .ts] (/home/rabindranath/Documents/Backend/node-api-ts-express-opp/node_modules/ts-node-dev/lib/hook.js:63:13)
    at Module.load (node:internal/modules/cjs/loader:981:32)
    at Function.Module._load (node:internal/modules/cjs/loader:822:12)
2022-10-29 16:48:34 error: uncaughtException: ⨯ Unable to compile TypeScript:
src/controllers/post.controller.ts(31,11): error TS6133: 'resp' is declared but its value is never read.
src/controllers/post.controller.ts(32,26): error TS2304: Cannot find name 'specifRes'.

Error: ⨯ Unable to compile TypeScript:
src/controllers/post.controller.ts(31,11): error TS6133: 'resp' is declared but its value is never read.
src/controllers/post.controller.ts(32,26): error TS2304: Cannot find name 'specifRes'.

    at Object.<anonymous> (/home/rabindranath/Documents/Backend/node-api-ts-express-opp/src/controllers/post.controller.ts:1:7)
    at Module._compile (node:internal/modules/cjs/loader:1105:14)
    at Module._compile (/home/rabindranath/Documents/Backend/node-api-ts-express-opp/node_modules/source-map-support/source-map-support.js:568:25)
    at Module.m._compile (/tmp/ts-node-dev-hook-7383554438726838.js:69:33)
    at Module._extensions..js (node:internal/modules/cjs/loader:1159:10)
    at require.extensions..jsx.require.extensions..js (/tmp/ts-node-dev-hook-7383554438726838.js:114:20)
    at require.extensions.<computed> (/tmp/ts-node-dev-hook-7383554438726838.js:71:20)
    at Object.nodeDevHook [as .ts] (/home/rabindranath/Documents/Backend/node-api-ts-express-opp/node_modules/ts-node-dev/lib/hook.js:63:13)
    at Module.load (node:internal/modules/cjs/loader:981:32)
    at Function.Module._load (node:internal/modules/cjs/loader:822:12)
2022-10-29 16:49:29 error: uncaughtException: Cannot set headers after they are sent to the client
Error: Cannot set headers after they are sent to the client
    at new NodeError (node:internal/errors:372:5)
    at ServerResponse.setHeader (node:_http_outgoing:576:11)
    at ServerResponse.header (/home/rabindranath/Documents/Backend/node-api-ts-express-opp/node_modules/express/lib/response.js:794:10)
    at ServerResponse.send (/home/rabindranath/Documents/Backend/node-api-ts-express-opp/node_modules/express/lib/response.js:174:12)
    at ServerResponse.json (/home/rabindranath/Documents/Backend/node-api-ts-express-opp/node_modules/express/lib/response.js:278:15)
    at deletePostCtrl (/home/rabindranath/Documents/Backend/node-api-ts-express-opp/src/controllers/post.controller.ts:32:21)
    at processTicksAndRejections (node:internal/process/task_queues:96:5)
2022-10-29 16:54:14 error: uncaughtException: ⨯ Unable to compile TypeScript:
src/routes/post.routes.ts(233,15): error TS2304: Cannot find name 'description'.
src/routes/post.routes.ts(233,28): error TS2304: Cannot find name 'bad'.
src/routes/post.routes.ts(233,32): error TS2552: Cannot find name 'request'. Did you mean 'Request'?
src/routes/post.routes.ts(233,40): error TS2304: Cannot find name 'missing'.
src/routes/post.routes.ts(233,48): error TS2304: Cannot find name 'parameters'.
src/routes/post.routes.ts(234,15): error TS2304: Cannot find name 'content'.
src/routes/post.routes.ts(235,17): error TS2304: Cannot find name 'application'.
src/routes/post.routes.ts(235,29): error TS2552: Cannot find name 'json'. Did you mean 'JSON'?
src/routes/post.routes.ts(236,19): error TS2304: Cannot find name 'schema'.
src/routes/post.routes.ts(237,21): error TS2304: Cannot find name 'type'.
src/routes/post.routes.ts(237,27): error TS2304: Cannot find name 'object'.
src/routes/post.routes.ts(238,21): error TS2304: Cannot find name 'propierties'.
src/routes/post.routes.ts(239,23): error TS2304: Cannot find name 'message'.
src/routes/post.routes.ts(240,25): error TS2304: Cannot find name 'type'.
src/routes/post.routes.ts(240,31): error TS2693: 'string' only refers to a type, but is being used as a value here.
src/routes/post.routes.ts(241,25): error TS2304: Cannot find name 'description'.
src/routes/post.routes.ts(241,38): error TS2304: Cannot find name 'error'.
src/routes/post.routes.ts(241,44): error TS2304: Cannot find name 'description'.
src/routes/post.routes.ts(241,56): error TS2304: Cannot find name 'message'.
src/routes/post.routes.ts(242,7): error TS2363: The right-hand side of an arithmetic operation must be of type 'any', 'number', 'bigint' or an enum type.
src/routes/post.routes.ts(232,6): error TS1109: Expression expected.
src/routes/post.routes.ts(232,16): error TS1005: ';' expected.
src/routes/post.routes.ts(233,6): error TS1109: Expression expected.
src/routes/post.routes.ts(233,26): error TS1005: ';' expected.
src/routes/post.routes.ts(233,28): error TS1434: Unexpected keyword or identifier.
src/routes/post.routes.ts(233,32): error TS1434: Unexpected keyword or identifier.
src/routes/post.routes.ts(233,40): error TS1434: Unexpected keyword or identifier.
src/routes/post.routes.ts(234,22): error TS1005: ';' expected.
src/routes/post.routes.ts(235,6): error TS1109: Expression expected.
src/routes/post.routes.ts(235,33): error TS1005: ';' expected.
src/routes/post.routes.ts(236,6): error TS1109: Expression expected.
src/routes/post.routes.ts(236,25): error TS1005: ';' expected.
src/routes/post.routes.ts(237,6): error TS1109: Expression expected.
src/routes/post.routes.ts(237,25): error TS1005: ';' expected.
src/routes/post.routes.ts(238,32): error TS1005: ';' expected.
src/routes/post.routes.ts(239,6): error TS1109: Expression expected.
src/routes/post.routes.ts(239,30): error TS1005: ';' expected.
src/routes/post.routes.ts(240,6): error TS1109: Expression expected.
src/routes/post.routes.ts(240,29): error TS1005: ';' expected.
src/routes/post.routes.ts(241,36): error TS1005: ';' expected.
src/routes/post.routes.ts(241,38): error TS1434: Unexpected keyword or identifier.
src/routes/post.routes.ts(241,44): error TS1434: Unexpected keyword or identifier.
src/routes/post.routes.ts(242,8): error TS1161: Unterminated regular expression literal.

Error: ⨯ Unable to compile TypeScript:
src/routes/post.routes.ts(233,15): error TS2304: Cannot find name 'description'.
src/routes/post.routes.ts(233,28): error TS2304: Cannot find name 'bad'.
src/routes/post.routes.ts(233,32): error TS2552: Cannot find name 'request'. Did you mean 'Request'?
src/routes/post.routes.ts(233,40): error TS2304: Cannot find name 'missing'.
src/routes/post.routes.ts(233,48): error TS2304: Cannot find name 'parameters'.
src/routes/post.routes.ts(234,15): error TS2304: Cannot find name 'content'.
src/routes/post.routes.ts(235,17): error TS2304: Cannot find name 'application'.
src/routes/post.routes.ts(235,29): error TS2552: Cannot find name 'json'. Did you mean 'JSON'?
src/routes/post.routes.ts(236,19): error TS2304: Cannot find name 'schema'.
src/routes/post.routes.ts(237,21): error TS2304: Cannot find name 'type'.
src/routes/post.routes.ts(237,27): error TS2304: Cannot find name 'object'.
src/routes/post.routes.ts(238,21): error TS2304: Cannot find name 'propierties'.
src/routes/post.routes.ts(239,23): error TS2304: Cannot find name 'message'.
src/routes/post.routes.ts(240,25): error TS2304: Cannot find name 'type'.
src/routes/post.routes.ts(240,31): error TS2693: 'string' only refers to a type, but is being used as a value here.
src/routes/post.routes.ts(241,25): error TS2304: Cannot find name 'description'.
src/routes/post.routes.ts(241,38): error TS2304: Cannot find name 'error'.
src/routes/post.routes.ts(241,44): error TS2304: Cannot find name 'description'.
src/routes/post.routes.ts(241,56): error TS2304: Cannot find name 'message'.
src/routes/post.routes.ts(242,7): error TS2363: The right-hand side of an arithmetic operation must be of type 'any', 'number', 'bigint' or an enum type.
src/routes/post.routes.ts(232,6): error TS1109: Expression expected.
src/routes/post.routes.ts(232,16): error TS1005: ';' expected.
src/routes/post.routes.ts(233,6): error TS1109: Expression expected.
src/routes/post.routes.ts(233,26): error TS1005: ';' expected.
src/routes/post.routes.ts(233,28): error TS1434: Unexpected keyword or identifier.
src/routes/post.routes.ts(233,32): error TS1434: Unexpected keyword or identifier.
src/routes/post.routes.ts(233,40): error TS1434: Unexpected keyword or identifier.
src/routes/post.routes.ts(234,22): error TS1005: ';' expected.
src/routes/post.routes.ts(235,6): error TS1109: Expression expected.
src/routes/post.routes.ts(235,33): error TS1005: ';' expected.
src/routes/post.routes.ts(236,6): error TS1109: Expression expected.
src/routes/post.routes.ts(236,25): error TS1005: ';' expected.
src/routes/post.routes.ts(237,6): error TS1109: Expression expected.
src/routes/post.routes.ts(237,25): error TS1005: ';' expected.
src/routes/post.routes.ts(238,32): error TS1005: ';' expected.
src/routes/post.routes.ts(239,6): error TS1109: Expression expected.
src/routes/post.routes.ts(239,30): error TS1005: ';' expected.
src/routes/post.routes.ts(240,6): error TS1109: Expression expected.
src/routes/post.routes.ts(240,29): error TS1005: ';' expected.
src/routes/post.routes.ts(241,36): error TS1005: ';' expected.
src/routes/post.routes.ts(241,38): error TS1434: Unexpected keyword or identifier.
src/routes/post.routes.ts(241,44): error TS1434: Unexpected keyword or identifier.
src/routes/post.routes.ts(242,8): error TS1161: Unterminated regular expression literal.

    at Object.<anonymous> (/home/rabindranath/Documents/Backend/node-api-ts-express-opp/src/routes/post.routes.ts:1:7)
    at Module._compile (node:internal/modules/cjs/loader:1105:14)
    at Module._compile (/home/rabindranath/Documents/Backend/node-api-ts-express-opp/node_modules/source-map-support/source-map-support.js:568:25)
    at Module.m._compile (/tmp/ts-node-dev-hook-2860293219136998.js:69:33)
    at Module._extensions..js (node:internal/modules/cjs/loader:1159:10)
    at require.extensions..jsx.require.extensions..js (/tmp/ts-node-dev-hook-2860293219136998.js:114:20)
    at require.extensions.<computed> (/tmp/ts-node-dev-hook-2860293219136998.js:71:20)
    at Object.nodeDevHook [as .ts] (/home/rabindranath/Documents/Backend/node-api-ts-express-opp/node_modules/ts-node-dev/lib/hook.js:63:13)
    at Module.load (node:internal/modules/cjs/loader:981:32)
    at Function.Module._load (node:internal/modules/cjs/loader:822:12)
2022-10-29 16:59:10 error: uncaughtException: Cannot set headers after they are sent to the client
Error: Cannot set headers after they are sent to the client
    at new NodeError (node:internal/errors:372:5)
    at ServerResponse.setHeader (node:_http_outgoing:576:11)
    at ServerResponse.header (/home/rabindranath/Documents/Backend/node-api-ts-express-opp/node_modules/express/lib/response.js:794:10)
    at ServerResponse.send (/home/rabindranath/Documents/Backend/node-api-ts-express-opp/node_modules/express/lib/response.js:174:12)
    at ServerResponse.json (/home/rabindranath/Documents/Backend/node-api-ts-express-opp/node_modules/express/lib/response.js:278:15)
    at deletePostCtrl (/home/rabindranath/Documents/Backend/node-api-ts-express-opp/src/controllers/post.controller.ts:32:21)
    at processTicksAndRejections (node:internal/process/task_queues:96:5)
