2022-10-27 22:56:35 error: uncaughtException: ⨯ Unable to compile TypeScript:
src/controllers/post.controller.ts(30,5): error TS2304: Cannot find name 'clg'.

Error: ⨯ Unable to compile TypeScript:
src/controllers/post.controller.ts(30,5): error TS2304: Cannot find name 'clg'.

    at Object.<anonymous> (/home/rabindranath/Documents/Backend/node-api-ts-express-opp/src/controllers/post.controller.ts:1:7)
    at Module._compile (node:internal/modules/cjs/loader:1105:14)
    at Module._compile (/home/rabindranath/Documents/Backend/node-api-ts-express-opp/node_modules/source-map-support/source-map-support.js:568:25)
    at Module.m._compile (/tmp/ts-node-dev-hook-5817155678978654.js:69:33)
    at Module._extensions..js (node:internal/modules/cjs/loader:1159:10)
    at require.extensions..jsx.require.extensions..js (/tmp/ts-node-dev-hook-5817155678978654.js:114:20)
    at require.extensions.<computed> (/tmp/ts-node-dev-hook-5817155678978654.js:71:20)
    at Object.nodeDevHook [as .ts] (/home/rabindranath/Documents/Backend/node-api-ts-express-opp/node_modules/ts-node-dev/lib/hook.js:63:13)
    at Module.load (node:internal/modules/cjs/loader:981:32)
    at Function.Module._load (node:internal/modules/cjs/loader:822:12)
2022-10-27 22:56:40 error: uncaughtException: ⨯ Unable to compile TypeScript:
src/controllers/post.controller.ts(30,19): error TS1109: Expression expected.

Error: ⨯ Unable to compile TypeScript:
src/controllers/post.controller.ts(30,19): error TS1109: Expression expected.

    at Object.<anonymous> (/home/rabindranath/Documents/Backend/node-api-ts-express-opp/src/controllers/post.controller.ts:1:7)
    at Module._compile (node:internal/modules/cjs/loader:1105:14)
    at Module._compile (/home/rabindranath/Documents/Backend/node-api-ts-express-opp/node_modules/source-map-support/source-map-support.js:568:25)
    at Module.m._compile (/tmp/ts-node-dev-hook-5817155678978654.js:69:33)
    at Module._extensions..js (node:internal/modules/cjs/loader:1159:10)
    at require.extensions..jsx.require.extensions..js (/tmp/ts-node-dev-hook-5817155678978654.js:114:20)
    at require.extensions.<computed> (/tmp/ts-node-dev-hook-5817155678978654.js:71:20)
    at Object.nodeDevHook [as .ts] (/home/rabindranath/Documents/Backend/node-api-ts-express-opp/node_modules/ts-node-dev/lib/hook.js:63:13)
    at Module.load (node:internal/modules/cjs/loader:981:32)
    at Function.Module._load (node:internal/modules/cjs/loader:822:12)
2022-10-27 23:03:19 error: uncaughtException: ⨯ Unable to compile TypeScript:
src/services/post.service.ts(27,12): error TS1123: Variable declaration list cannot be empty.

Error: ⨯ Unable to compile TypeScript:
src/services/post.service.ts(27,12): error TS1123: Variable declaration list cannot be empty.

    at Object.<anonymous> (/home/rabindranath/Documents/Backend/node-api-ts-express-opp/src/services/post.service.ts:1:7)
    at Module._compile (node:internal/modules/cjs/loader:1105:14)
    at Module._compile (/home/rabindranath/Documents/Backend/node-api-ts-express-opp/node_modules/source-map-support/source-map-support.js:568:25)
    at Module.m._compile (/tmp/ts-node-dev-hook-5817155678978654.js:69:33)
    at Module._extensions..js (node:internal/modules/cjs/loader:1159:10)
    at require.extensions..jsx.require.extensions..js (/tmp/ts-node-dev-hook-5817155678978654.js:114:20)
    at require.extensions.<computed> (/tmp/ts-node-dev-hook-5817155678978654.js:71:20)
    at Object.nodeDevHook [as .ts] (/home/rabindranath/Documents/Backend/node-api-ts-express-opp/node_modules/ts-node-dev/lib/hook.js:63:13)
    at Module.load (node:internal/modules/cjs/loader:981:32)
    at Function.Module._load (node:internal/modules/cjs/loader:822:12)
2022-10-27 23:03:25 error: uncaughtException: ⨯ Unable to compile TypeScript:
src/services/post.service.ts(27,13): error TS6133: 'bodyUpdate' is declared but its value is never read.

Error: ⨯ Unable to compile TypeScript:
src/services/post.service.ts(27,13): error TS6133: 'bodyUpdate' is declared but its value is never read.

    at Object.<anonymous> (/home/rabindranath/Documents/Backend/node-api-ts-express-opp/src/services/post.service.ts:1:7)
    at Module._compile (node:internal/modules/cjs/loader:1105:14)
    at Module._compile (/home/rabindranath/Documents/Backend/node-api-ts-express-opp/node_modules/source-map-support/source-map-support.js:568:25)
    at Module.m._compile (/tmp/ts-node-dev-hook-5817155678978654.js:69:33)
    at Module._extensions..js (node:internal/modules/cjs/loader:1159:10)
    at require.extensions..jsx.require.extensions..js (/tmp/ts-node-dev-hook-5817155678978654.js:114:20)
    at require.extensions.<computed> (/tmp/ts-node-dev-hook-5817155678978654.js:71:20)
    at Object.nodeDevHook [as .ts] (/home/rabindranath/Documents/Backend/node-api-ts-express-opp/node_modules/ts-node-dev/lib/hook.js:63:13)
    at Module.load (node:internal/modules/cjs/loader:981:32)
    at Function.Module._load (node:internal/modules/cjs/loader:822:12)
2022-10-27 23:04:29 error: uncaughtException: ⨯ Unable to compile TypeScript:
src/services/post.service.ts(27,99): error TS2552: Cannot find name 'bodyUpdate'. Did you mean 'bodyData'?

Error: ⨯ Unable to compile TypeScript:
src/services/post.service.ts(27,99): error TS2552: Cannot find name 'bodyUpdate'. Did you mean 'bodyData'?

    at Object.<anonymous> (/home/rabindranath/Documents/Backend/node-api-ts-express-opp/src/services/post.service.ts:1:7)
    at Module._compile (node:internal/modules/cjs/loader:1105:14)
    at Module._compile (/home/rabindranath/Documents/Backend/node-api-ts-express-opp/node_modules/source-map-support/source-map-support.js:568:25)
    at Module.m._compile (/tmp/ts-node-dev-hook-5817155678978654.js:69:33)
    at Module._extensions..js (node:internal/modules/cjs/loader:1159:10)
    at require.extensions..jsx.require.extensions..js (/tmp/ts-node-dev-hook-5817155678978654.js:114:20)
    at require.extensions.<computed> (/tmp/ts-node-dev-hook-5817155678978654.js:71:20)
    at Object.nodeDevHook [as .ts] (/home/rabindranath/Documents/Backend/node-api-ts-express-opp/node_modules/ts-node-dev/lib/hook.js:63:13)
    at Module.load (node:internal/modules/cjs/loader:981:32)
    at Function.Module._load (node:internal/modules/cjs/loader:822:12)
2022-10-27 23:05:35 error: uncaughtException: ⨯ Unable to compile TypeScript:
src/services/post.service.ts(27,12): error TS2349: This expression is not callable.
  Type 'String' has no call signatures.
src/services/post.service.ts(27,12): error TS2722: Cannot invoke an object which is possibly 'undefined'.
src/services/post.service.ts(29,7): error TS1135: Argument expression expected.

Error: ⨯ Unable to compile TypeScript:
src/services/post.service.ts(27,12): error TS2349: This expression is not callable.
  Type 'String' has no call signatures.
src/services/post.service.ts(27,12): error TS2722: Cannot invoke an object which is possibly 'undefined'.
src/services/post.service.ts(29,7): error TS1135: Argument expression expected.

    at Object.<anonymous> (/home/rabindranath/Documents/Backend/node-api-ts-express-opp/src/services/post.service.ts:1:7)
    at Module._compile (node:internal/modules/cjs/loader:1105:14)
    at Module._compile (/home/rabindranath/Documents/Backend/node-api-ts-express-opp/node_modules/source-map-support/source-map-support.js:568:25)
    at Module.m._compile (/tmp/ts-node-dev-hook-5817155678978654.js:69:33)
    at Module._extensions..js (node:internal/modules/cjs/loader:1159:10)
    at require.extensions..jsx.require.extensions..js (/tmp/ts-node-dev-hook-5817155678978654.js:114:20)
    at require.extensions.<computed> (/tmp/ts-node-dev-hook-5817155678978654.js:71:20)
    at Object.nodeDevHook [as .ts] (/home/rabindranath/Documents/Backend/node-api-ts-express-opp/node_modules/ts-node-dev/lib/hook.js:63:13)
    at Module.load (node:internal/modules/cjs/loader:981:32)
    at Function.Module._load (node:internal/modules/cjs/loader:822:12)
2022-10-27 23:05:42 error: uncaughtException: ⨯ Unable to compile TypeScript:
src/services/post.service.ts(27,13): error TS2695: Left side of comma operator is unused and has no side effects.
src/services/post.service.ts(27,13): error TS2695: Left side of comma operator is unused and has no side effects.
src/services/post.service.ts(29,7): error TS1109: Expression expected.

Error: ⨯ Unable to compile TypeScript:
src/services/post.service.ts(27,13): error TS2695: Left side of comma operator is unused and has no side effects.
src/services/post.service.ts(27,13): error TS2695: Left side of comma operator is unused and has no side effects.
src/services/post.service.ts(29,7): error TS1109: Expression expected.

    at Object.<anonymous> (/home/rabindranath/Documents/Backend/node-api-ts-express-opp/src/services/post.service.ts:1:7)
    at Module._compile (node:internal/modules/cjs/loader:1105:14)
    at Module._compile (/home/rabindranath/Documents/Backend/node-api-ts-express-opp/node_modules/source-map-support/source-map-support.js:568:25)
    at Module.m._compile (/tmp/ts-node-dev-hook-5817155678978654.js:69:33)
    at Module._extensions..js (node:internal/modules/cjs/loader:1159:10)
    at require.extensions..jsx.require.extensions..js (/tmp/ts-node-dev-hook-5817155678978654.js:114:20)
    at require.extensions.<computed> (/tmp/ts-node-dev-hook-5817155678978654.js:71:20)
    at Object.nodeDevHook [as .ts] (/home/rabindranath/Documents/Backend/node-api-ts-express-opp/node_modules/ts-node-dev/lib/hook.js:63:13)
    at Module.load (node:internal/modules/cjs/loader:981:32)
    at Function.Module._load (node:internal/modules/cjs/loader:822:12)
2022-10-27 23:05:52 error: uncaughtException: ⨯ Unable to compile TypeScript:
src/services/post.service.ts(27,20): error TS1109: Expression expected.

Error: ⨯ Unable to compile TypeScript:
src/services/post.service.ts(27,20): error TS1109: Expression expected.

    at Object.<anonymous> (/home/rabindranath/Documents/Backend/node-api-ts-express-opp/src/services/post.service.ts:1:7)
    at Module._compile (node:internal/modules/cjs/loader:1105:14)
    at Module._compile (/home/rabindranath/Documents/Backend/node-api-ts-express-opp/node_modules/source-map-support/source-map-support.js:568:25)
    at Module.m._compile (/tmp/ts-node-dev-hook-5817155678978654.js:69:33)
    at Module._extensions..js (node:internal/modules/cjs/loader:1159:10)
    at require.extensions..jsx.require.extensions..js (/tmp/ts-node-dev-hook-5817155678978654.js:114:20)
    at require.extensions.<computed> (/tmp/ts-node-dev-hook-5817155678978654.js:71:20)
    at Object.nodeDevHook [as .ts] (/home/rabindranath/Documents/Backend/node-api-ts-express-opp/node_modules/ts-node-dev/lib/hook.js:63:13)
    at Module.load (node:internal/modules/cjs/loader:981:32)
    at Function.Module._load (node:internal/modules/cjs/loader:822:12)
2022-10-27 23:05:59 error: uncaughtException: ⨯ Unable to compile TypeScript:
src/services/post.service.ts(27,21): error TS1109: Expression expected.

Error: ⨯ Unable to compile TypeScript:
src/services/post.service.ts(27,21): error TS1109: Expression expected.

    at Object.<anonymous> (/home/rabindranath/Documents/Backend/node-api-ts-express-opp/src/services/post.service.ts:1:7)
    at Module._compile (node:internal/modules/cjs/loader:1105:14)
    at Module._compile (/home/rabindranath/Documents/Backend/node-api-ts-express-opp/node_modules/source-map-support/source-map-support.js:568:25)
    at Module.m._compile (/tmp/ts-node-dev-hook-5817155678978654.js:69:33)
    at Module._extensions..js (node:internal/modules/cjs/loader:1159:10)
    at require.extensions..jsx.require.extensions..js (/tmp/ts-node-dev-hook-5817155678978654.js:114:20)
    at require.extensions.<computed> (/tmp/ts-node-dev-hook-5817155678978654.js:71:20)
    at Object.nodeDevHook [as .ts] (/home/rabindranath/Documents/Backend/node-api-ts-express-opp/node_modules/ts-node-dev/lib/hook.js:63:13)
    at Module.load (node:internal/modules/cjs/loader:981:32)
    at Function.Module._load (node:internal/modules/cjs/loader:822:12)
2022-10-27 23:07:06 error: uncaughtException: ⨯ Unable to compile TypeScript:
src/services/post.service.ts(25,15): error TS6133: 'title' is declared but its value is never read.
src/services/post.service.ts(30,26): error TS2304: Cannot find name 'result'.
src/services/post.service.ts(32,14): error TS7006: Parameter 'error' implicitly has an 'any' type.
src/services/post.service.ts(38,10): error TS2304: Cannot find name 'async'.
src/services/post.service.ts(38,16): error TS2304: Cannot find name 'deletePost'.
src/services/post.service.ts(38,27): error TS2304: Cannot find name 'id'.
src/services/post.service.ts(38,31): error TS2693: 'string' only refers to a type, but is being used as a value here.
src/services/post.service.ts(38,40): error TS2447: The '|' operator is not allowed for boolean types. Consider using '||' instead.
src/services/post.service.ts(38,48): error TS2693: 'Post' only refers to a type, but is being used as a value here.
src/services/post.service.ts(38,55): error TS2532: Object is possibly 'undefined'.
src/services/post.service.ts(39,9): error TS2367: This condition will always return 'false' since the types '{ const: any; AxiosResponse: AxiosResponse<any, any>; Post: any; if(status: any): any; }' and 'number' have no overlap.
src/services/post.service.ts(39,9): error TS2839: This condition will always return 'false' since JavaScript compares objects by reference, not value.
src/services/post.service.ts(40,15): error TS18004: No value exists in scope for the shorthand property 'data'. Either declare one or provide an initializer.
src/services/post.service.ts(40,85): error TS2304: Cannot find name 'id'.
src/services/post.service.ts(40,139): error TS2304: Cannot find name 'id'.
src/services/post.service.ts(41,13): error TS2304: Cannot find name 'post'.
src/services/post.service.ts(41,26): error TS18004: No value exists in scope for the shorthand property 'data'. Either declare one or provide an initializer.
src/services/post.service.ts(42,11): error TS6133: 'status' is declared but its value is never read.
src/services/post.service.ts(42,11): error TS7006: Parameter 'status' implicitly has an 'any' type.
src/services/post.service.ts(42,41): error TS2304: Cannot find name 'post'.
src/services/post.service.ts(52,10): error TS2304: Cannot find name 'async'.
src/services/post.service.ts(52,16): error TS2304: Cannot find name 'createPost'.
src/services/post.service.ts(52,27): error TS2304: Cannot find name 'bodyData'.
src/services/post.service.ts(52,37): error TS2693: 'any' only refers to a type, but is being used as a value here.
src/services/post.service.ts(53,29): error TS2304: Cannot find name 'bodyData'.
src/services/post.service.ts(55,11): error TS6133: 'response' is declared but its value is never read.
src/services/post.service.ts(55,57): error TS2532: Object is possibly 'undefined'.
src/services/post.service.ts(28,9): error TS1136: Property assignment expected.
src/services/post.service.ts(29,7): error TS1135: Argument expression expected.
src/services/post.service.ts(29,8): error TS1472: 'catch' or 'finally' expected.
src/services/post.service.ts(38,3): error TS1128: Declaration or statement expected.
src/services/post.service.ts(38,10): error TS1434: Unexpected keyword or identifier.
src/services/post.service.ts(38,29): error TS1005: ',' expected.
src/services/post.service.ts(38,38): error TS1005: ';' expected.
src/services/post.service.ts(39,9): error TS1005: ':' expected.
src/services/post.service.ts(40,13): error TS1005: ':' expected.
src/services/post.service.ts(40,29): error TS1005: ',' expected.
src/services/post.service.ts(40,144): error TS1005: ',' expected.
src/services/post.service.ts(41,13): error TS1005: ':' expected.
src/services/post.service.ts(41,17): error TS1005: ',' expected.
src/services/post.service.ts(41,30): error TS1005: ',' expected.
src/services/post.service.ts(42,18): error TS1005: ',' expected.
src/services/post.service.ts(42,59): error TS1005: ',' expected.
src/services/post.service.ts(42,61): error TS1136: Property assignment expected.
src/services/post.service.ts(46,5): error TS1128: Declaration or statement expected.
src/services/post.service.ts(46,7): error TS1005: 'try' expected.
src/services/post.service.ts(50,3): error TS1128: Declaration or statement expected.
src/services/post.service.ts(52,3): error TS1128: Declaration or statement expected.
src/services/post.service.ts(52,10): error TS1434: Unexpected keyword or identifier.
src/services/post.service.ts(52,35): error TS1005: ',' expected.
src/services/post.service.ts(52,42): error TS1005: ';' expected.
src/services/post.service.ts(61,1): error TS1128: Declaration or statement expected.

Error: ⨯ Unable to compile TypeScript:
src/services/post.service.ts(25,15): error TS6133: 'title' is declared but its value is never read.
src/services/post.service.ts(30,26): error TS2304: Cannot find name 'result'.
src/services/post.service.ts(32,14): error TS7006: Parameter 'error' implicitly has an 'any' type.
src/services/post.service.ts(38,10): error TS2304: Cannot find name 'async'.
src/services/post.service.ts(38,16): error TS2304: Cannot find name 'deletePost'.
src/services/post.service.ts(38,27): error TS2304: Cannot find name 'id'.
src/services/post.service.ts(38,31): error TS2693: 'string' only refers to a type, but is being used as a value here.
src/services/post.service.ts(38,40): error TS2447: The '|' operator is not allowed for boolean types. Consider using '||' instead.
src/services/post.service.ts(38,48): error TS2693: 'Post' only refers to a type, but is being used as a value here.
src/services/post.service.ts(38,55): error TS2532: Object is possibly 'undefined'.
src/services/post.service.ts(39,9): error TS2367: This condition will always return 'false' since the types '{ const: any; AxiosResponse: AxiosResponse<any, any>; Post: any; if(status: any): any; }' and 'number' have no overlap.
src/services/post.service.ts(39,9): error TS2839: This condition will always return 'false' since JavaScript compares objects by reference, not value.
src/services/post.service.ts(40,15): error TS18004: No value exists in scope for the shorthand property 'data'. Either declare one or provide an initializer.
src/services/post.service.ts(40,85): error TS2304: Cannot find name 'id'.
src/services/post.service.ts(40,139): error TS2304: Cannot find name 'id'.
src/services/post.service.ts(41,13): error TS2304: Cannot find name 'post'.
src/services/post.service.ts(41,26): error TS18004: No value exists in scope for the shorthand property 'data'. Either declare one or provide an initializer.
src/services/post.service.ts(42,11): error TS6133: 'status' is declared but its value is never read.
src/services/post.service.ts(42,11): error TS7006: Parameter 'status' implicitly has an 'any' type.
src/services/post.service.ts(42,41): error TS2304: Cannot find name 'post'.
src/services/post.service.ts(52,10): error TS2304: Cannot find name 'async'.
src/services/post.service.ts(52,16): error TS2304: Cannot find name 'createPost'.
src/services/post.service.ts(52,27): error TS2304: Cannot find name 'bodyData'.
src/services/post.service.ts(52,37): error TS2693: 'any' only refers to a type, but is being used as a value here.
src/services/post.service.ts(53,29): error TS2304: Cannot find name 'bodyData'.
src/services/post.service.ts(55,11): error TS6133: 'response' is declared but its value is never read.
src/services/post.service.ts(55,57): error TS2532: Object is possibly 'undefined'.
src/services/post.service.ts(28,9): error TS1136: Property assignment expected.
src/services/post.service.ts(29,7): error TS1135: Argument expression expected.
src/services/post.service.ts(29,8): error TS1472: 'catch' or 'finally' expected.
src/services/post.service.ts(38,3): error TS1128: Declaration or statement expected.
src/services/post.service.ts(38,10): error TS1434: Unexpected keyword or identifier.
src/services/post.service.ts(38,29): error TS1005: ',' expected.
src/services/post.service.ts(38,38): error TS1005: ';' expected.
src/services/post.service.ts(39,9): error TS1005: ':' expected.
src/services/post.service.ts(40,13): error TS1005: ':' expected.
src/services/post.service.ts(40,29): error TS1005: ',' expected.
src/services/post.service.ts(40,144): error TS1005: ',' expected.
src/services/post.service.ts(41,13): error TS1005: ':' expected.
src/services/post.service.ts(41,17): error TS1005: ',' expected.
src/services/post.service.ts(41,30): error TS1005: ',' expected.
src/services/post.service.ts(42,18): error TS1005: ',' expected.
src/services/post.service.ts(42,59): error TS1005: ',' expected.
src/services/post.service.ts(42,61): error TS1136: Property assignment expected.
src/services/post.service.ts(46,5): error TS1128: Declaration or statement expected.
src/services/post.service.ts(46,7): error TS1005: 'try' expected.
src/services/post.service.ts(50,3): error TS1128: Declaration or statement expected.
src/services/post.service.ts(52,3): error TS1128: Declaration or statement expected.
src/services/post.service.ts(52,10): error TS1434: Unexpected keyword or identifier.
src/services/post.service.ts(52,35): error TS1005: ',' expected.
src/services/post.service.ts(52,42): error TS1005: ';' expected.
src/services/post.service.ts(61,1): error TS1128: Declaration or statement expected.

    at Object.<anonymous> (/home/rabindranath/Documents/Backend/node-api-ts-express-opp/src/services/post.service.ts:1:7)
    at Module._compile (node:internal/modules/cjs/loader:1105:14)
    at Module._compile (/home/rabindranath/Documents/Backend/node-api-ts-express-opp/node_modules/source-map-support/source-map-support.js:568:25)
    at Module.m._compile (/tmp/ts-node-dev-hook-5817155678978654.js:69:33)
    at Module._extensions..js (node:internal/modules/cjs/loader:1159:10)
    at require.extensions..jsx.require.extensions..js (/tmp/ts-node-dev-hook-5817155678978654.js:114:20)
    at require.extensions.<computed> (/tmp/ts-node-dev-hook-5817155678978654.js:71:20)
    at Object.nodeDevHook [as .ts] (/home/rabindranath/Documents/Backend/node-api-ts-express-opp/node_modules/ts-node-dev/lib/hook.js:63:13)
    at Module.load (node:internal/modules/cjs/loader:981:32)
    at Function.Module._load (node:internal/modules/cjs/loader:822:12)
2022-10-27 23:07:09 error: uncaughtException: ⨯ Unable to compile TypeScript:
src/services/post.service.ts(25,15): error TS6133: 'title' is declared but its value is never read.
src/services/post.service.ts(28,12): error TS2349: This expression is not callable.
  Type 'String' has no call signatures.
src/services/post.service.ts(28,12): error TS2722: Cannot invoke an object which is possibly 'undefined'.

Error: ⨯ Unable to compile TypeScript:
src/services/post.service.ts(25,15): error TS6133: 'title' is declared but its value is never read.
src/services/post.service.ts(28,12): error TS2349: This expression is not callable.
  Type 'String' has no call signatures.
src/services/post.service.ts(28,12): error TS2722: Cannot invoke an object which is possibly 'undefined'.

    at Object.<anonymous> (/home/rabindranath/Documents/Backend/node-api-ts-express-opp/src/services/post.service.ts:1:7)
    at Module._compile (node:internal/modules/cjs/loader:1105:14)
    at Module._compile (/home/rabindranath/Documents/Backend/node-api-ts-express-opp/node_modules/source-map-support/source-map-support.js:568:25)
    at Module.m._compile (/tmp/ts-node-dev-hook-5817155678978654.js:69:33)
    at Module._extensions..js (node:internal/modules/cjs/loader:1159:10)
    at require.extensions..jsx.require.extensions..js (/tmp/ts-node-dev-hook-5817155678978654.js:114:20)
    at require.extensions.<computed> (/tmp/ts-node-dev-hook-5817155678978654.js:71:20)
    at Object.nodeDevHook [as .ts] (/home/rabindranath/Documents/Backend/node-api-ts-express-opp/node_modules/ts-node-dev/lib/hook.js:63:13)
    at Module.load (node:internal/modules/cjs/loader:981:32)
    at Function.Module._load (node:internal/modules/cjs/loader:822:12)
2022-10-27 23:07:13 error: uncaughtException: ⨯ Unable to compile TypeScript:
src/services/post.service.ts(25,15): error TS6133: 'title' is declared but its value is never read.
src/services/post.service.ts(28,13): error TS1109: Expression expected.

Error: ⨯ Unable to compile TypeScript:
src/services/post.service.ts(25,15): error TS6133: 'title' is declared but its value is never read.
src/services/post.service.ts(28,13): error TS1109: Expression expected.

    at Object.<anonymous> (/home/rabindranath/Documents/Backend/node-api-ts-express-opp/src/services/post.service.ts:1:7)
    at Module._compile (node:internal/modules/cjs/loader:1105:14)
    at Module._compile (/home/rabindranath/Documents/Backend/node-api-ts-express-opp/node_modules/source-map-support/source-map-support.js:568:25)
    at Module.m._compile (/tmp/ts-node-dev-hook-5817155678978654.js:69:33)
    at Module._extensions..js (node:internal/modules/cjs/loader:1159:10)
    at require.extensions..jsx.require.extensions..js (/tmp/ts-node-dev-hook-5817155678978654.js:114:20)
    at require.extensions.<computed> (/tmp/ts-node-dev-hook-5817155678978654.js:71:20)
    at Object.nodeDevHook [as .ts] (/home/rabindranath/Documents/Backend/node-api-ts-express-opp/node_modules/ts-node-dev/lib/hook.js:63:13)
    at Module.load (node:internal/modules/cjs/loader:981:32)
    at Function.Module._load (node:internal/modules/cjs/loader:822:12)
2022-10-27 23:07:51 error: uncaughtException: ⨯ Unable to compile TypeScript:
src/services/post.service.ts(26,12): error TS1123: Variable declaration list cannot be empty.

Error: ⨯ Unable to compile TypeScript:
src/services/post.service.ts(26,12): error TS1123: Variable declaration list cannot be empty.

    at Object.<anonymous> (/home/rabindranath/Documents/Backend/node-api-ts-express-opp/src/services/post.service.ts:1:7)
    at Module._compile (node:internal/modules/cjs/loader:1105:14)
    at Module._compile (/home/rabindranath/Documents/Backend/node-api-ts-express-opp/node_modules/source-map-support/source-map-support.js:568:25)
    at Module.m._compile (/tmp/ts-node-dev-hook-5817155678978654.js:69:33)
    at Module._extensions..js (node:internal/modules/cjs/loader:1159:10)
    at require.extensions..jsx.require.extensions..js (/tmp/ts-node-dev-hook-5817155678978654.js:114:20)
    at require.extensions.<computed> (/tmp/ts-node-dev-hook-5817155678978654.js:71:20)
    at Object.nodeDevHook [as .ts] (/home/rabindranath/Documents/Backend/node-api-ts-express-opp/node_modules/ts-node-dev/lib/hook.js:63:13)
    at Module.load (node:internal/modules/cjs/loader:981:32)
    at Function.Module._load (node:internal/modules/cjs/loader:822:12)
2022-10-27 23:07:59 error: uncaughtException: ⨯ Unable to compile TypeScript:
src/services/post.service.ts(26,13): error TS6133: 'UpdatedBody' is declared but its value is never read.

Error: ⨯ Unable to compile TypeScript:
src/services/post.service.ts(26,13): error TS6133: 'UpdatedBody' is declared but its value is never read.

    at Object.<anonymous> (/home/rabindranath/Documents/Backend/node-api-ts-express-opp/src/services/post.service.ts:1:7)
    at Module._compile (node:internal/modules/cjs/loader:1105:14)
    at Module._compile (/home/rabindranath/Documents/Backend/node-api-ts-express-opp/node_modules/source-map-support/source-map-support.js:568:25)
    at Module.m._compile (/tmp/ts-node-dev-hook-5817155678978654.js:69:33)
    at Module._extensions..js (node:internal/modules/cjs/loader:1159:10)
    at require.extensions..jsx.require.extensions..js (/tmp/ts-node-dev-hook-5817155678978654.js:114:20)
    at require.extensions.<computed> (/tmp/ts-node-dev-hook-5817155678978654.js:71:20)
    at Object.nodeDevHook [as .ts] (/home/rabindranath/Documents/Backend/node-api-ts-express-opp/node_modules/ts-node-dev/lib/hook.js:63:13)
    at Module.load (node:internal/modules/cjs/loader:981:32)
    at Function.Module._load (node:internal/modules/cjs/loader:822:12)
2022-10-27 23:08:03 error: uncaughtException: ⨯ Unable to compile TypeScript:
src/services/post.service.ts(26,13): error TS6133: 'UpdatedBody' is declared but its value is never read.

Error: ⨯ Unable to compile TypeScript:
src/services/post.service.ts(26,13): error TS6133: 'UpdatedBody' is declared but its value is never read.

    at Object.<anonymous> (/home/rabindranath/Documents/Backend/node-api-ts-express-opp/src/services/post.service.ts:1:7)
    at Module._compile (node:internal/modules/cjs/loader:1105:14)
    at Module._compile (/home/rabindranath/Documents/Backend/node-api-ts-express-opp/node_modules/source-map-support/source-map-support.js:568:25)
    at Module.m._compile (/tmp/ts-node-dev-hook-5817155678978654.js:69:33)
    at Module._extensions..js (node:internal/modules/cjs/loader:1159:10)
    at require.extensions..jsx.require.extensions..js (/tmp/ts-node-dev-hook-5817155678978654.js:114:20)
    at require.extensions.<computed> (/tmp/ts-node-dev-hook-5817155678978654.js:71:20)
    at Object.nodeDevHook [as .ts] (/home/rabindranath/Documents/Backend/node-api-ts-express-opp/node_modules/ts-node-dev/lib/hook.js:63:13)
    at Module.load (node:internal/modules/cjs/loader:981:32)
    at Function.Module._load (node:internal/modules/cjs/loader:822:12)
2022-10-27 23:08:17 error: uncaughtException: ⨯ Unable to compile TypeScript:
src/services/post.service.ts(31,97): error TS2304: Cannot find name 'up'.

Error: ⨯ Unable to compile TypeScript:
src/services/post.service.ts(31,97): error TS2304: Cannot find name 'up'.

    at Object.<anonymous> (/home/rabindranath/Documents/Backend/node-api-ts-express-opp/src/services/post.service.ts:1:7)
    at Module._compile (node:internal/modules/cjs/loader:1105:14)
    at Module._compile (/home/rabindranath/Documents/Backend/node-api-ts-express-opp/node_modules/source-map-support/source-map-support.js:568:25)
    at Module.m._compile (/tmp/ts-node-dev-hook-5817155678978654.js:69:33)
    at Module._extensions..js (node:internal/modules/cjs/loader:1159:10)
    at require.extensions..jsx.require.extensions..js (/tmp/ts-node-dev-hook-5817155678978654.js:114:20)
    at require.extensions.<computed> (/tmp/ts-node-dev-hook-5817155678978654.js:71:20)
    at Object.nodeDevHook [as .ts] (/home/rabindranath/Documents/Backend/node-api-ts-express-opp/node_modules/ts-node-dev/lib/hook.js:63:13)
    at Module.load (node:internal/modules/cjs/loader:981:32)
    at Function.Module._load (node:internal/modules/cjs/loader:822:12)
2022-10-27 23:08:20 error: uncaughtException: ⨯ Unable to compile TypeScript:
src/services/post.service.ts(31,102): error TS2551: Property 'updatePos' does not exist on type 'PostService'. Did you mean 'updatePost'?

Error: ⨯ Unable to compile TypeScript:
src/services/post.service.ts(31,102): error TS2551: Property 'updatePos' does not exist on type 'PostService'. Did you mean 'updatePost'?

    at Object.<anonymous> (/home/rabindranath/Documents/Backend/node-api-ts-express-opp/src/services/post.service.ts:1:7)
    at Module._compile (node:internal/modules/cjs/loader:1105:14)
    at Module._compile (/home/rabindranath/Documents/Backend/node-api-ts-express-opp/node_modules/source-map-support/source-map-support.js:568:25)
    at Module.m._compile (/tmp/ts-node-dev-hook-5817155678978654.js:69:33)
    at Module._extensions..js (node:internal/modules/cjs/loader:1159:10)
    at require.extensions..jsx.require.extensions..js (/tmp/ts-node-dev-hook-5817155678978654.js:114:20)
    at require.extensions.<computed> (/tmp/ts-node-dev-hook-5817155678978654.js:71:20)
    at Object.nodeDevHook [as .ts] (/home/rabindranath/Documents/Backend/node-api-ts-express-opp/node_modules/ts-node-dev/lib/hook.js:63:13)
    at Module.load (node:internal/modules/cjs/loader:981:32)
    at Function.Module._load (node:internal/modules/cjs/loader:822:12)
2022-10-27 23:08:24 error: uncaughtException: ⨯ Unable to compile TypeScript:
src/services/post.service.ts(31,97): error TS2304: Cannot find name 'upda'.

Error: ⨯ Unable to compile TypeScript:
src/services/post.service.ts(31,97): error TS2304: Cannot find name 'upda'.

    at Object.<anonymous> (/home/rabindranath/Documents/Backend/node-api-ts-express-opp/src/services/post.service.ts:1:7)
    at Module._compile (node:internal/modules/cjs/loader:1105:14)
    at Module._compile (/home/rabindranath/Documents/Backend/node-api-ts-express-opp/node_modules/source-map-support/source-map-support.js:568:25)
    at Module.m._compile (/tmp/ts-node-dev-hook-5817155678978654.js:69:33)
    at Module._extensions..js (node:internal/modules/cjs/loader:1159:10)
    at require.extensions..jsx.require.extensions..js (/tmp/ts-node-dev-hook-5817155678978654.js:114:20)
    at require.extensions.<computed> (/tmp/ts-node-dev-hook-5817155678978654.js:71:20)
    at Object.nodeDevHook [as .ts] (/home/rabindranath/Documents/Backend/node-api-ts-express-opp/node_modules/ts-node-dev/lib/hook.js:63:13)
    at Module.load (node:internal/modules/cjs/loader:981:32)
    at Function.Module._load (node:internal/modules/cjs/loader:822:12)
2022-10-27 23:08:32 error: uncaughtException: ⨯ Unable to compile TypeScript:
src/services/post.service.ts(26,13): error TS6133: 'updatedBody' is declared but its value is never read.
src/services/post.service.ts(30,100): error TS2552: Cannot find name 'UpdatedBody'. Did you mean 'updatedBody'?
src/services/post.service.ts(31,97): error TS2552: Cannot find name 'UpdatedBody'. Did you mean 'updatedBody'?

Error: ⨯ Unable to compile TypeScript:
src/services/post.service.ts(26,13): error TS6133: 'updatedBody' is declared but its value is never read.
src/services/post.service.ts(30,100): error TS2552: Cannot find name 'UpdatedBody'. Did you mean 'updatedBody'?
src/services/post.service.ts(31,97): error TS2552: Cannot find name 'UpdatedBody'. Did you mean 'updatedBody'?

    at Object.<anonymous> (/home/rabindranath/Documents/Backend/node-api-ts-express-opp/src/services/post.service.ts:1:7)
    at Module._compile (node:internal/modules/cjs/loader:1105:14)
    at Module._compile (/home/rabindranath/Documents/Backend/node-api-ts-express-opp/node_modules/source-map-support/source-map-support.js:568:25)
    at Module.m._compile (/tmp/ts-node-dev-hook-5817155678978654.js:69:33)
    at Module._extensions..js (node:internal/modules/cjs/loader:1159:10)
    at require.extensions..jsx.require.extensions..js (/tmp/ts-node-dev-hook-5817155678978654.js:114:20)
    at require.extensions.<computed> (/tmp/ts-node-dev-hook-5817155678978654.js:71:20)
    at Object.nodeDevHook [as .ts] (/home/rabindranath/Documents/Backend/node-api-ts-express-opp/node_modules/ts-node-dev/lib/hook.js:63:13)
    at Module.load (node:internal/modules/cjs/loader:981:32)
    at Function.Module._load (node:internal/modules/cjs/loader:822:12)
2022-10-27 23:08:36 error: uncaughtException: ⨯ Unable to compile TypeScript:
src/services/post.service.ts(30,100): error TS2552: Cannot find name 'UpdatedBody'. Did you mean 'updatedBody'?

Error: ⨯ Unable to compile TypeScript:
src/services/post.service.ts(30,100): error TS2552: Cannot find name 'UpdatedBody'. Did you mean 'updatedBody'?

    at Object.<anonymous> (/home/rabindranath/Documents/Backend/node-api-ts-express-opp/src/services/post.service.ts:1:7)
    at Module._compile (node:internal/modules/cjs/loader:1105:14)
    at Module._compile (/home/rabindranath/Documents/Backend/node-api-ts-express-opp/node_modules/source-map-support/source-map-support.js:568:25)
    at Module.m._compile (/tmp/ts-node-dev-hook-5817155678978654.js:69:33)
    at Module._extensions..js (node:internal/modules/cjs/loader:1159:10)
    at require.extensions..jsx.require.extensions..js (/tmp/ts-node-dev-hook-5817155678978654.js:114:20)
    at require.extensions.<computed> (/tmp/ts-node-dev-hook-5817155678978654.js:71:20)
    at Object.nodeDevHook [as .ts] (/home/rabindranath/Documents/Backend/node-api-ts-express-opp/node_modules/ts-node-dev/lib/hook.js:63:13)
    at Module.load (node:internal/modules/cjs/loader:981:32)
    at Function.Module._load (node:internal/modules/cjs/loader:822:12)
2022-10-27 23:11:44 error: uncaughtException: ⨯ Unable to compile TypeScript:
src/services/post.service.ts(32,26): error TS2304: Cannot find name 'result'.

Error: ⨯ Unable to compile TypeScript:
src/services/post.service.ts(32,26): error TS2304: Cannot find name 'result'.

    at Object.<anonymous> (/home/rabindranath/Documents/Backend/node-api-ts-express-opp/src/services/post.service.ts:1:7)
    at Module._compile (node:internal/modules/cjs/loader:1105:14)
    at Module._compile (/home/rabindranath/Documents/Backend/node-api-ts-express-opp/node_modules/source-map-support/source-map-support.js:568:25)
    at Module.m._compile (/tmp/ts-node-dev-hook-5817155678978654.js:69:33)
    at Module._extensions..js (node:internal/modules/cjs/loader:1159:10)
    at require.extensions..jsx.require.extensions..js (/tmp/ts-node-dev-hook-5817155678978654.js:114:20)
    at require.extensions.<computed> (/tmp/ts-node-dev-hook-5817155678978654.js:71:20)
    at Object.nodeDevHook [as .ts] (/home/rabindranath/Documents/Backend/node-api-ts-express-opp/node_modules/ts-node-dev/lib/hook.js:63:13)
    at Module.load (node:internal/modules/cjs/loader:981:32)
    at Function.Module._load (node:internal/modules/cjs/loader:822:12)
2022-10-27 23:11:48 error: uncaughtException: ⨯ Unable to compile TypeScript:
src/services/post.service.ts(31,13): error TS6133: 'data' is declared but its value is never read.
src/services/post.service.ts(32,26): error TS2304: Cannot find name 'result'.

Error: ⨯ Unable to compile TypeScript:
src/services/post.service.ts(31,13): error TS6133: 'data' is declared but its value is never read.
src/services/post.service.ts(32,26): error TS2304: Cannot find name 'result'.

    at Object.<anonymous> (/home/rabindranath/Documents/Backend/node-api-ts-express-opp/src/services/post.service.ts:1:7)
    at Module._compile (node:internal/modules/cjs/loader:1105:14)
    at Module._compile (/home/rabindranath/Documents/Backend/node-api-ts-express-opp/node_modules/source-map-support/source-map-support.js:568:25)
    at Module.m._compile (/tmp/ts-node-dev-hook-5817155678978654.js:69:33)
    at Module._extensions..js (node:internal/modules/cjs/loader:1159:10)
    at require.extensions..jsx.require.extensions..js (/tmp/ts-node-dev-hook-5817155678978654.js:114:20)
    at require.extensions.<computed> (/tmp/ts-node-dev-hook-5817155678978654.js:71:20)
    at Object.nodeDevHook [as .ts] (/home/rabindranath/Documents/Backend/node-api-ts-express-opp/node_modules/ts-node-dev/lib/hook.js:63:13)
    at Module.load (node:internal/modules/cjs/loader:981:32)
    at Function.Module._load (node:internal/modules/cjs/loader:822:12)
2022-10-27 23:12:34 error: uncaughtException: ⨯ Unable to compile TypeScript:
src/services/post.service.ts(31,21): error TS6133: 'status' is declared but its value is never read.

Error: ⨯ Unable to compile TypeScript:
src/services/post.service.ts(31,21): error TS6133: 'status' is declared but its value is never read.

    at Object.<anonymous> (/home/rabindranath/Documents/Backend/node-api-ts-express-opp/src/services/post.service.ts:1:7)
    at Module._compile (node:internal/modules/cjs/loader:1105:14)
    at Module._compile (/home/rabindranath/Documents/Backend/node-api-ts-express-opp/node_modules/source-map-support/source-map-support.js:568:25)
    at Module.m._compile (/tmp/ts-node-dev-hook-5817155678978654.js:69:33)
    at Module._extensions..js (node:internal/modules/cjs/loader:1159:10)
    at require.extensions..jsx.require.extensions..js (/tmp/ts-node-dev-hook-5817155678978654.js:114:20)
    at require.extensions.<computed> (/tmp/ts-node-dev-hook-5817155678978654.js:71:20)
    at Object.nodeDevHook [as .ts] (/home/rabindranath/Documents/Backend/node-api-ts-express-opp/node_modules/ts-node-dev/lib/hook.js:63:13)
    at Module.load (node:internal/modules/cjs/loader:981:32)
    at Function.Module._load (node:internal/modules/cjs/loader:822:12)
2022-10-27 23:13:08 error: uncaughtException: ⨯ Unable to compile TypeScript:
src/services/post.service.ts(31,21): error TS2339: Property 'statusCode' does not exist on type 'AxiosResponse<Post, any>'.
src/services/post.service.ts(31,21): error TS6133: 'statusCode' is declared but its value is never read.

Error: ⨯ Unable to compile TypeScript:
src/services/post.service.ts(31,21): error TS2339: Property 'statusCode' does not exist on type 'AxiosResponse<Post, any>'.
src/services/post.service.ts(31,21): error TS6133: 'statusCode' is declared but its value is never read.

    at Object.<anonymous> (/home/rabindranath/Documents/Backend/node-api-ts-express-opp/src/services/post.service.ts:1:7)
    at Module._compile (node:internal/modules/cjs/loader:1105:14)
    at Module._compile (/home/rabindranath/Documents/Backend/node-api-ts-express-opp/node_modules/source-map-support/source-map-support.js:568:25)
    at Module.m._compile (/tmp/ts-node-dev-hook-5817155678978654.js:69:33)
    at Module._extensions..js (node:internal/modules/cjs/loader:1159:10)
    at require.extensions..jsx.require.extensions..js (/tmp/ts-node-dev-hook-5817155678978654.js:114:20)
    at require.extensions.<computed> (/tmp/ts-node-dev-hook-5817155678978654.js:71:20)
    at Object.nodeDevHook [as .ts] (/home/rabindranath/Documents/Backend/node-api-ts-express-opp/node_modules/ts-node-dev/lib/hook.js:63:13)
    at Module.load (node:internal/modules/cjs/loader:981:32)
    at Function.Module._load (node:internal/modules/cjs/loader:822:12)
2022-10-27 23:13:38 error: uncaughtException: ⨯ Unable to compile TypeScript:
src/services/post.service.ts(31,21): error TS2339: Property 'response' does not exist on type 'AxiosResponse<Post, any>'.
src/services/post.service.ts(31,21): error TS6133: 'response' is declared but its value is never read.

Error: ⨯ Unable to compile TypeScript:
src/services/post.service.ts(31,21): error TS2339: Property 'response' does not exist on type 'AxiosResponse<Post, any>'.
src/services/post.service.ts(31,21): error TS6133: 'response' is declared but its value is never read.

    at Object.<anonymous> (/home/rabindranath/Documents/Backend/node-api-ts-express-opp/src/services/post.service.ts:1:7)
    at Module._compile (node:internal/modules/cjs/loader:1105:14)
    at Module._compile (/home/rabindranath/Documents/Backend/node-api-ts-express-opp/node_modules/source-map-support/source-map-support.js:568:25)
    at Module.m._compile (/tmp/ts-node-dev-hook-5817155678978654.js:69:33)
    at Module._extensions..js (node:internal/modules/cjs/loader:1159:10)
    at require.extensions..jsx.require.extensions..js (/tmp/ts-node-dev-hook-5817155678978654.js:114:20)
    at require.extensions.<computed> (/tmp/ts-node-dev-hook-5817155678978654.js:71:20)
    at Object.nodeDevHook [as .ts] (/home/rabindranath/Documents/Backend/node-api-ts-express-opp/node_modules/ts-node-dev/lib/hook.js:63:13)
    at Module.load (node:internal/modules/cjs/loader:981:32)
    at Function.Module._load (node:internal/modules/cjs/loader:822:12)
2022-10-27 23:13:42 error: uncaughtException: ⨯ Unable to compile TypeScript:
src/services/post.service.ts(31,21): error TS2339: Property 'response' does not exist on type 'AxiosResponse<Post, any>'.
src/services/post.service.ts(31,21): error TS6133: 'response' is declared but its value is never read.
src/services/post.service.ts(32,95): error TS2552: Cannot find name 'UpdatedBody'. Did you mean 'updatedBody'?

Error: ⨯ Unable to compile TypeScript:
src/services/post.service.ts(31,21): error TS2339: Property 'response' does not exist on type 'AxiosResponse<Post, any>'.
src/services/post.service.ts(31,21): error TS6133: 'response' is declared but its value is never read.
src/services/post.service.ts(32,95): error TS2552: Cannot find name 'UpdatedBody'. Did you mean 'updatedBody'?

    at Object.<anonymous> (/home/rabindranath/Documents/Backend/node-api-ts-express-opp/src/services/post.service.ts:1:7)
    at Module._compile (node:internal/modules/cjs/loader:1105:14)
    at Module._compile (/home/rabindranath/Documents/Backend/node-api-ts-express-opp/node_modules/source-map-support/source-map-support.js:568:25)
    at Module.m._compile (/tmp/ts-node-dev-hook-5817155678978654.js:69:33)
    at Module._extensions..js (node:internal/modules/cjs/loader:1159:10)
    at require.extensions..jsx.require.extensions..js (/tmp/ts-node-dev-hook-5817155678978654.js:114:20)
    at require.extensions.<computed> (/tmp/ts-node-dev-hook-5817155678978654.js:71:20)
    at Object.nodeDevHook [as .ts] (/home/rabindranath/Documents/Backend/node-api-ts-express-opp/node_modules/ts-node-dev/lib/hook.js:63:13)
    at Module.load (node:internal/modules/cjs/loader:981:32)
    at Function.Module._load (node:internal/modules/cjs/loader:822:12)
2022-10-27 23:13:45 error: uncaughtException: ⨯ Unable to compile TypeScript:
src/services/post.service.ts(31,21): error TS2339: Property 'response' does not exist on type 'AxiosResponse<Post, any>'.

Error: ⨯ Unable to compile TypeScript:
src/services/post.service.ts(31,21): error TS2339: Property 'response' does not exist on type 'AxiosResponse<Post, any>'.

    at Object.<anonymous> (/home/rabindranath/Documents/Backend/node-api-ts-express-opp/src/services/post.service.ts:1:7)
    at Module._compile (node:internal/modules/cjs/loader:1105:14)
    at Module._compile (/home/rabindranath/Documents/Backend/node-api-ts-express-opp/node_modules/source-map-support/source-map-support.js:568:25)
    at Module.m._compile (/tmp/ts-node-dev-hook-5817155678978654.js:69:33)
    at Module._extensions..js (node:internal/modules/cjs/loader:1159:10)
    at require.extensions..jsx.require.extensions..js (/tmp/ts-node-dev-hook-5817155678978654.js:114:20)
    at require.extensions.<computed> (/tmp/ts-node-dev-hook-5817155678978654.js:71:20)
    at Object.nodeDevHook [as .ts] (/home/rabindranath/Documents/Backend/node-api-ts-express-opp/node_modules/ts-node-dev/lib/hook.js:63:13)
    at Module.load (node:internal/modules/cjs/loader:981:32)
    at Function.Module._load (node:internal/modules/cjs/loader:822:12)
2022-10-27 23:13:59 error: uncaughtException: ⨯ Unable to compile TypeScript:
src/services/post.service.ts(32,95): error TS2552: Cannot find name 'response'. Did you mean 'Response'?

Error: ⨯ Unable to compile TypeScript:
src/services/post.service.ts(32,95): error TS2552: Cannot find name 'response'. Did you mean 'Response'?

    at Object.<anonymous> (/home/rabindranath/Documents/Backend/node-api-ts-express-opp/src/services/post.service.ts:1:7)
    at Module._compile (node:internal/modules/cjs/loader:1105:14)
    at Module._compile (/home/rabindranath/Documents/Backend/node-api-ts-express-opp/node_modules/source-map-support/source-map-support.js:568:25)
    at Module.m._compile (/tmp/ts-node-dev-hook-5817155678978654.js:69:33)
    at Module._extensions..js (node:internal/modules/cjs/loader:1159:10)
    at require.extensions..jsx.require.extensions..js (/tmp/ts-node-dev-hook-5817155678978654.js:114:20)
    at require.extensions.<computed> (/tmp/ts-node-dev-hook-5817155678978654.js:71:20)
    at Object.nodeDevHook [as .ts] (/home/rabindranath/Documents/Backend/node-api-ts-express-opp/node_modules/ts-node-dev/lib/hook.js:63:13)
    at Module.load (node:internal/modules/cjs/loader:981:32)
    at Function.Module._load (node:internal/modules/cjs/loader:822:12)
2022-10-27 23:14:04 error: uncaughtException: ⨯ Unable to compile TypeScript:
src/services/post.service.ts(31,13): error TS6133: 'result' is declared but its value is never read.
src/services/post.service.ts(32,95): error TS2552: Cannot find name 'response'. Did you mean 'Response'?
src/services/post.service.ts(33,26): error TS2304: Cannot find name 'data'.

Error: ⨯ Unable to compile TypeScript:
src/services/post.service.ts(31,13): error TS6133: 'result' is declared but its value is never read.
src/services/post.service.ts(32,95): error TS2552: Cannot find name 'response'. Did you mean 'Response'?
src/services/post.service.ts(33,26): error TS2304: Cannot find name 'data'.

    at Object.<anonymous> (/home/rabindranath/Documents/Backend/node-api-ts-express-opp/src/services/post.service.ts:1:7)
    at Module._compile (node:internal/modules/cjs/loader:1105:14)
    at Module._compile (/home/rabindranath/Documents/Backend/node-api-ts-express-opp/node_modules/source-map-support/source-map-support.js:568:25)
    at Module.m._compile (/tmp/ts-node-dev-hook-5817155678978654.js:69:33)
    at Module._extensions..js (node:internal/modules/cjs/loader:1159:10)
    at require.extensions..jsx.require.extensions..js (/tmp/ts-node-dev-hook-5817155678978654.js:114:20)
    at require.extensions.<computed> (/tmp/ts-node-dev-hook-5817155678978654.js:71:20)
    at Object.nodeDevHook [as .ts] (/home/rabindranath/Documents/Backend/node-api-ts-express-opp/node_modules/ts-node-dev/lib/hook.js:63:13)
    at Module.load (node:internal/modules/cjs/loader:981:32)
    at Function.Module._load (node:internal/modules/cjs/loader:822:12)
2022-10-27 23:14:10 error: uncaughtException: ⨯ Unable to compile TypeScript:
src/services/post.service.ts(32,95): error TS2552: Cannot find name 'response'. Did you mean 'Response'?

Error: ⨯ Unable to compile TypeScript:
src/services/post.service.ts(32,95): error TS2552: Cannot find name 'response'. Did you mean 'Response'?

    at Object.<anonymous> (/home/rabindranath/Documents/Backend/node-api-ts-express-opp/src/services/post.service.ts:1:7)
    at Module._compile (node:internal/modules/cjs/loader:1105:14)
    at Module._compile (/home/rabindranath/Documents/Backend/node-api-ts-express-opp/node_modules/source-map-support/source-map-support.js:568:25)
    at Module.m._compile (/tmp/ts-node-dev-hook-5817155678978654.js:69:33)
    at Module._extensions..js (node:internal/modules/cjs/loader:1159:10)
    at require.extensions..jsx.require.extensions..js (/tmp/ts-node-dev-hook-5817155678978654.js:114:20)
    at require.extensions.<computed> (/tmp/ts-node-dev-hook-5817155678978654.js:71:20)
    at Object.nodeDevHook [as .ts] (/home/rabindranath/Documents/Backend/node-api-ts-express-opp/node_modules/ts-node-dev/lib/hook.js:63:13)
    at Module.load (node:internal/modules/cjs/loader:981:32)
    at Function.Module._load (node:internal/modules/cjs/loader:822:12)
2022-10-27 23:15:33 error: uncaughtException: ⨯ Unable to compile TypeScript:
src/services/post.service.ts(31,13): error TS6133: 'data' is declared but its value is never read.
src/services/post.service.ts(32,107): error TS2304: Cannot find name 'result'.
src/services/post.service.ts(33,26): error TS2304: Cannot find name 'result'.

Error: ⨯ Unable to compile TypeScript:
src/services/post.service.ts(31,13): error TS6133: 'data' is declared but its value is never read.
src/services/post.service.ts(32,107): error TS2304: Cannot find name 'result'.
src/services/post.service.ts(33,26): error TS2304: Cannot find name 'result'.

    at Object.<anonymous> (/home/rabindranath/Documents/Backend/node-api-ts-express-opp/src/services/post.service.ts:1:7)
    at Module._compile (node:internal/modules/cjs/loader:1105:14)
    at Module._compile (/home/rabindranath/Documents/Backend/node-api-ts-express-opp/node_modules/source-map-support/source-map-support.js:568:25)
    at Module.m._compile (/tmp/ts-node-dev-hook-5309001630518506.js:69:33)
    at Module._extensions..js (node:internal/modules/cjs/loader:1159:10)
    at require.extensions..jsx.require.extensions..js (/tmp/ts-node-dev-hook-5309001630518506.js:114:20)
    at require.extensions.<computed> (/tmp/ts-node-dev-hook-5309001630518506.js:71:20)
    at Object.nodeDevHook [as .ts] (/home/rabindranath/Documents/Backend/node-api-ts-express-opp/node_modules/ts-node-dev/lib/hook.js:63:13)
    at Module.load (node:internal/modules/cjs/loader:981:32)
    at Function.Module._load (node:internal/modules/cjs/loader:822:12)
2022-10-27 23:15:40 error: uncaughtException: ⨯ Unable to compile TypeScript:
src/services/post.service.ts(32,107): error TS2304: Cannot find name 'result'.

Error: ⨯ Unable to compile TypeScript:
src/services/post.service.ts(32,107): error TS2304: Cannot find name 'result'.

    at Object.<anonymous> (/home/rabindranath/Documents/Backend/node-api-ts-express-opp/src/services/post.service.ts:1:7)
    at Module._compile (node:internal/modules/cjs/loader:1105:14)
    at Module._compile (/home/rabindranath/Documents/Backend/node-api-ts-express-opp/node_modules/source-map-support/source-map-support.js:568:25)
    at Module.m._compile (/tmp/ts-node-dev-hook-5309001630518506.js:69:33)
    at Module._extensions..js (node:internal/modules/cjs/loader:1159:10)
    at require.extensions..jsx.require.extensions..js (/tmp/ts-node-dev-hook-5309001630518506.js:114:20)
    at require.extensions.<computed> (/tmp/ts-node-dev-hook-5309001630518506.js:71:20)
    at Object.nodeDevHook [as .ts] (/home/rabindranath/Documents/Backend/node-api-ts-express-opp/node_modules/ts-node-dev/lib/hook.js:63:13)
    at Module.load (node:internal/modules/cjs/loader:981:32)
    at Function.Module._load (node:internal/modules/cjs/loader:822:12)
2022-10-27 23:16:37 error: uncaughtException: ⨯ Unable to compile TypeScript:
src/services/post.service.ts(25,13): error TS6198: All destructured elements are unused.
src/services/post.service.ts(26,27): error TS1109: Expression expected.

Error: ⨯ Unable to compile TypeScript:
src/services/post.service.ts(25,13): error TS6198: All destructured elements are unused.
src/services/post.service.ts(26,27): error TS1109: Expression expected.

    at Object.<anonymous> (/home/rabindranath/Documents/Backend/node-api-ts-express-opp/src/services/post.service.ts:1:7)
    at Module._compile (node:internal/modules/cjs/loader:1105:14)
    at Module._compile (/home/rabindranath/Documents/Backend/node-api-ts-express-opp/node_modules/source-map-support/source-map-support.js:568:25)
    at Module.m._compile (/tmp/ts-node-dev-hook-5309001630518506.js:69:33)
    at Module._extensions..js (node:internal/modules/cjs/loader:1159:10)
    at require.extensions..jsx.require.extensions..js (/tmp/ts-node-dev-hook-5309001630518506.js:114:20)
    at require.extensions.<computed> (/tmp/ts-node-dev-hook-5309001630518506.js:71:20)
    at Object.nodeDevHook [as .ts] (/home/rabindranath/Documents/Backend/node-api-ts-express-opp/node_modules/ts-node-dev/lib/hook.js:63:13)
    at Module.load (node:internal/modules/cjs/loader:981:32)
    at Function.Module._load (node:internal/modules/cjs/loader:822:12)
2022-10-27 23:16:42 error: uncaughtException: ⨯ Unable to compile TypeScript:
src/services/post.service.ts(25,13): error TS6198: All destructured elements are unused.
src/services/post.service.ts(26,99): error TS2304: Cannot find name 'updatedBody'.

Error: ⨯ Unable to compile TypeScript:
src/services/post.service.ts(25,13): error TS6198: All destructured elements are unused.
src/services/post.service.ts(26,99): error TS2304: Cannot find name 'updatedBody'.

    at Object.<anonymous> (/home/rabindranath/Documents/Backend/node-api-ts-express-opp/src/services/post.service.ts:1:7)
    at Module._compile (node:internal/modules/cjs/loader:1105:14)
    at Module._compile (/home/rabindranath/Documents/Backend/node-api-ts-express-opp/node_modules/source-map-support/source-map-support.js:568:25)
    at Module.m._compile (/tmp/ts-node-dev-hook-5309001630518506.js:69:33)
    at Module._extensions..js (node:internal/modules/cjs/loader:1159:10)
    at require.extensions..jsx.require.extensions..js (/tmp/ts-node-dev-hook-5309001630518506.js:114:20)
    at require.extensions.<computed> (/tmp/ts-node-dev-hook-5309001630518506.js:71:20)
    at Object.nodeDevHook [as .ts] (/home/rabindranath/Documents/Backend/node-api-ts-express-opp/node_modules/ts-node-dev/lib/hook.js:63:13)
    at Module.load (node:internal/modules/cjs/loader:981:32)
    at Function.Module._load (node:internal/modules/cjs/loader:822:12)
